Epoch: [0][0/7]	Time 5.303 (5.303)	Data 5.179 (5.179)	Loss 1.6041 (1.6041)	MAE 0.587 (0.587)
Test: [0/3]	Time 4.891 (4.891)	Loss 1.0388 (1.0388)	MAE 0.460 (0.460)
Epoch: [1][0/7]	Time 0.123 (0.123)	Data 0.015 (0.015)	Loss 1.2826 (1.2826)	MAE 0.514 (0.514)
Test: [0/3]	Time 0.022 (0.022)	Loss 0.9074 (0.9074)	MAE 0.424 (0.424)
Epoch: [2][0/7]	Time 0.119 (0.119)	Data 0.011 (0.011)	Loss 0.9901 (0.9901)	MAE 0.432 (0.432)
Test: [0/3]	Time 0.021 (0.021)	Loss 0.9204 (0.9204)	MAE 0.413 (0.413)
Epoch: [3][0/7]	Time 0.119 (0.119)	Data 0.011 (0.011)	Loss 0.9889 (0.9889)	MAE 0.405 (0.405)
Test: [0/3]	Time 0.021 (0.021)	Loss 0.8834 (0.8834)	MAE 0.403 (0.403)
Epoch: [4][0/7]	Time 0.119 (0.119)	Data 0.011 (0.011)	Loss 0.8539 (0.8539)	MAE 0.363 (0.363)
Test: [0/3]	Time 0.022 (0.022)	Loss 0.6543 (0.6543)	MAE 0.346 (0.346)
Epoch: [5][0/7]	Time 0.119 (0.119)	Data 0.012 (0.012)	Loss 0.6175 (0.6175)	MAE 0.322 (0.322)
Test: [0/3]	Time 0.021 (0.021)	Loss 0.5991 (0.5991)	MAE 0.323 (0.323)
Epoch: [6][0/7]	Time 0.118 (0.118)	Data 0.011 (0.011)	Loss 0.5569 (0.5569)	MAE 0.297 (0.297)
Test: [0/3]	Time 0.021 (0.021)	Loss 0.5483 (0.5483)	MAE 0.314 (0.314)
Epoch: [7][0/7]	Time 0.118 (0.118)	Data 0.011 (0.011)	Loss 0.4039 (0.4039)	MAE 0.240 (0.240)
Test: [0/3]	Time 0.021 (0.021)	Loss 0.4309 (0.4309)	MAE 0.268 (0.268)
Epoch: [8][0/7]	Time 0.119 (0.119)	Data 0.012 (0.012)	Loss 0.3552 (0.3552)	MAE 0.225 (0.225)
Test: [0/3]	Time 0.021 (0.021)	Loss 0.4137 (0.4137)	MAE 0.247 (0.247)
Epoch: [9][0/7]	Time 0.118 (0.118)	Data 0.011 (0.011)	Loss 0.3396 (0.3396)	MAE 0.224 (0.224)
Test: [0/3]	Time 0.021 (0.021)	Loss 0.3596 (0.3596)	MAE 0.231 (0.231)
Epoch: [10][0/7]	Time 0.119 (0.119)	Data 0.012 (0.012)	Loss 0.2887 (0.2887)	MAE 0.205 (0.205)
Test: [0/3]	Time 0.021 (0.021)	Loss 0.3378 (0.3378)	MAE 0.224 (0.224)
Epoch: [11][0/7]	Time 0.119 (0.119)	Data 0.012 (0.012)	Loss 0.2637 (0.2637)	MAE 0.192 (0.192)
Test: [0/3]	Time 0.021 (0.021)	Loss 0.3090 (0.3090)	MAE 0.213 (0.213)
Epoch: [12][0/7]	Time 0.119 (0.119)	Data 0.012 (0.012)	Loss 0.2405 (0.2405)	MAE 0.182 (0.182)
Test: [0/3]	Time 0.021 (0.021)	Loss 0.3126 (0.3126)	MAE 0.216 (0.216)
Epoch: [13][0/7]	Time 0.119 (0.119)	Data 0.011 (0.011)	Loss 0.2380 (0.2380)	MAE 0.185 (0.185)
Test: [0/3]	Time 0.021 (0.021)	Loss 0.2960 (0.2960)	MAE 0.211 (0.211)
Epoch: [14][0/7]	Time 0.119 (0.119)	Data 0.011 (0.011)	Loss 0.2290 (0.2290)	MAE 0.180 (0.180)
Test: [0/3]	Time 0.021 (0.021)	Loss 0.2839 (0.2839)	MAE 0.203 (0.203)
Epoch: [15][0/7]	Time 0.118 (0.118)	Data 0.012 (0.012)	Loss 0.2172 (0.2172)	MAE 0.175 (0.175)
Test: [0/3]	Time 0.021 (0.021)	Loss 0.2697 (0.2697)	MAE 0.197 (0.197)
Epoch: [16][0/7]	Time 0.118 (0.118)	Data 0.011 (0.011)	Loss 0.2100 (0.2100)	MAE 0.169 (0.169)
Test: [0/3]	Time 0.021 (0.021)	Loss 0.2622 (0.2622)	MAE 0.192 (0.192)
Epoch: [17][0/7]	Time 0.119 (0.119)	Data 0.012 (0.012)	Loss 0.1943 (0.1943)	MAE 0.159 (0.159)
Test: [0/3]	Time 0.021 (0.021)	Loss 0.2507 (0.2507)	MAE 0.184 (0.184)
Epoch: [18][0/7]	Time 0.118 (0.118)	Data 0.012 (0.012)	Loss 0.1854 (0.1854)	MAE 0.153 (0.153)
Test: [0/3]	Time 0.021 (0.021)	Loss 0.2475 (0.2475)	MAE 0.183 (0.183)
Epoch: [19][0/7]	Time 0.119 (0.119)	Data 0.011 (0.011)	Loss 0.1746 (0.1746)	MAE 0.150 (0.150)
Test: [0/3]	Time 0.023 (0.023)	Loss 0.2494 (0.2494)	MAE 0.181 (0.181)
Epoch: [20][0/7]	Time 0.120 (0.120)	Data 0.013 (0.013)	Loss 0.1644 (0.1644)	MAE 0.146 (0.146)
Test: [0/3]	Time 0.021 (0.021)	Loss 0.2560 (0.2560)	MAE 0.185 (0.185)
Epoch: [21][0/7]	Time 0.119 (0.119)	Data 0.011 (0.011)	Loss 0.1686 (0.1686)	MAE 0.151 (0.151)
Test: [0/3]	Time 0.021 (0.021)	Loss 0.2516 (0.2516)	MAE 0.184 (0.184)
Epoch: [22][0/7]	Time 0.119 (0.119)	Data 0.011 (0.011)	Loss 0.1672 (0.1672)	MAE 0.152 (0.152)
Test: [0/3]	Time 0.022 (0.022)	Loss 0.2594 (0.2594)	MAE 0.185 (0.185)
Epoch: [23][0/7]	Time 0.119 (0.119)	Data 0.012 (0.012)	Loss 0.1654 (0.1654)	MAE 0.157 (0.157)
Test: [0/3]	Time 0.021 (0.021)	Loss 0.3000 (0.3000)	MAE 0.213 (0.213)
Epoch: [24][0/7]	Time 0.118 (0.118)	Data 0.011 (0.011)	Loss 0.1822 (0.1822)	MAE 0.169 (0.169)
Test: [0/3]	Time 0.021 (0.021)	Loss 0.2879 (0.2879)	MAE 0.204 (0.204)
Epoch: [25][0/7]	Time 0.118 (0.118)	Data 0.011 (0.011)	Loss 0.1758 (0.1758)	MAE 0.166 (0.166)
Test: [0/3]	Time 0.021 (0.021)	Loss 0.2791 (0.2791)	MAE 0.203 (0.203)
Epoch: [26][0/7]	Time 0.118 (0.118)	Data 0.011 (0.011)	Loss 0.1538 (0.1538)	MAE 0.154 (0.154)
Test: [0/3]	Time 0.021 (0.021)	Loss 0.2483 (0.2483)	MAE 0.184 (0.184)
Epoch: [27][0/7]	Time 0.119 (0.119)	Data 0.011 (0.011)	Loss 0.1371 (0.1371)	MAE 0.129 (0.129)
Test: [0/3]	Time 0.021 (0.021)	Loss 0.2443 (0.2443)	MAE 0.178 (0.178)
Epoch: [28][0/7]	Time 0.119 (0.119)	Data 0.011 (0.011)	Loss 0.1584 (0.1584)	MAE 0.148 (0.148)
Test: [0/3]	Time 0.021 (0.021)	Loss 0.2467 (0.2467)	MAE 0.187 (0.187)
Epoch: [29][0/7]	Time 0.119 (0.119)	Data 0.011 (0.011)	Loss 0.1617 (0.1617)	MAE 0.160 (0.160)
Test: [0/3]	Time 0.021 (0.021)	Loss 0.2787 (0.2787)	MAE 0.199 (0.199)
Epoch: [30][0/7]	Time 0.118 (0.118)	Data 0.011 (0.011)	Loss 0.1616 (0.1616)	MAE 0.155 (0.155)
Test: [0/3]	Time 0.021 (0.021)	Loss 0.2724 (0.2724)	MAE 0.194 (0.194)
Epoch: [31][0/7]	Time 0.119 (0.119)	Data 0.011 (0.011)	Loss 0.1647 (0.1647)	MAE 0.162 (0.162)
Test: [0/3]	Time 0.021 (0.021)	Loss 0.2571 (0.2571)	MAE 0.191 (0.191)
Epoch: [32][0/7]	Time 0.118 (0.118)	Data 0.011 (0.011)	Loss 0.1413 (0.1413)	MAE 0.145 (0.145)
Test: [0/3]	Time 0.021 (0.021)	Loss 0.2475 (0.2475)	MAE 0.183 (0.183)
Epoch: [33][0/7]	Time 0.119 (0.119)	Data 0.011 (0.011)	Loss 0.1205 (0.1205)	MAE 0.130 (0.130)
Test: [0/3]	Time 0.021 (0.021)	Loss 0.2344 (0.2344)	MAE 0.175 (0.175)
Epoch: [34][0/7]	Time 0.119 (0.119)	Data 0.011 (0.011)	Loss 0.1243 (0.1243)	MAE 0.127 (0.127)
Test: [0/3]	Time 0.021 (0.021)	Loss 0.2406 (0.2406)	MAE 0.176 (0.176)
Epoch: [35][0/7]	Time 0.118 (0.118)	Data 0.011 (0.011)	Loss 0.1035 (0.1035)	MAE 0.115 (0.115)
Test: [0/3]	Time 0.021 (0.021)	Loss 0.2594 (0.2594)	MAE 0.190 (0.190)
Epoch: [36][0/7]	Time 0.118 (0.118)	Data 0.011 (0.011)	Loss 0.1081 (0.1081)	MAE 0.124 (0.124)
Test: [0/3]	Time 0.021 (0.021)	Loss 0.2399 (0.2399)	MAE 0.177 (0.177)
Epoch: [37][0/7]	Time 0.119 (0.119)	Data 0.011 (0.011)	Loss 0.1037 (0.1037)	MAE 0.124 (0.124)
Test: [0/3]	Time 0.021 (0.021)	Loss 0.2317 (0.2317)	MAE 0.174 (0.174)
Epoch: [38][0/7]	Time 0.119 (0.119)	Data 0.011 (0.011)	Loss 0.0956 (0.0956)	MAE 0.115 (0.115)
Test: [0/3]	Time 0.021 (0.021)	Loss 0.2512 (0.2512)	MAE 0.183 (0.183)
Epoch: [39][0/7]	Time 0.118 (0.118)	Data 0.011 (0.011)	Loss 0.0987 (0.0987)	MAE 0.118 (0.118)
Test: [0/3]	Time 0.021 (0.021)	Loss 0.2447 (0.2447)	MAE 0.179 (0.179)
Epoch: [40][0/7]	Time 0.118 (0.118)	Data 0.011 (0.011)	Loss 0.0890 (0.0890)	MAE 0.110 (0.110)
Test: [0/3]	Time 0.021 (0.021)	Loss 0.2424 (0.2424)	MAE 0.177 (0.177)
Epoch: [41][0/7]	Time 0.119 (0.119)	Data 0.011 (0.011)	Loss 0.0885 (0.0885)	MAE 0.103 (0.103)
Test: [0/3]	Time 0.021 (0.021)	Loss 0.3524 (0.3524)	MAE 0.232 (0.232)
Epoch: [42][0/7]	Time 0.119 (0.119)	Data 0.011 (0.011)	Loss 0.1257 (0.1257)	MAE 0.128 (0.128)
Test: [0/3]	Time 0.021 (0.021)	Loss 0.3404 (0.3404)	MAE 0.228 (0.228)
Epoch: [43][0/7]	Time 0.118 (0.118)	Data 0.011 (0.011)	Loss 0.1108 (0.1108)	MAE 0.119 (0.119)
Test: [0/3]	Time 0.021 (0.021)	Loss 0.2776 (0.2776)	MAE 0.202 (0.202)
Epoch: [44][0/7]	Time 0.119 (0.119)	Data 0.011 (0.011)	Loss 0.1119 (0.1119)	MAE 0.128 (0.128)
Test: [0/3]	Time 0.021 (0.021)	Loss 0.2436 (0.2436)	MAE 0.180 (0.180)
Epoch: [45][0/7]	Time 0.118 (0.118)	Data 0.011 (0.011)	Loss 0.0869 (0.0869)	MAE 0.106 (0.106)
Test: [0/3]	Time 0.023 (0.023)	Loss 0.2622 (0.2622)	MAE 0.191 (0.191)
Epoch: [46][0/7]	Time 0.120 (0.120)	Data 0.013 (0.013)	Loss 0.1007 (0.1007)	MAE 0.117 (0.117)
Test: [0/3]	Time 0.021 (0.021)	Loss 0.2459 (0.2459)	MAE 0.176 (0.176)
Epoch: [47][0/7]	Time 0.118 (0.118)	Data 0.011 (0.011)	Loss 0.0888 (0.0888)	MAE 0.110 (0.110)
Test: [0/3]	Time 0.022 (0.022)	Loss 0.2320 (0.2320)	MAE 0.169 (0.169)
Epoch: [48][0/7]	Time 0.119 (0.119)	Data 0.012 (0.012)	Loss 0.0804 (0.0804)	MAE 0.100 (0.100)
Test: [0/3]	Time 0.021 (0.021)	Loss 0.2654 (0.2654)	MAE 0.187 (0.187)
Epoch: [49][0/7]	Time 0.119 (0.119)	Data 0.012 (0.012)	Loss 0.0862 (0.0862)	MAE 0.105 (0.105)
Test: [0/3]	Time 0.021 (0.021)	Loss 0.2432 (0.2432)	MAE 0.176 (0.176)
Epoch: [50][0/7]	Time 0.118 (0.118)	Data 0.011 (0.011)	Loss 0.0752 (0.0752)	MAE 0.095 (0.095)
Test: [0/3]	Time 0.021 (0.021)	Loss 0.2483 (0.2483)	MAE 0.176 (0.176)
Epoch: [51][0/7]	Time 0.118 (0.118)	Data 0.011 (0.011)	Loss 0.0706 (0.0706)	MAE 0.092 (0.092)
Test: [0/3]	Time 0.021 (0.021)	Loss 0.2536 (0.2536)	MAE 0.174 (0.174)
Epoch: [52][0/7]	Time 0.119 (0.119)	Data 0.011 (0.011)	Loss 0.0729 (0.0729)	MAE 0.095 (0.095)
Test: [0/3]	Time 0.021 (0.021)	Loss 0.2581 (0.2581)	MAE 0.183 (0.183)
Epoch: [53][0/7]	Time 0.118 (0.118)	Data 0.011 (0.011)	Loss 0.0691 (0.0691)	MAE 0.089 (0.089)
Test: [0/3]	Time 0.021 (0.021)	Loss 0.2602 (0.2602)	MAE 0.181 (0.181)
Epoch: [54][0/7]	Time 0.118 (0.118)	Data 0.011 (0.011)	Loss 0.0740 (0.0740)	MAE 0.093 (0.093)
Test: [0/3]	Time 0.021 (0.021)	Loss 0.2812 (0.2812)	MAE 0.187 (0.187)
Epoch: [55][0/7]	Time 0.153 (0.153)	Data 0.011 (0.011)	Loss 0.0673 (0.0673)	MAE 0.091 (0.091)
Test: [0/3]	Time 0.021 (0.021)	Loss 0.2472 (0.2472)	MAE 0.176 (0.176)
Epoch: [56][0/7]	Time 0.118 (0.118)	Data 0.011 (0.011)	Loss 0.0655 (0.0655)	MAE 0.090 (0.090)
Test: [0/3]	Time 0.021 (0.021)	Loss 0.2761 (0.2761)	MAE 0.186 (0.186)
Epoch: [57][0/7]	Time 0.118 (0.118)	Data 0.011 (0.011)	Loss 0.0639 (0.0639)	MAE 0.091 (0.091)
Test: [0/3]	Time 0.021 (0.021)	Loss 0.2567 (0.2567)	MAE 0.179 (0.179)
Epoch: [58][0/7]	Time 0.118 (0.118)	Data 0.011 (0.011)	Loss 0.0660 (0.0660)	MAE 0.091 (0.091)
Test: [0/3]	Time 0.021 (0.021)	Loss 0.2560 (0.2560)	MAE 0.181 (0.181)
Epoch: [59][0/7]	Time 0.119 (0.119)	Data 0.011 (0.011)	Loss 0.0719 (0.0719)	MAE 0.101 (0.101)
Test: [0/3]	Time 0.021 (0.021)	Loss 0.2691 (0.2691)	MAE 0.182 (0.182)
Epoch: [60][0/7]	Time 0.118 (0.118)	Data 0.011 (0.011)	Loss 0.0692 (0.0692)	MAE 0.097 (0.097)
Test: [0/3]	Time 0.021 (0.021)	Loss 0.2980 (0.2980)	MAE 0.208 (0.208)
Epoch: [61][0/7]	Time 0.118 (0.118)	Data 0.011 (0.011)	Loss 0.0783 (0.0783)	MAE 0.110 (0.110)
Test: [0/3]	Time 0.021 (0.021)	Loss 0.3346 (0.3346)	MAE 0.228 (0.228)
Epoch: [62][0/7]	Time 0.118 (0.118)	Data 0.011 (0.011)	Loss 0.0804 (0.0804)	MAE 0.113 (0.113)
Test: [0/3]	Time 0.021 (0.021)	Loss 0.2802 (0.2802)	MAE 0.187 (0.187)
Epoch: [63][0/7]	Time 0.118 (0.118)	Data 0.011 (0.011)	Loss 0.0605 (0.0605)	MAE 0.086 (0.086)
Test: [0/3]	Time 0.021 (0.021)	Loss 0.2706 (0.2706)	MAE 0.186 (0.186)
Epoch: [64][0/7]	Time 0.118 (0.118)	Data 0.011 (0.011)	Loss 0.0646 (0.0646)	MAE 0.096 (0.096)
Test: [0/3]	Time 0.021 (0.021)	Loss 0.2596 (0.2596)	MAE 0.180 (0.180)
Epoch: [65][0/7]	Time 0.119 (0.119)	Data 0.011 (0.011)	Loss 0.0807 (0.0807)	MAE 0.114 (0.114)
Test: [0/3]	Time 0.021 (0.021)	Loss 0.2813 (0.2813)	MAE 0.199 (0.199)
Epoch: [66][0/7]	Time 0.118 (0.118)	Data 0.011 (0.011)	Loss 0.0771 (0.0771)	MAE 0.093 (0.093)
Test: [0/3]	Time 0.021 (0.021)	Loss 0.2731 (0.2731)	MAE 0.187 (0.187)
Epoch: [67][0/7]	Time 0.118 (0.118)	Data 0.011 (0.011)	Loss 0.0747 (0.0747)	MAE 0.096 (0.096)
Test: [0/3]	Time 0.021 (0.021)	Loss 0.2458 (0.2458)	MAE 0.174 (0.174)
Epoch: [68][0/7]	Time 0.118 (0.118)	Data 0.011 (0.011)	Loss 0.0613 (0.0613)	MAE 0.092 (0.092)
Test: [0/3]	Time 0.021 (0.021)	Loss 0.2489 (0.2489)	MAE 0.178 (0.178)
Epoch: [69][0/7]	Time 0.118 (0.118)	Data 0.011 (0.011)	Loss 0.0554 (0.0554)	MAE 0.080 (0.080)
Test: [0/3]	Time 0.021 (0.021)	Loss 0.2790 (0.2790)	MAE 0.183 (0.183)
Epoch: [70][0/7]	Time 0.119 (0.119)	Data 0.011 (0.011)	Loss 0.0601 (0.0601)	MAE 0.088 (0.088)
Test: [0/3]	Time 0.021 (0.021)	Loss 0.2491 (0.2491)	MAE 0.176 (0.176)
Epoch: [71][0/7]	Time 0.118 (0.118)	Data 0.011 (0.011)	Loss 0.0510 (0.0510)	MAE 0.080 (0.080)
Test: [0/3]	Time 0.021 (0.021)	Loss 0.2520 (0.2520)	MAE 0.175 (0.175)
Epoch: [72][0/7]	Time 0.118 (0.118)	Data 0.011 (0.011)	Loss 0.0522 (0.0522)	MAE 0.080 (0.080)
Test: [0/3]	Time 0.021 (0.021)	Loss 0.2677 (0.2677)	MAE 0.180 (0.180)
Epoch: [73][0/7]	Time 0.119 (0.119)	Data 0.011 (0.011)	Loss 0.0488 (0.0488)	MAE 0.081 (0.081)
Test: [0/3]	Time 0.021 (0.021)	Loss 0.2638 (0.2638)	MAE 0.180 (0.180)
Epoch: [74][0/7]	Time 0.119 (0.119)	Data 0.011 (0.011)	Loss 0.0550 (0.0550)	MAE 0.089 (0.089)
Test: [0/3]	Time 0.021 (0.021)	Loss 0.2737 (0.2737)	MAE 0.183 (0.183)
Epoch: [75][0/7]	Time 0.119 (0.119)	Data 0.011 (0.011)	Loss 0.0501 (0.0501)	MAE 0.083 (0.083)
Test: [0/3]	Time 0.021 (0.021)	Loss 0.2632 (0.2632)	MAE 0.175 (0.175)
Epoch: [76][0/7]	Time 0.118 (0.118)	Data 0.011 (0.011)	Loss 0.0481 (0.0481)	MAE 0.080 (0.080)
Test: [0/3]	Time 0.021 (0.021)	Loss 0.2689 (0.2689)	MAE 0.175 (0.175)
Epoch: [77][0/7]	Time 0.118 (0.118)	Data 0.011 (0.011)	Loss 0.0467 (0.0467)	MAE 0.080 (0.080)
Test: [0/3]	Time 0.021 (0.021)	Loss 0.2611 (0.2611)	MAE 0.181 (0.181)
Epoch: [78][0/7]	Time 0.119 (0.119)	Data 0.011 (0.011)	Loss 0.0532 (0.0532)	MAE 0.087 (0.087)
Test: [0/3]	Time 0.021 (0.021)	Loss 0.2891 (0.2891)	MAE 0.194 (0.194)
Epoch: [79][0/7]	Time 0.119 (0.119)	Data 0.011 (0.011)	Loss 0.0568 (0.0568)	MAE 0.088 (0.088)
Test: [0/3]	Time 0.021 (0.021)	Loss 0.2699 (0.2699)	MAE 0.183 (0.183)
Epoch: [80][0/7]	Time 0.119 (0.119)	Data 0.011 (0.011)	Loss 0.0452 (0.0452)	MAE 0.080 (0.080)
Test: [0/3]	Time 0.021 (0.021)	Loss 0.2680 (0.2680)	MAE 0.174 (0.174)
Epoch: [81][0/7]	Time 0.119 (0.119)	Data 0.011 (0.011)	Loss 0.0475 (0.0475)	MAE 0.080 (0.080)
Test: [0/3]	Time 0.021 (0.021)	Loss 0.2552 (0.2552)	MAE 0.184 (0.184)
Epoch: [82][0/7]	Time 0.120 (0.120)	Data 0.013 (0.013)	Loss 0.0493 (0.0493)	MAE 0.079 (0.079)
Test: [0/3]	Time 0.021 (0.021)	Loss 0.2680 (0.2680)	MAE 0.178 (0.178)
Epoch: [83][0/7]	Time 0.118 (0.118)	Data 0.011 (0.011)	Loss 0.0557 (0.0557)	MAE 0.081 (0.081)
Test: [0/3]	Time 0.021 (0.021)	Loss 0.2704 (0.2704)	MAE 0.179 (0.179)
Epoch: [84][0/7]	Time 0.118 (0.118)	Data 0.011 (0.011)	Loss 0.0547 (0.0547)	MAE 0.087 (0.087)
Test: [0/3]	Time 0.021 (0.021)	Loss 0.2660 (0.2660)	MAE 0.180 (0.180)
Epoch: [85][0/7]	Time 0.118 (0.118)	Data 0.011 (0.011)	Loss 0.0510 (0.0510)	MAE 0.083 (0.083)
Test: [0/3]	Time 0.021 (0.021)	Loss 0.2652 (0.2652)	MAE 0.184 (0.184)
Epoch: [86][0/7]	Time 0.120 (0.120)	Data 0.011 (0.011)	Loss 0.0523 (0.0523)	MAE 0.089 (0.089)
Test: [0/3]	Time 0.022 (0.022)	Loss 0.2528 (0.2528)	MAE 0.175 (0.175)
Epoch: [87][0/7]	Time 0.119 (0.119)	Data 0.011 (0.011)	Loss 0.0414 (0.0414)	MAE 0.075 (0.075)
Test: [0/3]	Time 0.021 (0.021)	Loss 0.2634 (0.2634)	MAE 0.173 (0.173)
Epoch: [88][0/7]	Time 0.118 (0.118)	Data 0.011 (0.011)	Loss 0.0394 (0.0394)	MAE 0.073 (0.073)
Test: [0/3]	Time 0.021 (0.021)	Loss 0.2614 (0.2614)	MAE 0.174 (0.174)
Epoch: [89][0/7]	Time 0.118 (0.118)	Data 0.011 (0.011)	Loss 0.0446 (0.0446)	MAE 0.079 (0.079)
Test: [0/3]	Time 0.021 (0.021)	Loss 0.2611 (0.2611)	MAE 0.173 (0.173)
Epoch: [90][0/7]	Time 0.119 (0.119)	Data 0.012 (0.012)	Loss 0.0441 (0.0441)	MAE 0.084 (0.084)
Test: [0/3]	Time 0.022 (0.022)	Loss 0.2774 (0.2774)	MAE 0.175 (0.175)
Epoch: [91][0/7]	Time 0.119 (0.119)	Data 0.012 (0.012)	Loss 0.0538 (0.0538)	MAE 0.086 (0.086)
Test: [0/3]	Time 0.021 (0.021)	Loss 0.2788 (0.2788)	MAE 0.181 (0.181)
Epoch: [92][0/7]	Time 0.118 (0.118)	Data 0.011 (0.011)	Loss 0.0575 (0.0575)	MAE 0.096 (0.096)
Test: [0/3]	Time 0.021 (0.021)	Loss 0.2899 (0.2899)	MAE 0.203 (0.203)
Epoch: [93][0/7]	Time 0.118 (0.118)	Data 0.011 (0.011)	Loss 0.0538 (0.0538)	MAE 0.097 (0.097)
Test: [0/3]	Time 0.021 (0.021)	Loss 0.2899 (0.2899)	MAE 0.194 (0.194)
Epoch: [94][0/7]	Time 0.118 (0.118)	Data 0.011 (0.011)	Loss 0.0480 (0.0480)	MAE 0.084 (0.084)
Test: [0/3]	Time 0.021 (0.021)	Loss 0.2607 (0.2607)	MAE 0.172 (0.172)
Epoch: [95][0/7]	Time 0.118 (0.118)	Data 0.011 (0.011)	Loss 0.0401 (0.0401)	MAE 0.075 (0.075)
Test: [0/3]	Time 0.021 (0.021)	Loss 0.2532 (0.2532)	MAE 0.180 (0.180)
Epoch: [96][0/7]	Time 0.118 (0.118)	Data 0.011 (0.011)	Loss 0.0567 (0.0567)	MAE 0.100 (0.100)
Test: [0/3]	Time 0.021 (0.021)	Loss 0.2571 (0.2571)	MAE 0.177 (0.177)
Epoch: [97][0/7]	Time 0.118 (0.118)	Data 0.011 (0.011)	Loss 0.0607 (0.0607)	MAE 0.104 (0.104)
Test: [0/3]	Time 0.021 (0.021)	Loss 0.3222 (0.3222)	MAE 0.196 (0.196)
Epoch: [98][0/7]	Time 0.118 (0.118)	Data 0.011 (0.011)	Loss 0.0553 (0.0553)	MAE 0.084 (0.084)
Test: [0/3]	Time 0.021 (0.021)	Loss 0.2678 (0.2678)	MAE 0.181 (0.181)
Epoch: [99][0/7]	Time 0.118 (0.118)	Data 0.011 (0.011)	Loss 0.0419 (0.0419)	MAE 0.073 (0.073)
Test: [0/3]	Time 0.021 (0.021)	Loss 0.2698 (0.2698)	MAE 0.172 (0.172)
Epoch: [100][0/7]	Time 0.118 (0.118)	Data 0.011 (0.011)	Loss 0.0598 (0.0598)	MAE 0.090 (0.090)
Test: [0/3]	Time 0.022 (0.022)	Loss 0.2467 (0.2467)	MAE 0.165 (0.165)
Epoch: [101][0/7]	Time 0.119 (0.119)	Data 0.012 (0.012)	Loss 0.0339 (0.0339)	MAE 0.067 (0.067)
Test: [0/3]	Time 0.021 (0.021)	Loss 0.2567 (0.2567)	MAE 0.170 (0.170)
Epoch: [102][0/7]	Time 0.118 (0.118)	Data 0.011 (0.011)	Loss 0.0325 (0.0325)	MAE 0.060 (0.060)
Test: [0/3]	Time 0.021 (0.021)	Loss 0.2499 (0.2499)	MAE 0.166 (0.166)
Epoch: [103][0/7]	Time 0.120 (0.120)	Data 0.012 (0.012)	Loss 0.0295 (0.0295)	MAE 0.060 (0.060)
Test: [0/3]	Time 0.021 (0.021)	Loss 0.2495 (0.2495)	MAE 0.166 (0.166)
Epoch: [104][0/7]	Time 0.119 (0.119)	Data 0.012 (0.012)	Loss 0.0297 (0.0297)	MAE 0.061 (0.061)
Test: [0/3]	Time 0.021 (0.021)	Loss 0.2492 (0.2492)	MAE 0.165 (0.165)
Epoch: [105][0/7]	Time 0.119 (0.119)	Data 0.011 (0.011)	Loss 0.0283 (0.0283)	MAE 0.059 (0.059)
Test: [0/3]	Time 0.021 (0.021)	Loss 0.2518 (0.2518)	MAE 0.166 (0.166)
Epoch: [106][0/7]	Time 0.119 (0.119)	Data 0.011 (0.011)	Loss 0.0272 (0.0272)	MAE 0.057 (0.057)
Test: [0/3]	Time 0.021 (0.021)	Loss 0.2540 (0.2540)	MAE 0.166 (0.166)
Epoch: [107][0/7]	Time 0.119 (0.119)	Data 0.011 (0.011)	Loss 0.0268 (0.0268)	MAE 0.057 (0.057)
Test: [0/3]	Time 0.021 (0.021)	Loss 0.2544 (0.2544)	MAE 0.166 (0.166)
Epoch: [108][0/7]	Time 0.118 (0.118)	Data 0.011 (0.011)	Loss 0.0264 (0.0264)	MAE 0.057 (0.057)
Test: [0/3]	Time 0.021 (0.021)	Loss 0.2549 (0.2549)	MAE 0.166 (0.166)
Epoch: [109][0/7]	Time 0.119 (0.119)	Data 0.011 (0.011)	Loss 0.0258 (0.0258)	MAE 0.056 (0.056)
Test: [0/3]	Time 0.021 (0.021)	Loss 0.2562 (0.2562)	MAE 0.167 (0.167)
Epoch: [110][0/7]	Time 0.118 (0.118)	Data 0.011 (0.011)	Loss 0.0254 (0.0254)	MAE 0.056 (0.056)
Test: [0/3]	Time 0.021 (0.021)	Loss 0.2573 (0.2573)	MAE 0.167 (0.167)
Epoch: [111][0/7]	Time 0.118 (0.118)	Data 0.011 (0.011)	Loss 0.0250 (0.0250)	MAE 0.056 (0.056)
Test: [0/3]	Time 0.021 (0.021)	Loss 0.2577 (0.2577)	MAE 0.167 (0.167)
Epoch: [112][0/7]	Time 0.119 (0.119)	Data 0.011 (0.011)	Loss 0.0247 (0.0247)	MAE 0.055 (0.055)
Test: [0/3]	Time 0.021 (0.021)	Loss 0.2581 (0.2581)	MAE 0.167 (0.167)
Epoch: [113][0/7]	Time 0.118 (0.118)	Data 0.011 (0.011)	Loss 0.0244 (0.0244)	MAE 0.055 (0.055)
Test: [0/3]	Time 0.021 (0.021)	Loss 0.2587 (0.2587)	MAE 0.168 (0.168)
Epoch: [114][0/7]	Time 0.119 (0.119)	Data 0.011 (0.011)	Loss 0.0241 (0.0241)	MAE 0.055 (0.055)
Test: [0/3]	Time 0.023 (0.023)	Loss 0.2592 (0.2592)	MAE 0.168 (0.168)
Epoch: [115][0/7]	Time 0.120 (0.120)	Data 0.012 (0.012)	Loss 0.0239 (0.0239)	MAE 0.054 (0.054)
Test: [0/3]	Time 0.021 (0.021)	Loss 0.2596 (0.2596)	MAE 0.168 (0.168)
Epoch: [116][0/7]	Time 0.119 (0.119)	Data 0.012 (0.012)	Loss 0.0236 (0.0236)	MAE 0.054 (0.054)
Test: [0/3]	Time 0.021 (0.021)	Loss 0.2599 (0.2599)	MAE 0.168 (0.168)
Epoch: [117][0/7]	Time 0.119 (0.119)	Data 0.011 (0.011)	Loss 0.0234 (0.0234)	MAE 0.054 (0.054)
Test: [0/3]	Time 0.021 (0.021)	Loss 0.2603 (0.2603)	MAE 0.168 (0.168)
Epoch: [118][0/7]	Time 0.119 (0.119)	Data 0.011 (0.011)	Loss 0.0232 (0.0232)	MAE 0.054 (0.054)
Test: [0/3]	Time 0.021 (0.021)	Loss 0.2606 (0.2606)	MAE 0.168 (0.168)
Epoch: [119][0/7]	Time 0.119 (0.119)	Data 0.011 (0.011)	Loss 0.0230 (0.0230)	MAE 0.054 (0.054)
Test: [0/3]	Time 0.022 (0.022)	Loss 0.2609 (0.2609)	MAE 0.168 (0.168)
Epoch: [120][0/7]	Time 0.118 (0.118)	Data 0.011 (0.011)	Loss 0.0228 (0.0228)	MAE 0.053 (0.053)
Test: [0/3]	Time 0.021 (0.021)	Loss 0.2612 (0.2612)	MAE 0.169 (0.169)
Epoch: [121][0/7]	Time 0.119 (0.119)	Data 0.011 (0.011)	Loss 0.0227 (0.0227)	MAE 0.053 (0.053)
Test: [0/3]	Time 0.021 (0.021)	Loss 0.2615 (0.2615)	MAE 0.169 (0.169)
Epoch: [122][0/7]	Time 0.118 (0.118)	Data 0.011 (0.011)	Loss 0.0225 (0.0225)	MAE 0.053 (0.053)
Test: [0/3]	Time 0.021 (0.021)	Loss 0.2617 (0.2617)	MAE 0.169 (0.169)
Epoch: [123][0/7]	Time 0.118 (0.118)	Data 0.011 (0.011)	Loss 0.0224 (0.0224)	MAE 0.053 (0.053)
Test: [0/3]	Time 0.021 (0.021)	Loss 0.2620 (0.2620)	MAE 0.169 (0.169)
Epoch: [124][0/7]	Time 0.118 (0.118)	Data 0.011 (0.011)	Loss 0.0222 (0.0222)	MAE 0.053 (0.053)
Test: [0/3]	Time 0.021 (0.021)	Loss 0.2622 (0.2622)	MAE 0.169 (0.169)
Epoch: [125][0/7]	Time 0.119 (0.119)	Data 0.011 (0.011)	Loss 0.0221 (0.0221)	MAE 0.053 (0.053)
Test: [0/3]	Time 0.021 (0.021)	Loss 0.2624 (0.2624)	MAE 0.169 (0.169)
Epoch: [126][0/7]	Time 0.118 (0.118)	Data 0.011 (0.011)	Loss 0.0219 (0.0219)	MAE 0.053 (0.053)
Test: [0/3]	Time 0.021 (0.021)	Loss 0.2626 (0.2626)	MAE 0.169 (0.169)
Epoch: [127][0/7]	Time 0.119 (0.119)	Data 0.011 (0.011)	Loss 0.0218 (0.0218)	MAE 0.052 (0.052)
Test: [0/3]	Time 0.021 (0.021)	Loss 0.2628 (0.2628)	MAE 0.169 (0.169)
Epoch: [128][0/7]	Time 0.118 (0.118)	Data 0.011 (0.011)	Loss 0.0217 (0.0217)	MAE 0.052 (0.052)
Test: [0/3]	Time 0.021 (0.021)	Loss 0.2630 (0.2630)	MAE 0.169 (0.169)
Epoch: [129][0/7]	Time 0.118 (0.118)	Data 0.011 (0.011)	Loss 0.0215 (0.0215)	MAE 0.052 (0.052)
Test: [0/3]	Time 0.021 (0.021)	Loss 0.2632 (0.2632)	MAE 0.169 (0.169)
Epoch: [130][0/7]	Time 0.118 (0.118)	Data 0.011 (0.011)	Loss 0.0214 (0.0214)	MAE 0.052 (0.052)
Test: [0/3]	Time 0.023 (0.023)	Loss 0.2634 (0.2634)	MAE 0.169 (0.169)
Epoch: [131][0/7]	Time 0.120 (0.120)	Data 0.013 (0.013)	Loss 0.0213 (0.0213)	MAE 0.052 (0.052)
Test: [0/3]	Time 0.021 (0.021)	Loss 0.2635 (0.2635)	MAE 0.169 (0.169)
Epoch: [132][0/7]	Time 0.118 (0.118)	Data 0.011 (0.011)	Loss 0.0212 (0.0212)	MAE 0.052 (0.052)
Test: [0/3]	Time 0.021 (0.021)	Loss 0.2637 (0.2637)	MAE 0.169 (0.169)
Epoch: [133][0/7]	Time 0.119 (0.119)	Data 0.011 (0.011)	Loss 0.0211 (0.0211)	MAE 0.052 (0.052)
Test: [0/3]	Time 0.022 (0.022)	Loss 0.2639 (0.2639)	MAE 0.169 (0.169)
Epoch: [134][0/7]	Time 0.119 (0.119)	Data 0.012 (0.012)	Loss 0.0209 (0.0209)	MAE 0.052 (0.052)
Test: [0/3]	Time 0.021 (0.021)	Loss 0.2640 (0.2640)	MAE 0.169 (0.169)
Epoch: [135][0/7]	Time 0.119 (0.119)	Data 0.011 (0.011)	Loss 0.0208 (0.0208)	MAE 0.051 (0.051)
Test: [0/3]	Time 0.021 (0.021)	Loss 0.2642 (0.2642)	MAE 0.169 (0.169)
Epoch: [136][0/7]	Time 0.119 (0.119)	Data 0.011 (0.011)	Loss 0.0207 (0.0207)	MAE 0.051 (0.051)
Test: [0/3]	Time 0.021 (0.021)	Loss 0.2643 (0.2643)	MAE 0.169 (0.169)
Epoch: [137][0/7]	Time 0.119 (0.119)	Data 0.011 (0.011)	Loss 0.0206 (0.0206)	MAE 0.051 (0.051)
Test: [0/3]	Time 0.021 (0.021)	Loss 0.2645 (0.2645)	MAE 0.169 (0.169)
Epoch: [138][0/7]	Time 0.119 (0.119)	Data 0.011 (0.011)	Loss 0.0205 (0.0205)	MAE 0.051 (0.051)
Test: [0/3]	Time 0.021 (0.021)	Loss 0.2646 (0.2646)	MAE 0.170 (0.170)
Epoch: [139][0/7]	Time 0.118 (0.118)	Data 0.011 (0.011)	Loss 0.0204 (0.0204)	MAE 0.051 (0.051)
Test: [0/3]	Time 0.021 (0.021)	Loss 0.2647 (0.2647)	MAE 0.170 (0.170)
Epoch: [140][0/7]	Time 0.119 (0.119)	Data 0.011 (0.011)	Loss 0.0203 (0.0203)	MAE 0.051 (0.051)
Test: [0/3]	Time 0.021 (0.021)	Loss 0.2649 (0.2649)	MAE 0.170 (0.170)
Epoch: [141][0/7]	Time 0.120 (0.120)	Data 0.011 (0.011)	Loss 0.0202 (0.0202)	MAE 0.051 (0.051)
Test: [0/3]	Time 0.021 (0.021)	Loss 0.2650 (0.2650)	MAE 0.170 (0.170)
Epoch: [142][0/7]	Time 0.119 (0.119)	Data 0.011 (0.011)	Loss 0.0201 (0.0201)	MAE 0.051 (0.051)
Test: [0/3]	Time 0.021 (0.021)	Loss 0.2651 (0.2651)	MAE 0.170 (0.170)
Epoch: [143][0/7]	Time 0.118 (0.118)	Data 0.011 (0.011)	Loss 0.0200 (0.0200)	MAE 0.051 (0.051)
Test: [0/3]	Time 0.021 (0.021)	Loss 0.2653 (0.2653)	MAE 0.170 (0.170)
Epoch: [144][0/7]	Time 0.119 (0.119)	Data 0.011 (0.011)	Loss 0.0200 (0.0200)	MAE 0.050 (0.050)
Test: [0/3]	Time 0.021 (0.021)	Loss 0.2654 (0.2654)	MAE 0.170 (0.170)
Epoch: [145][0/7]	Time 0.118 (0.118)	Data 0.011 (0.011)	Loss 0.0199 (0.0199)	MAE 0.050 (0.050)
Test: [0/3]	Time 0.021 (0.021)	Loss 0.2655 (0.2655)	MAE 0.170 (0.170)
Epoch: [146][0/7]	Time 0.118 (0.118)	Data 0.011 (0.011)	Loss 0.0198 (0.0198)	MAE 0.050 (0.050)
Test: [0/3]	Time 0.021 (0.021)	Loss 0.2657 (0.2657)	MAE 0.170 (0.170)
Epoch: [147][0/7]	Time 0.119 (0.119)	Data 0.011 (0.011)	Loss 0.0197 (0.0197)	MAE 0.050 (0.050)
Test: [0/3]	Time 0.021 (0.021)	Loss 0.2658 (0.2658)	MAE 0.170 (0.170)
Epoch: [148][0/7]	Time 0.118 (0.118)	Data 0.011 (0.011)	Loss 0.0196 (0.0196)	MAE 0.050 (0.050)
Test: [0/3]	Time 0.021 (0.021)	Loss 0.2659 (0.2659)	MAE 0.170 (0.170)
Epoch: [149][0/7]	Time 0.118 (0.118)	Data 0.011 (0.011)	Loss 0.0195 (0.0195)	MAE 0.050 (0.050)
Test: [0/3]	Time 0.021 (0.021)	Loss 0.2660 (0.2660)	MAE 0.170 (0.170)
Epoch: [150][0/7]	Time 0.118 (0.118)	Data 0.011 (0.011)	Loss 0.0194 (0.0194)	MAE 0.050 (0.050)
Test: [0/3]	Time 0.021 (0.021)	Loss 0.2662 (0.2662)	MAE 0.170 (0.170)
Epoch: [151][0/7]	Time 0.118 (0.118)	Data 0.011 (0.011)	Loss 0.0193 (0.0193)	MAE 0.050 (0.050)
Test: [0/3]	Time 0.021 (0.021)	Loss 0.2663 (0.2663)	MAE 0.170 (0.170)
Epoch: [152][0/7]	Time 0.118 (0.118)	Data 0.011 (0.011)	Loss 0.0193 (0.0193)	MAE 0.050 (0.050)
Test: [0/3]	Time 0.021 (0.021)	Loss 0.2664 (0.2664)	MAE 0.170 (0.170)
Epoch: [153][0/7]	Time 0.118 (0.118)	Data 0.011 (0.011)	Loss 0.0192 (0.0192)	MAE 0.049 (0.049)
Test: [0/3]	Time 0.021 (0.021)	Loss 0.2665 (0.2665)	MAE 0.170 (0.170)
Epoch: [154][0/7]	Time 0.119 (0.119)	Data 0.011 (0.011)	Loss 0.0191 (0.0191)	MAE 0.049 (0.049)
Test: [0/3]	Time 0.021 (0.021)	Loss 0.2667 (0.2667)	MAE 0.170 (0.170)
Epoch: [155][0/7]	Time 0.119 (0.119)	Data 0.011 (0.011)	Loss 0.0190 (0.0190)	MAE 0.049 (0.049)
Test: [0/3]	Time 0.021 (0.021)	Loss 0.2668 (0.2668)	MAE 0.170 (0.170)
Epoch: [156][0/7]	Time 0.119 (0.119)	Data 0.011 (0.011)	Loss 0.0189 (0.0189)	MAE 0.049 (0.049)
Test: [0/3]	Time 0.021 (0.021)	Loss 0.2669 (0.2669)	MAE 0.170 (0.170)
Epoch: [157][0/7]	Time 0.119 (0.119)	Data 0.011 (0.011)	Loss 0.0189 (0.0189)	MAE 0.049 (0.049)
Test: [0/3]	Time 0.021 (0.021)	Loss 0.2670 (0.2670)	MAE 0.170 (0.170)
Epoch: [158][0/7]	Time 0.118 (0.118)	Data 0.011 (0.011)	Loss 0.0188 (0.0188)	MAE 0.049 (0.049)
Test: [0/3]	Time 0.021 (0.021)	Loss 0.2671 (0.2671)	MAE 0.170 (0.170)
Epoch: [159][0/7]	Time 0.119 (0.119)	Data 0.011 (0.011)	Loss 0.0187 (0.0187)	MAE 0.049 (0.049)
Test: [0/3]	Time 0.021 (0.021)	Loss 0.2673 (0.2673)	MAE 0.170 (0.170)
Epoch: [160][0/7]	Time 0.118 (0.118)	Data 0.011 (0.011)	Loss 0.0186 (0.0186)	MAE 0.049 (0.049)
Test: [0/3]	Time 0.021 (0.021)	Loss 0.2674 (0.2674)	MAE 0.170 (0.170)
Epoch: [161][0/7]	Time 0.118 (0.118)	Data 0.011 (0.011)	Loss 0.0185 (0.0185)	MAE 0.049 (0.049)
Test: [0/3]	Time 0.021 (0.021)	Loss 0.2675 (0.2675)	MAE 0.170 (0.170)
Epoch: [162][0/7]	Time 0.118 (0.118)	Data 0.011 (0.011)	Loss 0.0185 (0.0185)	MAE 0.049 (0.049)
Test: [0/3]	Time 0.021 (0.021)	Loss 0.2676 (0.2676)	MAE 0.170 (0.170)
Epoch: [163][0/7]	Time 0.118 (0.118)	Data 0.011 (0.011)	Loss 0.0184 (0.0184)	MAE 0.048 (0.048)
Test: [0/3]	Time 0.021 (0.021)	Loss 0.2678 (0.2678)	MAE 0.170 (0.170)
Epoch: [164][0/7]	Time 0.119 (0.119)	Data 0.011 (0.011)	Loss 0.0183 (0.0183)	MAE 0.048 (0.048)
Test: [0/3]	Time 0.021 (0.021)	Loss 0.2679 (0.2679)	MAE 0.170 (0.170)
Epoch: [165][0/7]	Time 0.119 (0.119)	Data 0.011 (0.011)	Loss 0.0182 (0.0182)	MAE 0.048 (0.048)
Test: [0/3]	Time 0.021 (0.021)	Loss 0.2680 (0.2680)	MAE 0.170 (0.170)
Epoch: [166][0/7]	Time 0.118 (0.118)	Data 0.011 (0.011)	Loss 0.0182 (0.0182)	MAE 0.048 (0.048)
Test: [0/3]	Time 0.021 (0.021)	Loss 0.2681 (0.2681)	MAE 0.170 (0.170)
Epoch: [167][0/7]	Time 0.119 (0.119)	Data 0.011 (0.011)	Loss 0.0181 (0.0181)	MAE 0.048 (0.048)
Test: [0/3]	Time 0.021 (0.021)	Loss 0.2682 (0.2682)	MAE 0.170 (0.170)
Epoch: [168][0/7]	Time 0.119 (0.119)	Data 0.011 (0.011)	Loss 0.0180 (0.0180)	MAE 0.048 (0.048)
Test: [0/3]	Time 0.021 (0.021)	Loss 0.2684 (0.2684)	MAE 0.170 (0.170)
Epoch: [169][0/7]	Time 0.118 (0.118)	Data 0.011 (0.011)	Loss 0.0180 (0.0180)	MAE 0.048 (0.048)
Test: [0/3]	Time 0.021 (0.021)	Loss 0.2685 (0.2685)	MAE 0.170 (0.170)
Epoch: [170][0/7]	Time 0.119 (0.119)	Data 0.011 (0.011)	Loss 0.0179 (0.0179)	MAE 0.048 (0.048)
Test: [0/3]	Time 0.021 (0.021)	Loss 0.2686 (0.2686)	MAE 0.170 (0.170)
Epoch: [171][0/7]	Time 0.118 (0.118)	Data 0.011 (0.011)	Loss 0.0178 (0.0178)	MAE 0.048 (0.048)
Test: [0/3]	Time 0.021 (0.021)	Loss 0.2687 (0.2687)	MAE 0.170 (0.170)
Epoch: [172][0/7]	Time 0.118 (0.118)	Data 0.011 (0.011)	Loss 0.0178 (0.0178)	MAE 0.048 (0.048)
Test: [0/3]	Time 0.021 (0.021)	Loss 0.2689 (0.2689)	MAE 0.171 (0.171)
Epoch: [173][0/7]	Time 0.118 (0.118)	Data 0.011 (0.011)	Loss 0.0177 (0.0177)	MAE 0.048 (0.048)
Test: [0/3]	Time 0.021 (0.021)	Loss 0.2690 (0.2690)	MAE 0.171 (0.171)
Epoch: [174][0/7]	Time 0.120 (0.120)	Data 0.013 (0.013)	Loss 0.0176 (0.0176)	MAE 0.047 (0.047)
Test: [0/3]	Time 0.021 (0.021)	Loss 0.2691 (0.2691)	MAE 0.171 (0.171)
Epoch: [175][0/7]	Time 0.119 (0.119)	Data 0.011 (0.011)	Loss 0.0176 (0.0176)	MAE 0.047 (0.047)
Test: [0/3]	Time 0.021 (0.021)	Loss 0.2693 (0.2693)	MAE 0.171 (0.171)
Epoch: [176][0/7]	Time 0.118 (0.118)	Data 0.011 (0.011)	Loss 0.0175 (0.0175)	MAE 0.047 (0.047)
Test: [0/3]	Time 0.021 (0.021)	Loss 0.2694 (0.2694)	MAE 0.171 (0.171)
Epoch: [177][0/7]	Time 0.118 (0.118)	Data 0.011 (0.011)	Loss 0.0174 (0.0174)	MAE 0.047 (0.047)
Test: [0/3]	Time 0.021 (0.021)	Loss 0.2695 (0.2695)	MAE 0.171 (0.171)
Epoch: [178][0/7]	Time 0.118 (0.118)	Data 0.011 (0.011)	Loss 0.0174 (0.0174)	MAE 0.047 (0.047)
Test: [0/3]	Time 0.023 (0.023)	Loss 0.2696 (0.2696)	MAE 0.171 (0.171)
Epoch: [179][0/7]	Time 0.118 (0.118)	Data 0.011 (0.011)	Loss 0.0173 (0.0173)	MAE 0.047 (0.047)
Test: [0/3]	Time 0.022 (0.022)	Loss 0.2698 (0.2698)	MAE 0.171 (0.171)
Epoch: [180][0/7]	Time 0.118 (0.118)	Data 0.011 (0.011)	Loss 0.0172 (0.0172)	MAE 0.047 (0.047)
Test: [0/3]	Time 0.021 (0.021)	Loss 0.2699 (0.2699)	MAE 0.171 (0.171)
Epoch: [181][0/7]	Time 0.120 (0.120)	Data 0.012 (0.012)	Loss 0.0172 (0.0172)	MAE 0.047 (0.047)
Test: [0/3]	Time 0.021 (0.021)	Loss 0.2700 (0.2700)	MAE 0.171 (0.171)
Epoch: [182][0/7]	Time 0.118 (0.118)	Data 0.011 (0.011)	Loss 0.0171 (0.0171)	MAE 0.047 (0.047)
Test: [0/3]	Time 0.021 (0.021)	Loss 0.2702 (0.2702)	MAE 0.171 (0.171)
Epoch: [183][0/7]	Time 0.118 (0.118)	Data 0.011 (0.011)	Loss 0.0170 (0.0170)	MAE 0.047 (0.047)
Test: [0/3]	Time 0.021 (0.021)	Loss 0.2703 (0.2703)	MAE 0.171 (0.171)
Epoch: [184][0/7]	Time 0.118 (0.118)	Data 0.011 (0.011)	Loss 0.0170 (0.0170)	MAE 0.047 (0.047)
Test: [0/3]	Time 0.022 (0.022)	Loss 0.2704 (0.2704)	MAE 0.171 (0.171)
Epoch: [185][0/7]	Time 0.120 (0.120)	Data 0.012 (0.012)	Loss 0.0169 (0.0169)	MAE 0.046 (0.046)
Test: [0/3]	Time 0.021 (0.021)	Loss 0.2705 (0.2705)	MAE 0.171 (0.171)
Epoch: [186][0/7]	Time 0.119 (0.119)	Data 0.011 (0.011)	Loss 0.0168 (0.0168)	MAE 0.046 (0.046)
Test: [0/3]	Time 0.021 (0.021)	Loss 0.2707 (0.2707)	MAE 0.171 (0.171)
Epoch: [187][0/7]	Time 0.118 (0.118)	Data 0.011 (0.011)	Loss 0.0168 (0.0168)	MAE 0.046 (0.046)
Test: [0/3]	Time 0.021 (0.021)	Loss 0.2708 (0.2708)	MAE 0.171 (0.171)
Epoch: [188][0/7]	Time 0.118 (0.118)	Data 0.011 (0.011)	Loss 0.0167 (0.0167)	MAE 0.046 (0.046)
Test: [0/3]	Time 0.021 (0.021)	Loss 0.2709 (0.2709)	MAE 0.171 (0.171)
Epoch: [189][0/7]	Time 0.119 (0.119)	Data 0.011 (0.011)	Loss 0.0167 (0.0167)	MAE 0.046 (0.046)
Test: [0/3]	Time 0.021 (0.021)	Loss 0.2711 (0.2711)	MAE 0.171 (0.171)
Epoch: [190][0/7]	Time 0.118 (0.118)	Data 0.011 (0.011)	Loss 0.0166 (0.0166)	MAE 0.046 (0.046)
Test: [0/3]	Time 0.021 (0.021)	Loss 0.2712 (0.2712)	MAE 0.171 (0.171)
Epoch: [191][0/7]	Time 0.119 (0.119)	Data 0.011 (0.011)	Loss 0.0165 (0.0165)	MAE 0.046 (0.046)
Test: [0/3]	Time 0.021 (0.021)	Loss 0.2713 (0.2713)	MAE 0.171 (0.171)
Epoch: [192][0/7]	Time 0.119 (0.119)	Data 0.011 (0.011)	Loss 0.0165 (0.0165)	MAE 0.046 (0.046)
Test: [0/3]	Time 0.021 (0.021)	Loss 0.2715 (0.2715)	MAE 0.171 (0.171)
Epoch: [193][0/7]	Time 0.119 (0.119)	Data 0.011 (0.011)	Loss 0.0164 (0.0164)	MAE 0.046 (0.046)
Test: [0/3]	Time 0.021 (0.021)	Loss 0.2716 (0.2716)	MAE 0.171 (0.171)
Epoch: [194][0/7]	Time 0.119 (0.119)	Data 0.011 (0.011)	Loss 0.0164 (0.0164)	MAE 0.046 (0.046)
Test: [0/3]	Time 0.021 (0.021)	Loss 0.2718 (0.2718)	MAE 0.171 (0.171)
Epoch: [195][0/7]	Time 0.118 (0.118)	Data 0.011 (0.011)	Loss 0.0163 (0.0163)	MAE 0.046 (0.046)
Test: [0/3]	Time 0.021 (0.021)	Loss 0.2719 (0.2719)	MAE 0.171 (0.171)
Epoch: [196][0/7]	Time 0.119 (0.119)	Data 0.011 (0.011)	Loss 0.0162 (0.0162)	MAE 0.045 (0.045)
Test: [0/3]	Time 0.021 (0.021)	Loss 0.2720 (0.2720)	MAE 0.171 (0.171)
Epoch: [197][0/7]	Time 0.118 (0.118)	Data 0.011 (0.011)	Loss 0.0162 (0.0162)	MAE 0.045 (0.045)
Test: [0/3]	Time 0.021 (0.021)	Loss 0.2722 (0.2722)	MAE 0.171 (0.171)
Epoch: [198][0/7]	Time 0.118 (0.118)	Data 0.011 (0.011)	Loss 0.0161 (0.0161)	MAE 0.045 (0.045)
Test: [0/3]	Time 0.022 (0.022)	Loss 0.2723 (0.2723)	MAE 0.171 (0.171)
Epoch: [199][0/7]	Time 0.119 (0.119)	Data 0.011 (0.011)	Loss 0.0161 (0.0161)	MAE 0.045 (0.045)
Test: [0/3]	Time 0.021 (0.021)	Loss 0.2724 (0.2724)	MAE 0.171 (0.171)
Epoch: [200][0/7]	Time 0.119 (0.119)	Data 0.011 (0.011)	Loss 0.0160 (0.0160)	MAE 0.045 (0.045)
Test: [0/3]	Time 0.021 (0.021)	Loss 0.2726 (0.2726)	MAE 0.171 (0.171)
Epoch: [201][0/7]	Time 0.119 (0.119)	Data 0.011 (0.011)	Loss 0.0159 (0.0159)	MAE 0.045 (0.045)
Test: [0/3]	Time 0.021 (0.021)	Loss 0.2727 (0.2727)	MAE 0.171 (0.171)
Epoch: [202][0/7]	Time 0.118 (0.118)	Data 0.011 (0.011)	Loss 0.0159 (0.0159)	MAE 0.045 (0.045)
Test: [0/3]	Time 0.021 (0.021)	Loss 0.2729 (0.2729)	MAE 0.171 (0.171)
Epoch: [203][0/7]	Time 0.119 (0.119)	Data 0.012 (0.012)	Loss 0.0158 (0.0158)	MAE 0.045 (0.045)
Test: [0/3]	Time 0.021 (0.021)	Loss 0.2730 (0.2730)	MAE 0.171 (0.171)
Epoch: [204][0/7]	Time 0.118 (0.118)	Data 0.011 (0.011)	Loss 0.0158 (0.0158)	MAE 0.045 (0.045)
Test: [0/3]	Time 0.021 (0.021)	Loss 0.2731 (0.2731)	MAE 0.171 (0.171)
Epoch: [205][0/7]	Time 0.119 (0.119)	Data 0.012 (0.012)	Loss 0.0157 (0.0157)	MAE 0.045 (0.045)
Test: [0/3]	Time 0.021 (0.021)	Loss 0.2733 (0.2733)	MAE 0.172 (0.172)
Epoch: [206][0/7]	Time 0.118 (0.118)	Data 0.011 (0.011)	Loss 0.0157 (0.0157)	MAE 0.045 (0.045)
Test: [0/3]	Time 0.022 (0.022)	Loss 0.2734 (0.2734)	MAE 0.172 (0.172)
Epoch: [207][0/7]	Time 0.119 (0.119)	Data 0.012 (0.012)	Loss 0.0156 (0.0156)	MAE 0.045 (0.045)
Test: [0/3]	Time 0.022 (0.022)	Loss 0.2736 (0.2736)	MAE 0.172 (0.172)
Epoch: [208][0/7]	Time 0.118 (0.118)	Data 0.011 (0.011)	Loss 0.0156 (0.0156)	MAE 0.045 (0.045)
Test: [0/3]	Time 0.020 (0.020)	Loss 0.2737 (0.2737)	MAE 0.172 (0.172)
Epoch: [209][0/7]	Time 0.118 (0.118)	Data 0.011 (0.011)	Loss 0.0155 (0.0155)	MAE 0.044 (0.044)
Test: [0/3]	Time 0.021 (0.021)	Loss 0.2738 (0.2738)	MAE 0.172 (0.172)
Epoch: [210][0/7]	Time 0.118 (0.118)	Data 0.011 (0.011)	Loss 0.0154 (0.0154)	MAE 0.044 (0.044)
Test: [0/3]	Time 0.021 (0.021)	Loss 0.2740 (0.2740)	MAE 0.172 (0.172)
Epoch: [211][0/7]	Time 0.119 (0.119)	Data 0.011 (0.011)	Loss 0.0154 (0.0154)	MAE 0.044 (0.044)
Test: [0/3]	Time 0.021 (0.021)	Loss 0.2741 (0.2741)	MAE 0.172 (0.172)
Epoch: [212][0/7]	Time 0.119 (0.119)	Data 0.011 (0.011)	Loss 0.0153 (0.0153)	MAE 0.044 (0.044)
Test: [0/3]	Time 0.021 (0.021)	Loss 0.2743 (0.2743)	MAE 0.172 (0.172)
Epoch: [213][0/7]	Time 0.119 (0.119)	Data 0.011 (0.011)	Loss 0.0153 (0.0153)	MAE 0.044 (0.044)
Test: [0/3]	Time 0.021 (0.021)	Loss 0.2744 (0.2744)	MAE 0.172 (0.172)
Epoch: [214][0/7]	Time 0.118 (0.118)	Data 0.011 (0.011)	Loss 0.0152 (0.0152)	MAE 0.044 (0.044)
Test: [0/3]	Time 0.021 (0.021)	Loss 0.2746 (0.2746)	MAE 0.172 (0.172)
Epoch: [215][0/7]	Time 0.119 (0.119)	Data 0.011 (0.011)	Loss 0.0152 (0.0152)	MAE 0.044 (0.044)
Test: [0/3]	Time 0.021 (0.021)	Loss 0.2747 (0.2747)	MAE 0.172 (0.172)
Epoch: [216][0/7]	Time 0.119 (0.119)	Data 0.011 (0.011)	Loss 0.0151 (0.0151)	MAE 0.044 (0.044)
Test: [0/3]	Time 0.021 (0.021)	Loss 0.2749 (0.2749)	MAE 0.172 (0.172)
Epoch: [217][0/7]	Time 0.118 (0.118)	Data 0.011 (0.011)	Loss 0.0151 (0.0151)	MAE 0.044 (0.044)
Test: [0/3]	Time 0.021 (0.021)	Loss 0.2750 (0.2750)	MAE 0.172 (0.172)
Epoch: [218][0/7]	Time 0.119 (0.119)	Data 0.011 (0.011)	Loss 0.0150 (0.0150)	MAE 0.044 (0.044)
Test: [0/3]	Time 0.021 (0.021)	Loss 0.2751 (0.2751)	MAE 0.172 (0.172)
Epoch: [219][0/7]	Time 0.120 (0.120)	Data 0.013 (0.013)	Loss 0.0150 (0.0150)	MAE 0.044 (0.044)
Test: [0/3]	Time 0.021 (0.021)	Loss 0.2753 (0.2753)	MAE 0.172 (0.172)
Epoch: [220][0/7]	Time 0.120 (0.120)	Data 0.013 (0.013)	Loss 0.0149 (0.0149)	MAE 0.044 (0.044)
Test: [0/3]	Time 0.021 (0.021)	Loss 0.2754 (0.2754)	MAE 0.172 (0.172)
Epoch: [221][0/7]	Time 0.118 (0.118)	Data 0.011 (0.011)	Loss 0.0149 (0.0149)	MAE 0.043 (0.043)
Test: [0/3]	Time 0.021 (0.021)	Loss 0.2756 (0.2756)	MAE 0.172 (0.172)
Epoch: [222][0/7]	Time 0.118 (0.118)	Data 0.011 (0.011)	Loss 0.0148 (0.0148)	MAE 0.043 (0.043)
Test: [0/3]	Time 0.021 (0.021)	Loss 0.2757 (0.2757)	MAE 0.172 (0.172)
Epoch: [223][0/7]	Time 0.119 (0.119)	Data 0.011 (0.011)	Loss 0.0148 (0.0148)	MAE 0.043 (0.043)
Test: [0/3]	Time 0.021 (0.021)	Loss 0.2759 (0.2759)	MAE 0.172 (0.172)
Epoch: [224][0/7]	Time 0.119 (0.119)	Data 0.011 (0.011)	Loss 0.0147 (0.0147)	MAE 0.043 (0.043)
Test: [0/3]	Time 0.021 (0.021)	Loss 0.2760 (0.2760)	MAE 0.172 (0.172)
Epoch: [225][0/7]	Time 0.118 (0.118)	Data 0.011 (0.011)	Loss 0.0147 (0.0147)	MAE 0.043 (0.043)
Test: [0/3]	Time 0.021 (0.021)	Loss 0.2762 (0.2762)	MAE 0.172 (0.172)
Epoch: [226][0/7]	Time 0.119 (0.119)	Data 0.011 (0.011)	Loss 0.0146 (0.0146)	MAE 0.043 (0.043)
Test: [0/3]	Time 0.021 (0.021)	Loss 0.2763 (0.2763)	MAE 0.172 (0.172)
Epoch: [227][0/7]	Time 0.118 (0.118)	Data 0.011 (0.011)	Loss 0.0146 (0.0146)	MAE 0.043 (0.043)
Test: [0/3]	Time 0.021 (0.021)	Loss 0.2765 (0.2765)	MAE 0.172 (0.172)
Epoch: [228][0/7]	Time 0.118 (0.118)	Data 0.011 (0.011)	Loss 0.0145 (0.0145)	MAE 0.043 (0.043)
Test: [0/3]	Time 0.021 (0.021)	Loss 0.2766 (0.2766)	MAE 0.172 (0.172)
Epoch: [229][0/7]	Time 0.118 (0.118)	Data 0.011 (0.011)	Loss 0.0145 (0.0145)	MAE 0.043 (0.043)
Test: [0/3]	Time 0.021 (0.021)	Loss 0.2768 (0.2768)	MAE 0.172 (0.172)
Epoch: [230][0/7]	Time 0.119 (0.119)	Data 0.011 (0.011)	Loss 0.0144 (0.0144)	MAE 0.043 (0.043)
Test: [0/3]	Time 0.021 (0.021)	Loss 0.2769 (0.2769)	MAE 0.172 (0.172)
Epoch: [231][0/7]	Time 0.119 (0.119)	Data 0.011 (0.011)	Loss 0.0144 (0.0144)	MAE 0.043 (0.043)
Test: [0/3]	Time 0.021 (0.021)	Loss 0.2771 (0.2771)	MAE 0.172 (0.172)
Epoch: [232][0/7]	Time 0.119 (0.119)	Data 0.011 (0.011)	Loss 0.0143 (0.0143)	MAE 0.043 (0.043)
Test: [0/3]	Time 0.023 (0.023)	Loss 0.2772 (0.2772)	MAE 0.172 (0.172)
Epoch: [233][0/7]	Time 0.119 (0.119)	Data 0.011 (0.011)	Loss 0.0143 (0.0143)	MAE 0.043 (0.043)
Test: [0/3]	Time 0.021 (0.021)	Loss 0.2774 (0.2774)	MAE 0.173 (0.173)
Epoch: [234][0/7]	Time 0.118 (0.118)	Data 0.011 (0.011)	Loss 0.0142 (0.0142)	MAE 0.042 (0.042)
Test: [0/3]	Time 0.021 (0.021)	Loss 0.2775 (0.2775)	MAE 0.173 (0.173)
Epoch: [235][0/7]	Time 0.118 (0.118)	Data 0.011 (0.011)	Loss 0.0142 (0.0142)	MAE 0.042 (0.042)
Test: [0/3]	Time 0.021 (0.021)	Loss 0.2777 (0.2777)	MAE 0.173 (0.173)
Epoch: [236][0/7]	Time 0.118 (0.118)	Data 0.011 (0.011)	Loss 0.0141 (0.0141)	MAE 0.042 (0.042)
Test: [0/3]	Time 0.021 (0.021)	Loss 0.2778 (0.2778)	MAE 0.173 (0.173)
Epoch: [237][0/7]	Time 0.118 (0.118)	Data 0.011 (0.011)	Loss 0.0141 (0.0141)	MAE 0.042 (0.042)
Test: [0/3]	Time 0.021 (0.021)	Loss 0.2780 (0.2780)	MAE 0.173 (0.173)
Epoch: [238][0/7]	Time 0.119 (0.119)	Data 0.011 (0.011)	Loss 0.0140 (0.0140)	MAE 0.042 (0.042)
Test: [0/3]	Time 0.022 (0.022)	Loss 0.2782 (0.2782)	MAE 0.173 (0.173)
Epoch: [239][0/7]	Time 0.119 (0.119)	Data 0.012 (0.012)	Loss 0.0140 (0.0140)	MAE 0.042 (0.042)
Test: [0/3]	Time 0.021 (0.021)	Loss 0.2783 (0.2783)	MAE 0.173 (0.173)
Epoch: [240][0/7]	Time 0.118 (0.118)	Data 0.011 (0.011)	Loss 0.0139 (0.0139)	MAE 0.042 (0.042)
Test: [0/3]	Time 0.021 (0.021)	Loss 0.2785 (0.2785)	MAE 0.173 (0.173)
Epoch: [241][0/7]	Time 0.118 (0.118)	Data 0.011 (0.011)	Loss 0.0139 (0.0139)	MAE 0.042 (0.042)
Test: [0/3]	Time 0.021 (0.021)	Loss 0.2786 (0.2786)	MAE 0.173 (0.173)
Epoch: [242][0/7]	Time 0.118 (0.118)	Data 0.011 (0.011)	Loss 0.0138 (0.0138)	MAE 0.042 (0.042)
Test: [0/3]	Time 0.021 (0.021)	Loss 0.2788 (0.2788)	MAE 0.173 (0.173)
Epoch: [243][0/7]	Time 0.119 (0.119)	Data 0.011 (0.011)	Loss 0.0138 (0.0138)	MAE 0.042 (0.042)
Test: [0/3]	Time 0.021 (0.021)	Loss 0.2789 (0.2789)	MAE 0.173 (0.173)
Epoch: [244][0/7]	Time 0.118 (0.118)	Data 0.011 (0.011)	Loss 0.0137 (0.0137)	MAE 0.042 (0.042)
Test: [0/3]	Time 0.021 (0.021)	Loss 0.2791 (0.2791)	MAE 0.173 (0.173)
Epoch: [245][0/7]	Time 0.118 (0.118)	Data 0.011 (0.011)	Loss 0.0137 (0.0137)	MAE 0.042 (0.042)
Test: [0/3]	Time 0.021 (0.021)	Loss 0.2792 (0.2792)	MAE 0.173 (0.173)
Epoch: [246][0/7]	Time 0.119 (0.119)	Data 0.011 (0.011)	Loss 0.0136 (0.0136)	MAE 0.042 (0.042)
Test: [0/3]	Time 0.021 (0.021)	Loss 0.2794 (0.2794)	MAE 0.173 (0.173)
Epoch: [247][0/7]	Time 0.118 (0.118)	Data 0.011 (0.011)	Loss 0.0136 (0.0136)	MAE 0.041 (0.041)
Test: [0/3]	Time 0.021 (0.021)	Loss 0.2796 (0.2796)	MAE 0.173 (0.173)
Epoch: [248][0/7]	Time 0.118 (0.118)	Data 0.011 (0.011)	Loss 0.0135 (0.0135)	MAE 0.041 (0.041)
Test: [0/3]	Time 0.021 (0.021)	Loss 0.2797 (0.2797)	MAE 0.173 (0.173)
Epoch: [249][0/7]	Time 0.119 (0.119)	Data 0.011 (0.011)	Loss 0.0135 (0.0135)	MAE 0.041 (0.041)
Test: [0/3]	Time 0.021 (0.021)	Loss 0.2799 (0.2799)	MAE 0.173 (0.173)
Epoch: [250][0/7]	Time 0.119 (0.119)	Data 0.011 (0.011)	Loss 0.0135 (0.0135)	MAE 0.041 (0.041)
Test: [0/3]	Time 0.021 (0.021)	Loss 0.2800 (0.2800)	MAE 0.173 (0.173)
Epoch: [251][0/7]	Time 0.118 (0.118)	Data 0.011 (0.011)	Loss 0.0134 (0.0134)	MAE 0.041 (0.041)
Test: [0/3]	Time 0.021 (0.021)	Loss 0.2802 (0.2802)	MAE 0.173 (0.173)
Epoch: [252][0/7]	Time 0.118 (0.118)	Data 0.011 (0.011)	Loss 0.0134 (0.0134)	MAE 0.041 (0.041)
Test: [0/3]	Time 0.021 (0.021)	Loss 0.2804 (0.2804)	MAE 0.173 (0.173)
Epoch: [253][0/7]	Time 0.119 (0.119)	Data 0.011 (0.011)	Loss 0.0133 (0.0133)	MAE 0.041 (0.041)
Test: [0/3]	Time 0.021 (0.021)	Loss 0.2805 (0.2805)	MAE 0.173 (0.173)
Epoch: [254][0/7]	Time 0.119 (0.119)	Data 0.011 (0.011)	Loss 0.0133 (0.0133)	MAE 0.041 (0.041)
Test: [0/3]	Time 0.021 (0.021)	Loss 0.2807 (0.2807)	MAE 0.173 (0.173)
Epoch: [255][0/7]	Time 0.118 (0.118)	Data 0.011 (0.011)	Loss 0.0132 (0.0132)	MAE 0.041 (0.041)
Test: [0/3]	Time 0.021 (0.021)	Loss 0.2808 (0.2808)	MAE 0.173 (0.173)
Epoch: [256][0/7]	Time 0.119 (0.119)	Data 0.011 (0.011)	Loss 0.0132 (0.0132)	MAE 0.041 (0.041)
Test: [0/3]	Time 0.021 (0.021)	Loss 0.2810 (0.2810)	MAE 0.173 (0.173)
Epoch: [257][0/7]	Time 0.118 (0.118)	Data 0.011 (0.011)	Loss 0.0131 (0.0131)	MAE 0.041 (0.041)
Test: [0/3]	Time 0.021 (0.021)	Loss 0.2812 (0.2812)	MAE 0.174 (0.174)
Epoch: [258][0/7]	Time 0.118 (0.118)	Data 0.011 (0.011)	Loss 0.0131 (0.0131)	MAE 0.041 (0.041)
Test: [0/3]	Time 0.021 (0.021)	Loss 0.2813 (0.2813)	MAE 0.174 (0.174)
Epoch: [259][0/7]	Time 0.118 (0.118)	Data 0.011 (0.011)	Loss 0.0131 (0.0131)	MAE 0.041 (0.041)
Test: [0/3]	Time 0.021 (0.021)	Loss 0.2815 (0.2815)	MAE 0.174 (0.174)
Epoch: [260][0/7]	Time 0.118 (0.118)	Data 0.011 (0.011)	Loss 0.0130 (0.0130)	MAE 0.041 (0.041)
Test: [0/3]	Time 0.021 (0.021)	Loss 0.2816 (0.2816)	MAE 0.174 (0.174)
Epoch: [261][0/7]	Time 0.118 (0.118)	Data 0.011 (0.011)	Loss 0.0130 (0.0130)	MAE 0.040 (0.040)
Test: [0/3]	Time 0.021 (0.021)	Loss 0.2818 (0.2818)	MAE 0.174 (0.174)
Epoch: [262][0/7]	Time 0.118 (0.118)	Data 0.011 (0.011)	Loss 0.0129 (0.0129)	MAE 0.040 (0.040)
Test: [0/3]	Time 0.021 (0.021)	Loss 0.2820 (0.2820)	MAE 0.174 (0.174)
Epoch: [263][0/7]	Time 0.118 (0.118)	Data 0.011 (0.011)	Loss 0.0129 (0.0129)	MAE 0.040 (0.040)
Test: [0/3]	Time 0.021 (0.021)	Loss 0.2821 (0.2821)	MAE 0.174 (0.174)
Epoch: [264][0/7]	Time 0.118 (0.118)	Data 0.011 (0.011)	Loss 0.0128 (0.0128)	MAE 0.040 (0.040)
Test: [0/3]	Time 0.021 (0.021)	Loss 0.2823 (0.2823)	MAE 0.174 (0.174)
Epoch: [265][0/7]	Time 0.119 (0.119)	Data 0.011 (0.011)	Loss 0.0128 (0.0128)	MAE 0.040 (0.040)
Test: [0/3]	Time 0.021 (0.021)	Loss 0.2825 (0.2825)	MAE 0.174 (0.174)
Epoch: [266][0/7]	Time 0.119 (0.119)	Data 0.011 (0.011)	Loss 0.0128 (0.0128)	MAE 0.040 (0.040)
Test: [0/3]	Time 0.021 (0.021)	Loss 0.2826 (0.2826)	MAE 0.174 (0.174)
Epoch: [267][0/7]	Time 0.119 (0.119)	Data 0.012 (0.012)	Loss 0.0127 (0.0127)	MAE 0.040 (0.040)
Test: [0/3]	Time 0.021 (0.021)	Loss 0.2828 (0.2828)	MAE 0.174 (0.174)
Epoch: [268][0/7]	Time 0.118 (0.118)	Data 0.011 (0.011)	Loss 0.0127 (0.0127)	MAE 0.040 (0.040)
Test: [0/3]	Time 0.021 (0.021)	Loss 0.2830 (0.2830)	MAE 0.174 (0.174)
Epoch: [269][0/7]	Time 0.119 (0.119)	Data 0.011 (0.011)	Loss 0.0126 (0.0126)	MAE 0.040 (0.040)
Test: [0/3]	Time 0.021 (0.021)	Loss 0.2831 (0.2831)	MAE 0.174 (0.174)
Epoch: [270][0/7]	Time 0.119 (0.119)	Data 0.011 (0.011)	Loss 0.0126 (0.0126)	MAE 0.040 (0.040)
Test: [0/3]	Time 0.021 (0.021)	Loss 0.2833 (0.2833)	MAE 0.174 (0.174)
Epoch: [271][0/7]	Time 0.118 (0.118)	Data 0.011 (0.011)	Loss 0.0125 (0.0125)	MAE 0.040 (0.040)
Test: [0/3]	Time 0.021 (0.021)	Loss 0.2835 (0.2835)	MAE 0.174 (0.174)
Epoch: [272][0/7]	Time 0.118 (0.118)	Data 0.011 (0.011)	Loss 0.0125 (0.0125)	MAE 0.040 (0.040)
Test: [0/3]	Time 0.021 (0.021)	Loss 0.2836 (0.2836)	MAE 0.174 (0.174)
Epoch: [273][0/7]	Time 0.119 (0.119)	Data 0.011 (0.011)	Loss 0.0125 (0.0125)	MAE 0.040 (0.040)
Test: [0/3]	Time 0.021 (0.021)	Loss 0.2838 (0.2838)	MAE 0.174 (0.174)
Epoch: [274][0/7]	Time 0.118 (0.118)	Data 0.011 (0.011)	Loss 0.0124 (0.0124)	MAE 0.040 (0.040)
Test: [0/3]	Time 0.021 (0.021)	Loss 0.2840 (0.2840)	MAE 0.174 (0.174)
Epoch: [275][0/7]	Time 0.119 (0.119)	Data 0.011 (0.011)	Loss 0.0124 (0.0124)	MAE 0.039 (0.039)
Test: [0/3]	Time 0.021 (0.021)	Loss 0.2841 (0.2841)	MAE 0.174 (0.174)
Epoch: [276][0/7]	Time 0.118 (0.118)	Data 0.011 (0.011)	Loss 0.0123 (0.0123)	MAE 0.039 (0.039)
Test: [0/3]	Time 0.021 (0.021)	Loss 0.2843 (0.2843)	MAE 0.174 (0.174)
Epoch: [277][0/7]	Time 0.119 (0.119)	Data 0.011 (0.011)	Loss 0.0123 (0.0123)	MAE 0.039 (0.039)
Test: [0/3]	Time 0.021 (0.021)	Loss 0.2845 (0.2845)	MAE 0.174 (0.174)
Epoch: [278][0/7]	Time 0.118 (0.118)	Data 0.011 (0.011)	Loss 0.0123 (0.0123)	MAE 0.039 (0.039)
Test: [0/3]	Time 0.021 (0.021)	Loss 0.2846 (0.2846)	MAE 0.174 (0.174)
Epoch: [279][0/7]	Time 0.120 (0.120)	Data 0.013 (0.013)	Loss 0.0122 (0.0122)	MAE 0.039 (0.039)
Test: [0/3]	Time 0.022 (0.022)	Loss 0.2848 (0.2848)	MAE 0.174 (0.174)
Epoch: [280][0/7]	Time 0.118 (0.118)	Data 0.011 (0.011)	Loss 0.0122 (0.0122)	MAE 0.039 (0.039)
Test: [0/3]	Time 0.021 (0.021)	Loss 0.2850 (0.2850)	MAE 0.175 (0.175)
Epoch: [281][0/7]	Time 0.119 (0.119)	Data 0.011 (0.011)	Loss 0.0121 (0.0121)	MAE 0.039 (0.039)
Test: [0/3]	Time 0.021 (0.021)	Loss 0.2851 (0.2851)	MAE 0.175 (0.175)
Epoch: [282][0/7]	Time 0.118 (0.118)	Data 0.011 (0.011)	Loss 0.0121 (0.0121)	MAE 0.039 (0.039)
Test: [0/3]	Time 0.021 (0.021)	Loss 0.2853 (0.2853)	MAE 0.175 (0.175)
Epoch: [283][0/7]	Time 0.119 (0.119)	Data 0.011 (0.011)	Loss 0.0121 (0.0121)	MAE 0.039 (0.039)
Test: [0/3]	Time 0.023 (0.023)	Loss 0.2855 (0.2855)	MAE 0.175 (0.175)
Epoch: [284][0/7]	Time 0.119 (0.119)	Data 0.011 (0.011)	Loss 0.0120 (0.0120)	MAE 0.039 (0.039)
Test: [0/3]	Time 0.021 (0.021)	Loss 0.2857 (0.2857)	MAE 0.175 (0.175)
Epoch: [285][0/7]	Time 0.119 (0.119)	Data 0.011 (0.011)	Loss 0.0120 (0.0120)	MAE 0.039 (0.039)
Test: [0/3]	Time 0.021 (0.021)	Loss 0.2858 (0.2858)	MAE 0.175 (0.175)
Epoch: [286][0/7]	Time 0.118 (0.118)	Data 0.011 (0.011)	Loss 0.0119 (0.0119)	MAE 0.039 (0.039)
Test: [0/3]	Time 0.021 (0.021)	Loss 0.2860 (0.2860)	MAE 0.175 (0.175)
Epoch: [287][0/7]	Time 0.118 (0.118)	Data 0.011 (0.011)	Loss 0.0119 (0.0119)	MAE 0.039 (0.039)
Test: [0/3]	Time 0.021 (0.021)	Loss 0.2862 (0.2862)	MAE 0.175 (0.175)
Epoch: [288][0/7]	Time 0.119 (0.119)	Data 0.011 (0.011)	Loss 0.0119 (0.0119)	MAE 0.039 (0.039)
Test: [0/3]	Time 0.021 (0.021)	Loss 0.2863 (0.2863)	MAE 0.175 (0.175)
Epoch: [289][0/7]	Time 0.118 (0.118)	Data 0.011 (0.011)	Loss 0.0118 (0.0118)	MAE 0.038 (0.038)
Test: [0/3]	Time 0.021 (0.021)	Loss 0.2865 (0.2865)	MAE 0.175 (0.175)
Epoch: [290][0/7]	Time 0.119 (0.119)	Data 0.011 (0.011)	Loss 0.0118 (0.0118)	MAE 0.038 (0.038)
Test: [0/3]	Time 0.021 (0.021)	Loss 0.2867 (0.2867)	MAE 0.175 (0.175)
Epoch: [291][0/7]	Time 0.119 (0.119)	Data 0.012 (0.012)	Loss 0.0117 (0.0117)	MAE 0.038 (0.038)
Test: [0/3]	Time 0.021 (0.021)	Loss 0.2869 (0.2869)	MAE 0.175 (0.175)
Epoch: [292][0/7]	Time 0.118 (0.118)	Data 0.011 (0.011)	Loss 0.0117 (0.0117)	MAE 0.038 (0.038)
Test: [0/3]	Time 0.022 (0.022)	Loss 0.2870 (0.2870)	MAE 0.175 (0.175)
Epoch: [293][0/7]	Time 0.119 (0.119)	Data 0.012 (0.012)	Loss 0.0117 (0.0117)	MAE 0.038 (0.038)
Test: [0/3]	Time 0.021 (0.021)	Loss 0.2872 (0.2872)	MAE 0.175 (0.175)
Epoch: [294][0/7]	Time 0.119 (0.119)	Data 0.012 (0.012)	Loss 0.0116 (0.0116)	MAE 0.038 (0.038)
Test: [0/3]	Time 0.021 (0.021)	Loss 0.2874 (0.2874)	MAE 0.175 (0.175)
Epoch: [295][0/7]	Time 0.119 (0.119)	Data 0.011 (0.011)	Loss 0.0116 (0.0116)	MAE 0.038 (0.038)
Test: [0/3]	Time 0.021 (0.021)	Loss 0.2876 (0.2876)	MAE 0.175 (0.175)
Epoch: [296][0/7]	Time 0.118 (0.118)	Data 0.011 (0.011)	Loss 0.0116 (0.0116)	MAE 0.038 (0.038)
Test: [0/3]	Time 0.021 (0.021)	Loss 0.2877 (0.2877)	MAE 0.175 (0.175)
Epoch: [297][0/7]	Time 0.119 (0.119)	Data 0.011 (0.011)	Loss 0.0115 (0.0115)	MAE 0.038 (0.038)
Test: [0/3]	Time 0.021 (0.021)	Loss 0.2879 (0.2879)	MAE 0.175 (0.175)
Epoch: [298][0/7]	Time 0.119 (0.119)	Data 0.011 (0.011)	Loss 0.0115 (0.0115)	MAE 0.038 (0.038)
Test: [0/3]	Time 0.021 (0.021)	Loss 0.2881 (0.2881)	MAE 0.175 (0.175)
Epoch: [299][0/7]	Time 0.118 (0.118)	Data 0.011 (0.011)	Loss 0.0114 (0.0114)	MAE 0.038 (0.038)
Test: [0/3]	Time 0.021 (0.021)	Loss 0.2883 (0.2883)	MAE 0.175 (0.175)
Epoch: [300][0/7]	Time 0.118 (0.118)	Data 0.011 (0.011)	Loss 0.0114 (0.0114)	MAE 0.038 (0.038)
Test: [0/3]	Time 0.021 (0.021)	Loss 0.2884 (0.2884)	MAE 0.175 (0.175)
Epoch: [301][0/7]	Time 0.118 (0.118)	Data 0.011 (0.011)	Loss 0.0114 (0.0114)	MAE 0.038 (0.038)
Test: [0/3]	Time 0.021 (0.021)	Loss 0.2886 (0.2886)	MAE 0.175 (0.175)
Epoch: [302][0/7]	Time 0.119 (0.119)	Data 0.011 (0.011)	Loss 0.0113 (0.0113)	MAE 0.038 (0.038)
Test: [0/3]	Time 0.021 (0.021)	Loss 0.2888 (0.2888)	MAE 0.176 (0.176)
Epoch: [303][0/7]	Time 0.118 (0.118)	Data 0.011 (0.011)	Loss 0.0113 (0.0113)	MAE 0.037 (0.037)
Test: [0/3]	Time 0.021 (0.021)	Loss 0.2890 (0.2890)	MAE 0.176 (0.176)
Epoch: [304][0/7]	Time 0.118 (0.118)	Data 0.011 (0.011)	Loss 0.0113 (0.0113)	MAE 0.037 (0.037)
Test: [0/3]	Time 0.021 (0.021)	Loss 0.2891 (0.2891)	MAE 0.176 (0.176)
Epoch: [305][0/7]	Time 0.118 (0.118)	Data 0.011 (0.011)	Loss 0.0112 (0.0112)	MAE 0.037 (0.037)
Test: [0/3]	Time 0.021 (0.021)	Loss 0.2893 (0.2893)	MAE 0.176 (0.176)
Epoch: [306][0/7]	Time 0.119 (0.119)	Data 0.011 (0.011)	Loss 0.0112 (0.0112)	MAE 0.037 (0.037)
Test: [0/3]	Time 0.021 (0.021)	Loss 0.2895 (0.2895)	MAE 0.176 (0.176)
Epoch: [307][0/7]	Time 0.154 (0.154)	Data 0.011 (0.011)	Loss 0.0112 (0.0112)	MAE 0.037 (0.037)
Test: [0/3]	Time 0.022 (0.022)	Loss 0.2897 (0.2897)	MAE 0.176 (0.176)
Epoch: [308][0/7]	Time 0.119 (0.119)	Data 0.011 (0.011)	Loss 0.0111 (0.0111)	MAE 0.037 (0.037)
Test: [0/3]	Time 0.021 (0.021)	Loss 0.2899 (0.2899)	MAE 0.176 (0.176)
Epoch: [309][0/7]	Time 0.118 (0.118)	Data 0.011 (0.011)	Loss 0.0111 (0.0111)	MAE 0.037 (0.037)
Test: [0/3]	Time 0.021 (0.021)	Loss 0.2900 (0.2900)	MAE 0.176 (0.176)
Epoch: [310][0/7]	Time 0.118 (0.118)	Data 0.011 (0.011)	Loss 0.0110 (0.0110)	MAE 0.037 (0.037)
Test: [0/3]	Time 0.021 (0.021)	Loss 0.2902 (0.2902)	MAE 0.176 (0.176)
Epoch: [311][0/7]	Time 0.119 (0.119)	Data 0.011 (0.011)	Loss 0.0110 (0.0110)	MAE 0.037 (0.037)
Test: [0/3]	Time 0.021 (0.021)	Loss 0.2904 (0.2904)	MAE 0.176 (0.176)
Epoch: [312][0/7]	Time 0.118 (0.118)	Data 0.012 (0.012)	Loss 0.0110 (0.0110)	MAE 0.037 (0.037)
Test: [0/3]	Time 0.021 (0.021)	Loss 0.2906 (0.2906)	MAE 0.176 (0.176)
Epoch: [313][0/7]	Time 0.118 (0.118)	Data 0.011 (0.011)	Loss 0.0109 (0.0109)	MAE 0.037 (0.037)
Test: [0/3]	Time 0.021 (0.021)	Loss 0.2907 (0.2907)	MAE 0.176 (0.176)
Epoch: [314][0/7]	Time 0.120 (0.120)	Data 0.011 (0.011)	Loss 0.0109 (0.0109)	MAE 0.037 (0.037)
Test: [0/3]	Time 0.021 (0.021)	Loss 0.2909 (0.2909)	MAE 0.176 (0.176)
Epoch: [315][0/7]	Time 0.118 (0.118)	Data 0.011 (0.011)	Loss 0.0109 (0.0109)	MAE 0.037 (0.037)
Test: [0/3]	Time 0.021 (0.021)	Loss 0.2911 (0.2911)	MAE 0.176 (0.176)
Epoch: [316][0/7]	Time 0.119 (0.119)	Data 0.011 (0.011)	Loss 0.0108 (0.0108)	MAE 0.037 (0.037)
Test: [0/3]	Time 0.021 (0.021)	Loss 0.2913 (0.2913)	MAE 0.176 (0.176)
Epoch: [317][0/7]	Time 0.118 (0.118)	Data 0.011 (0.011)	Loss 0.0108 (0.0108)	MAE 0.037 (0.037)
Test: [0/3]	Time 0.021 (0.021)	Loss 0.2915 (0.2915)	MAE 0.176 (0.176)
Epoch: [318][0/7]	Time 0.119 (0.119)	Data 0.012 (0.012)	Loss 0.0108 (0.0108)	MAE 0.037 (0.037)
Test: [0/3]	Time 0.021 (0.021)	Loss 0.2917 (0.2917)	MAE 0.176 (0.176)
Epoch: [319][0/7]	Time 0.118 (0.118)	Data 0.011 (0.011)	Loss 0.0107 (0.0107)	MAE 0.036 (0.036)
Test: [0/3]	Time 0.021 (0.021)	Loss 0.2918 (0.2918)	MAE 0.176 (0.176)
Epoch: [320][0/7]	Time 0.118 (0.118)	Data 0.011 (0.011)	Loss 0.0107 (0.0107)	MAE 0.036 (0.036)
Test: [0/3]	Time 0.021 (0.021)	Loss 0.2920 (0.2920)	MAE 0.176 (0.176)
Epoch: [321][0/7]	Time 0.118 (0.118)	Data 0.011 (0.011)	Loss 0.0107 (0.0107)	MAE 0.036 (0.036)
Test: [0/3]	Time 0.021 (0.021)	Loss 0.2922 (0.2922)	MAE 0.176 (0.176)
Epoch: [322][0/7]	Time 0.119 (0.119)	Data 0.011 (0.011)	Loss 0.0106 (0.0106)	MAE 0.036 (0.036)
Test: [0/3]	Time 0.021 (0.021)	Loss 0.2924 (0.2924)	MAE 0.176 (0.176)
Epoch: [323][0/7]	Time 0.118 (0.118)	Data 0.011 (0.011)	Loss 0.0106 (0.0106)	MAE 0.036 (0.036)
Test: [0/3]	Time 0.021 (0.021)	Loss 0.2926 (0.2926)	MAE 0.177 (0.177)
Epoch: [324][0/7]	Time 0.119 (0.119)	Data 0.011 (0.011)	Loss 0.0106 (0.0106)	MAE 0.036 (0.036)
Test: [0/3]	Time 0.021 (0.021)	Loss 0.2927 (0.2927)	MAE 0.177 (0.177)
Epoch: [325][0/7]	Time 0.119 (0.119)	Data 0.011 (0.011)	Loss 0.0105 (0.0105)	MAE 0.036 (0.036)
Test: [0/3]	Time 0.023 (0.023)	Loss 0.2929 (0.2929)	MAE 0.177 (0.177)
Epoch: [326][0/7]	Time 0.119 (0.119)	Data 0.011 (0.011)	Loss 0.0105 (0.0105)	MAE 0.036 (0.036)
Test: [0/3]	Time 0.021 (0.021)	Loss 0.2931 (0.2931)	MAE 0.177 (0.177)
Epoch: [327][0/7]	Time 0.118 (0.118)	Data 0.011 (0.011)	Loss 0.0105 (0.0105)	MAE 0.036 (0.036)
Test: [0/3]	Time 0.021 (0.021)	Loss 0.2933 (0.2933)	MAE 0.177 (0.177)
Epoch: [328][0/7]	Time 0.118 (0.118)	Data 0.011 (0.011)	Loss 0.0104 (0.0104)	MAE 0.036 (0.036)
Test: [0/3]	Time 0.021 (0.021)	Loss 0.2935 (0.2935)	MAE 0.177 (0.177)
Epoch: [329][0/7]	Time 0.118 (0.118)	Data 0.011 (0.011)	Loss 0.0104 (0.0104)	MAE 0.036 (0.036)
Test: [0/3]	Time 0.021 (0.021)	Loss 0.2937 (0.2937)	MAE 0.177 (0.177)
Epoch: [330][0/7]	Time 0.118 (0.118)	Data 0.011 (0.011)	Loss 0.0104 (0.0104)	MAE 0.036 (0.036)
Test: [0/3]	Time 0.021 (0.021)	Loss 0.2938 (0.2938)	MAE 0.177 (0.177)
Epoch: [331][0/7]	Time 0.118 (0.118)	Data 0.011 (0.011)	Loss 0.0103 (0.0103)	MAE 0.036 (0.036)
Test: [0/3]	Time 0.021 (0.021)	Loss 0.2940 (0.2940)	MAE 0.177 (0.177)
Epoch: [332][0/7]	Time 0.118 (0.118)	Data 0.011 (0.011)	Loss 0.0103 (0.0103)	MAE 0.036 (0.036)
Test: [0/3]	Time 0.021 (0.021)	Loss 0.2942 (0.2942)	MAE 0.177 (0.177)
Epoch: [333][0/7]	Time 0.119 (0.119)	Data 0.011 (0.011)	Loss 0.0103 (0.0103)	MAE 0.036 (0.036)
Test: [0/3]	Time 0.021 (0.021)	Loss 0.2944 (0.2944)	MAE 0.177 (0.177)
Epoch: [334][0/7]	Time 0.119 (0.119)	Data 0.011 (0.011)	Loss 0.0102 (0.0102)	MAE 0.036 (0.036)
Test: [0/3]	Time 0.021 (0.021)	Loss 0.2946 (0.2946)	MAE 0.177 (0.177)
Epoch: [335][0/7]	Time 0.118 (0.118)	Data 0.011 (0.011)	Loss 0.0102 (0.0102)	MAE 0.036 (0.036)
Test: [0/3]	Time 0.021 (0.021)	Loss 0.2948 (0.2948)	MAE 0.177 (0.177)
Epoch: [336][0/7]	Time 0.120 (0.120)	Data 0.013 (0.013)	Loss 0.0102 (0.0102)	MAE 0.035 (0.035)
Test: [0/3]	Time 0.021 (0.021)	Loss 0.2950 (0.2950)	MAE 0.177 (0.177)
Epoch: [337][0/7]	Time 0.118 (0.118)	Data 0.011 (0.011)	Loss 0.0101 (0.0101)	MAE 0.035 (0.035)
Test: [0/3]	Time 0.021 (0.021)	Loss 0.2951 (0.2951)	MAE 0.177 (0.177)
Epoch: [338][0/7]	Time 0.118 (0.118)	Data 0.011 (0.011)	Loss 0.0101 (0.0101)	MAE 0.035 (0.035)
Test: [0/3]	Time 0.021 (0.021)	Loss 0.2953 (0.2953)	MAE 0.177 (0.177)
Epoch: [339][0/7]	Time 0.118 (0.118)	Data 0.011 (0.011)	Loss 0.0101 (0.0101)	MAE 0.035 (0.035)
Test: [0/3]	Time 0.021 (0.021)	Loss 0.2955 (0.2955)	MAE 0.177 (0.177)
Epoch: [340][0/7]	Time 0.119 (0.119)	Data 0.011 (0.011)	Loss 0.0100 (0.0100)	MAE 0.035 (0.035)
Test: [0/3]	Time 0.021 (0.021)	Loss 0.2957 (0.2957)	MAE 0.177 (0.177)
Epoch: [341][0/7]	Time 0.118 (0.118)	Data 0.011 (0.011)	Loss 0.0100 (0.0100)	MAE 0.035 (0.035)
Test: [0/3]	Time 0.021 (0.021)	Loss 0.2959 (0.2959)	MAE 0.177 (0.177)
Epoch: [342][0/7]	Time 0.118 (0.118)	Data 0.011 (0.011)	Loss 0.0100 (0.0100)	MAE 0.035 (0.035)
Test: [0/3]	Time 0.023 (0.023)	Loss 0.2961 (0.2961)	MAE 0.177 (0.177)
Epoch: [343][0/7]	Time 0.118 (0.118)	Data 0.011 (0.011)	Loss 0.0100 (0.0100)	MAE 0.035 (0.035)
Test: [0/3]	Time 0.021 (0.021)	Loss 0.2963 (0.2963)	MAE 0.177 (0.177)
Epoch: [344][0/7]	Time 0.118 (0.118)	Data 0.011 (0.011)	Loss 0.0099 (0.0099)	MAE 0.035 (0.035)
Test: [0/3]	Time 0.021 (0.021)	Loss 0.2965 (0.2965)	MAE 0.177 (0.177)
Epoch: [345][0/7]	Time 0.119 (0.119)	Data 0.011 (0.011)	Loss 0.0099 (0.0099)	MAE 0.035 (0.035)
Test: [0/3]	Time 0.021 (0.021)	Loss 0.2966 (0.2966)	MAE 0.178 (0.178)
Epoch: [346][0/7]	Time 0.118 (0.118)	Data 0.011 (0.011)	Loss 0.0099 (0.0099)	MAE 0.035 (0.035)
Test: [0/3]	Time 0.021 (0.021)	Loss 0.2968 (0.2968)	MAE 0.178 (0.178)
Epoch: [347][0/7]	Time 0.118 (0.118)	Data 0.011 (0.011)	Loss 0.0098 (0.0098)	MAE 0.035 (0.035)
Test: [0/3]	Time 0.022 (0.022)	Loss 0.2970 (0.2970)	MAE 0.178 (0.178)
Epoch: [348][0/7]	Time 0.119 (0.119)	Data 0.012 (0.012)	Loss 0.0098 (0.0098)	MAE 0.035 (0.035)
Test: [0/3]	Time 0.021 (0.021)	Loss 0.2972 (0.2972)	MAE 0.178 (0.178)
Epoch: [349][0/7]	Time 0.119 (0.119)	Data 0.011 (0.011)	Loss 0.0098 (0.0098)	MAE 0.035 (0.035)
Test: [0/3]	Time 0.021 (0.021)	Loss 0.2974 (0.2974)	MAE 0.178 (0.178)
Epoch: [350][0/7]	Time 0.118 (0.118)	Data 0.011 (0.011)	Loss 0.0097 (0.0097)	MAE 0.035 (0.035)
Test: [0/3]	Time 0.021 (0.021)	Loss 0.2976 (0.2976)	MAE 0.178 (0.178)
Epoch: [351][0/7]	Time 0.118 (0.118)	Data 0.011 (0.011)	Loss 0.0097 (0.0097)	MAE 0.035 (0.035)
Test: [0/3]	Time 0.021 (0.021)	Loss 0.2978 (0.2978)	MAE 0.178 (0.178)
Epoch: [352][0/7]	Time 0.118 (0.118)	Data 0.011 (0.011)	Loss 0.0097 (0.0097)	MAE 0.035 (0.035)
Test: [0/3]	Time 0.021 (0.021)	Loss 0.2980 (0.2980)	MAE 0.178 (0.178)
Epoch: [353][0/7]	Time 0.119 (0.119)	Data 0.011 (0.011)	Loss 0.0096 (0.0096)	MAE 0.034 (0.034)
Test: [0/3]	Time 0.021 (0.021)	Loss 0.2981 (0.2981)	MAE 0.178 (0.178)
Epoch: [354][0/7]	Time 0.118 (0.118)	Data 0.011 (0.011)	Loss 0.0096 (0.0096)	MAE 0.034 (0.034)
Test: [0/3]	Time 0.021 (0.021)	Loss 0.2983 (0.2983)	MAE 0.178 (0.178)
Epoch: [355][0/7]	Time 0.119 (0.119)	Data 0.011 (0.011)	Loss 0.0096 (0.0096)	MAE 0.034 (0.034)
Test: [0/3]	Time 0.021 (0.021)	Loss 0.2985 (0.2985)	MAE 0.178 (0.178)
Epoch: [356][0/7]	Time 0.119 (0.119)	Data 0.011 (0.011)	Loss 0.0096 (0.0096)	MAE 0.034 (0.034)
Test: [0/3]	Time 0.021 (0.021)	Loss 0.2987 (0.2987)	MAE 0.178 (0.178)
Epoch: [357][0/7]	Time 0.119 (0.119)	Data 0.011 (0.011)	Loss 0.0095 (0.0095)	MAE 0.034 (0.034)
Test: [0/3]	Time 0.021 (0.021)	Loss 0.2989 (0.2989)	MAE 0.178 (0.178)
Epoch: [358][0/7]	Time 0.118 (0.118)	Data 0.011 (0.011)	Loss 0.0095 (0.0095)	MAE 0.034 (0.034)
Test: [0/3]	Time 0.021 (0.021)	Loss 0.2991 (0.2991)	MAE 0.178 (0.178)
Epoch: [359][0/7]	Time 0.118 (0.118)	Data 0.011 (0.011)	Loss 0.0095 (0.0095)	MAE 0.034 (0.034)
Test: [0/3]	Time 0.021 (0.021)	Loss 0.2993 (0.2993)	MAE 0.178 (0.178)
Epoch: [360][0/7]	Time 0.119 (0.119)	Data 0.011 (0.011)	Loss 0.0094 (0.0094)	MAE 0.034 (0.034)
Test: [0/3]	Time 0.021 (0.021)	Loss 0.2995 (0.2995)	MAE 0.178 (0.178)
Epoch: [361][0/7]	Time 0.118 (0.118)	Data 0.011 (0.011)	Loss 0.0094 (0.0094)	MAE 0.034 (0.034)
Test: [0/3]	Time 0.021 (0.021)	Loss 0.2997 (0.2997)	MAE 0.178 (0.178)
Epoch: [362][0/7]	Time 0.119 (0.119)	Data 0.011 (0.011)	Loss 0.0094 (0.0094)	MAE 0.034 (0.034)
Test: [0/3]	Time 0.021 (0.021)	Loss 0.2999 (0.2999)	MAE 0.178 (0.178)
Epoch: [363][0/7]	Time 0.118 (0.118)	Data 0.011 (0.011)	Loss 0.0094 (0.0094)	MAE 0.034 (0.034)
Test: [0/3]	Time 0.021 (0.021)	Loss 0.3001 (0.3001)	MAE 0.178 (0.178)
Epoch: [364][0/7]	Time 0.119 (0.119)	Data 0.011 (0.011)	Loss 0.0093 (0.0093)	MAE 0.034 (0.034)
Test: [0/3]	Time 0.021 (0.021)	Loss 0.3002 (0.3002)	MAE 0.178 (0.178)
Epoch: [365][0/7]	Time 0.119 (0.119)	Data 0.011 (0.011)	Loss 0.0093 (0.0093)	MAE 0.034 (0.034)
Test: [0/3]	Time 0.021 (0.021)	Loss 0.3004 (0.3004)	MAE 0.178 (0.178)
Epoch: [366][0/7]	Time 0.118 (0.118)	Data 0.011 (0.011)	Loss 0.0093 (0.0093)	MAE 0.034 (0.034)
Test: [0/3]	Time 0.021 (0.021)	Loss 0.3006 (0.3006)	MAE 0.178 (0.178)
Epoch: [367][0/7]	Time 0.119 (0.119)	Data 0.011 (0.011)	Loss 0.0092 (0.0092)	MAE 0.034 (0.034)
Test: [0/3]	Time 0.021 (0.021)	Loss 0.3008 (0.3008)	MAE 0.179 (0.179)
Epoch: [368][0/7]	Time 0.119 (0.119)	Data 0.011 (0.011)	Loss 0.0092 (0.0092)	MAE 0.034 (0.034)
Test: [0/3]	Time 0.021 (0.021)	Loss 0.3010 (0.3010)	MAE 0.179 (0.179)
Epoch: [369][0/7]	Time 0.118 (0.118)	Data 0.011 (0.011)	Loss 0.0092 (0.0092)	MAE 0.034 (0.034)
Test: [0/3]	Time 0.021 (0.021)	Loss 0.3012 (0.3012)	MAE 0.179 (0.179)
Epoch: [370][0/7]	Time 0.119 (0.119)	Data 0.012 (0.012)	Loss 0.0092 (0.0092)	MAE 0.034 (0.034)
Test: [0/3]	Time 0.021 (0.021)	Loss 0.3014 (0.3014)	MAE 0.179 (0.179)
Epoch: [371][0/7]	Time 0.119 (0.119)	Data 0.011 (0.011)	Loss 0.0091 (0.0091)	MAE 0.033 (0.033)
Test: [0/3]	Time 0.021 (0.021)	Loss 0.3016 (0.3016)	MAE 0.179 (0.179)
Epoch: [372][0/7]	Time 0.118 (0.118)	Data 0.011 (0.011)	Loss 0.0091 (0.0091)	MAE 0.033 (0.033)
Test: [0/3]	Time 0.021 (0.021)	Loss 0.3018 (0.3018)	MAE 0.179 (0.179)
Epoch: [373][0/7]	Time 0.119 (0.119)	Data 0.011 (0.011)	Loss 0.0091 (0.0091)	MAE 0.033 (0.033)
Test: [0/3]	Time 0.021 (0.021)	Loss 0.3020 (0.3020)	MAE 0.179 (0.179)
Epoch: [374][0/7]	Time 0.118 (0.118)	Data 0.011 (0.011)	Loss 0.0090 (0.0090)	MAE 0.033 (0.033)
Test: [0/3]	Time 0.021 (0.021)	Loss 0.3022 (0.3022)	MAE 0.179 (0.179)
Epoch: [375][0/7]	Time 0.119 (0.119)	Data 0.011 (0.011)	Loss 0.0090 (0.0090)	MAE 0.033 (0.033)
Test: [0/3]	Time 0.021 (0.021)	Loss 0.3024 (0.3024)	MAE 0.179 (0.179)
Epoch: [376][0/7]	Time 0.118 (0.118)	Data 0.011 (0.011)	Loss 0.0090 (0.0090)	MAE 0.033 (0.033)
Test: [0/3]	Time 0.021 (0.021)	Loss 0.3026 (0.3026)	MAE 0.179 (0.179)
Epoch: [377][0/7]	Time 0.118 (0.118)	Data 0.011 (0.011)	Loss 0.0090 (0.0090)	MAE 0.033 (0.033)
Test: [0/3]	Time 0.021 (0.021)	Loss 0.3027 (0.3027)	MAE 0.179 (0.179)
Epoch: [378][0/7]	Time 0.119 (0.119)	Data 0.011 (0.011)	Loss 0.0089 (0.0089)	MAE 0.033 (0.033)
Test: [0/3]	Time 0.021 (0.021)	Loss 0.3029 (0.3029)	MAE 0.179 (0.179)
Epoch: [379][0/7]	Time 0.118 (0.118)	Data 0.011 (0.011)	Loss 0.0089 (0.0089)	MAE 0.033 (0.033)
Test: [0/3]	Time 0.021 (0.021)	Loss 0.3031 (0.3031)	MAE 0.179 (0.179)
Epoch: [380][0/7]	Time 0.118 (0.118)	Data 0.011 (0.011)	Loss 0.0089 (0.0089)	MAE 0.033 (0.033)
Test: [0/3]	Time 0.021 (0.021)	Loss 0.3033 (0.3033)	MAE 0.179 (0.179)
Epoch: [381][0/7]	Time 0.118 (0.118)	Data 0.011 (0.011)	Loss 0.0088 (0.0088)	MAE 0.033 (0.033)
Test: [0/3]	Time 0.021 (0.021)	Loss 0.3035 (0.3035)	MAE 0.179 (0.179)
Epoch: [382][0/7]	Time 0.118 (0.118)	Data 0.011 (0.011)	Loss 0.0088 (0.0088)	MAE 0.033 (0.033)
Test: [0/3]	Time 0.021 (0.021)	Loss 0.3037 (0.3037)	MAE 0.179 (0.179)
Epoch: [383][0/7]	Time 0.118 (0.118)	Data 0.012 (0.012)	Loss 0.0088 (0.0088)	MAE 0.033 (0.033)
Test: [0/3]	Time 0.021 (0.021)	Loss 0.3039 (0.3039)	MAE 0.179 (0.179)
Epoch: [384][0/7]	Time 0.118 (0.118)	Data 0.011 (0.011)	Loss 0.0088 (0.0088)	MAE 0.033 (0.033)
Test: [0/3]	Time 0.021 (0.021)	Loss 0.3041 (0.3041)	MAE 0.179 (0.179)
Epoch: [385][0/7]	Time 0.119 (0.119)	Data 0.011 (0.011)	Loss 0.0087 (0.0087)	MAE 0.033 (0.033)
Test: [0/3]	Time 0.021 (0.021)	Loss 0.3043 (0.3043)	MAE 0.179 (0.179)
Epoch: [386][0/7]	Time 0.118 (0.118)	Data 0.011 (0.011)	Loss 0.0087 (0.0087)	MAE 0.033 (0.033)
Test: [0/3]	Time 0.021 (0.021)	Loss 0.3045 (0.3045)	MAE 0.179 (0.179)
Epoch: [387][0/7]	Time 0.118 (0.118)	Data 0.011 (0.011)	Loss 0.0087 (0.0087)	MAE 0.033 (0.033)
Test: [0/3]	Time 0.021 (0.021)	Loss 0.3047 (0.3047)	MAE 0.179 (0.179)
Epoch: [388][0/7]	Time 0.118 (0.118)	Data 0.011 (0.011)	Loss 0.0087 (0.0087)	MAE 0.033 (0.033)
Test: [0/3]	Time 0.021 (0.021)	Loss 0.3049 (0.3049)	MAE 0.179 (0.179)
Epoch: [389][0/7]	Time 0.119 (0.119)	Data 0.011 (0.011)	Loss 0.0086 (0.0086)	MAE 0.033 (0.033)
Test: [0/3]	Time 0.021 (0.021)	Loss 0.3051 (0.3051)	MAE 0.179 (0.179)
Epoch: [390][0/7]	Time 0.119 (0.119)	Data 0.011 (0.011)	Loss 0.0086 (0.0086)	MAE 0.032 (0.032)
Test: [0/3]	Time 0.021 (0.021)	Loss 0.3053 (0.3053)	MAE 0.180 (0.180)
Epoch: [391][0/7]	Time 0.118 (0.118)	Data 0.011 (0.011)	Loss 0.0086 (0.0086)	MAE 0.032 (0.032)
Test: [0/3]	Time 0.021 (0.021)	Loss 0.3055 (0.3055)	MAE 0.180 (0.180)
Epoch: [392][0/7]	Time 0.118 (0.118)	Data 0.011 (0.011)	Loss 0.0086 (0.0086)	MAE 0.032 (0.032)
Test: [0/3]	Time 0.021 (0.021)	Loss 0.3057 (0.3057)	MAE 0.180 (0.180)
Epoch: [393][0/7]	Time 0.118 (0.118)	Data 0.011 (0.011)	Loss 0.0085 (0.0085)	MAE 0.032 (0.032)
Test: [0/3]	Time 0.021 (0.021)	Loss 0.3058 (0.3058)	MAE 0.180 (0.180)
Epoch: [394][0/7]	Time 0.119 (0.119)	Data 0.011 (0.011)	Loss 0.0085 (0.0085)	MAE 0.032 (0.032)
Test: [0/3]	Time 0.021 (0.021)	Loss 0.3060 (0.3060)	MAE 0.180 (0.180)
Epoch: [395][0/7]	Time 0.118 (0.118)	Data 0.011 (0.011)	Loss 0.0085 (0.0085)	MAE 0.032 (0.032)
Test: [0/3]	Time 0.021 (0.021)	Loss 0.3062 (0.3062)	MAE 0.180 (0.180)
Epoch: [396][0/7]	Time 0.119 (0.119)	Data 0.011 (0.011)	Loss 0.0085 (0.0085)	MAE 0.032 (0.032)
Test: [0/3]	Time 0.021 (0.021)	Loss 0.3064 (0.3064)	MAE 0.180 (0.180)
Epoch: [397][0/7]	Time 0.119 (0.119)	Data 0.011 (0.011)	Loss 0.0084 (0.0084)	MAE 0.032 (0.032)
Test: [0/3]	Time 0.021 (0.021)	Loss 0.3066 (0.3066)	MAE 0.180 (0.180)
Epoch: [398][0/7]	Time 0.118 (0.118)	Data 0.011 (0.011)	Loss 0.0084 (0.0084)	MAE 0.032 (0.032)
Test: [0/3]	Time 0.021 (0.021)	Loss 0.3068 (0.3068)	MAE 0.180 (0.180)
Epoch: [399][0/7]	Time 0.119 (0.119)	Data 0.011 (0.011)	Loss 0.0084 (0.0084)	MAE 0.032 (0.032)
Test: [0/3]	Time 0.021 (0.021)	Loss 0.3070 (0.3070)	MAE 0.180 (0.180)
Epoch: [400][0/7]	Time 0.118 (0.118)	Data 0.011 (0.011)	Loss 0.0084 (0.0084)	MAE 0.032 (0.032)
Test: [0/3]	Time 0.021 (0.021)	Loss 0.3072 (0.3072)	MAE 0.180 (0.180)
Epoch: [401][0/7]	Time 0.119 (0.119)	Data 0.011 (0.011)	Loss 0.0083 (0.0083)	MAE 0.032 (0.032)
Test: [0/3]	Time 0.021 (0.021)	Loss 0.3074 (0.3074)	MAE 0.180 (0.180)
Epoch: [402][0/7]	Time 0.119 (0.119)	Data 0.011 (0.011)	Loss 0.0083 (0.0083)	MAE 0.032 (0.032)
Test: [0/3]	Time 0.021 (0.021)	Loss 0.3076 (0.3076)	MAE 0.180 (0.180)
Epoch: [403][0/7]	Time 0.118 (0.118)	Data 0.011 (0.011)	Loss 0.0083 (0.0083)	MAE 0.032 (0.032)
Test: [0/3]	Time 0.021 (0.021)	Loss 0.3078 (0.3078)	MAE 0.180 (0.180)
Epoch: [404][0/7]	Time 0.119 (0.119)	Data 0.011 (0.011)	Loss 0.0083 (0.0083)	MAE 0.032 (0.032)
Test: [0/3]	Time 0.021 (0.021)	Loss 0.3080 (0.3080)	MAE 0.180 (0.180)
Epoch: [405][0/7]	Time 0.118 (0.118)	Data 0.011 (0.011)	Loss 0.0082 (0.0082)	MAE 0.032 (0.032)
Test: [0/3]	Time 0.021 (0.021)	Loss 0.3082 (0.3082)	MAE 0.180 (0.180)
Epoch: [406][0/7]	Time 0.119 (0.119)	Data 0.011 (0.011)	Loss 0.0082 (0.0082)	MAE 0.032 (0.032)
Test: [0/3]	Time 0.021 (0.021)	Loss 0.3084 (0.3084)	MAE 0.180 (0.180)
Epoch: [407][0/7]	Time 0.118 (0.118)	Data 0.011 (0.011)	Loss 0.0082 (0.0082)	MAE 0.032 (0.032)
Test: [0/3]	Time 0.021 (0.021)	Loss 0.3086 (0.3086)	MAE 0.180 (0.180)
Epoch: [408][0/7]	Time 0.118 (0.118)	Data 0.011 (0.011)	Loss 0.0082 (0.0082)	MAE 0.032 (0.032)
Test: [0/3]	Time 0.021 (0.021)	Loss 0.3088 (0.3088)	MAE 0.180 (0.180)
Epoch: [409][0/7]	Time 0.118 (0.118)	Data 0.011 (0.011)	Loss 0.0081 (0.0081)	MAE 0.032 (0.032)
Test: [0/3]	Time 0.021 (0.021)	Loss 0.3090 (0.3090)	MAE 0.180 (0.180)
Epoch: [410][0/7]	Time 0.119 (0.119)	Data 0.011 (0.011)	Loss 0.0081 (0.0081)	MAE 0.031 (0.031)
Test: [0/3]	Time 0.021 (0.021)	Loss 0.3092 (0.3092)	MAE 0.180 (0.180)
Epoch: [411][0/7]	Time 0.118 (0.118)	Data 0.011 (0.011)	Loss 0.0081 (0.0081)	MAE 0.031 (0.031)
Test: [0/3]	Time 0.023 (0.023)	Loss 0.3094 (0.3094)	MAE 0.180 (0.180)
Epoch: [412][0/7]	Time 0.120 (0.120)	Data 0.013 (0.013)	Loss 0.0081 (0.0081)	MAE 0.031 (0.031)
Test: [0/3]	Time 0.021 (0.021)	Loss 0.3096 (0.3096)	MAE 0.180 (0.180)
Epoch: [413][0/7]	Time 0.119 (0.119)	Data 0.011 (0.011)	Loss 0.0080 (0.0080)	MAE 0.031 (0.031)
Test: [0/3]	Time 0.021 (0.021)	Loss 0.3097 (0.3097)	MAE 0.180 (0.180)
Epoch: [414][0/7]	Time 0.119 (0.119)	Data 0.011 (0.011)	Loss 0.0080 (0.0080)	MAE 0.031 (0.031)
Test: [0/3]	Time 0.022 (0.022)	Loss 0.3099 (0.3099)	MAE 0.180 (0.180)
Epoch: [415][0/7]	Time 0.119 (0.119)	Data 0.011 (0.011)	Loss 0.0080 (0.0080)	MAE 0.031 (0.031)
Test: [0/3]	Time 0.021 (0.021)	Loss 0.3101 (0.3101)	MAE 0.181 (0.181)
Epoch: [416][0/7]	Time 0.118 (0.118)	Data 0.011 (0.011)	Loss 0.0080 (0.0080)	MAE 0.031 (0.031)
Test: [0/3]	Time 0.020 (0.020)	Loss 0.3103 (0.3103)	MAE 0.181 (0.181)
Epoch: [417][0/7]	Time 0.119 (0.119)	Data 0.011 (0.011)	Loss 0.0079 (0.0079)	MAE 0.031 (0.031)
Test: [0/3]	Time 0.021 (0.021)	Loss 0.3105 (0.3105)	MAE 0.181 (0.181)
Epoch: [418][0/7]	Time 0.119 (0.119)	Data 0.012 (0.012)	Loss 0.0079 (0.0079)	MAE 0.031 (0.031)
Test: [0/3]	Time 0.021 (0.021)	Loss 0.3107 (0.3107)	MAE 0.181 (0.181)
Epoch: [419][0/7]	Time 0.119 (0.119)	Data 0.011 (0.011)	Loss 0.0079 (0.0079)	MAE 0.031 (0.031)
Test: [0/3]	Time 0.021 (0.021)	Loss 0.3109 (0.3109)	MAE 0.181 (0.181)
Epoch: [420][0/7]	Time 0.119 (0.119)	Data 0.011 (0.011)	Loss 0.0079 (0.0079)	MAE 0.031 (0.031)
Test: [0/3]	Time 0.021 (0.021)	Loss 0.3111 (0.3111)	MAE 0.181 (0.181)
Epoch: [421][0/7]	Time 0.119 (0.119)	Data 0.011 (0.011)	Loss 0.0078 (0.0078)	MAE 0.031 (0.031)
Test: [0/3]	Time 0.021 (0.021)	Loss 0.3113 (0.3113)	MAE 0.181 (0.181)
Epoch: [422][0/7]	Time 0.119 (0.119)	Data 0.011 (0.011)	Loss 0.0078 (0.0078)	MAE 0.031 (0.031)
Test: [0/3]	Time 0.022 (0.022)	Loss 0.3115 (0.3115)	MAE 0.181 (0.181)
Epoch: [423][0/7]	Time 0.119 (0.119)	Data 0.012 (0.012)	Loss 0.0078 (0.0078)	MAE 0.031 (0.031)
Test: [0/3]	Time 0.021 (0.021)	Loss 0.3117 (0.3117)	MAE 0.181 (0.181)
Epoch: [424][0/7]	Time 0.118 (0.118)	Data 0.011 (0.011)	Loss 0.0078 (0.0078)	MAE 0.031 (0.031)
Test: [0/3]	Time 0.021 (0.021)	Loss 0.3119 (0.3119)	MAE 0.181 (0.181)
Epoch: [425][0/7]	Time 0.119 (0.119)	Data 0.011 (0.011)	Loss 0.0077 (0.0077)	MAE 0.031 (0.031)
Test: [0/3]	Time 0.021 (0.021)	Loss 0.3121 (0.3121)	MAE 0.181 (0.181)
Epoch: [426][0/7]	Time 0.118 (0.118)	Data 0.011 (0.011)	Loss 0.0077 (0.0077)	MAE 0.031 (0.031)
Test: [0/3]	Time 0.021 (0.021)	Loss 0.3123 (0.3123)	MAE 0.181 (0.181)
Epoch: [427][0/7]	Time 0.119 (0.119)	Data 0.011 (0.011)	Loss 0.0077 (0.0077)	MAE 0.031 (0.031)
Test: [0/3]	Time 0.021 (0.021)	Loss 0.3125 (0.3125)	MAE 0.181 (0.181)
Epoch: [428][0/7]	Time 0.119 (0.119)	Data 0.011 (0.011)	Loss 0.0077 (0.0077)	MAE 0.031 (0.031)
Test: [0/3]	Time 0.021 (0.021)	Loss 0.3127 (0.3127)	MAE 0.181 (0.181)
Epoch: [429][0/7]	Time 0.119 (0.119)	Data 0.011 (0.011)	Loss 0.0077 (0.0077)	MAE 0.031 (0.031)
Test: [0/3]	Time 0.021 (0.021)	Loss 0.3129 (0.3129)	MAE 0.181 (0.181)
Epoch: [430][0/7]	Time 0.118 (0.118)	Data 0.011 (0.011)	Loss 0.0076 (0.0076)	MAE 0.031 (0.031)
Test: [0/3]	Time 0.021 (0.021)	Loss 0.3131 (0.3131)	MAE 0.181 (0.181)
Epoch: [431][0/7]	Time 0.118 (0.118)	Data 0.011 (0.011)	Loss 0.0076 (0.0076)	MAE 0.030 (0.030)
Test: [0/3]	Time 0.021 (0.021)	Loss 0.3133 (0.3133)	MAE 0.181 (0.181)
Epoch: [432][0/7]	Time 0.119 (0.119)	Data 0.011 (0.011)	Loss 0.0076 (0.0076)	MAE 0.030 (0.030)
Test: [0/3]	Time 0.021 (0.021)	Loss 0.3135 (0.3135)	MAE 0.181 (0.181)
Epoch: [433][0/7]	Time 0.119 (0.119)	Data 0.011 (0.011)	Loss 0.0076 (0.0076)	MAE 0.030 (0.030)
Test: [0/3]	Time 0.021 (0.021)	Loss 0.3137 (0.3137)	MAE 0.181 (0.181)
Epoch: [434][0/7]	Time 0.119 (0.119)	Data 0.011 (0.011)	Loss 0.0075 (0.0075)	MAE 0.030 (0.030)
Test: [0/3]	Time 0.021 (0.021)	Loss 0.3138 (0.3138)	MAE 0.181 (0.181)
Epoch: [435][0/7]	Time 0.119 (0.119)	Data 0.012 (0.012)	Loss 0.0075 (0.0075)	MAE 0.030 (0.030)
Test: [0/3]	Time 0.021 (0.021)	Loss 0.3140 (0.3140)	MAE 0.181 (0.181)
Epoch: [436][0/7]	Time 0.118 (0.118)	Data 0.011 (0.011)	Loss 0.0075 (0.0075)	MAE 0.030 (0.030)
Test: [0/3]	Time 0.021 (0.021)	Loss 0.3142 (0.3142)	MAE 0.181 (0.181)
Epoch: [437][0/7]	Time 0.118 (0.118)	Data 0.011 (0.011)	Loss 0.0075 (0.0075)	MAE 0.030 (0.030)
Test: [0/3]	Time 0.021 (0.021)	Loss 0.3144 (0.3144)	MAE 0.181 (0.181)
Epoch: [438][0/7]	Time 0.119 (0.119)	Data 0.011 (0.011)	Loss 0.0075 (0.0075)	MAE 0.030 (0.030)
Test: [0/3]	Time 0.021 (0.021)	Loss 0.3146 (0.3146)	MAE 0.181 (0.181)
Epoch: [439][0/7]	Time 0.119 (0.119)	Data 0.011 (0.011)	Loss 0.0074 (0.0074)	MAE 0.030 (0.030)
Test: [0/3]	Time 0.021 (0.021)	Loss 0.3148 (0.3148)	MAE 0.181 (0.181)
Epoch: [440][0/7]	Time 0.118 (0.118)	Data 0.011 (0.011)	Loss 0.0074 (0.0074)	MAE 0.030 (0.030)
Test: [0/3]	Time 0.021 (0.021)	Loss 0.3150 (0.3150)	MAE 0.182 (0.182)
Epoch: [441][0/7]	Time 0.118 (0.118)	Data 0.011 (0.011)	Loss 0.0074 (0.0074)	MAE 0.030 (0.030)
Test: [0/3]	Time 0.021 (0.021)	Loss 0.3152 (0.3152)	MAE 0.182 (0.182)
Epoch: [442][0/7]	Time 0.118 (0.118)	Data 0.011 (0.011)	Loss 0.0074 (0.0074)	MAE 0.030 (0.030)
Test: [0/3]	Time 0.021 (0.021)	Loss 0.3154 (0.3154)	MAE 0.182 (0.182)
Epoch: [443][0/7]	Time 0.118 (0.118)	Data 0.011 (0.011)	Loss 0.0073 (0.0073)	MAE 0.030 (0.030)
Test: [0/3]	Time 0.021 (0.021)	Loss 0.3156 (0.3156)	MAE 0.182 (0.182)
Epoch: [444][0/7]	Time 0.118 (0.118)	Data 0.011 (0.011)	Loss 0.0073 (0.0073)	MAE 0.030 (0.030)
Test: [0/3]	Time 0.021 (0.021)	Loss 0.3158 (0.3158)	MAE 0.182 (0.182)
Epoch: [445][0/7]	Time 0.119 (0.119)	Data 0.011 (0.011)	Loss 0.0073 (0.0073)	MAE 0.030 (0.030)
Test: [0/3]	Time 0.021 (0.021)	Loss 0.3160 (0.3160)	MAE 0.182 (0.182)
Epoch: [446][0/7]	Time 0.118 (0.118)	Data 0.011 (0.011)	Loss 0.0073 (0.0073)	MAE 0.030 (0.030)
Test: [0/3]	Time 0.021 (0.021)	Loss 0.3162 (0.3162)	MAE 0.182 (0.182)
Epoch: [447][0/7]	Time 0.118 (0.118)	Data 0.011 (0.011)	Loss 0.0073 (0.0073)	MAE 0.030 (0.030)
Test: [0/3]	Time 0.021 (0.021)	Loss 0.3164 (0.3164)	MAE 0.182 (0.182)
Epoch: [448][0/7]	Time 0.118 (0.118)	Data 0.012 (0.012)	Loss 0.0072 (0.0072)	MAE 0.030 (0.030)
Test: [0/3]	Time 0.021 (0.021)	Loss 0.3166 (0.3166)	MAE 0.182 (0.182)
Epoch: [449][0/7]	Time 0.118 (0.118)	Data 0.011 (0.011)	Loss 0.0072 (0.0072)	MAE 0.030 (0.030)
Test: [0/3]	Time 0.021 (0.021)	Loss 0.3168 (0.3168)	MAE 0.182 (0.182)
Epoch: [450][0/7]	Time 0.119 (0.119)	Data 0.011 (0.011)	Loss 0.0072 (0.0072)	MAE 0.030 (0.030)
Test: [0/3]	Time 0.021 (0.021)	Loss 0.3170 (0.3170)	MAE 0.182 (0.182)
Epoch: [451][0/7]	Time 0.119 (0.119)	Data 0.011 (0.011)	Loss 0.0072 (0.0072)	MAE 0.030 (0.030)
Test: [0/3]	Time 0.021 (0.021)	Loss 0.3172 (0.3172)	MAE 0.182 (0.182)
Epoch: [452][0/7]	Time 0.118 (0.118)	Data 0.011 (0.011)	Loss 0.0072 (0.0072)	MAE 0.030 (0.030)
Test: [0/3]	Time 0.021 (0.021)	Loss 0.3173 (0.3173)	MAE 0.182 (0.182)
Epoch: [453][0/7]	Time 0.118 (0.118)	Data 0.011 (0.011)	Loss 0.0071 (0.0071)	MAE 0.029 (0.029)
Test: [0/3]	Time 0.021 (0.021)	Loss 0.3175 (0.3175)	MAE 0.182 (0.182)
Epoch: [454][0/7]	Time 0.119 (0.119)	Data 0.011 (0.011)	Loss 0.0071 (0.0071)	MAE 0.029 (0.029)
Test: [0/3]	Time 0.022 (0.022)	Loss 0.3177 (0.3177)	MAE 0.182 (0.182)
Epoch: [455][0/7]	Time 0.118 (0.118)	Data 0.011 (0.011)	Loss 0.0071 (0.0071)	MAE 0.029 (0.029)
Test: [0/3]	Time 0.021 (0.021)	Loss 0.3179 (0.3179)	MAE 0.182 (0.182)
Epoch: [456][0/7]	Time 0.118 (0.118)	Data 0.011 (0.011)	Loss 0.0071 (0.0071)	MAE 0.029 (0.029)
Test: [0/3]	Time 0.021 (0.021)	Loss 0.3181 (0.3181)	MAE 0.182 (0.182)
Epoch: [457][0/7]	Time 0.118 (0.118)	Data 0.011 (0.011)	Loss 0.0071 (0.0071)	MAE 0.029 (0.029)
Test: [0/3]	Time 0.021 (0.021)	Loss 0.3183 (0.3183)	MAE 0.182 (0.182)
Epoch: [458][0/7]	Time 0.118 (0.118)	Data 0.011 (0.011)	Loss 0.0070 (0.0070)	MAE 0.029 (0.029)
Test: [0/3]	Time 0.021 (0.021)	Loss 0.3185 (0.3185)	MAE 0.182 (0.182)
Epoch: [459][0/7]	Time 0.118 (0.118)	Data 0.011 (0.011)	Loss 0.0070 (0.0070)	MAE 0.029 (0.029)
Test: [0/3]	Time 0.021 (0.021)	Loss 0.3187 (0.3187)	MAE 0.182 (0.182)
Epoch: [460][0/7]	Time 0.118 (0.118)	Data 0.011 (0.011)	Loss 0.0070 (0.0070)	MAE 0.029 (0.029)
Test: [0/3]	Time 0.021 (0.021)	Loss 0.3189 (0.3189)	MAE 0.182 (0.182)
Epoch: [461][0/7]	Time 0.119 (0.119)	Data 0.011 (0.011)	Loss 0.0070 (0.0070)	MAE 0.029 (0.029)
Test: [0/3]	Time 0.021 (0.021)	Loss 0.3191 (0.3191)	MAE 0.182 (0.182)
Epoch: [462][0/7]	Time 0.118 (0.118)	Data 0.011 (0.011)	Loss 0.0070 (0.0070)	MAE 0.029 (0.029)
Test: [0/3]	Time 0.021 (0.021)	Loss 0.3193 (0.3193)	MAE 0.182 (0.182)
Epoch: [463][0/7]	Time 0.118 (0.118)	Data 0.011 (0.011)	Loss 0.0069 (0.0069)	MAE 0.029 (0.029)
Test: [0/3]	Time 0.021 (0.021)	Loss 0.3195 (0.3195)	MAE 0.182 (0.182)
Epoch: [464][0/7]	Time 0.119 (0.119)	Data 0.011 (0.011)	Loss 0.0069 (0.0069)	MAE 0.029 (0.029)
Test: [0/3]	Time 0.021 (0.021)	Loss 0.3197 (0.3197)	MAE 0.182 (0.182)
Epoch: [465][0/7]	Time 0.118 (0.118)	Data 0.011 (0.011)	Loss 0.0069 (0.0069)	MAE 0.029 (0.029)
Test: [0/3]	Time 0.021 (0.021)	Loss 0.3198 (0.3198)	MAE 0.183 (0.183)
Epoch: [466][0/7]	Time 0.118 (0.118)	Data 0.011 (0.011)	Loss 0.0069 (0.0069)	MAE 0.029 (0.029)
Test: [0/3]	Time 0.021 (0.021)	Loss 0.3200 (0.3200)	MAE 0.183 (0.183)
Epoch: [467][0/7]	Time 0.119 (0.119)	Data 0.011 (0.011)	Loss 0.0069 (0.0069)	MAE 0.029 (0.029)
Test: [0/3]	Time 0.021 (0.021)	Loss 0.3202 (0.3202)	MAE 0.183 (0.183)
Epoch: [468][0/7]	Time 0.119 (0.119)	Data 0.011 (0.011)	Loss 0.0068 (0.0068)	MAE 0.029 (0.029)
Test: [0/3]	Time 0.021 (0.021)	Loss 0.3204 (0.3204)	MAE 0.183 (0.183)
Epoch: [469][0/7]	Time 0.119 (0.119)	Data 0.011 (0.011)	Loss 0.0068 (0.0068)	MAE 0.029 (0.029)
Test: [0/3]	Time 0.021 (0.021)	Loss 0.3206 (0.3206)	MAE 0.183 (0.183)
Epoch: [470][0/7]	Time 0.118 (0.118)	Data 0.011 (0.011)	Loss 0.0068 (0.0068)	MAE 0.029 (0.029)
Test: [0/3]	Time 0.021 (0.021)	Loss 0.3208 (0.3208)	MAE 0.183 (0.183)
Epoch: [471][0/7]	Time 0.118 (0.118)	Data 0.011 (0.011)	Loss 0.0068 (0.0068)	MAE 0.029 (0.029)
Test: [0/3]	Time 0.021 (0.021)	Loss 0.3210 (0.3210)	MAE 0.183 (0.183)
Epoch: [472][0/7]	Time 0.119 (0.119)	Data 0.011 (0.011)	Loss 0.0068 (0.0068)	MAE 0.029 (0.029)
Test: [0/3]	Time 0.021 (0.021)	Loss 0.3212 (0.3212)	MAE 0.183 (0.183)
Epoch: [473][0/7]	Time 0.119 (0.119)	Data 0.011 (0.011)	Loss 0.0067 (0.0067)	MAE 0.029 (0.029)
Test: [0/3]	Time 0.021 (0.021)	Loss 0.3214 (0.3214)	MAE 0.183 (0.183)
Epoch: [474][0/7]	Time 0.119 (0.119)	Data 0.011 (0.011)	Loss 0.0067 (0.0067)	MAE 0.029 (0.029)
Test: [0/3]	Time 0.021 (0.021)	Loss 0.3216 (0.3216)	MAE 0.183 (0.183)
Epoch: [475][0/7]	Time 0.118 (0.118)	Data 0.011 (0.011)	Loss 0.0067 (0.0067)	MAE 0.028 (0.028)
Test: [0/3]	Time 0.021 (0.021)	Loss 0.3218 (0.3218)	MAE 0.183 (0.183)
Epoch: [476][0/7]	Time 0.119 (0.119)	Data 0.011 (0.011)	Loss 0.0067 (0.0067)	MAE 0.028 (0.028)
Test: [0/3]	Time 0.021 (0.021)	Loss 0.3219 (0.3219)	MAE 0.183 (0.183)
Epoch: [477][0/7]	Time 0.118 (0.118)	Data 0.011 (0.011)	Loss 0.0067 (0.0067)	MAE 0.028 (0.028)
Test: [0/3]	Time 0.021 (0.021)	Loss 0.3221 (0.3221)	MAE 0.183 (0.183)
Epoch: [478][0/7]	Time 0.118 (0.118)	Data 0.011 (0.011)	Loss 0.0066 (0.0066)	MAE 0.028 (0.028)
Test: [0/3]	Time 0.021 (0.021)	Loss 0.3223 (0.3223)	MAE 0.183 (0.183)
Epoch: [479][0/7]	Time 0.119 (0.119)	Data 0.011 (0.011)	Loss 0.0066 (0.0066)	MAE 0.028 (0.028)
Test: [0/3]	Time 0.021 (0.021)	Loss 0.3225 (0.3225)	MAE 0.183 (0.183)
Epoch: [480][0/7]	Time 0.119 (0.119)	Data 0.012 (0.012)	Loss 0.0066 (0.0066)	MAE 0.028 (0.028)
Test: [0/3]	Time 0.021 (0.021)	Loss 0.3227 (0.3227)	MAE 0.183 (0.183)
Epoch: [481][0/7]	Time 0.118 (0.118)	Data 0.011 (0.011)	Loss 0.0066 (0.0066)	MAE 0.028 (0.028)
Test: [0/3]	Time 0.021 (0.021)	Loss 0.3229 (0.3229)	MAE 0.183 (0.183)
Epoch: [482][0/7]	Time 0.119 (0.119)	Data 0.011 (0.011)	Loss 0.0066 (0.0066)	MAE 0.028 (0.028)
Test: [0/3]	Time 0.021 (0.021)	Loss 0.3231 (0.3231)	MAE 0.183 (0.183)
Epoch: [483][0/7]	Time 0.118 (0.118)	Data 0.011 (0.011)	Loss 0.0065 (0.0065)	MAE 0.028 (0.028)
Test: [0/3]	Time 0.021 (0.021)	Loss 0.3233 (0.3233)	MAE 0.183 (0.183)
Epoch: [484][0/7]	Time 0.118 (0.118)	Data 0.011 (0.011)	Loss 0.0065 (0.0065)	MAE 0.028 (0.028)
Test: [0/3]	Time 0.021 (0.021)	Loss 0.3235 (0.3235)	MAE 0.183 (0.183)
Epoch: [485][0/7]	Time 0.118 (0.118)	Data 0.011 (0.011)	Loss 0.0065 (0.0065)	MAE 0.028 (0.028)
Test: [0/3]	Time 0.021 (0.021)	Loss 0.3236 (0.3236)	MAE 0.183 (0.183)
Epoch: [486][0/7]	Time 0.118 (0.118)	Data 0.011 (0.011)	Loss 0.0065 (0.0065)	MAE 0.028 (0.028)
Test: [0/3]	Time 0.021 (0.021)	Loss 0.3238 (0.3238)	MAE 0.183 (0.183)
Epoch: [487][0/7]	Time 0.119 (0.119)	Data 0.011 (0.011)	Loss 0.0065 (0.0065)	MAE 0.028 (0.028)
Test: [0/3]	Time 0.021 (0.021)	Loss 0.3240 (0.3240)	MAE 0.183 (0.183)
Epoch: [488][0/7]	Time 0.119 (0.119)	Data 0.011 (0.011)	Loss 0.0065 (0.0065)	MAE 0.028 (0.028)
Test: [0/3]	Time 0.021 (0.021)	Loss 0.3242 (0.3242)	MAE 0.183 (0.183)
Epoch: [489][0/7]	Time 0.119 (0.119)	Data 0.011 (0.011)	Loss 0.0064 (0.0064)	MAE 0.028 (0.028)
Test: [0/3]	Time 0.021 (0.021)	Loss 0.3244 (0.3244)	MAE 0.183 (0.183)
Epoch: [490][0/7]	Time 0.120 (0.120)	Data 0.013 (0.013)	Loss 0.0064 (0.0064)	MAE 0.028 (0.028)
Test: [0/3]	Time 0.021 (0.021)	Loss 0.3246 (0.3246)	MAE 0.184 (0.184)
Epoch: [491][0/7]	Time 0.118 (0.118)	Data 0.011 (0.011)	Loss 0.0064 (0.0064)	MAE 0.028 (0.028)
Test: [0/3]	Time 0.021 (0.021)	Loss 0.3248 (0.3248)	MAE 0.184 (0.184)
Epoch: [492][0/7]	Time 0.118 (0.118)	Data 0.011 (0.011)	Loss 0.0064 (0.0064)	MAE 0.028 (0.028)
Test: [0/3]	Time 0.021 (0.021)	Loss 0.3250 (0.3250)	MAE 0.184 (0.184)
Epoch: [493][0/7]	Time 0.119 (0.119)	Data 0.012 (0.012)	Loss 0.0064 (0.0064)	MAE 0.028 (0.028)
Test: [0/3]	Time 0.021 (0.021)	Loss 0.3251 (0.3251)	MAE 0.184 (0.184)
Epoch: [494][0/7]	Time 0.119 (0.119)	Data 0.011 (0.011)	Loss 0.0063 (0.0063)	MAE 0.028 (0.028)
Test: [0/3]	Time 0.021 (0.021)	Loss 0.3253 (0.3253)	MAE 0.184 (0.184)
Epoch: [495][0/7]	Time 0.118 (0.118)	Data 0.011 (0.011)	Loss 0.0063 (0.0063)	MAE 0.028 (0.028)
Test: [0/3]	Time 0.021 (0.021)	Loss 0.3255 (0.3255)	MAE 0.184 (0.184)
Epoch: [496][0/7]	Time 0.118 (0.118)	Data 0.011 (0.011)	Loss 0.0063 (0.0063)	MAE 0.028 (0.028)
Test: [0/3]	Time 0.021 (0.021)	Loss 0.3257 (0.3257)	MAE 0.184 (0.184)
Epoch: [497][0/7]	Time 0.119 (0.119)	Data 0.011 (0.011)	Loss 0.0063 (0.0063)	MAE 0.028 (0.028)
Test: [0/3]	Time 0.023 (0.023)	Loss 0.3259 (0.3259)	MAE 0.184 (0.184)
Epoch: [498][0/7]	Time 0.118 (0.118)	Data 0.011 (0.011)	Loss 0.0063 (0.0063)	MAE 0.028 (0.028)
Test: [0/3]	Time 0.021 (0.021)	Loss 0.3261 (0.3261)	MAE 0.184 (0.184)
Epoch: [499][0/7]	Time 0.119 (0.119)	Data 0.011 (0.011)	Loss 0.0063 (0.0063)	MAE 0.027 (0.027)
Test: [0/3]	Time 0.022 (0.022)	Loss 0.3263 (0.3263)	MAE 0.184 (0.184)
Epoch: [500][0/7]	Time 0.118 (0.118)	Data 0.011 (0.011)	Loss 0.0062 (0.0062)	MAE 0.027 (0.027)
Test: [0/3]	Time 0.021 (0.021)	Loss 0.3264 (0.3264)	MAE 0.184 (0.184)
Epoch: [501][0/7]	Time 0.118 (0.118)	Data 0.011 (0.011)	Loss 0.0062 (0.0062)	MAE 0.027 (0.027)
Test: [0/3]	Time 0.021 (0.021)	Loss 0.3266 (0.3266)	MAE 0.184 (0.184)
Epoch: [502][0/7]	Time 0.119 (0.119)	Data 0.011 (0.011)	Loss 0.0062 (0.0062)	MAE 0.027 (0.027)
Test: [0/3]	Time 0.021 (0.021)	Loss 0.3268 (0.3268)	MAE 0.184 (0.184)
Epoch: [503][0/7]	Time 0.118 (0.118)	Data 0.011 (0.011)	Loss 0.0062 (0.0062)	MAE 0.027 (0.027)
Test: [0/3]	Time 0.021 (0.021)	Loss 0.3270 (0.3270)	MAE 0.184 (0.184)
Epoch: [504][0/7]	Time 0.119 (0.119)	Data 0.011 (0.011)	Loss 0.0062 (0.0062)	MAE 0.027 (0.027)
Test: [0/3]	Time 0.021 (0.021)	Loss 0.3272 (0.3272)	MAE 0.184 (0.184)
Epoch: [505][0/7]	Time 0.118 (0.118)	Data 0.011 (0.011)	Loss 0.0061 (0.0061)	MAE 0.027 (0.027)
Test: [0/3]	Time 0.021 (0.021)	Loss 0.3274 (0.3274)	MAE 0.184 (0.184)
Epoch: [506][0/7]	Time 0.119 (0.119)	Data 0.011 (0.011)	Loss 0.0061 (0.0061)	MAE 0.027 (0.027)
Test: [0/3]	Time 0.021 (0.021)	Loss 0.3275 (0.3275)	MAE 0.184 (0.184)
Epoch: [507][0/7]	Time 0.119 (0.119)	Data 0.011 (0.011)	Loss 0.0061 (0.0061)	MAE 0.027 (0.027)
Test: [0/3]	Time 0.021 (0.021)	Loss 0.3277 (0.3277)	MAE 0.184 (0.184)
Epoch: [508][0/7]	Time 0.118 (0.118)	Data 0.011 (0.011)	Loss 0.0061 (0.0061)	MAE 0.027 (0.027)
Test: [0/3]	Time 0.021 (0.021)	Loss 0.3279 (0.3279)	MAE 0.184 (0.184)
Epoch: [509][0/7]	Time 0.119 (0.119)	Data 0.011 (0.011)	Loss 0.0061 (0.0061)	MAE 0.027 (0.027)
Test: [0/3]	Time 0.021 (0.021)	Loss 0.3281 (0.3281)	MAE 0.184 (0.184)
Epoch: [510][0/7]	Time 0.119 (0.119)	Data 0.011 (0.011)	Loss 0.0061 (0.0061)	MAE 0.027 (0.027)
Test: [0/3]	Time 0.021 (0.021)	Loss 0.3283 (0.3283)	MAE 0.184 (0.184)
Epoch: [511][0/7]	Time 0.119 (0.119)	Data 0.011 (0.011)	Loss 0.0060 (0.0060)	MAE 0.027 (0.027)
Test: [0/3]	Time 0.021 (0.021)	Loss 0.3285 (0.3285)	MAE 0.184 (0.184)
Epoch: [512][0/7]	Time 0.118 (0.118)	Data 0.011 (0.011)	Loss 0.0060 (0.0060)	MAE 0.027 (0.027)
Test: [0/3]	Time 0.021 (0.021)	Loss 0.3286 (0.3286)	MAE 0.184 (0.184)
Epoch: [513][0/7]	Time 0.118 (0.118)	Data 0.011 (0.011)	Loss 0.0060 (0.0060)	MAE 0.027 (0.027)
Test: [0/3]	Time 0.022 (0.022)	Loss 0.3288 (0.3288)	MAE 0.184 (0.184)
Epoch: [514][0/7]	Time 0.119 (0.119)	Data 0.012 (0.012)	Loss 0.0060 (0.0060)	MAE 0.027 (0.027)
Test: [0/3]	Time 0.021 (0.021)	Loss 0.3290 (0.3290)	MAE 0.184 (0.184)
Epoch: [515][0/7]	Time 0.119 (0.119)	Data 0.011 (0.011)	Loss 0.0060 (0.0060)	MAE 0.027 (0.027)
Test: [0/3]	Time 0.021 (0.021)	Loss 0.3292 (0.3292)	MAE 0.184 (0.184)
Epoch: [516][0/7]	Time 0.118 (0.118)	Data 0.011 (0.011)	Loss 0.0060 (0.0060)	MAE 0.027 (0.027)
Test: [0/3]	Time 0.021 (0.021)	Loss 0.3294 (0.3294)	MAE 0.184 (0.184)
Epoch: [517][0/7]	Time 0.119 (0.119)	Data 0.011 (0.011)	Loss 0.0059 (0.0059)	MAE 0.027 (0.027)
Test: [0/3]	Time 0.021 (0.021)	Loss 0.3295 (0.3295)	MAE 0.185 (0.185)
Epoch: [518][0/7]	Time 0.119 (0.119)	Data 0.011 (0.011)	Loss 0.0059 (0.0059)	MAE 0.027 (0.027)
Test: [0/3]	Time 0.021 (0.021)	Loss 0.3297 (0.3297)	MAE 0.185 (0.185)
Epoch: [519][0/7]	Time 0.118 (0.118)	Data 0.012 (0.012)	Loss 0.0059 (0.0059)	MAE 0.027 (0.027)
Test: [0/3]	Time 0.021 (0.021)	Loss 0.3299 (0.3299)	MAE 0.185 (0.185)
Epoch: [520][0/7]	Time 0.119 (0.119)	Data 0.011 (0.011)	Loss 0.0059 (0.0059)	MAE 0.027 (0.027)
Test: [0/3]	Time 0.021 (0.021)	Loss 0.3301 (0.3301)	MAE 0.185 (0.185)
Epoch: [521][0/7]	Time 0.118 (0.118)	Data 0.011 (0.011)	Loss 0.0059 (0.0059)	MAE 0.027 (0.027)
Test: [0/3]	Time 0.021 (0.021)	Loss 0.3303 (0.3303)	MAE 0.185 (0.185)
Epoch: [522][0/7]	Time 0.118 (0.118)	Data 0.011 (0.011)	Loss 0.0059 (0.0059)	MAE 0.027 (0.027)
Test: [0/3]	Time 0.021 (0.021)	Loss 0.3304 (0.3304)	MAE 0.185 (0.185)
Epoch: [523][0/7]	Time 0.118 (0.118)	Data 0.011 (0.011)	Loss 0.0058 (0.0058)	MAE 0.027 (0.027)
Test: [0/3]	Time 0.021 (0.021)	Loss 0.3306 (0.3306)	MAE 0.185 (0.185)
Epoch: [524][0/7]	Time 0.118 (0.118)	Data 0.011 (0.011)	Loss 0.0058 (0.0058)	MAE 0.026 (0.026)
Test: [0/3]	Time 0.021 (0.021)	Loss 0.3308 (0.3308)	MAE 0.185 (0.185)
Epoch: [525][0/7]	Time 0.119 (0.119)	Data 0.011 (0.011)	Loss 0.0058 (0.0058)	MAE 0.026 (0.026)
Test: [0/3]	Time 0.021 (0.021)	Loss 0.3310 (0.3310)	MAE 0.185 (0.185)
Epoch: [526][0/7]	Time 0.118 (0.118)	Data 0.011 (0.011)	Loss 0.0058 (0.0058)	MAE 0.026 (0.026)
Test: [0/3]	Time 0.021 (0.021)	Loss 0.3312 (0.3312)	MAE 0.185 (0.185)
Epoch: [527][0/7]	Time 0.118 (0.118)	Data 0.011 (0.011)	Loss 0.0058 (0.0058)	MAE 0.026 (0.026)
Test: [0/3]	Time 0.021 (0.021)	Loss 0.3313 (0.3313)	MAE 0.185 (0.185)
Epoch: [528][0/7]	Time 0.118 (0.118)	Data 0.011 (0.011)	Loss 0.0058 (0.0058)	MAE 0.026 (0.026)
Test: [0/3]	Time 0.021 (0.021)	Loss 0.3315 (0.3315)	MAE 0.185 (0.185)
Epoch: [529][0/7]	Time 0.118 (0.118)	Data 0.011 (0.011)	Loss 0.0058 (0.0058)	MAE 0.026 (0.026)
Test: [0/3]	Time 0.021 (0.021)	Loss 0.3317 (0.3317)	MAE 0.185 (0.185)
Epoch: [530][0/7]	Time 0.119 (0.119)	Data 0.011 (0.011)	Loss 0.0057 (0.0057)	MAE 0.026 (0.026)
Test: [0/3]	Time 0.022 (0.022)	Loss 0.3319 (0.3319)	MAE 0.185 (0.185)
Epoch: [531][0/7]	Time 0.118 (0.118)	Data 0.011 (0.011)	Loss 0.0057 (0.0057)	MAE 0.026 (0.026)
Test: [0/3]	Time 0.021 (0.021)	Loss 0.3320 (0.3320)	MAE 0.185 (0.185)
Epoch: [532][0/7]	Time 0.119 (0.119)	Data 0.011 (0.011)	Loss 0.0057 (0.0057)	MAE 0.026 (0.026)
Test: [0/3]	Time 0.021 (0.021)	Loss 0.3322 (0.3322)	MAE 0.185 (0.185)
Epoch: [533][0/7]	Time 0.118 (0.118)	Data 0.011 (0.011)	Loss 0.0057 (0.0057)	MAE 0.026 (0.026)
Test: [0/3]	Time 0.021 (0.021)	Loss 0.3324 (0.3324)	MAE 0.185 (0.185)
Epoch: [534][0/7]	Time 0.118 (0.118)	Data 0.011 (0.011)	Loss 0.0057 (0.0057)	MAE 0.026 (0.026)
Test: [0/3]	Time 0.021 (0.021)	Loss 0.3326 (0.3326)	MAE 0.185 (0.185)
Epoch: [535][0/7]	Time 0.118 (0.118)	Data 0.011 (0.011)	Loss 0.0057 (0.0057)	MAE 0.026 (0.026)
Test: [0/3]	Time 0.021 (0.021)	Loss 0.3327 (0.3327)	MAE 0.185 (0.185)
Epoch: [536][0/7]	Time 0.118 (0.118)	Data 0.011 (0.011)	Loss 0.0056 (0.0056)	MAE 0.026 (0.026)
Test: [0/3]	Time 0.021 (0.021)	Loss 0.3329 (0.3329)	MAE 0.185 (0.185)
Epoch: [537][0/7]	Time 0.119 (0.119)	Data 0.011 (0.011)	Loss 0.0056 (0.0056)	MAE 0.026 (0.026)
Test: [0/3]	Time 0.021 (0.021)	Loss 0.3331 (0.3331)	MAE 0.185 (0.185)
Epoch: [538][0/7]	Time 0.120 (0.120)	Data 0.011 (0.011)	Loss 0.0056 (0.0056)	MAE 0.026 (0.026)
Test: [0/3]	Time 0.021 (0.021)	Loss 0.3333 (0.3333)	MAE 0.185 (0.185)
Epoch: [539][0/7]	Time 0.118 (0.118)	Data 0.011 (0.011)	Loss 0.0056 (0.0056)	MAE 0.026 (0.026)
Test: [0/3]	Time 0.021 (0.021)	Loss 0.3334 (0.3334)	MAE 0.185 (0.185)
Epoch: [540][0/7]	Time 0.118 (0.118)	Data 0.011 (0.011)	Loss 0.0056 (0.0056)	MAE 0.026 (0.026)
Test: [0/3]	Time 0.021 (0.021)	Loss 0.3336 (0.3336)	MAE 0.185 (0.185)
Epoch: [541][0/7]	Time 0.118 (0.118)	Data 0.011 (0.011)	Loss 0.0056 (0.0056)	MAE 0.026 (0.026)
Test: [0/3]	Time 0.021 (0.021)	Loss 0.3338 (0.3338)	MAE 0.185 (0.185)
Epoch: [542][0/7]	Time 0.119 (0.119)	Data 0.011 (0.011)	Loss 0.0055 (0.0055)	MAE 0.026 (0.026)
Test: [0/3]	Time 0.021 (0.021)	Loss 0.3340 (0.3340)	MAE 0.185 (0.185)
Epoch: [543][0/7]	Time 0.119 (0.119)	Data 0.011 (0.011)	Loss 0.0055 (0.0055)	MAE 0.026 (0.026)
Test: [0/3]	Time 0.021 (0.021)	Loss 0.3341 (0.3341)	MAE 0.185 (0.185)
Epoch: [544][0/7]	Time 0.118 (0.118)	Data 0.011 (0.011)	Loss 0.0055 (0.0055)	MAE 0.026 (0.026)
Test: [0/3]	Time 0.021 (0.021)	Loss 0.3343 (0.3343)	MAE 0.185 (0.185)
Epoch: [545][0/7]	Time 0.118 (0.118)	Data 0.011 (0.011)	Loss 0.0055 (0.0055)	MAE 0.026 (0.026)
Test: [0/3]	Time 0.021 (0.021)	Loss 0.3345 (0.3345)	MAE 0.186 (0.186)
Epoch: [546][0/7]	Time 0.118 (0.118)	Data 0.011 (0.011)	Loss 0.0055 (0.0055)	MAE 0.026 (0.026)
Test: [0/3]	Time 0.021 (0.021)	Loss 0.3347 (0.3347)	MAE 0.186 (0.186)
Epoch: [547][0/7]	Time 0.118 (0.118)	Data 0.011 (0.011)	Loss 0.0055 (0.0055)	MAE 0.026 (0.026)
Test: [0/3]	Time 0.021 (0.021)	Loss 0.3348 (0.3348)	MAE 0.186 (0.186)
Epoch: [548][0/7]	Time 0.118 (0.118)	Data 0.011 (0.011)	Loss 0.0055 (0.0055)	MAE 0.026 (0.026)
Test: [0/3]	Time 0.021 (0.021)	Loss 0.3350 (0.3350)	MAE 0.186 (0.186)
Epoch: [549][0/7]	Time 0.118 (0.118)	Data 0.011 (0.011)	Loss 0.0054 (0.0054)	MAE 0.026 (0.026)
Test: [0/3]	Time 0.021 (0.021)	Loss 0.3352 (0.3352)	MAE 0.186 (0.186)
Epoch: [550][0/7]	Time 0.119 (0.119)	Data 0.011 (0.011)	Loss 0.0054 (0.0054)	MAE 0.026 (0.026)
Test: [0/3]	Time 0.021 (0.021)	Loss 0.3353 (0.3353)	MAE 0.186 (0.186)
Epoch: [551][0/7]	Time 0.118 (0.118)	Data 0.011 (0.011)	Loss 0.0054 (0.0054)	MAE 0.025 (0.025)
Test: [0/3]	Time 0.021 (0.021)	Loss 0.3355 (0.3355)	MAE 0.186 (0.186)
Epoch: [552][0/7]	Time 0.118 (0.118)	Data 0.011 (0.011)	Loss 0.0054 (0.0054)	MAE 0.025 (0.025)
Test: [0/3]	Time 0.021 (0.021)	Loss 0.3357 (0.3357)	MAE 0.186 (0.186)
Epoch: [553][0/7]	Time 0.118 (0.118)	Data 0.011 (0.011)	Loss 0.0054 (0.0054)	MAE 0.025 (0.025)
Test: [0/3]	Time 0.021 (0.021)	Loss 0.3359 (0.3359)	MAE 0.186 (0.186)
Epoch: [554][0/7]	Time 0.119 (0.119)	Data 0.011 (0.011)	Loss 0.0054 (0.0054)	MAE 0.025 (0.025)
Test: [0/3]	Time 0.021 (0.021)	Loss 0.3360 (0.3360)	MAE 0.186 (0.186)
Epoch: [555][0/7]	Time 0.119 (0.119)	Data 0.011 (0.011)	Loss 0.0054 (0.0054)	MAE 0.025 (0.025)
Test: [0/3]	Time 0.021 (0.021)	Loss 0.3362 (0.3362)	MAE 0.186 (0.186)
Epoch: [556][0/7]	Time 0.119 (0.119)	Data 0.011 (0.011)	Loss 0.0053 (0.0053)	MAE 0.025 (0.025)
Test: [0/3]	Time 0.021 (0.021)	Loss 0.3364 (0.3364)	MAE 0.186 (0.186)
Epoch: [557][0/7]	Time 0.118 (0.118)	Data 0.011 (0.011)	Loss 0.0053 (0.0053)	MAE 0.025 (0.025)
Test: [0/3]	Time 0.021 (0.021)	Loss 0.3365 (0.3365)	MAE 0.186 (0.186)
Epoch: [558][0/7]	Time 0.119 (0.119)	Data 0.011 (0.011)	Loss 0.0053 (0.0053)	MAE 0.025 (0.025)
Test: [0/3]	Time 0.021 (0.021)	Loss 0.3367 (0.3367)	MAE 0.186 (0.186)
Epoch: [559][0/7]	Time 0.154 (0.154)	Data 0.011 (0.011)	Loss 0.0053 (0.0053)	MAE 0.025 (0.025)
Test: [0/3]	Time 0.022 (0.022)	Loss 0.3369 (0.3369)	MAE 0.186 (0.186)
Epoch: [560][0/7]	Time 0.119 (0.119)	Data 0.011 (0.011)	Loss 0.0053 (0.0053)	MAE 0.025 (0.025)
Test: [0/3]	Time 0.021 (0.021)	Loss 0.3370 (0.3370)	MAE 0.186 (0.186)
Epoch: [561][0/7]	Time 0.118 (0.118)	Data 0.011 (0.011)	Loss 0.0053 (0.0053)	MAE 0.025 (0.025)
Test: [0/3]	Time 0.021 (0.021)	Loss 0.3372 (0.3372)	MAE 0.186 (0.186)
Epoch: [562][0/7]	Time 0.118 (0.118)	Data 0.011 (0.011)	Loss 0.0053 (0.0053)	MAE 0.025 (0.025)
Test: [0/3]	Time 0.021 (0.021)	Loss 0.3374 (0.3374)	MAE 0.186 (0.186)
Epoch: [563][0/7]	Time 0.118 (0.118)	Data 0.011 (0.011)	Loss 0.0052 (0.0052)	MAE 0.025 (0.025)
Test: [0/3]	Time 0.021 (0.021)	Loss 0.3375 (0.3375)	MAE 0.186 (0.186)
Epoch: [564][0/7]	Time 0.119 (0.119)	Data 0.011 (0.011)	Loss 0.0052 (0.0052)	MAE 0.025 (0.025)
Test: [0/3]	Time 0.021 (0.021)	Loss 0.3377 (0.3377)	MAE 0.186 (0.186)
Epoch: [565][0/7]	Time 0.119 (0.119)	Data 0.011 (0.011)	Loss 0.0052 (0.0052)	MAE 0.025 (0.025)
Test: [0/3]	Time 0.021 (0.021)	Loss 0.3379 (0.3379)	MAE 0.186 (0.186)
Epoch: [566][0/7]	Time 0.118 (0.118)	Data 0.011 (0.011)	Loss 0.0052 (0.0052)	MAE 0.025 (0.025)
Test: [0/3]	Time 0.021 (0.021)	Loss 0.3380 (0.3380)	MAE 0.186 (0.186)
Epoch: [567][0/7]	Time 0.119 (0.119)	Data 0.011 (0.011)	Loss 0.0052 (0.0052)	MAE 0.025 (0.025)
Test: [0/3]	Time 0.021 (0.021)	Loss 0.3382 (0.3382)	MAE 0.186 (0.186)
Epoch: [568][0/7]	Time 0.118 (0.118)	Data 0.011 (0.011)	Loss 0.0052 (0.0052)	MAE 0.025 (0.025)
Test: [0/3]	Time 0.021 (0.021)	Loss 0.3384 (0.3384)	MAE 0.186 (0.186)
Epoch: [569][0/7]	Time 0.119 (0.119)	Data 0.011 (0.011)	Loss 0.0052 (0.0052)	MAE 0.025 (0.025)
Test: [0/3]	Time 0.021 (0.021)	Loss 0.3385 (0.3385)	MAE 0.186 (0.186)
Epoch: [570][0/7]	Time 0.119 (0.119)	Data 0.011 (0.011)	Loss 0.0051 (0.0051)	MAE 0.025 (0.025)
Test: [0/3]	Time 0.021 (0.021)	Loss 0.3387 (0.3387)	MAE 0.186 (0.186)
Epoch: [571][0/7]	Time 0.119 (0.119)	Data 0.011 (0.011)	Loss 0.0051 (0.0051)	MAE 0.025 (0.025)
Test: [0/3]	Time 0.021 (0.021)	Loss 0.3389 (0.3389)	MAE 0.186 (0.186)
Epoch: [572][0/7]	Time 0.118 (0.118)	Data 0.011 (0.011)	Loss 0.0051 (0.0051)	MAE 0.025 (0.025)
Test: [0/3]	Time 0.021 (0.021)	Loss 0.3390 (0.3390)	MAE 0.186 (0.186)
Epoch: [573][0/7]	Time 0.118 (0.118)	Data 0.011 (0.011)	Loss 0.0051 (0.0051)	MAE 0.025 (0.025)
Test: [0/3]	Time 0.021 (0.021)	Loss 0.3392 (0.3392)	MAE 0.186 (0.186)
Epoch: [574][0/7]	Time 0.118 (0.118)	Data 0.011 (0.011)	Loss 0.0051 (0.0051)	MAE 0.025 (0.025)
Test: [0/3]	Time 0.021 (0.021)	Loss 0.3394 (0.3394)	MAE 0.186 (0.186)
Epoch: [575][0/7]	Time 0.119 (0.119)	Data 0.011 (0.011)	Loss 0.0051 (0.0051)	MAE 0.025 (0.025)
Test: [0/3]	Time 0.021 (0.021)	Loss 0.3395 (0.3395)	MAE 0.187 (0.187)
Epoch: [576][0/7]	Time 0.118 (0.118)	Data 0.011 (0.011)	Loss 0.0051 (0.0051)	MAE 0.025 (0.025)
Test: [0/3]	Time 0.021 (0.021)	Loss 0.3397 (0.3397)	MAE 0.187 (0.187)
Epoch: [577][0/7]	Time 0.118 (0.118)	Data 0.011 (0.011)	Loss 0.0050 (0.0050)	MAE 0.025 (0.025)
Test: [0/3]	Time 0.021 (0.021)	Loss 0.3399 (0.3399)	MAE 0.187 (0.187)
Epoch: [578][0/7]	Time 0.119 (0.119)	Data 0.011 (0.011)	Loss 0.0050 (0.0050)	MAE 0.025 (0.025)
Test: [0/3]	Time 0.021 (0.021)	Loss 0.3400 (0.3400)	MAE 0.187 (0.187)
Epoch: [579][0/7]	Time 0.119 (0.119)	Data 0.011 (0.011)	Loss 0.0050 (0.0050)	MAE 0.025 (0.025)
Test: [0/3]	Time 0.021 (0.021)	Loss 0.3402 (0.3402)	MAE 0.187 (0.187)
Epoch: [580][0/7]	Time 0.118 (0.118)	Data 0.011 (0.011)	Loss 0.0050 (0.0050)	MAE 0.024 (0.024)
Test: [0/3]	Time 0.021 (0.021)	Loss 0.3403 (0.3403)	MAE 0.187 (0.187)
Epoch: [581][0/7]	Time 0.118 (0.118)	Data 0.011 (0.011)	Loss 0.0050 (0.0050)	MAE 0.024 (0.024)
Test: [0/3]	Time 0.021 (0.021)	Loss 0.3405 (0.3405)	MAE 0.187 (0.187)
Epoch: [582][0/7]	Time 0.118 (0.118)	Data 0.011 (0.011)	Loss 0.0050 (0.0050)	MAE 0.024 (0.024)
Test: [0/3]	Time 0.021 (0.021)	Loss 0.3407 (0.3407)	MAE 0.187 (0.187)
Epoch: [583][0/7]	Time 0.120 (0.120)	Data 0.013 (0.013)	Loss 0.0050 (0.0050)	MAE 0.024 (0.024)
Test: [0/3]	Time 0.021 (0.021)	Loss 0.3408 (0.3408)	MAE 0.187 (0.187)
Epoch: [584][0/7]	Time 0.119 (0.119)	Data 0.012 (0.012)	Loss 0.0050 (0.0050)	MAE 0.024 (0.024)
Test: [0/3]	Time 0.021 (0.021)	Loss 0.3410 (0.3410)	MAE 0.187 (0.187)
Epoch: [585][0/7]	Time 0.118 (0.118)	Data 0.011 (0.011)	Loss 0.0049 (0.0049)	MAE 0.024 (0.024)
Test: [0/3]	Time 0.021 (0.021)	Loss 0.3411 (0.3411)	MAE 0.187 (0.187)
Epoch: [586][0/7]	Time 0.118 (0.118)	Data 0.011 (0.011)	Loss 0.0049 (0.0049)	MAE 0.024 (0.024)
Test: [0/3]	Time 0.021 (0.021)	Loss 0.3413 (0.3413)	MAE 0.187 (0.187)
Epoch: [587][0/7]	Time 0.118 (0.118)	Data 0.011 (0.011)	Loss 0.0049 (0.0049)	MAE 0.024 (0.024)
Test: [0/3]	Time 0.021 (0.021)	Loss 0.3415 (0.3415)	MAE 0.187 (0.187)
Epoch: [588][0/7]	Time 0.119 (0.119)	Data 0.011 (0.011)	Loss 0.0049 (0.0049)	MAE 0.024 (0.024)
Test: [0/3]	Time 0.021 (0.021)	Loss 0.3416 (0.3416)	MAE 0.187 (0.187)
Epoch: [589][0/7]	Time 0.119 (0.119)	Data 0.011 (0.011)	Loss 0.0049 (0.0049)	MAE 0.024 (0.024)
Test: [0/3]	Time 0.021 (0.021)	Loss 0.3418 (0.3418)	MAE 0.187 (0.187)
Epoch: [590][0/7]	Time 0.119 (0.119)	Data 0.011 (0.011)	Loss 0.0049 (0.0049)	MAE 0.024 (0.024)
Test: [0/3]	Time 0.021 (0.021)	Loss 0.3419 (0.3419)	MAE 0.187 (0.187)
Epoch: [591][0/7]	Time 0.118 (0.118)	Data 0.011 (0.011)	Loss 0.0049 (0.0049)	MAE 0.024 (0.024)
Test: [0/3]	Time 0.021 (0.021)	Loss 0.3421 (0.3421)	MAE 0.187 (0.187)
Epoch: [592][0/7]	Time 0.119 (0.119)	Data 0.011 (0.011)	Loss 0.0049 (0.0049)	MAE 0.024 (0.024)
Test: [0/3]	Time 0.021 (0.021)	Loss 0.3423 (0.3423)	MAE 0.187 (0.187)
Epoch: [593][0/7]	Time 0.118 (0.118)	Data 0.011 (0.011)	Loss 0.0048 (0.0048)	MAE 0.024 (0.024)
Test: [0/3]	Time 0.021 (0.021)	Loss 0.3424 (0.3424)	MAE 0.187 (0.187)
Epoch: [594][0/7]	Time 0.118 (0.118)	Data 0.011 (0.011)	Loss 0.0048 (0.0048)	MAE 0.024 (0.024)
Test: [0/3]	Time 0.021 (0.021)	Loss 0.3426 (0.3426)	MAE 0.187 (0.187)
Epoch: [595][0/7]	Time 0.118 (0.118)	Data 0.011 (0.011)	Loss 0.0048 (0.0048)	MAE 0.024 (0.024)
Test: [0/3]	Time 0.021 (0.021)	Loss 0.3427 (0.3427)	MAE 0.187 (0.187)
Epoch: [596][0/7]	Time 0.118 (0.118)	Data 0.011 (0.011)	Loss 0.0048 (0.0048)	MAE 0.024 (0.024)
Test: [0/3]	Time 0.021 (0.021)	Loss 0.3429 (0.3429)	MAE 0.187 (0.187)
Epoch: [597][0/7]	Time 0.118 (0.118)	Data 0.011 (0.011)	Loss 0.0048 (0.0048)	MAE 0.024 (0.024)
Test: [0/3]	Time 0.021 (0.021)	Loss 0.3430 (0.3430)	MAE 0.187 (0.187)
Epoch: [598][0/7]	Time 0.119 (0.119)	Data 0.011 (0.011)	Loss 0.0048 (0.0048)	MAE 0.024 (0.024)
Test: [0/3]	Time 0.023 (0.023)	Loss 0.3432 (0.3432)	MAE 0.187 (0.187)
Epoch: [599][0/7]	Time 0.119 (0.119)	Data 0.012 (0.012)	Loss 0.0048 (0.0048)	MAE 0.024 (0.024)
Test: [0/3]	Time 0.021 (0.021)	Loss 0.3434 (0.3434)	MAE 0.187 (0.187)
---------Evaluate Model on Train Set---------------
Test: [0/7]	Time 0.022 (0.022)	Loss 0.0536 (0.0536)	MAE 0.080 (0.080)
---------Evaluate Model on Val Set---------------
Test: [0/3]	Time 0.021 (0.021)	Loss 0.2495 (0.2495)	MAE 0.166 (0.166)
---------Evaluate Model on Test Set---------------
Test: [0/3]	Time 5.444 (5.444)	Loss 0.2604 (0.2604)	MAE 0.171 (0.171)
