Epoch: [0][0/7]	Time 4.734 (4.734)	Data 4.638 (4.638)	Loss 1.5805 (1.5805)	MAE 0.557 (0.557)
Test: [0/3]	Time 4.815 (4.815)	Loss 1.1374 (1.1374)	MAE 0.439 (0.439)
Epoch: [1][0/7]	Time 0.103 (0.103)	Data 0.014 (0.014)	Loss 0.9147 (0.9147)	MAE 0.363 (0.363)
Test: [0/3]	Time 0.021 (0.021)	Loss 1.0566 (1.0566)	MAE 0.422 (0.422)
Epoch: [2][0/7]	Time 0.093 (0.093)	Data 0.011 (0.011)	Loss 0.8417 (0.8417)	MAE 0.376 (0.376)
Test: [0/3]	Time 0.020 (0.020)	Loss 1.0319 (1.0319)	MAE 0.416 (0.416)
Epoch: [3][0/7]	Time 0.093 (0.093)	Data 0.011 (0.011)	Loss 0.7161 (0.7161)	MAE 0.343 (0.343)
Test: [0/3]	Time 0.020 (0.020)	Loss 0.8249 (0.8249)	MAE 0.371 (0.371)
Epoch: [4][0/7]	Time 0.093 (0.093)	Data 0.011 (0.011)	Loss 0.4676 (0.4676)	MAE 0.254 (0.254)
Test: [0/3]	Time 0.021 (0.021)	Loss 0.6411 (0.6411)	MAE 0.331 (0.331)
Epoch: [5][0/7]	Time 0.093 (0.093)	Data 0.011 (0.011)	Loss 0.3776 (0.3776)	MAE 0.228 (0.228)
Test: [0/3]	Time 0.020 (0.020)	Loss 0.5425 (0.5425)	MAE 0.296 (0.296)
Epoch: [6][0/7]	Time 0.093 (0.093)	Data 0.011 (0.011)	Loss 0.3152 (0.3152)	MAE 0.203 (0.203)
Test: [0/3]	Time 0.021 (0.021)	Loss 0.4855 (0.4855)	MAE 0.270 (0.270)
Epoch: [7][0/7]	Time 0.093 (0.093)	Data 0.012 (0.012)	Loss 0.2959 (0.2959)	MAE 0.202 (0.202)
Test: [0/3]	Time 0.020 (0.020)	Loss 0.3909 (0.3909)	MAE 0.237 (0.237)
Epoch: [8][0/7]	Time 0.094 (0.094)	Data 0.012 (0.012)	Loss 0.2615 (0.2615)	MAE 0.186 (0.186)
Test: [0/3]	Time 0.021 (0.021)	Loss 0.3341 (0.3341)	MAE 0.212 (0.212)
Epoch: [9][0/7]	Time 0.093 (0.093)	Data 0.011 (0.011)	Loss 0.2433 (0.2433)	MAE 0.178 (0.178)
Test: [0/3]	Time 0.020 (0.020)	Loss 0.3282 (0.3282)	MAE 0.209 (0.209)
Epoch: [10][0/7]	Time 0.093 (0.093)	Data 0.011 (0.011)	Loss 0.2268 (0.2268)	MAE 0.172 (0.172)
Test: [0/3]	Time 0.021 (0.021)	Loss 0.3180 (0.3180)	MAE 0.205 (0.205)
Epoch: [11][0/7]	Time 0.093 (0.093)	Data 0.011 (0.011)	Loss 0.2139 (0.2139)	MAE 0.168 (0.168)
Test: [0/3]	Time 0.020 (0.020)	Loss 0.3146 (0.3146)	MAE 0.207 (0.207)
Epoch: [12][0/7]	Time 0.093 (0.093)	Data 0.011 (0.011)	Loss 0.2038 (0.2038)	MAE 0.166 (0.166)
Test: [0/3]	Time 0.020 (0.020)	Loss 0.2998 (0.2998)	MAE 0.197 (0.197)
Epoch: [13][0/7]	Time 0.093 (0.093)	Data 0.011 (0.011)	Loss 0.1896 (0.1896)	MAE 0.160 (0.160)
Test: [0/3]	Time 0.021 (0.021)	Loss 0.2934 (0.2934)	MAE 0.199 (0.199)
Epoch: [14][0/7]	Time 0.093 (0.093)	Data 0.011 (0.011)	Loss 0.1888 (0.1888)	MAE 0.161 (0.161)
Test: [0/3]	Time 0.021 (0.021)	Loss 0.3000 (0.3000)	MAE 0.197 (0.197)
Epoch: [15][0/7]	Time 0.093 (0.093)	Data 0.012 (0.012)	Loss 0.1810 (0.1810)	MAE 0.158 (0.158)
Test: [0/3]	Time 0.021 (0.021)	Loss 0.2961 (0.2961)	MAE 0.198 (0.198)
Epoch: [16][0/7]	Time 0.093 (0.093)	Data 0.011 (0.011)	Loss 0.1735 (0.1735)	MAE 0.155 (0.155)
Test: [0/3]	Time 0.021 (0.021)	Loss 0.2905 (0.2905)	MAE 0.193 (0.193)
Epoch: [17][0/7]	Time 0.093 (0.093)	Data 0.011 (0.011)	Loss 0.1596 (0.1596)	MAE 0.149 (0.149)
Test: [0/3]	Time 0.021 (0.021)	Loss 0.2940 (0.2940)	MAE 0.197 (0.197)
Epoch: [18][0/7]	Time 0.093 (0.093)	Data 0.011 (0.011)	Loss 0.1546 (0.1546)	MAE 0.146 (0.146)
Test: [0/3]	Time 0.021 (0.021)	Loss 0.2872 (0.2872)	MAE 0.194 (0.194)
Epoch: [19][0/7]	Time 0.093 (0.093)	Data 0.011 (0.011)	Loss 0.1450 (0.1450)	MAE 0.144 (0.144)
Test: [0/3]	Time 0.021 (0.021)	Loss 0.2951 (0.2951)	MAE 0.197 (0.197)
Epoch: [20][0/7]	Time 0.093 (0.093)	Data 0.011 (0.011)	Loss 0.1427 (0.1427)	MAE 0.143 (0.143)
Test: [0/3]	Time 0.021 (0.021)	Loss 0.3015 (0.3015)	MAE 0.201 (0.201)
Epoch: [21][0/7]	Time 0.093 (0.093)	Data 0.011 (0.011)	Loss 0.1501 (0.1501)	MAE 0.150 (0.150)
Test: [0/3]	Time 0.021 (0.021)	Loss 0.3037 (0.3037)	MAE 0.201 (0.201)
Epoch: [22][0/7]	Time 0.093 (0.093)	Data 0.011 (0.011)	Loss 0.1423 (0.1423)	MAE 0.146 (0.146)
Test: [0/3]	Time 0.020 (0.020)	Loss 0.3160 (0.3160)	MAE 0.206 (0.206)
Epoch: [23][0/7]	Time 0.093 (0.093)	Data 0.011 (0.011)	Loss 0.1503 (0.1503)	MAE 0.153 (0.153)
Test: [0/3]	Time 0.020 (0.020)	Loss 0.3023 (0.3023)	MAE 0.199 (0.199)
Epoch: [24][0/7]	Time 0.093 (0.093)	Data 0.011 (0.011)	Loss 0.1481 (0.1481)	MAE 0.148 (0.148)
Test: [0/3]	Time 0.021 (0.021)	Loss 0.3076 (0.3076)	MAE 0.210 (0.210)
Epoch: [25][0/7]	Time 0.093 (0.093)	Data 0.011 (0.011)	Loss 0.1527 (0.1527)	MAE 0.156 (0.156)
Test: [0/3]	Time 0.021 (0.021)	Loss 0.3037 (0.3037)	MAE 0.194 (0.194)
Epoch: [26][0/7]	Time 0.095 (0.095)	Data 0.013 (0.013)	Loss 0.1416 (0.1416)	MAE 0.142 (0.142)
Test: [0/3]	Time 0.021 (0.021)	Loss 0.3015 (0.3015)	MAE 0.200 (0.200)
Epoch: [27][0/7]	Time 0.093 (0.093)	Data 0.011 (0.011)	Loss 0.1451 (0.1451)	MAE 0.144 (0.144)
Test: [0/3]	Time 0.021 (0.021)	Loss 0.3120 (0.3120)	MAE 0.210 (0.210)
Epoch: [28][0/7]	Time 0.093 (0.093)	Data 0.011 (0.011)	Loss 0.1389 (0.1389)	MAE 0.144 (0.144)
Test: [0/3]	Time 0.021 (0.021)	Loss 0.3069 (0.3069)	MAE 0.206 (0.206)
Epoch: [29][0/7]	Time 0.093 (0.093)	Data 0.011 (0.011)	Loss 0.1423 (0.1423)	MAE 0.135 (0.135)
Test: [0/3]	Time 0.021 (0.021)	Loss 0.3966 (0.3966)	MAE 0.246 (0.246)
Epoch: [30][0/7]	Time 0.092 (0.092)	Data 0.011 (0.011)	Loss 0.1626 (0.1626)	MAE 0.145 (0.145)
Test: [0/3]	Time 0.021 (0.021)	Loss 0.2638 (0.2638)	MAE 0.187 (0.187)
Epoch: [31][0/7]	Time 0.093 (0.093)	Data 0.011 (0.011)	Loss 0.1202 (0.1202)	MAE 0.125 (0.125)
Test: [0/3]	Time 0.021 (0.021)	Loss 0.3164 (0.3164)	MAE 0.203 (0.203)
Epoch: [32][0/7]	Time 0.093 (0.093)	Data 0.011 (0.011)	Loss 0.1251 (0.1251)	MAE 0.128 (0.128)
Test: [0/3]	Time 0.021 (0.021)	Loss 0.2893 (0.2893)	MAE 0.196 (0.196)
Epoch: [33][0/7]	Time 0.093 (0.093)	Data 0.011 (0.011)	Loss 0.1142 (0.1142)	MAE 0.120 (0.120)
Test: [0/3]	Time 0.021 (0.021)	Loss 0.2843 (0.2843)	MAE 0.191 (0.191)
Epoch: [34][0/7]	Time 0.093 (0.093)	Data 0.011 (0.011)	Loss 0.1075 (0.1075)	MAE 0.119 (0.119)
Test: [0/3]	Time 0.021 (0.021)	Loss 0.2748 (0.2748)	MAE 0.189 (0.189)
Epoch: [35][0/7]	Time 0.093 (0.093)	Data 0.011 (0.011)	Loss 0.1057 (0.1057)	MAE 0.122 (0.122)
Test: [0/3]	Time 0.021 (0.021)	Loss 0.2809 (0.2809)	MAE 0.190 (0.190)
Epoch: [36][0/7]	Time 0.093 (0.093)	Data 0.012 (0.012)	Loss 0.1041 (0.1041)	MAE 0.121 (0.121)
Test: [0/3]	Time 0.021 (0.021)	Loss 0.2980 (0.2980)	MAE 0.199 (0.199)
Epoch: [37][0/7]	Time 0.092 (0.092)	Data 0.011 (0.011)	Loss 0.1154 (0.1154)	MAE 0.132 (0.132)
Test: [0/3]	Time 0.021 (0.021)	Loss 0.3012 (0.3012)	MAE 0.205 (0.205)
Epoch: [38][0/7]	Time 0.094 (0.094)	Data 0.012 (0.012)	Loss 0.1181 (0.1181)	MAE 0.134 (0.134)
Test: [0/3]	Time 0.021 (0.021)	Loss 0.2758 (0.2758)	MAE 0.190 (0.190)
Epoch: [39][0/7]	Time 0.093 (0.093)	Data 0.011 (0.011)	Loss 0.1172 (0.1172)	MAE 0.135 (0.135)
Test: [0/3]	Time 0.021 (0.021)	Loss 0.2785 (0.2785)	MAE 0.190 (0.190)
Epoch: [40][0/7]	Time 0.093 (0.093)	Data 0.011 (0.011)	Loss 0.1221 (0.1221)	MAE 0.135 (0.135)
Test: [0/3]	Time 0.021 (0.021)	Loss 0.3006 (0.3006)	MAE 0.203 (0.203)
Epoch: [41][0/7]	Time 0.093 (0.093)	Data 0.011 (0.011)	Loss 0.1327 (0.1327)	MAE 0.141 (0.141)
Test: [0/3]	Time 0.021 (0.021)	Loss 0.2936 (0.2936)	MAE 0.199 (0.199)
Epoch: [42][0/7]	Time 0.093 (0.093)	Data 0.011 (0.011)	Loss 0.1234 (0.1234)	MAE 0.138 (0.138)
Test: [0/3]	Time 0.021 (0.021)	Loss 0.2813 (0.2813)	MAE 0.192 (0.192)
Epoch: [43][0/7]	Time 0.093 (0.093)	Data 0.011 (0.011)	Loss 0.1253 (0.1253)	MAE 0.134 (0.134)
Test: [0/3]	Time 0.021 (0.021)	Loss 0.3169 (0.3169)	MAE 0.206 (0.206)
Epoch: [44][0/7]	Time 0.093 (0.093)	Data 0.011 (0.011)	Loss 0.1151 (0.1151)	MAE 0.126 (0.126)
Test: [0/3]	Time 0.023 (0.023)	Loss 0.2868 (0.2868)	MAE 0.191 (0.191)
Epoch: [45][0/7]	Time 0.093 (0.093)	Data 0.011 (0.011)	Loss 0.1160 (0.1160)	MAE 0.120 (0.120)
Test: [0/3]	Time 0.021 (0.021)	Loss 0.3135 (0.3135)	MAE 0.209 (0.209)
Epoch: [46][0/7]	Time 0.093 (0.093)	Data 0.011 (0.011)	Loss 0.1342 (0.1342)	MAE 0.142 (0.142)
Test: [0/3]	Time 0.021 (0.021)	Loss 0.2992 (0.2992)	MAE 0.197 (0.197)
Epoch: [47][0/7]	Time 0.093 (0.093)	Data 0.011 (0.011)	Loss 0.1263 (0.1263)	MAE 0.125 (0.125)
Test: [0/3]	Time 0.021 (0.021)	Loss 0.3323 (0.3323)	MAE 0.205 (0.205)
Epoch: [48][0/7]	Time 0.093 (0.093)	Data 0.011 (0.011)	Loss 0.1127 (0.1127)	MAE 0.113 (0.113)
Test: [0/3]	Time 0.021 (0.021)	Loss 0.2573 (0.2573)	MAE 0.180 (0.180)
Epoch: [49][0/7]	Time 0.093 (0.093)	Data 0.011 (0.011)	Loss 0.0964 (0.0964)	MAE 0.112 (0.112)
Test: [0/3]	Time 0.021 (0.021)	Loss 0.2725 (0.2725)	MAE 0.185 (0.185)
Epoch: [50][0/7]	Time 0.093 (0.093)	Data 0.011 (0.011)	Loss 0.1131 (0.1131)	MAE 0.126 (0.126)
Test: [0/3]	Time 0.021 (0.021)	Loss 0.2861 (0.2861)	MAE 0.195 (0.195)
Epoch: [51][0/7]	Time 0.093 (0.093)	Data 0.011 (0.011)	Loss 0.1159 (0.1159)	MAE 0.135 (0.135)
Test: [0/3]	Time 0.021 (0.021)	Loss 0.2935 (0.2935)	MAE 0.198 (0.198)
Epoch: [52][0/7]	Time 0.093 (0.093)	Data 0.011 (0.011)	Loss 0.0914 (0.0914)	MAE 0.113 (0.113)
Test: [0/3]	Time 0.021 (0.021)	Loss 0.2917 (0.2917)	MAE 0.193 (0.193)
Epoch: [53][0/7]	Time 0.093 (0.093)	Data 0.011 (0.011)	Loss 0.0880 (0.0880)	MAE 0.103 (0.103)
Test: [0/3]	Time 0.021 (0.021)	Loss 0.3010 (0.3010)	MAE 0.198 (0.198)
Epoch: [54][0/7]	Time 0.094 (0.094)	Data 0.012 (0.012)	Loss 0.1066 (0.1066)	MAE 0.123 (0.123)
Test: [0/3]	Time 0.021 (0.021)	Loss 0.3005 (0.3005)	MAE 0.194 (0.194)
Epoch: [55][0/7]	Time 0.093 (0.093)	Data 0.011 (0.011)	Loss 0.1034 (0.1034)	MAE 0.112 (0.112)
Test: [0/3]	Time 0.021 (0.021)	Loss 0.2944 (0.2944)	MAE 0.193 (0.193)
Epoch: [56][0/7]	Time 0.093 (0.093)	Data 0.011 (0.011)	Loss 0.0958 (0.0958)	MAE 0.107 (0.107)
Test: [0/3]	Time 0.021 (0.021)	Loss 0.2799 (0.2799)	MAE 0.188 (0.188)
Epoch: [57][0/7]	Time 0.093 (0.093)	Data 0.011 (0.011)	Loss 0.0876 (0.0876)	MAE 0.110 (0.110)
Test: [0/3]	Time 0.021 (0.021)	Loss 0.2751 (0.2751)	MAE 0.186 (0.186)
Epoch: [58][0/7]	Time 0.093 (0.093)	Data 0.011 (0.011)	Loss 0.0997 (0.0997)	MAE 0.118 (0.118)
Test: [0/3]	Time 0.021 (0.021)	Loss 0.2945 (0.2945)	MAE 0.194 (0.194)
Epoch: [59][0/7]	Time 0.093 (0.093)	Data 0.011 (0.011)	Loss 0.1072 (0.1072)	MAE 0.120 (0.120)
Test: [0/3]	Time 0.021 (0.021)	Loss 0.2620 (0.2620)	MAE 0.183 (0.183)
Epoch: [60][0/7]	Time 0.093 (0.093)	Data 0.011 (0.011)	Loss 0.0797 (0.0797)	MAE 0.103 (0.103)
Test: [0/3]	Time 0.021 (0.021)	Loss 0.3354 (0.3354)	MAE 0.199 (0.199)
Epoch: [61][0/7]	Time 0.093 (0.093)	Data 0.011 (0.011)	Loss 0.1018 (0.1018)	MAE 0.110 (0.110)
Test: [0/3]	Time 0.021 (0.021)	Loss 0.2871 (0.2871)	MAE 0.193 (0.193)
Epoch: [62][0/7]	Time 0.093 (0.093)	Data 0.011 (0.011)	Loss 0.0972 (0.0972)	MAE 0.111 (0.111)
Test: [0/3]	Time 0.021 (0.021)	Loss 0.3004 (0.3004)	MAE 0.202 (0.202)
Epoch: [63][0/7]	Time 0.093 (0.093)	Data 0.011 (0.011)	Loss 0.0935 (0.0935)	MAE 0.111 (0.111)
Test: [0/3]	Time 0.021 (0.021)	Loss 0.2827 (0.2827)	MAE 0.185 (0.185)
Epoch: [64][0/7]	Time 0.093 (0.093)	Data 0.011 (0.011)	Loss 0.0831 (0.0831)	MAE 0.097 (0.097)
Test: [0/3]	Time 0.021 (0.021)	Loss 0.3093 (0.3093)	MAE 0.201 (0.201)
Epoch: [65][0/7]	Time 0.093 (0.093)	Data 0.011 (0.011)	Loss 0.0888 (0.0888)	MAE 0.109 (0.109)
Test: [0/3]	Time 0.021 (0.021)	Loss 0.2641 (0.2641)	MAE 0.182 (0.182)
Epoch: [66][0/7]	Time 0.093 (0.093)	Data 0.011 (0.011)	Loss 0.1031 (0.1031)	MAE 0.120 (0.120)
Test: [0/3]	Time 0.020 (0.020)	Loss 0.2903 (0.2903)	MAE 0.190 (0.190)
Epoch: [67][0/7]	Time 0.093 (0.093)	Data 0.011 (0.011)	Loss 0.0864 (0.0864)	MAE 0.108 (0.108)
Test: [0/3]	Time 0.021 (0.021)	Loss 0.2656 (0.2656)	MAE 0.182 (0.182)
Epoch: [68][0/7]	Time 0.093 (0.093)	Data 0.011 (0.011)	Loss 0.0724 (0.0724)	MAE 0.095 (0.095)
Test: [0/3]	Time 0.021 (0.021)	Loss 0.3054 (0.3054)	MAE 0.192 (0.192)
Epoch: [69][0/7]	Time 0.092 (0.092)	Data 0.011 (0.011)	Loss 0.0854 (0.0854)	MAE 0.100 (0.100)
Test: [0/3]	Time 0.021 (0.021)	Loss 0.2816 (0.2816)	MAE 0.186 (0.186)
Epoch: [70][0/7]	Time 0.093 (0.093)	Data 0.011 (0.011)	Loss 0.0889 (0.0889)	MAE 0.103 (0.103)
Test: [0/3]	Time 0.020 (0.020)	Loss 0.2864 (0.2864)	MAE 0.190 (0.190)
Epoch: [71][0/7]	Time 0.094 (0.094)	Data 0.012 (0.012)	Loss 0.0762 (0.0762)	MAE 0.099 (0.099)
Test: [0/3]	Time 0.020 (0.020)	Loss 0.2732 (0.2732)	MAE 0.183 (0.183)
Epoch: [72][0/7]	Time 0.093 (0.093)	Data 0.011 (0.011)	Loss 0.0684 (0.0684)	MAE 0.090 (0.090)
Test: [0/3]	Time 0.020 (0.020)	Loss 0.2798 (0.2798)	MAE 0.184 (0.184)
Epoch: [73][0/7]	Time 0.093 (0.093)	Data 0.011 (0.011)	Loss 0.0722 (0.0722)	MAE 0.097 (0.097)
Test: [0/3]	Time 0.020 (0.020)	Loss 0.2876 (0.2876)	MAE 0.186 (0.186)
Epoch: [74][0/7]	Time 0.093 (0.093)	Data 0.011 (0.011)	Loss 0.0776 (0.0776)	MAE 0.107 (0.107)
Test: [0/3]	Time 0.021 (0.021)	Loss 0.2847 (0.2847)	MAE 0.188 (0.188)
Epoch: [75][0/7]	Time 0.093 (0.093)	Data 0.011 (0.011)	Loss 0.0800 (0.0800)	MAE 0.107 (0.107)
Test: [0/3]	Time 0.021 (0.021)	Loss 0.2864 (0.2864)	MAE 0.186 (0.186)
Epoch: [76][0/7]	Time 0.093 (0.093)	Data 0.011 (0.011)	Loss 0.0790 (0.0790)	MAE 0.101 (0.101)
Test: [0/3]	Time 0.021 (0.021)	Loss 0.2644 (0.2644)	MAE 0.178 (0.178)
Epoch: [77][0/7]	Time 0.093 (0.093)	Data 0.011 (0.011)	Loss 0.0671 (0.0671)	MAE 0.091 (0.091)
Test: [0/3]	Time 0.021 (0.021)	Loss 0.3124 (0.3124)	MAE 0.195 (0.195)
Epoch: [78][0/7]	Time 0.093 (0.093)	Data 0.011 (0.011)	Loss 0.0815 (0.0815)	MAE 0.097 (0.097)
Test: [0/3]	Time 0.021 (0.021)	Loss 0.3138 (0.3138)	MAE 0.196 (0.196)
Epoch: [79][0/7]	Time 0.093 (0.093)	Data 0.011 (0.011)	Loss 0.0871 (0.0871)	MAE 0.101 (0.101)
Test: [0/3]	Time 0.021 (0.021)	Loss 0.2980 (0.2980)	MAE 0.201 (0.201)
Epoch: [80][0/7]	Time 0.093 (0.093)	Data 0.011 (0.011)	Loss 0.0839 (0.0839)	MAE 0.106 (0.106)
Test: [0/3]	Time 0.021 (0.021)	Loss 0.2851 (0.2851)	MAE 0.189 (0.189)
Epoch: [81][0/7]	Time 0.093 (0.093)	Data 0.011 (0.011)	Loss 0.0725 (0.0725)	MAE 0.094 (0.094)
Test: [0/3]	Time 0.021 (0.021)	Loss 0.2956 (0.2956)	MAE 0.189 (0.189)
Epoch: [82][0/7]	Time 0.093 (0.093)	Data 0.011 (0.011)	Loss 0.0658 (0.0658)	MAE 0.087 (0.087)
Test: [0/3]	Time 0.021 (0.021)	Loss 0.2845 (0.2845)	MAE 0.191 (0.191)
Epoch: [83][0/7]	Time 0.094 (0.094)	Data 0.013 (0.013)	Loss 0.0879 (0.0879)	MAE 0.116 (0.116)
Test: [0/3]	Time 0.021 (0.021)	Loss 0.2917 (0.2917)	MAE 0.185 (0.185)
Epoch: [84][0/7]	Time 0.093 (0.093)	Data 0.011 (0.011)	Loss 0.0850 (0.0850)	MAE 0.109 (0.109)
Test: [0/3]	Time 0.021 (0.021)	Loss 0.3026 (0.3026)	MAE 0.198 (0.198)
Epoch: [85][0/7]	Time 0.093 (0.093)	Data 0.012 (0.012)	Loss 0.0808 (0.0808)	MAE 0.103 (0.103)
Test: [0/3]	Time 0.021 (0.021)	Loss 0.3045 (0.3045)	MAE 0.191 (0.191)
Epoch: [86][0/7]	Time 0.093 (0.093)	Data 0.011 (0.011)	Loss 0.0715 (0.0715)	MAE 0.093 (0.093)
Test: [0/3]	Time 0.021 (0.021)	Loss 0.2963 (0.2963)	MAE 0.187 (0.187)
Epoch: [87][0/7]	Time 0.093 (0.093)	Data 0.011 (0.011)	Loss 0.0764 (0.0764)	MAE 0.093 (0.093)
Test: [0/3]	Time 0.021 (0.021)	Loss 0.2804 (0.2804)	MAE 0.185 (0.185)
Epoch: [88][0/7]	Time 0.093 (0.093)	Data 0.011 (0.011)	Loss 0.0784 (0.0784)	MAE 0.103 (0.103)
Test: [0/3]	Time 0.021 (0.021)	Loss 0.2995 (0.2995)	MAE 0.196 (0.196)
Epoch: [89][0/7]	Time 0.093 (0.093)	Data 0.011 (0.011)	Loss 0.0684 (0.0684)	MAE 0.088 (0.088)
Test: [0/3]	Time 0.021 (0.021)	Loss 0.2854 (0.2854)	MAE 0.181 (0.181)
Epoch: [90][0/7]	Time 0.094 (0.094)	Data 0.011 (0.011)	Loss 0.0558 (0.0558)	MAE 0.080 (0.080)
Test: [0/3]	Time 0.021 (0.021)	Loss 0.2865 (0.2865)	MAE 0.183 (0.183)
Epoch: [91][0/7]	Time 0.093 (0.093)	Data 0.011 (0.011)	Loss 0.0639 (0.0639)	MAE 0.092 (0.092)
Test: [0/3]	Time 0.021 (0.021)	Loss 0.2868 (0.2868)	MAE 0.182 (0.182)
Epoch: [92][0/7]	Time 0.093 (0.093)	Data 0.011 (0.011)	Loss 0.0782 (0.0782)	MAE 0.105 (0.105)
Test: [0/3]	Time 0.021 (0.021)	Loss 0.2966 (0.2966)	MAE 0.189 (0.189)
Epoch: [93][0/7]	Time 0.092 (0.092)	Data 0.011 (0.011)	Loss 0.0733 (0.0733)	MAE 0.099 (0.099)
Test: [0/3]	Time 0.021 (0.021)	Loss 0.3022 (0.3022)	MAE 0.192 (0.192)
Epoch: [94][0/7]	Time 0.094 (0.094)	Data 0.012 (0.012)	Loss 0.0635 (0.0635)	MAE 0.094 (0.094)
Test: [0/3]	Time 0.021 (0.021)	Loss 0.3015 (0.3015)	MAE 0.188 (0.188)
Epoch: [95][0/7]	Time 0.093 (0.093)	Data 0.011 (0.011)	Loss 0.0643 (0.0643)	MAE 0.085 (0.085)
Test: [0/3]	Time 0.021 (0.021)	Loss 0.3067 (0.3067)	MAE 0.188 (0.188)
Epoch: [96][0/7]	Time 0.093 (0.093)	Data 0.011 (0.011)	Loss 0.0800 (0.0800)	MAE 0.097 (0.097)
Test: [0/3]	Time 0.021 (0.021)	Loss 0.3142 (0.3142)	MAE 0.202 (0.202)
Epoch: [97][0/7]	Time 0.093 (0.093)	Data 0.011 (0.011)	Loss 0.0866 (0.0866)	MAE 0.113 (0.113)
Test: [0/3]	Time 0.021 (0.021)	Loss 0.2962 (0.2962)	MAE 0.192 (0.192)
Epoch: [98][0/7]	Time 0.093 (0.093)	Data 0.011 (0.011)	Loss 0.0654 (0.0654)	MAE 0.092 (0.092)
Test: [0/3]	Time 0.021 (0.021)	Loss 0.3056 (0.3056)	MAE 0.190 (0.190)
Epoch: [99][0/7]	Time 0.093 (0.093)	Data 0.011 (0.011)	Loss 0.0640 (0.0640)	MAE 0.091 (0.091)
Test: [0/3]	Time 0.021 (0.021)	Loss 0.2890 (0.2890)	MAE 0.181 (0.181)
Epoch: [100][0/7]	Time 0.093 (0.093)	Data 0.011 (0.011)	Loss 0.0776 (0.0776)	MAE 0.104 (0.104)
Test: [0/3]	Time 0.021 (0.021)	Loss 0.2881 (0.2881)	MAE 0.182 (0.182)
Epoch: [101][0/7]	Time 0.093 (0.093)	Data 0.011 (0.011)	Loss 0.0531 (0.0531)	MAE 0.079 (0.079)
Test: [0/3]	Time 0.021 (0.021)	Loss 0.2849 (0.2849)	MAE 0.184 (0.184)
Epoch: [102][0/7]	Time 0.093 (0.093)	Data 0.011 (0.011)	Loss 0.0508 (0.0508)	MAE 0.076 (0.076)
Test: [0/3]	Time 0.021 (0.021)	Loss 0.2805 (0.2805)	MAE 0.178 (0.178)
Epoch: [103][0/7]	Time 0.094 (0.094)	Data 0.012 (0.012)	Loss 0.0482 (0.0482)	MAE 0.075 (0.075)
Test: [0/3]	Time 0.021 (0.021)	Loss 0.2827 (0.2827)	MAE 0.178 (0.178)
Epoch: [104][0/7]	Time 0.093 (0.093)	Data 0.011 (0.011)	Loss 0.0474 (0.0474)	MAE 0.074 (0.074)
Test: [0/3]	Time 0.021 (0.021)	Loss 0.2837 (0.2837)	MAE 0.179 (0.179)
Epoch: [105][0/7]	Time 0.093 (0.093)	Data 0.011 (0.011)	Loss 0.0458 (0.0458)	MAE 0.070 (0.070)
Test: [0/3]	Time 0.021 (0.021)	Loss 0.2832 (0.2832)	MAE 0.179 (0.179)
Epoch: [106][0/7]	Time 0.093 (0.093)	Data 0.011 (0.011)	Loss 0.0455 (0.0455)	MAE 0.070 (0.070)
Test: [0/3]	Time 0.021 (0.021)	Loss 0.2843 (0.2843)	MAE 0.179 (0.179)
Epoch: [107][0/7]	Time 0.093 (0.093)	Data 0.011 (0.011)	Loss 0.0456 (0.0456)	MAE 0.071 (0.071)
Test: [0/3]	Time 0.021 (0.021)	Loss 0.2872 (0.2872)	MAE 0.180 (0.180)
Epoch: [108][0/7]	Time 0.093 (0.093)	Data 0.011 (0.011)	Loss 0.0451 (0.0451)	MAE 0.070 (0.070)
Test: [0/3]	Time 0.021 (0.021)	Loss 0.2888 (0.2888)	MAE 0.180 (0.180)
Epoch: [109][0/7]	Time 0.093 (0.093)	Data 0.011 (0.011)	Loss 0.0448 (0.0448)	MAE 0.069 (0.069)
Test: [0/3]	Time 0.021 (0.021)	Loss 0.2887 (0.2887)	MAE 0.180 (0.180)
Epoch: [110][0/7]	Time 0.093 (0.093)	Data 0.011 (0.011)	Loss 0.0447 (0.0447)	MAE 0.069 (0.069)
Test: [0/3]	Time 0.021 (0.021)	Loss 0.2890 (0.2890)	MAE 0.180 (0.180)
Epoch: [111][0/7]	Time 0.093 (0.093)	Data 0.011 (0.011)	Loss 0.0446 (0.0446)	MAE 0.069 (0.069)
Test: [0/3]	Time 0.021 (0.021)	Loss 0.2900 (0.2900)	MAE 0.180 (0.180)
Epoch: [112][0/7]	Time 0.093 (0.093)	Data 0.011 (0.011)	Loss 0.0444 (0.0444)	MAE 0.069 (0.069)
Test: [0/3]	Time 0.021 (0.021)	Loss 0.2907 (0.2907)	MAE 0.181 (0.181)
Epoch: [113][0/7]	Time 0.092 (0.092)	Data 0.011 (0.011)	Loss 0.0442 (0.0442)	MAE 0.069 (0.069)
Test: [0/3]	Time 0.021 (0.021)	Loss 0.2910 (0.2910)	MAE 0.181 (0.181)
Epoch: [114][0/7]	Time 0.093 (0.093)	Data 0.011 (0.011)	Loss 0.0441 (0.0441)	MAE 0.069 (0.069)
Test: [0/3]	Time 0.021 (0.021)	Loss 0.2915 (0.2915)	MAE 0.181 (0.181)
Epoch: [115][0/7]	Time 0.093 (0.093)	Data 0.011 (0.011)	Loss 0.0440 (0.0440)	MAE 0.069 (0.069)
Test: [0/3]	Time 0.021 (0.021)	Loss 0.2919 (0.2919)	MAE 0.181 (0.181)
Epoch: [116][0/7]	Time 0.093 (0.093)	Data 0.011 (0.011)	Loss 0.0438 (0.0438)	MAE 0.068 (0.068)
Test: [0/3]	Time 0.021 (0.021)	Loss 0.2924 (0.2924)	MAE 0.181 (0.181)
Epoch: [117][0/7]	Time 0.093 (0.093)	Data 0.011 (0.011)	Loss 0.0437 (0.0437)	MAE 0.068 (0.068)
Test: [0/3]	Time 0.021 (0.021)	Loss 0.2928 (0.2928)	MAE 0.181 (0.181)
Epoch: [118][0/7]	Time 0.093 (0.093)	Data 0.011 (0.011)	Loss 0.0436 (0.0436)	MAE 0.068 (0.068)
Test: [0/3]	Time 0.021 (0.021)	Loss 0.2932 (0.2932)	MAE 0.181 (0.181)
Epoch: [119][0/7]	Time 0.093 (0.093)	Data 0.011 (0.011)	Loss 0.0434 (0.0434)	MAE 0.068 (0.068)
Test: [0/3]	Time 0.021 (0.021)	Loss 0.2936 (0.2936)	MAE 0.181 (0.181)
Epoch: [120][0/7]	Time 0.093 (0.093)	Data 0.011 (0.011)	Loss 0.0433 (0.0433)	MAE 0.068 (0.068)
Test: [0/3]	Time 0.021 (0.021)	Loss 0.2940 (0.2940)	MAE 0.181 (0.181)
Epoch: [121][0/7]	Time 0.093 (0.093)	Data 0.011 (0.011)	Loss 0.0432 (0.0432)	MAE 0.068 (0.068)
Test: [0/3]	Time 0.021 (0.021)	Loss 0.2943 (0.2943)	MAE 0.181 (0.181)
Epoch: [122][0/7]	Time 0.093 (0.093)	Data 0.011 (0.011)	Loss 0.0430 (0.0430)	MAE 0.068 (0.068)
Test: [0/3]	Time 0.021 (0.021)	Loss 0.2947 (0.2947)	MAE 0.181 (0.181)
Epoch: [123][0/7]	Time 0.093 (0.093)	Data 0.011 (0.011)	Loss 0.0429 (0.0429)	MAE 0.068 (0.068)
Test: [0/3]	Time 0.021 (0.021)	Loss 0.2950 (0.2950)	MAE 0.182 (0.182)
Epoch: [124][0/7]	Time 0.093 (0.093)	Data 0.011 (0.011)	Loss 0.0428 (0.0428)	MAE 0.068 (0.068)
Test: [0/3]	Time 0.021 (0.021)	Loss 0.2954 (0.2954)	MAE 0.182 (0.182)
Epoch: [125][0/7]	Time 0.093 (0.093)	Data 0.011 (0.011)	Loss 0.0426 (0.0426)	MAE 0.068 (0.068)
Test: [0/3]	Time 0.021 (0.021)	Loss 0.2957 (0.2957)	MAE 0.182 (0.182)
Epoch: [126][0/7]	Time 0.095 (0.095)	Data 0.013 (0.013)	Loss 0.0425 (0.0425)	MAE 0.068 (0.068)
Test: [0/3]	Time 0.021 (0.021)	Loss 0.2960 (0.2960)	MAE 0.182 (0.182)
Epoch: [127][0/7]	Time 0.093 (0.093)	Data 0.011 (0.011)	Loss 0.0424 (0.0424)	MAE 0.067 (0.067)
Test: [0/3]	Time 0.021 (0.021)	Loss 0.2963 (0.2963)	MAE 0.182 (0.182)
Epoch: [128][0/7]	Time 0.092 (0.092)	Data 0.011 (0.011)	Loss 0.0423 (0.0423)	MAE 0.067 (0.067)
Test: [0/3]	Time 0.021 (0.021)	Loss 0.2966 (0.2966)	MAE 0.182 (0.182)
Epoch: [129][0/7]	Time 0.092 (0.092)	Data 0.011 (0.011)	Loss 0.0421 (0.0421)	MAE 0.067 (0.067)
Test: [0/3]	Time 0.021 (0.021)	Loss 0.2969 (0.2969)	MAE 0.182 (0.182)
Epoch: [130][0/7]	Time 0.093 (0.093)	Data 0.011 (0.011)	Loss 0.0420 (0.0420)	MAE 0.067 (0.067)
Test: [0/3]	Time 0.070 (0.070)	Loss 0.2972 (0.2972)	MAE 0.182 (0.182)
Epoch: [131][0/7]	Time 0.093 (0.093)	Data 0.011 (0.011)	Loss 0.0419 (0.0419)	MAE 0.067 (0.067)
Test: [0/3]	Time 0.021 (0.021)	Loss 0.2975 (0.2975)	MAE 0.182 (0.182)
Epoch: [132][0/7]	Time 0.093 (0.093)	Data 0.011 (0.011)	Loss 0.0418 (0.0418)	MAE 0.067 (0.067)
Test: [0/3]	Time 0.021 (0.021)	Loss 0.2978 (0.2978)	MAE 0.182 (0.182)
Epoch: [133][0/7]	Time 0.093 (0.093)	Data 0.011 (0.011)	Loss 0.0416 (0.0416)	MAE 0.067 (0.067)
Test: [0/3]	Time 0.021 (0.021)	Loss 0.2981 (0.2981)	MAE 0.182 (0.182)
Epoch: [134][0/7]	Time 0.093 (0.093)	Data 0.011 (0.011)	Loss 0.0415 (0.0415)	MAE 0.067 (0.067)
Test: [0/3]	Time 0.020 (0.020)	Loss 0.2984 (0.2984)	MAE 0.182 (0.182)
Epoch: [135][0/7]	Time 0.093 (0.093)	Data 0.011 (0.011)	Loss 0.0414 (0.0414)	MAE 0.067 (0.067)
Test: [0/3]	Time 0.021 (0.021)	Loss 0.2987 (0.2987)	MAE 0.182 (0.182)
Epoch: [136][0/7]	Time 0.093 (0.093)	Data 0.011 (0.011)	Loss 0.0413 (0.0413)	MAE 0.067 (0.067)
Test: [0/3]	Time 0.020 (0.020)	Loss 0.2989 (0.2989)	MAE 0.183 (0.183)
Epoch: [137][0/7]	Time 0.093 (0.093)	Data 0.011 (0.011)	Loss 0.0411 (0.0411)	MAE 0.067 (0.067)
Test: [0/3]	Time 0.021 (0.021)	Loss 0.2992 (0.2992)	MAE 0.183 (0.183)
Epoch: [138][0/7]	Time 0.093 (0.093)	Data 0.011 (0.011)	Loss 0.0410 (0.0410)	MAE 0.067 (0.067)
Test: [0/3]	Time 0.020 (0.020)	Loss 0.2995 (0.2995)	MAE 0.183 (0.183)
Epoch: [139][0/7]	Time 0.092 (0.092)	Data 0.011 (0.011)	Loss 0.0409 (0.0409)	MAE 0.067 (0.067)
Test: [0/3]	Time 0.020 (0.020)	Loss 0.2997 (0.2997)	MAE 0.183 (0.183)
Epoch: [140][0/7]	Time 0.092 (0.092)	Data 0.011 (0.011)	Loss 0.0408 (0.0408)	MAE 0.066 (0.066)
Test: [0/3]	Time 0.020 (0.020)	Loss 0.3000 (0.3000)	MAE 0.183 (0.183)
Epoch: [141][0/7]	Time 0.093 (0.093)	Data 0.011 (0.011)	Loss 0.0406 (0.0406)	MAE 0.066 (0.066)
Test: [0/3]	Time 0.021 (0.021)	Loss 0.3002 (0.3002)	MAE 0.183 (0.183)
Epoch: [142][0/7]	Time 0.092 (0.092)	Data 0.011 (0.011)	Loss 0.0405 (0.0405)	MAE 0.066 (0.066)
Test: [0/3]	Time 0.020 (0.020)	Loss 0.3005 (0.3005)	MAE 0.183 (0.183)
Epoch: [143][0/7]	Time 0.093 (0.093)	Data 0.011 (0.011)	Loss 0.0404 (0.0404)	MAE 0.066 (0.066)
Test: [0/3]	Time 0.021 (0.021)	Loss 0.3007 (0.3007)	MAE 0.183 (0.183)
Epoch: [144][0/7]	Time 0.093 (0.093)	Data 0.011 (0.011)	Loss 0.0403 (0.0403)	MAE 0.066 (0.066)
Test: [0/3]	Time 0.021 (0.021)	Loss 0.3010 (0.3010)	MAE 0.183 (0.183)
Epoch: [145][0/7]	Time 0.094 (0.094)	Data 0.012 (0.012)	Loss 0.0402 (0.0402)	MAE 0.066 (0.066)
Test: [0/3]	Time 0.021 (0.021)	Loss 0.3012 (0.3012)	MAE 0.183 (0.183)
Epoch: [146][0/7]	Time 0.093 (0.093)	Data 0.011 (0.011)	Loss 0.0401 (0.0401)	MAE 0.066 (0.066)
Test: [0/3]	Time 0.020 (0.020)	Loss 0.3015 (0.3015)	MAE 0.183 (0.183)
Epoch: [147][0/7]	Time 0.093 (0.093)	Data 0.011 (0.011)	Loss 0.0399 (0.0399)	MAE 0.066 (0.066)
Test: [0/3]	Time 0.020 (0.020)	Loss 0.3017 (0.3017)	MAE 0.183 (0.183)
Epoch: [148][0/7]	Time 0.092 (0.092)	Data 0.011 (0.011)	Loss 0.0398 (0.0398)	MAE 0.066 (0.066)
Test: [0/3]	Time 0.021 (0.021)	Loss 0.3019 (0.3019)	MAE 0.183 (0.183)
Epoch: [149][0/7]	Time 0.093 (0.093)	Data 0.011 (0.011)	Loss 0.0397 (0.0397)	MAE 0.066 (0.066)
Test: [0/3]	Time 0.020 (0.020)	Loss 0.3022 (0.3022)	MAE 0.183 (0.183)
Epoch: [150][0/7]	Time 0.093 (0.093)	Data 0.011 (0.011)	Loss 0.0396 (0.0396)	MAE 0.066 (0.066)
Test: [0/3]	Time 0.021 (0.021)	Loss 0.3024 (0.3024)	MAE 0.183 (0.183)
Epoch: [151][0/7]	Time 0.093 (0.093)	Data 0.011 (0.011)	Loss 0.0395 (0.0395)	MAE 0.066 (0.066)
Test: [0/3]	Time 0.021 (0.021)	Loss 0.3026 (0.3026)	MAE 0.183 (0.183)
Epoch: [152][0/7]	Time 0.093 (0.093)	Data 0.011 (0.011)	Loss 0.0394 (0.0394)	MAE 0.066 (0.066)
Test: [0/3]	Time 0.021 (0.021)	Loss 0.3029 (0.3029)	MAE 0.183 (0.183)
Epoch: [153][0/7]	Time 0.093 (0.093)	Data 0.011 (0.011)	Loss 0.0392 (0.0392)	MAE 0.066 (0.066)
Test: [0/3]	Time 0.021 (0.021)	Loss 0.3031 (0.3031)	MAE 0.184 (0.184)
Epoch: [154][0/7]	Time 0.093 (0.093)	Data 0.011 (0.011)	Loss 0.0391 (0.0391)	MAE 0.065 (0.065)
Test: [0/3]	Time 0.021 (0.021)	Loss 0.3033 (0.3033)	MAE 0.184 (0.184)
Epoch: [155][0/7]	Time 0.093 (0.093)	Data 0.011 (0.011)	Loss 0.0390 (0.0390)	MAE 0.065 (0.065)
Test: [0/3]	Time 0.020 (0.020)	Loss 0.3035 (0.3035)	MAE 0.184 (0.184)
Epoch: [156][0/7]	Time 0.093 (0.093)	Data 0.011 (0.011)	Loss 0.0389 (0.0389)	MAE 0.065 (0.065)
Test: [0/3]	Time 0.021 (0.021)	Loss 0.3038 (0.3038)	MAE 0.184 (0.184)
Epoch: [157][0/7]	Time 0.093 (0.093)	Data 0.011 (0.011)	Loss 0.0388 (0.0388)	MAE 0.065 (0.065)
Test: [0/3]	Time 0.021 (0.021)	Loss 0.3040 (0.3040)	MAE 0.184 (0.184)
Epoch: [158][0/7]	Time 0.093 (0.093)	Data 0.011 (0.011)	Loss 0.0387 (0.0387)	MAE 0.065 (0.065)
Test: [0/3]	Time 0.021 (0.021)	Loss 0.3042 (0.3042)	MAE 0.184 (0.184)
Epoch: [159][0/7]	Time 0.093 (0.093)	Data 0.011 (0.011)	Loss 0.0386 (0.0386)	MAE 0.065 (0.065)
Test: [0/3]	Time 0.021 (0.021)	Loss 0.3044 (0.3044)	MAE 0.184 (0.184)
Epoch: [160][0/7]	Time 0.093 (0.093)	Data 0.011 (0.011)	Loss 0.0385 (0.0385)	MAE 0.065 (0.065)
Test: [0/3]	Time 0.020 (0.020)	Loss 0.3046 (0.3046)	MAE 0.184 (0.184)
Epoch: [161][0/7]	Time 0.093 (0.093)	Data 0.011 (0.011)	Loss 0.0384 (0.0384)	MAE 0.065 (0.065)
Test: [0/3]	Time 0.021 (0.021)	Loss 0.3048 (0.3048)	MAE 0.184 (0.184)
Epoch: [162][0/7]	Time 0.093 (0.093)	Data 0.011 (0.011)	Loss 0.0382 (0.0382)	MAE 0.065 (0.065)
Test: [0/3]	Time 0.021 (0.021)	Loss 0.3051 (0.3051)	MAE 0.184 (0.184)
Epoch: [163][0/7]	Time 0.093 (0.093)	Data 0.011 (0.011)	Loss 0.0381 (0.0381)	MAE 0.065 (0.065)
Test: [0/3]	Time 0.021 (0.021)	Loss 0.3053 (0.3053)	MAE 0.184 (0.184)
Epoch: [164][0/7]	Time 0.093 (0.093)	Data 0.011 (0.011)	Loss 0.0380 (0.0380)	MAE 0.065 (0.065)
Test: [0/3]	Time 0.021 (0.021)	Loss 0.3055 (0.3055)	MAE 0.184 (0.184)
Epoch: [165][0/7]	Time 0.093 (0.093)	Data 0.011 (0.011)	Loss 0.0379 (0.0379)	MAE 0.065 (0.065)
Test: [0/3]	Time 0.021 (0.021)	Loss 0.3057 (0.3057)	MAE 0.184 (0.184)
Epoch: [166][0/7]	Time 0.093 (0.093)	Data 0.011 (0.011)	Loss 0.0378 (0.0378)	MAE 0.065 (0.065)
Test: [0/3]	Time 0.021 (0.021)	Loss 0.3059 (0.3059)	MAE 0.184 (0.184)
Epoch: [167][0/7]	Time 0.093 (0.093)	Data 0.012 (0.012)	Loss 0.0377 (0.0377)	MAE 0.064 (0.064)
Test: [0/3]	Time 0.021 (0.021)	Loss 0.3061 (0.3061)	MAE 0.184 (0.184)
Epoch: [168][0/7]	Time 0.093 (0.093)	Data 0.011 (0.011)	Loss 0.0376 (0.0376)	MAE 0.064 (0.064)
Test: [0/3]	Time 0.021 (0.021)	Loss 0.3063 (0.3063)	MAE 0.184 (0.184)
Epoch: [169][0/7]	Time 0.093 (0.093)	Data 0.011 (0.011)	Loss 0.0375 (0.0375)	MAE 0.064 (0.064)
Test: [0/3]	Time 0.021 (0.021)	Loss 0.3065 (0.3065)	MAE 0.184 (0.184)
Epoch: [170][0/7]	Time 0.093 (0.093)	Data 0.011 (0.011)	Loss 0.0374 (0.0374)	MAE 0.064 (0.064)
Test: [0/3]	Time 0.021 (0.021)	Loss 0.3067 (0.3067)	MAE 0.184 (0.184)
Epoch: [171][0/7]	Time 0.093 (0.093)	Data 0.011 (0.011)	Loss 0.0373 (0.0373)	MAE 0.064 (0.064)
Test: [0/3]	Time 0.021 (0.021)	Loss 0.3069 (0.3069)	MAE 0.184 (0.184)
Epoch: [172][0/7]	Time 0.093 (0.093)	Data 0.011 (0.011)	Loss 0.0372 (0.0372)	MAE 0.064 (0.064)
Test: [0/3]	Time 0.021 (0.021)	Loss 0.3071 (0.3071)	MAE 0.184 (0.184)
Epoch: [173][0/7]	Time 0.093 (0.093)	Data 0.011 (0.011)	Loss 0.0371 (0.0371)	MAE 0.064 (0.064)
Test: [0/3]	Time 0.021 (0.021)	Loss 0.3073 (0.3073)	MAE 0.184 (0.184)
Epoch: [174][0/7]	Time 0.093 (0.093)	Data 0.011 (0.011)	Loss 0.0370 (0.0370)	MAE 0.064 (0.064)
Test: [0/3]	Time 0.020 (0.020)	Loss 0.3075 (0.3075)	MAE 0.184 (0.184)
Epoch: [175][0/7]	Time 0.093 (0.093)	Data 0.011 (0.011)	Loss 0.0369 (0.0369)	MAE 0.064 (0.064)
Test: [0/3]	Time 0.021 (0.021)	Loss 0.3078 (0.3078)	MAE 0.184 (0.184)
Epoch: [176][0/7]	Time 0.093 (0.093)	Data 0.011 (0.011)	Loss 0.0367 (0.0367)	MAE 0.064 (0.064)
Test: [0/3]	Time 0.021 (0.021)	Loss 0.3080 (0.3080)	MAE 0.184 (0.184)
Epoch: [177][0/7]	Time 0.093 (0.093)	Data 0.011 (0.011)	Loss 0.0366 (0.0366)	MAE 0.064 (0.064)
Test: [0/3]	Time 0.021 (0.021)	Loss 0.3082 (0.3082)	MAE 0.184 (0.184)
Epoch: [178][0/7]	Time 0.093 (0.093)	Data 0.011 (0.011)	Loss 0.0365 (0.0365)	MAE 0.064 (0.064)
Test: [0/3]	Time 0.021 (0.021)	Loss 0.3084 (0.3084)	MAE 0.184 (0.184)
Epoch: [179][0/7]	Time 0.093 (0.093)	Data 0.011 (0.011)	Loss 0.0364 (0.0364)	MAE 0.064 (0.064)
Test: [0/3]	Time 0.021 (0.021)	Loss 0.3086 (0.3086)	MAE 0.185 (0.185)
Epoch: [180][0/7]	Time 0.093 (0.093)	Data 0.011 (0.011)	Loss 0.0363 (0.0363)	MAE 0.063 (0.063)
Test: [0/3]	Time 0.021 (0.021)	Loss 0.3088 (0.3088)	MAE 0.185 (0.185)
Epoch: [181][0/7]	Time 0.093 (0.093)	Data 0.011 (0.011)	Loss 0.0362 (0.0362)	MAE 0.063 (0.063)
Test: [0/3]	Time 0.021 (0.021)	Loss 0.3090 (0.3090)	MAE 0.185 (0.185)
Epoch: [182][0/7]	Time 0.093 (0.093)	Data 0.011 (0.011)	Loss 0.0361 (0.0361)	MAE 0.063 (0.063)
Test: [0/3]	Time 0.021 (0.021)	Loss 0.3092 (0.3092)	MAE 0.185 (0.185)
Epoch: [183][0/7]	Time 0.093 (0.093)	Data 0.011 (0.011)	Loss 0.0360 (0.0360)	MAE 0.063 (0.063)
Test: [0/3]	Time 0.021 (0.021)	Loss 0.3094 (0.3094)	MAE 0.185 (0.185)
Epoch: [184][0/7]	Time 0.093 (0.093)	Data 0.011 (0.011)	Loss 0.0359 (0.0359)	MAE 0.063 (0.063)
Test: [0/3]	Time 0.021 (0.021)	Loss 0.3096 (0.3096)	MAE 0.185 (0.185)
Epoch: [185][0/7]	Time 0.093 (0.093)	Data 0.011 (0.011)	Loss 0.0358 (0.0358)	MAE 0.063 (0.063)
Test: [0/3]	Time 0.021 (0.021)	Loss 0.3098 (0.3098)	MAE 0.185 (0.185)
Epoch: [186][0/7]	Time 0.094 (0.094)	Data 0.011 (0.011)	Loss 0.0357 (0.0357)	MAE 0.063 (0.063)
Test: [0/3]	Time 0.021 (0.021)	Loss 0.3099 (0.3099)	MAE 0.185 (0.185)
Epoch: [187][0/7]	Time 0.094 (0.094)	Data 0.011 (0.011)	Loss 0.0356 (0.0356)	MAE 0.063 (0.063)
Test: [0/3]	Time 0.021 (0.021)	Loss 0.3101 (0.3101)	MAE 0.185 (0.185)
Epoch: [188][0/7]	Time 0.093 (0.093)	Data 0.011 (0.011)	Loss 0.0355 (0.0355)	MAE 0.063 (0.063)
Test: [0/3]	Time 0.021 (0.021)	Loss 0.3103 (0.3103)	MAE 0.185 (0.185)
Epoch: [189][0/7]	Time 0.093 (0.093)	Data 0.011 (0.011)	Loss 0.0354 (0.0354)	MAE 0.063 (0.063)
Test: [0/3]	Time 0.022 (0.022)	Loss 0.3105 (0.3105)	MAE 0.185 (0.185)
Epoch: [190][0/7]	Time 0.093 (0.093)	Data 0.012 (0.012)	Loss 0.0353 (0.0353)	MAE 0.063 (0.063)
Test: [0/3]	Time 0.022 (0.022)	Loss 0.3107 (0.3107)	MAE 0.185 (0.185)
Epoch: [191][0/7]	Time 0.095 (0.095)	Data 0.012 (0.012)	Loss 0.0352 (0.0352)	MAE 0.063 (0.063)
Test: [0/3]	Time 0.021 (0.021)	Loss 0.3109 (0.3109)	MAE 0.185 (0.185)
Epoch: [192][0/7]	Time 0.093 (0.093)	Data 0.011 (0.011)	Loss 0.0351 (0.0351)	MAE 0.063 (0.063)
Test: [0/3]	Time 0.021 (0.021)	Loss 0.3111 (0.3111)	MAE 0.185 (0.185)
Epoch: [193][0/7]	Time 0.094 (0.094)	Data 0.012 (0.012)	Loss 0.0350 (0.0350)	MAE 0.062 (0.062)
Test: [0/3]	Time 0.021 (0.021)	Loss 0.3113 (0.3113)	MAE 0.185 (0.185)
Epoch: [194][0/7]	Time 0.093 (0.093)	Data 0.011 (0.011)	Loss 0.0349 (0.0349)	MAE 0.062 (0.062)
Test: [0/3]	Time 0.021 (0.021)	Loss 0.3115 (0.3115)	MAE 0.185 (0.185)
Epoch: [195][0/7]	Time 0.093 (0.093)	Data 0.011 (0.011)	Loss 0.0348 (0.0348)	MAE 0.062 (0.062)
Test: [0/3]	Time 0.021 (0.021)	Loss 0.3117 (0.3117)	MAE 0.185 (0.185)
Epoch: [196][0/7]	Time 0.093 (0.093)	Data 0.011 (0.011)	Loss 0.0347 (0.0347)	MAE 0.062 (0.062)
Test: [0/3]	Time 0.021 (0.021)	Loss 0.3119 (0.3119)	MAE 0.185 (0.185)
Epoch: [197][0/7]	Time 0.093 (0.093)	Data 0.011 (0.011)	Loss 0.0346 (0.0346)	MAE 0.062 (0.062)
Test: [0/3]	Time 0.021 (0.021)	Loss 0.3121 (0.3121)	MAE 0.185 (0.185)
Epoch: [198][0/7]	Time 0.093 (0.093)	Data 0.011 (0.011)	Loss 0.0345 (0.0345)	MAE 0.062 (0.062)
Test: [0/3]	Time 0.021 (0.021)	Loss 0.3123 (0.3123)	MAE 0.185 (0.185)
Epoch: [199][0/7]	Time 0.093 (0.093)	Data 0.011 (0.011)	Loss 0.0344 (0.0344)	MAE 0.062 (0.062)
Test: [0/3]	Time 0.022 (0.022)	Loss 0.3125 (0.3125)	MAE 0.185 (0.185)
Epoch: [200][0/7]	Time 0.094 (0.094)	Data 0.013 (0.013)	Loss 0.0344 (0.0344)	MAE 0.062 (0.062)
Test: [0/3]	Time 0.021 (0.021)	Loss 0.3127 (0.3127)	MAE 0.185 (0.185)
Epoch: [201][0/7]	Time 0.093 (0.093)	Data 0.011 (0.011)	Loss 0.0343 (0.0343)	MAE 0.062 (0.062)
Test: [0/3]	Time 0.021 (0.021)	Loss 0.3129 (0.3129)	MAE 0.185 (0.185)
Epoch: [202][0/7]	Time 0.093 (0.093)	Data 0.011 (0.011)	Loss 0.0342 (0.0342)	MAE 0.062 (0.062)
Test: [0/3]	Time 0.021 (0.021)	Loss 0.3131 (0.3131)	MAE 0.185 (0.185)
Epoch: [203][0/7]	Time 0.093 (0.093)	Data 0.011 (0.011)	Loss 0.0341 (0.0341)	MAE 0.062 (0.062)
Test: [0/3]	Time 0.020 (0.020)	Loss 0.3133 (0.3133)	MAE 0.185 (0.185)
Epoch: [204][0/7]	Time 0.092 (0.092)	Data 0.011 (0.011)	Loss 0.0340 (0.0340)	MAE 0.062 (0.062)
Test: [0/3]	Time 0.020 (0.020)	Loss 0.3135 (0.3135)	MAE 0.185 (0.185)
Epoch: [205][0/7]	Time 0.093 (0.093)	Data 0.011 (0.011)	Loss 0.0339 (0.0339)	MAE 0.062 (0.062)
Test: [0/3]	Time 0.021 (0.021)	Loss 0.3136 (0.3136)	MAE 0.185 (0.185)
Epoch: [206][0/7]	Time 0.093 (0.093)	Data 0.011 (0.011)	Loss 0.0338 (0.0338)	MAE 0.062 (0.062)
Test: [0/3]	Time 0.021 (0.021)	Loss 0.3138 (0.3138)	MAE 0.185 (0.185)
Epoch: [207][0/7]	Time 0.093 (0.093)	Data 0.011 (0.011)	Loss 0.0337 (0.0337)	MAE 0.061 (0.061)
Test: [0/3]	Time 0.020 (0.020)	Loss 0.3140 (0.3140)	MAE 0.185 (0.185)
Epoch: [208][0/7]	Time 0.093 (0.093)	Data 0.011 (0.011)	Loss 0.0336 (0.0336)	MAE 0.061 (0.061)
Test: [0/3]	Time 0.021 (0.021)	Loss 0.3142 (0.3142)	MAE 0.185 (0.185)
Epoch: [209][0/7]	Time 0.093 (0.093)	Data 0.011 (0.011)	Loss 0.0335 (0.0335)	MAE 0.061 (0.061)
Test: [0/3]	Time 0.021 (0.021)	Loss 0.3144 (0.3144)	MAE 0.185 (0.185)
Epoch: [210][0/7]	Time 0.093 (0.093)	Data 0.011 (0.011)	Loss 0.0334 (0.0334)	MAE 0.061 (0.061)
Test: [0/3]	Time 0.020 (0.020)	Loss 0.3146 (0.3146)	MAE 0.186 (0.186)
Epoch: [211][0/7]	Time 0.093 (0.093)	Data 0.011 (0.011)	Loss 0.0333 (0.0333)	MAE 0.061 (0.061)
Test: [0/3]	Time 0.021 (0.021)	Loss 0.3148 (0.3148)	MAE 0.186 (0.186)
Epoch: [212][0/7]	Time 0.094 (0.094)	Data 0.011 (0.011)	Loss 0.0332 (0.0332)	MAE 0.061 (0.061)
Test: [0/3]	Time 0.021 (0.021)	Loss 0.3150 (0.3150)	MAE 0.186 (0.186)
Epoch: [213][0/7]	Time 0.093 (0.093)	Data 0.011 (0.011)	Loss 0.0331 (0.0331)	MAE 0.061 (0.061)
Test: [0/3]	Time 0.020 (0.020)	Loss 0.3152 (0.3152)	MAE 0.186 (0.186)
Epoch: [214][0/7]	Time 0.093 (0.093)	Data 0.011 (0.011)	Loss 0.0330 (0.0330)	MAE 0.061 (0.061)
Test: [0/3]	Time 0.022 (0.022)	Loss 0.3154 (0.3154)	MAE 0.186 (0.186)
Epoch: [215][0/7]	Time 0.094 (0.094)	Data 0.012 (0.012)	Loss 0.0329 (0.0329)	MAE 0.061 (0.061)
Test: [0/3]	Time 0.020 (0.020)	Loss 0.3156 (0.3156)	MAE 0.186 (0.186)
Epoch: [216][0/7]	Time 0.093 (0.093)	Data 0.011 (0.011)	Loss 0.0329 (0.0329)	MAE 0.061 (0.061)
Test: [0/3]	Time 0.021 (0.021)	Loss 0.3158 (0.3158)	MAE 0.186 (0.186)
Epoch: [217][0/7]	Time 0.093 (0.093)	Data 0.011 (0.011)	Loss 0.0328 (0.0328)	MAE 0.061 (0.061)
Test: [0/3]	Time 0.021 (0.021)	Loss 0.3160 (0.3160)	MAE 0.186 (0.186)
Epoch: [218][0/7]	Time 0.093 (0.093)	Data 0.011 (0.011)	Loss 0.0327 (0.0327)	MAE 0.061 (0.061)
Test: [0/3]	Time 0.020 (0.020)	Loss 0.3161 (0.3161)	MAE 0.186 (0.186)
Epoch: [219][0/7]	Time 0.092 (0.092)	Data 0.011 (0.011)	Loss 0.0326 (0.0326)	MAE 0.061 (0.061)
Test: [0/3]	Time 0.021 (0.021)	Loss 0.3163 (0.3163)	MAE 0.186 (0.186)
Epoch: [220][0/7]	Time 0.093 (0.093)	Data 0.011 (0.011)	Loss 0.0325 (0.0325)	MAE 0.061 (0.061)
Test: [0/3]	Time 0.021 (0.021)	Loss 0.3165 (0.3165)	MAE 0.186 (0.186)
Epoch: [221][0/7]	Time 0.093 (0.093)	Data 0.011 (0.011)	Loss 0.0324 (0.0324)	MAE 0.060 (0.060)
Test: [0/3]	Time 0.021 (0.021)	Loss 0.3167 (0.3167)	MAE 0.186 (0.186)
Epoch: [222][0/7]	Time 0.093 (0.093)	Data 0.011 (0.011)	Loss 0.0323 (0.0323)	MAE 0.060 (0.060)
Test: [0/3]	Time 0.021 (0.021)	Loss 0.3169 (0.3169)	MAE 0.186 (0.186)
Epoch: [223][0/7]	Time 0.093 (0.093)	Data 0.011 (0.011)	Loss 0.0322 (0.0322)	MAE 0.060 (0.060)
Test: [0/3]	Time 0.021 (0.021)	Loss 0.3171 (0.3171)	MAE 0.186 (0.186)
Epoch: [224][0/7]	Time 0.093 (0.093)	Data 0.011 (0.011)	Loss 0.0321 (0.0321)	MAE 0.060 (0.060)
Test: [0/3]	Time 0.020 (0.020)	Loss 0.3173 (0.3173)	MAE 0.186 (0.186)
Epoch: [225][0/7]	Time 0.093 (0.093)	Data 0.011 (0.011)	Loss 0.0320 (0.0320)	MAE 0.060 (0.060)
Test: [0/3]	Time 0.021 (0.021)	Loss 0.3175 (0.3175)	MAE 0.186 (0.186)
Epoch: [226][0/7]	Time 0.093 (0.093)	Data 0.011 (0.011)	Loss 0.0320 (0.0320)	MAE 0.060 (0.060)
Test: [0/3]	Time 0.020 (0.020)	Loss 0.3177 (0.3177)	MAE 0.186 (0.186)
Epoch: [227][0/7]	Time 0.093 (0.093)	Data 0.011 (0.011)	Loss 0.0319 (0.0319)	MAE 0.060 (0.060)
Test: [0/3]	Time 0.021 (0.021)	Loss 0.3179 (0.3179)	MAE 0.186 (0.186)
Epoch: [228][0/7]	Time 0.093 (0.093)	Data 0.011 (0.011)	Loss 0.0318 (0.0318)	MAE 0.060 (0.060)
Test: [0/3]	Time 0.021 (0.021)	Loss 0.3181 (0.3181)	MAE 0.186 (0.186)
Epoch: [229][0/7]	Time 0.093 (0.093)	Data 0.011 (0.011)	Loss 0.0317 (0.0317)	MAE 0.060 (0.060)
Test: [0/3]	Time 0.021 (0.021)	Loss 0.3183 (0.3183)	MAE 0.186 (0.186)
Epoch: [230][0/7]	Time 0.093 (0.093)	Data 0.011 (0.011)	Loss 0.0316 (0.0316)	MAE 0.060 (0.060)
Test: [0/3]	Time 0.021 (0.021)	Loss 0.3184 (0.3184)	MAE 0.186 (0.186)
Epoch: [231][0/7]	Time 0.092 (0.092)	Data 0.011 (0.011)	Loss 0.0315 (0.0315)	MAE 0.060 (0.060)
Test: [0/3]	Time 0.021 (0.021)	Loss 0.3186 (0.3186)	MAE 0.186 (0.186)
Epoch: [232][0/7]	Time 0.093 (0.093)	Data 0.011 (0.011)	Loss 0.0314 (0.0314)	MAE 0.060 (0.060)
Test: [0/3]	Time 0.021 (0.021)	Loss 0.3188 (0.3188)	MAE 0.186 (0.186)
Epoch: [233][0/7]	Time 0.093 (0.093)	Data 0.011 (0.011)	Loss 0.0313 (0.0313)	MAE 0.060 (0.060)
Test: [0/3]	Time 0.021 (0.021)	Loss 0.3190 (0.3190)	MAE 0.186 (0.186)
Epoch: [234][0/7]	Time 0.093 (0.093)	Data 0.011 (0.011)	Loss 0.0312 (0.0312)	MAE 0.060 (0.060)
Test: [0/3]	Time 0.021 (0.021)	Loss 0.3192 (0.3192)	MAE 0.186 (0.186)
Epoch: [235][0/7]	Time 0.093 (0.093)	Data 0.012 (0.012)	Loss 0.0312 (0.0312)	MAE 0.060 (0.060)
Test: [0/3]	Time 0.021 (0.021)	Loss 0.3194 (0.3194)	MAE 0.186 (0.186)
Epoch: [236][0/7]	Time 0.093 (0.093)	Data 0.012 (0.012)	Loss 0.0311 (0.0311)	MAE 0.059 (0.059)
Test: [0/3]	Time 0.021 (0.021)	Loss 0.3196 (0.3196)	MAE 0.186 (0.186)
Epoch: [237][0/7]	Time 0.093 (0.093)	Data 0.011 (0.011)	Loss 0.0310 (0.0310)	MAE 0.059 (0.059)
Test: [0/3]	Time 0.021 (0.021)	Loss 0.3198 (0.3198)	MAE 0.186 (0.186)
Epoch: [238][0/7]	Time 0.093 (0.093)	Data 0.011 (0.011)	Loss 0.0309 (0.0309)	MAE 0.059 (0.059)
Test: [0/3]	Time 0.021 (0.021)	Loss 0.3200 (0.3200)	MAE 0.186 (0.186)
Epoch: [239][0/7]	Time 0.093 (0.093)	Data 0.011 (0.011)	Loss 0.0308 (0.0308)	MAE 0.059 (0.059)
Test: [0/3]	Time 0.021 (0.021)	Loss 0.3202 (0.3202)	MAE 0.186 (0.186)
Epoch: [240][0/7]	Time 0.092 (0.092)	Data 0.011 (0.011)	Loss 0.0307 (0.0307)	MAE 0.059 (0.059)
Test: [0/3]	Time 0.021 (0.021)	Loss 0.3204 (0.3204)	MAE 0.186 (0.186)
Epoch: [241][0/7]	Time 0.093 (0.093)	Data 0.011 (0.011)	Loss 0.0306 (0.0306)	MAE 0.059 (0.059)
Test: [0/3]	Time 0.020 (0.020)	Loss 0.3205 (0.3205)	MAE 0.186 (0.186)
Epoch: [242][0/7]	Time 0.093 (0.093)	Data 0.011 (0.011)	Loss 0.0306 (0.0306)	MAE 0.059 (0.059)
Test: [0/3]	Time 0.021 (0.021)	Loss 0.3207 (0.3207)	MAE 0.186 (0.186)
Epoch: [243][0/7]	Time 0.093 (0.093)	Data 0.011 (0.011)	Loss 0.0305 (0.0305)	MAE 0.059 (0.059)
Test: [0/3]	Time 0.021 (0.021)	Loss 0.3209 (0.3209)	MAE 0.187 (0.187)
Epoch: [244][0/7]	Time 0.093 (0.093)	Data 0.011 (0.011)	Loss 0.0304 (0.0304)	MAE 0.059 (0.059)
Test: [0/3]	Time 0.021 (0.021)	Loss 0.3211 (0.3211)	MAE 0.187 (0.187)
Epoch: [245][0/7]	Time 0.093 (0.093)	Data 0.011 (0.011)	Loss 0.0303 (0.0303)	MAE 0.059 (0.059)
Test: [0/3]	Time 0.021 (0.021)	Loss 0.3213 (0.3213)	MAE 0.187 (0.187)
Epoch: [246][0/7]	Time 0.093 (0.093)	Data 0.011 (0.011)	Loss 0.0302 (0.0302)	MAE 0.059 (0.059)
Test: [0/3]	Time 0.020 (0.020)	Loss 0.3215 (0.3215)	MAE 0.187 (0.187)
Epoch: [247][0/7]	Time 0.093 (0.093)	Data 0.011 (0.011)	Loss 0.0301 (0.0301)	MAE 0.059 (0.059)
Test: [0/3]	Time 0.021 (0.021)	Loss 0.3217 (0.3217)	MAE 0.187 (0.187)
Epoch: [248][0/7]	Time 0.093 (0.093)	Data 0.011 (0.011)	Loss 0.0301 (0.0301)	MAE 0.059 (0.059)
Test: [0/3]	Time 0.021 (0.021)	Loss 0.3219 (0.3219)	MAE 0.187 (0.187)
Epoch: [249][0/7]	Time 0.093 (0.093)	Data 0.011 (0.011)	Loss 0.0300 (0.0300)	MAE 0.059 (0.059)
Test: [0/3]	Time 0.021 (0.021)	Loss 0.3221 (0.3221)	MAE 0.187 (0.187)
Epoch: [250][0/7]	Time 0.093 (0.093)	Data 0.011 (0.011)	Loss 0.0299 (0.0299)	MAE 0.059 (0.059)
Test: [0/3]	Time 0.021 (0.021)	Loss 0.3223 (0.3223)	MAE 0.187 (0.187)
Epoch: [251][0/7]	Time 0.093 (0.093)	Data 0.011 (0.011)	Loss 0.0298 (0.0298)	MAE 0.059 (0.059)
Test: [0/3]	Time 0.021 (0.021)	Loss 0.3224 (0.3224)	MAE 0.187 (0.187)
Epoch: [252][0/7]	Time 0.093 (0.093)	Data 0.011 (0.011)	Loss 0.0297 (0.0297)	MAE 0.058 (0.058)
Test: [0/3]	Time 0.021 (0.021)	Loss 0.3226 (0.3226)	MAE 0.187 (0.187)
Epoch: [253][0/7]	Time 0.093 (0.093)	Data 0.011 (0.011)	Loss 0.0296 (0.0296)	MAE 0.058 (0.058)
Test: [0/3]	Time 0.021 (0.021)	Loss 0.3228 (0.3228)	MAE 0.187 (0.187)
Epoch: [254][0/7]	Time 0.093 (0.093)	Data 0.011 (0.011)	Loss 0.0296 (0.0296)	MAE 0.058 (0.058)
Test: [0/3]	Time 0.021 (0.021)	Loss 0.3230 (0.3230)	MAE 0.187 (0.187)
Epoch: [255][0/7]	Time 0.093 (0.093)	Data 0.011 (0.011)	Loss 0.0295 (0.0295)	MAE 0.058 (0.058)
Test: [0/3]	Time 0.021 (0.021)	Loss 0.3232 (0.3232)	MAE 0.187 (0.187)
Epoch: [256][0/7]	Time 0.093 (0.093)	Data 0.011 (0.011)	Loss 0.0294 (0.0294)	MAE 0.058 (0.058)
Test: [0/3]	Time 0.021 (0.021)	Loss 0.3234 (0.3234)	MAE 0.187 (0.187)
Epoch: [257][0/7]	Time 0.093 (0.093)	Data 0.011 (0.011)	Loss 0.0293 (0.0293)	MAE 0.058 (0.058)
Test: [0/3]	Time 0.021 (0.021)	Loss 0.3236 (0.3236)	MAE 0.187 (0.187)
Epoch: [258][0/7]	Time 0.093 (0.093)	Data 0.011 (0.011)	Loss 0.0292 (0.0292)	MAE 0.058 (0.058)
Test: [0/3]	Time 0.021 (0.021)	Loss 0.3238 (0.3238)	MAE 0.187 (0.187)
Epoch: [259][0/7]	Time 0.093 (0.093)	Data 0.011 (0.011)	Loss 0.0292 (0.0292)	MAE 0.058 (0.058)
Test: [0/3]	Time 0.021 (0.021)	Loss 0.3240 (0.3240)	MAE 0.187 (0.187)
Epoch: [260][0/7]	Time 0.093 (0.093)	Data 0.011 (0.011)	Loss 0.0291 (0.0291)	MAE 0.058 (0.058)
Test: [0/3]	Time 0.021 (0.021)	Loss 0.3241 (0.3241)	MAE 0.187 (0.187)
Epoch: [261][0/7]	Time 0.093 (0.093)	Data 0.011 (0.011)	Loss 0.0290 (0.0290)	MAE 0.058 (0.058)
Test: [0/3]	Time 0.021 (0.021)	Loss 0.3243 (0.3243)	MAE 0.187 (0.187)
Epoch: [262][0/7]	Time 0.093 (0.093)	Data 0.011 (0.011)	Loss 0.0289 (0.0289)	MAE 0.058 (0.058)
Test: [0/3]	Time 0.021 (0.021)	Loss 0.3245 (0.3245)	MAE 0.187 (0.187)
Epoch: [263][0/7]	Time 0.093 (0.093)	Data 0.012 (0.012)	Loss 0.0288 (0.0288)	MAE 0.058 (0.058)
Test: [0/3]	Time 0.021 (0.021)	Loss 0.3247 (0.3247)	MAE 0.187 (0.187)
Epoch: [264][0/7]	Time 0.093 (0.093)	Data 0.011 (0.011)	Loss 0.0288 (0.0288)	MAE 0.058 (0.058)
Test: [0/3]	Time 0.021 (0.021)	Loss 0.3249 (0.3249)	MAE 0.187 (0.187)
Epoch: [265][0/7]	Time 0.093 (0.093)	Data 0.011 (0.011)	Loss 0.0287 (0.0287)	MAE 0.058 (0.058)
Test: [0/3]	Time 0.021 (0.021)	Loss 0.3251 (0.3251)	MAE 0.187 (0.187)
Epoch: [266][0/7]	Time 0.093 (0.093)	Data 0.011 (0.011)	Loss 0.0286 (0.0286)	MAE 0.058 (0.058)
Test: [0/3]	Time 0.021 (0.021)	Loss 0.3253 (0.3253)	MAE 0.187 (0.187)
Epoch: [267][0/7]	Time 0.093 (0.093)	Data 0.011 (0.011)	Loss 0.0285 (0.0285)	MAE 0.058 (0.058)
Test: [0/3]	Time 0.021 (0.021)	Loss 0.3255 (0.3255)	MAE 0.187 (0.187)
Epoch: [268][0/7]	Time 0.094 (0.094)	Data 0.011 (0.011)	Loss 0.0284 (0.0284)	MAE 0.058 (0.058)
Test: [0/3]	Time 0.021 (0.021)	Loss 0.3256 (0.3256)	MAE 0.187 (0.187)
Epoch: [269][0/7]	Time 0.095 (0.095)	Data 0.013 (0.013)	Loss 0.0284 (0.0284)	MAE 0.057 (0.057)
Test: [0/3]	Time 0.021 (0.021)	Loss 0.3258 (0.3258)	MAE 0.187 (0.187)
Epoch: [270][0/7]	Time 0.093 (0.093)	Data 0.011 (0.011)	Loss 0.0283 (0.0283)	MAE 0.057 (0.057)
Test: [0/3]	Time 0.021 (0.021)	Loss 0.3260 (0.3260)	MAE 0.187 (0.187)
Epoch: [271][0/7]	Time 0.093 (0.093)	Data 0.011 (0.011)	Loss 0.0282 (0.0282)	MAE 0.057 (0.057)
Test: [0/3]	Time 0.021 (0.021)	Loss 0.3262 (0.3262)	MAE 0.187 (0.187)
Epoch: [272][0/7]	Time 0.093 (0.093)	Data 0.011 (0.011)	Loss 0.0281 (0.0281)	MAE 0.057 (0.057)
Test: [0/3]	Time 0.020 (0.020)	Loss 0.3264 (0.3264)	MAE 0.187 (0.187)
Epoch: [273][0/7]	Time 0.093 (0.093)	Data 0.011 (0.011)	Loss 0.0280 (0.0280)	MAE 0.057 (0.057)
Test: [0/3]	Time 0.021 (0.021)	Loss 0.3266 (0.3266)	MAE 0.187 (0.187)
Epoch: [274][0/7]	Time 0.093 (0.093)	Data 0.011 (0.011)	Loss 0.0280 (0.0280)	MAE 0.057 (0.057)
Test: [0/3]	Time 0.021 (0.021)	Loss 0.3268 (0.3268)	MAE 0.187 (0.187)
Epoch: [275][0/7]	Time 0.093 (0.093)	Data 0.011 (0.011)	Loss 0.0279 (0.0279)	MAE 0.057 (0.057)
Test: [0/3]	Time 0.021 (0.021)	Loss 0.3270 (0.3270)	MAE 0.188 (0.188)
Epoch: [276][0/7]	Time 0.092 (0.092)	Data 0.011 (0.011)	Loss 0.0278 (0.0278)	MAE 0.057 (0.057)
Test: [0/3]	Time 0.020 (0.020)	Loss 0.3271 (0.3271)	MAE 0.188 (0.188)
Epoch: [277][0/7]	Time 0.092 (0.092)	Data 0.011 (0.011)	Loss 0.0277 (0.0277)	MAE 0.057 (0.057)
Test: [0/3]	Time 0.020 (0.020)	Loss 0.3273 (0.3273)	MAE 0.188 (0.188)
Epoch: [278][0/7]	Time 0.093 (0.093)	Data 0.011 (0.011)	Loss 0.0277 (0.0277)	MAE 0.057 (0.057)
Test: [0/3]	Time 0.020 (0.020)	Loss 0.3275 (0.3275)	MAE 0.188 (0.188)
Epoch: [279][0/7]	Time 0.093 (0.093)	Data 0.011 (0.011)	Loss 0.0276 (0.0276)	MAE 0.057 (0.057)
Test: [0/3]	Time 0.020 (0.020)	Loss 0.3277 (0.3277)	MAE 0.188 (0.188)
Epoch: [280][0/7]	Time 0.093 (0.093)	Data 0.011 (0.011)	Loss 0.0275 (0.0275)	MAE 0.057 (0.057)
Test: [0/3]	Time 0.021 (0.021)	Loss 0.3279 (0.3279)	MAE 0.188 (0.188)
Epoch: [281][0/7]	Time 0.093 (0.093)	Data 0.011 (0.011)	Loss 0.0274 (0.0274)	MAE 0.057 (0.057)
Test: [0/3]	Time 0.021 (0.021)	Loss 0.3281 (0.3281)	MAE 0.188 (0.188)
Epoch: [282][0/7]	Time 0.093 (0.093)	Data 0.011 (0.011)	Loss 0.0274 (0.0274)	MAE 0.057 (0.057)
Test: [0/3]	Time 0.020 (0.020)	Loss 0.3283 (0.3283)	MAE 0.188 (0.188)
Epoch: [283][0/7]	Time 0.093 (0.093)	Data 0.011 (0.011)	Loss 0.0273 (0.0273)	MAE 0.057 (0.057)
Test: [0/3]	Time 0.020 (0.020)	Loss 0.3284 (0.3284)	MAE 0.188 (0.188)
Epoch: [284][0/7]	Time 0.092 (0.092)	Data 0.011 (0.011)	Loss 0.0272 (0.0272)	MAE 0.057 (0.057)
Test: [0/3]	Time 0.020 (0.020)	Loss 0.3286 (0.3286)	MAE 0.188 (0.188)
Epoch: [285][0/7]	Time 0.093 (0.093)	Data 0.011 (0.011)	Loss 0.0271 (0.0271)	MAE 0.057 (0.057)
Test: [0/3]	Time 0.021 (0.021)	Loss 0.3288 (0.3288)	MAE 0.188 (0.188)
Epoch: [286][0/7]	Time 0.092 (0.092)	Data 0.011 (0.011)	Loss 0.0271 (0.0271)	MAE 0.056 (0.056)
Test: [0/3]	Time 0.022 (0.022)	Loss 0.3290 (0.3290)	MAE 0.188 (0.188)
Epoch: [287][0/7]	Time 0.094 (0.094)	Data 0.012 (0.012)	Loss 0.0270 (0.0270)	MAE 0.056 (0.056)
Test: [0/3]	Time 0.021 (0.021)	Loss 0.3292 (0.3292)	MAE 0.188 (0.188)
Epoch: [288][0/7]	Time 0.093 (0.093)	Data 0.011 (0.011)	Loss 0.0269 (0.0269)	MAE 0.056 (0.056)
Test: [0/3]	Time 0.021 (0.021)	Loss 0.3294 (0.3294)	MAE 0.188 (0.188)
Epoch: [289][0/7]	Time 0.093 (0.093)	Data 0.011 (0.011)	Loss 0.0268 (0.0268)	MAE 0.056 (0.056)
Test: [0/3]	Time 0.021 (0.021)	Loss 0.3295 (0.3295)	MAE 0.188 (0.188)
Epoch: [290][0/7]	Time 0.093 (0.093)	Data 0.011 (0.011)	Loss 0.0268 (0.0268)	MAE 0.056 (0.056)
Test: [0/3]	Time 0.021 (0.021)	Loss 0.3297 (0.3297)	MAE 0.188 (0.188)
Epoch: [291][0/7]	Time 0.093 (0.093)	Data 0.011 (0.011)	Loss 0.0267 (0.0267)	MAE 0.056 (0.056)
Test: [0/3]	Time 0.021 (0.021)	Loss 0.3299 (0.3299)	MAE 0.188 (0.188)
Epoch: [292][0/7]	Time 0.093 (0.093)	Data 0.011 (0.011)	Loss 0.0266 (0.0266)	MAE 0.056 (0.056)
Test: [0/3]	Time 0.021 (0.021)	Loss 0.3301 (0.3301)	MAE 0.188 (0.188)
Epoch: [293][0/7]	Time 0.093 (0.093)	Data 0.011 (0.011)	Loss 0.0265 (0.0265)	MAE 0.056 (0.056)
Test: [0/3]	Time 0.021 (0.021)	Loss 0.3303 (0.3303)	MAE 0.188 (0.188)
Epoch: [294][0/7]	Time 0.093 (0.093)	Data 0.011 (0.011)	Loss 0.0265 (0.0265)	MAE 0.056 (0.056)
Test: [0/3]	Time 0.021 (0.021)	Loss 0.3305 (0.3305)	MAE 0.188 (0.188)
Epoch: [295][0/7]	Time 0.093 (0.093)	Data 0.011 (0.011)	Loss 0.0264 (0.0264)	MAE 0.056 (0.056)
Test: [0/3]	Time 0.021 (0.021)	Loss 0.3306 (0.3306)	MAE 0.188 (0.188)
Epoch: [296][0/7]	Time 0.092 (0.092)	Data 0.011 (0.011)	Loss 0.0263 (0.0263)	MAE 0.056 (0.056)
Test: [0/3]	Time 0.021 (0.021)	Loss 0.3308 (0.3308)	MAE 0.188 (0.188)
Epoch: [297][0/7]	Time 0.093 (0.093)	Data 0.012 (0.012)	Loss 0.0262 (0.0262)	MAE 0.056 (0.056)
Test: [0/3]	Time 0.021 (0.021)	Loss 0.3310 (0.3310)	MAE 0.188 (0.188)
Epoch: [298][0/7]	Time 0.093 (0.093)	Data 0.011 (0.011)	Loss 0.0262 (0.0262)	MAE 0.056 (0.056)
Test: [0/3]	Time 0.021 (0.021)	Loss 0.3312 (0.3312)	MAE 0.188 (0.188)
Epoch: [299][0/7]	Time 0.093 (0.093)	Data 0.011 (0.011)	Loss 0.0261 (0.0261)	MAE 0.056 (0.056)
Test: [0/3]	Time 0.021 (0.021)	Loss 0.3314 (0.3314)	MAE 0.188 (0.188)
Epoch: [300][0/7]	Time 0.093 (0.093)	Data 0.011 (0.011)	Loss 0.0260 (0.0260)	MAE 0.056 (0.056)
Test: [0/3]	Time 0.021 (0.021)	Loss 0.3316 (0.3316)	MAE 0.188 (0.188)
Epoch: [301][0/7]	Time 0.093 (0.093)	Data 0.011 (0.011)	Loss 0.0260 (0.0260)	MAE 0.056 (0.056)
Test: [0/3]	Time 0.021 (0.021)	Loss 0.3317 (0.3317)	MAE 0.188 (0.188)
Epoch: [302][0/7]	Time 0.094 (0.094)	Data 0.011 (0.011)	Loss 0.0259 (0.0259)	MAE 0.055 (0.055)
Test: [0/3]	Time 0.021 (0.021)	Loss 0.3319 (0.3319)	MAE 0.188 (0.188)
Epoch: [303][0/7]	Time 0.093 (0.093)	Data 0.011 (0.011)	Loss 0.0258 (0.0258)	MAE 0.055 (0.055)
Test: [0/3]	Time 0.021 (0.021)	Loss 0.3321 (0.3321)	MAE 0.188 (0.188)
Epoch: [304][0/7]	Time 0.093 (0.093)	Data 0.011 (0.011)	Loss 0.0257 (0.0257)	MAE 0.055 (0.055)
Test: [0/3]	Time 0.021 (0.021)	Loss 0.3323 (0.3323)	MAE 0.188 (0.188)
Epoch: [305][0/7]	Time 0.093 (0.093)	Data 0.011 (0.011)	Loss 0.0257 (0.0257)	MAE 0.055 (0.055)
Test: [0/3]	Time 0.021 (0.021)	Loss 0.3325 (0.3325)	MAE 0.188 (0.188)
Epoch: [306][0/7]	Time 0.093 (0.093)	Data 0.011 (0.011)	Loss 0.0256 (0.0256)	MAE 0.055 (0.055)
Test: [0/3]	Time 0.021 (0.021)	Loss 0.3326 (0.3326)	MAE 0.188 (0.188)
Epoch: [307][0/7]	Time 0.092 (0.092)	Data 0.011 (0.011)	Loss 0.0255 (0.0255)	MAE 0.055 (0.055)
Test: [0/3]	Time 0.021 (0.021)	Loss 0.3328 (0.3328)	MAE 0.188 (0.188)
Epoch: [308][0/7]	Time 0.093 (0.093)	Data 0.011 (0.011)	Loss 0.0255 (0.0255)	MAE 0.055 (0.055)
Test: [0/3]	Time 0.021 (0.021)	Loss 0.3330 (0.3330)	MAE 0.188 (0.188)
Epoch: [309][0/7]	Time 0.093 (0.093)	Data 0.011 (0.011)	Loss 0.0254 (0.0254)	MAE 0.055 (0.055)
Test: [0/3]	Time 0.021 (0.021)	Loss 0.3332 (0.3332)	MAE 0.188 (0.188)
Epoch: [310][0/7]	Time 0.093 (0.093)	Data 0.011 (0.011)	Loss 0.0253 (0.0253)	MAE 0.055 (0.055)
Test: [0/3]	Time 0.021 (0.021)	Loss 0.3334 (0.3334)	MAE 0.188 (0.188)
Epoch: [311][0/7]	Time 0.093 (0.093)	Data 0.011 (0.011)	Loss 0.0252 (0.0252)	MAE 0.055 (0.055)
Test: [0/3]	Time 0.020 (0.020)	Loss 0.3335 (0.3335)	MAE 0.188 (0.188)
Epoch: [312][0/7]	Time 0.093 (0.093)	Data 0.011 (0.011)	Loss 0.0252 (0.0252)	MAE 0.055 (0.055)
Test: [0/3]	Time 0.021 (0.021)	Loss 0.3337 (0.3337)	MAE 0.188 (0.188)
Epoch: [313][0/7]	Time 0.093 (0.093)	Data 0.011 (0.011)	Loss 0.0251 (0.0251)	MAE 0.055 (0.055)
Test: [0/3]	Time 0.021 (0.021)	Loss 0.3339 (0.3339)	MAE 0.189 (0.189)
Epoch: [314][0/7]	Time 0.093 (0.093)	Data 0.011 (0.011)	Loss 0.0250 (0.0250)	MAE 0.055 (0.055)
Test: [0/3]	Time 0.021 (0.021)	Loss 0.3341 (0.3341)	MAE 0.189 (0.189)
Epoch: [315][0/7]	Time 0.093 (0.093)	Data 0.011 (0.011)	Loss 0.0250 (0.0250)	MAE 0.055 (0.055)
Test: [0/3]	Time 0.021 (0.021)	Loss 0.3342 (0.3342)	MAE 0.189 (0.189)
Epoch: [316][0/7]	Time 0.092 (0.092)	Data 0.011 (0.011)	Loss 0.0249 (0.0249)	MAE 0.055 (0.055)
Test: [0/3]	Time 0.020 (0.020)	Loss 0.3344 (0.3344)	MAE 0.189 (0.189)
Epoch: [317][0/7]	Time 0.093 (0.093)	Data 0.011 (0.011)	Loss 0.0248 (0.0248)	MAE 0.055 (0.055)
Test: [0/3]	Time 0.021 (0.021)	Loss 0.3346 (0.3346)	MAE 0.189 (0.189)
Epoch: [318][0/7]	Time 0.093 (0.093)	Data 0.011 (0.011)	Loss 0.0248 (0.0248)	MAE 0.054 (0.054)
Test: [0/3]	Time 0.021 (0.021)	Loss 0.3348 (0.3348)	MAE 0.189 (0.189)
Epoch: [319][0/7]	Time 0.093 (0.093)	Data 0.011 (0.011)	Loss 0.0247 (0.0247)	MAE 0.054 (0.054)
Test: [0/3]	Time 0.021 (0.021)	Loss 0.3349 (0.3349)	MAE 0.189 (0.189)
Epoch: [320][0/7]	Time 0.093 (0.093)	Data 0.011 (0.011)	Loss 0.0246 (0.0246)	MAE 0.054 (0.054)
Test: [0/3]	Time 0.020 (0.020)	Loss 0.3351 (0.3351)	MAE 0.189 (0.189)
Epoch: [321][0/7]	Time 0.093 (0.093)	Data 0.011 (0.011)	Loss 0.0246 (0.0246)	MAE 0.054 (0.054)
Test: [0/3]	Time 0.021 (0.021)	Loss 0.3353 (0.3353)	MAE 0.189 (0.189)
Epoch: [322][0/7]	Time 0.092 (0.092)	Data 0.011 (0.011)	Loss 0.0245 (0.0245)	MAE 0.054 (0.054)
Test: [0/3]	Time 0.021 (0.021)	Loss 0.3355 (0.3355)	MAE 0.189 (0.189)
Epoch: [323][0/7]	Time 0.097 (0.097)	Data 0.012 (0.012)	Loss 0.0244 (0.0244)	MAE 0.054 (0.054)
Test: [0/3]	Time 0.021 (0.021)	Loss 0.3357 (0.3357)	MAE 0.189 (0.189)
Epoch: [324][0/7]	Time 0.093 (0.093)	Data 0.011 (0.011)	Loss 0.0244 (0.0244)	MAE 0.054 (0.054)
Test: [0/3]	Time 0.021 (0.021)	Loss 0.3358 (0.3358)	MAE 0.189 (0.189)
Epoch: [325][0/7]	Time 0.093 (0.093)	Data 0.011 (0.011)	Loss 0.0243 (0.0243)	MAE 0.054 (0.054)
Test: [0/3]	Time 0.021 (0.021)	Loss 0.3360 (0.3360)	MAE 0.189 (0.189)
Epoch: [326][0/7]	Time 0.094 (0.094)	Data 0.011 (0.011)	Loss 0.0242 (0.0242)	MAE 0.054 (0.054)
Test: [0/3]	Time 0.021 (0.021)	Loss 0.3362 (0.3362)	MAE 0.189 (0.189)
Epoch: [327][0/7]	Time 0.093 (0.093)	Data 0.011 (0.011)	Loss 0.0242 (0.0242)	MAE 0.054 (0.054)
Test: [0/3]	Time 0.021 (0.021)	Loss 0.3364 (0.3364)	MAE 0.189 (0.189)
Epoch: [328][0/7]	Time 0.093 (0.093)	Data 0.011 (0.011)	Loss 0.0241 (0.0241)	MAE 0.054 (0.054)
Test: [0/3]	Time 0.021 (0.021)	Loss 0.3365 (0.3365)	MAE 0.189 (0.189)
Epoch: [329][0/7]	Time 0.093 (0.093)	Data 0.011 (0.011)	Loss 0.0240 (0.0240)	MAE 0.054 (0.054)
Test: [0/3]	Time 0.021 (0.021)	Loss 0.3367 (0.3367)	MAE 0.189 (0.189)
Epoch: [330][0/7]	Time 0.094 (0.094)	Data 0.011 (0.011)	Loss 0.0240 (0.0240)	MAE 0.054 (0.054)
Test: [0/3]	Time 0.021 (0.021)	Loss 0.3369 (0.3369)	MAE 0.189 (0.189)
Epoch: [331][0/7]	Time 0.093 (0.093)	Data 0.012 (0.012)	Loss 0.0239 (0.0239)	MAE 0.054 (0.054)
Test: [0/3]	Time 0.021 (0.021)	Loss 0.3370 (0.3370)	MAE 0.189 (0.189)
Epoch: [332][0/7]	Time 0.095 (0.095)	Data 0.011 (0.011)	Loss 0.0238 (0.0238)	MAE 0.054 (0.054)
Test: [0/3]	Time 0.021 (0.021)	Loss 0.3372 (0.3372)	MAE 0.189 (0.189)
Epoch: [333][0/7]	Time 0.093 (0.093)	Data 0.012 (0.012)	Loss 0.0238 (0.0238)	MAE 0.054 (0.054)
Test: [0/3]	Time 0.021 (0.021)	Loss 0.3374 (0.3374)	MAE 0.189 (0.189)
Epoch: [334][0/7]	Time 0.093 (0.093)	Data 0.012 (0.012)	Loss 0.0237 (0.0237)	MAE 0.053 (0.053)
Test: [0/3]	Time 0.021 (0.021)	Loss 0.3376 (0.3376)	MAE 0.189 (0.189)
Epoch: [335][0/7]	Time 0.093 (0.093)	Data 0.011 (0.011)	Loss 0.0236 (0.0236)	MAE 0.053 (0.053)
Test: [0/3]	Time 0.021 (0.021)	Loss 0.3377 (0.3377)	MAE 0.189 (0.189)
Epoch: [336][0/7]	Time 0.093 (0.093)	Data 0.011 (0.011)	Loss 0.0236 (0.0236)	MAE 0.053 (0.053)
Test: [0/3]	Time 0.021 (0.021)	Loss 0.3379 (0.3379)	MAE 0.189 (0.189)
Epoch: [337][0/7]	Time 0.093 (0.093)	Data 0.011 (0.011)	Loss 0.0235 (0.0235)	MAE 0.053 (0.053)
Test: [0/3]	Time 0.021 (0.021)	Loss 0.3381 (0.3381)	MAE 0.189 (0.189)
Epoch: [338][0/7]	Time 0.093 (0.093)	Data 0.012 (0.012)	Loss 0.0234 (0.0234)	MAE 0.053 (0.053)
Test: [0/3]	Time 0.021 (0.021)	Loss 0.3382 (0.3382)	MAE 0.189 (0.189)
Epoch: [339][0/7]	Time 0.094 (0.094)	Data 0.011 (0.011)	Loss 0.0234 (0.0234)	MAE 0.053 (0.053)
Test: [0/3]	Time 0.021 (0.021)	Loss 0.3384 (0.3384)	MAE 0.189 (0.189)
Epoch: [340][0/7]	Time 0.093 (0.093)	Data 0.012 (0.012)	Loss 0.0233 (0.0233)	MAE 0.053 (0.053)
Test: [0/3]	Time 0.021 (0.021)	Loss 0.3386 (0.3386)	MAE 0.189 (0.189)
Epoch: [341][0/7]	Time 0.093 (0.093)	Data 0.011 (0.011)	Loss 0.0233 (0.0233)	MAE 0.053 (0.053)
Test: [0/3]	Time 0.021 (0.021)	Loss 0.3388 (0.3388)	MAE 0.189 (0.189)
Epoch: [342][0/7]	Time 0.095 (0.095)	Data 0.013 (0.013)	Loss 0.0232 (0.0232)	MAE 0.053 (0.053)
Test: [0/3]	Time 0.021 (0.021)	Loss 0.3389 (0.3389)	MAE 0.189 (0.189)
Epoch: [343][0/7]	Time 0.093 (0.093)	Data 0.011 (0.011)	Loss 0.0231 (0.0231)	MAE 0.053 (0.053)
Test: [0/3]	Time 0.021 (0.021)	Loss 0.3391 (0.3391)	MAE 0.189 (0.189)
Epoch: [344][0/7]	Time 0.093 (0.093)	Data 0.011 (0.011)	Loss 0.0231 (0.0231)	MAE 0.053 (0.053)
Test: [0/3]	Time 0.021 (0.021)	Loss 0.3393 (0.3393)	MAE 0.189 (0.189)
Epoch: [345][0/7]	Time 0.093 (0.093)	Data 0.011 (0.011)	Loss 0.0230 (0.0230)	MAE 0.053 (0.053)
Test: [0/3]	Time 0.020 (0.020)	Loss 0.3394 (0.3394)	MAE 0.189 (0.189)
Epoch: [346][0/7]	Time 0.093 (0.093)	Data 0.011 (0.011)	Loss 0.0229 (0.0229)	MAE 0.053 (0.053)
Test: [0/3]	Time 0.020 (0.020)	Loss 0.3396 (0.3396)	MAE 0.189 (0.189)
Epoch: [347][0/7]	Time 0.093 (0.093)	Data 0.011 (0.011)	Loss 0.0229 (0.0229)	MAE 0.053 (0.053)
Test: [0/3]	Time 0.020 (0.020)	Loss 0.3398 (0.3398)	MAE 0.189 (0.189)
Epoch: [348][0/7]	Time 0.093 (0.093)	Data 0.011 (0.011)	Loss 0.0228 (0.0228)	MAE 0.053 (0.053)
Test: [0/3]	Time 0.021 (0.021)	Loss 0.3399 (0.3399)	MAE 0.189 (0.189)
Epoch: [349][0/7]	Time 0.094 (0.094)	Data 0.011 (0.011)	Loss 0.0228 (0.0228)	MAE 0.053 (0.053)
Test: [0/3]	Time 0.021 (0.021)	Loss 0.3401 (0.3401)	MAE 0.189 (0.189)
Epoch: [350][0/7]	Time 0.093 (0.093)	Data 0.011 (0.011)	Loss 0.0227 (0.0227)	MAE 0.052 (0.052)
Test: [0/3]	Time 0.020 (0.020)	Loss 0.3403 (0.3403)	MAE 0.190 (0.190)
Epoch: [351][0/7]	Time 0.093 (0.093)	Data 0.011 (0.011)	Loss 0.0226 (0.0226)	MAE 0.052 (0.052)
Test: [0/3]	Time 0.020 (0.020)	Loss 0.3404 (0.3404)	MAE 0.190 (0.190)
Epoch: [352][0/7]	Time 0.093 (0.093)	Data 0.011 (0.011)	Loss 0.0226 (0.0226)	MAE 0.052 (0.052)
Test: [0/3]	Time 0.021 (0.021)	Loss 0.3406 (0.3406)	MAE 0.190 (0.190)
Epoch: [353][0/7]	Time 0.093 (0.093)	Data 0.011 (0.011)	Loss 0.0225 (0.0225)	MAE 0.052 (0.052)
Test: [0/3]	Time 0.021 (0.021)	Loss 0.3408 (0.3408)	MAE 0.190 (0.190)
Epoch: [354][0/7]	Time 0.093 (0.093)	Data 0.011 (0.011)	Loss 0.0225 (0.0225)	MAE 0.052 (0.052)
Test: [0/3]	Time 0.021 (0.021)	Loss 0.3409 (0.3409)	MAE 0.190 (0.190)
Epoch: [355][0/7]	Time 0.092 (0.092)	Data 0.011 (0.011)	Loss 0.0224 (0.0224)	MAE 0.052 (0.052)
Test: [0/3]	Time 0.021 (0.021)	Loss 0.3411 (0.3411)	MAE 0.190 (0.190)
Epoch: [356][0/7]	Time 0.093 (0.093)	Data 0.011 (0.011)	Loss 0.0223 (0.0223)	MAE 0.052 (0.052)
Test: [0/3]	Time 0.020 (0.020)	Loss 0.3413 (0.3413)	MAE 0.190 (0.190)
Epoch: [357][0/7]	Time 0.093 (0.093)	Data 0.011 (0.011)	Loss 0.0223 (0.0223)	MAE 0.052 (0.052)
Test: [0/3]	Time 0.021 (0.021)	Loss 0.3414 (0.3414)	MAE 0.190 (0.190)
Epoch: [358][0/7]	Time 0.094 (0.094)	Data 0.011 (0.011)	Loss 0.0222 (0.0222)	MAE 0.052 (0.052)
Test: [0/3]	Time 0.021 (0.021)	Loss 0.3416 (0.3416)	MAE 0.190 (0.190)
Epoch: [359][0/7]	Time 0.093 (0.093)	Data 0.011 (0.011)	Loss 0.0221 (0.0221)	MAE 0.052 (0.052)
Test: [0/3]	Time 0.021 (0.021)	Loss 0.3418 (0.3418)	MAE 0.190 (0.190)
Epoch: [360][0/7]	Time 0.093 (0.093)	Data 0.011 (0.011)	Loss 0.0221 (0.0221)	MAE 0.052 (0.052)
Test: [0/3]	Time 0.021 (0.021)	Loss 0.3419 (0.3419)	MAE 0.190 (0.190)
Epoch: [361][0/7]	Time 0.094 (0.094)	Data 0.011 (0.011)	Loss 0.0220 (0.0220)	MAE 0.052 (0.052)
Test: [0/3]	Time 0.021 (0.021)	Loss 0.3421 (0.3421)	MAE 0.190 (0.190)
Epoch: [362][0/7]	Time 0.094 (0.094)	Data 0.012 (0.012)	Loss 0.0220 (0.0220)	MAE 0.052 (0.052)
Test: [0/3]	Time 0.021 (0.021)	Loss 0.3423 (0.3423)	MAE 0.190 (0.190)
Epoch: [363][0/7]	Time 0.093 (0.093)	Data 0.011 (0.011)	Loss 0.0219 (0.0219)	MAE 0.052 (0.052)
Test: [0/3]	Time 0.021 (0.021)	Loss 0.3424 (0.3424)	MAE 0.190 (0.190)
Epoch: [364][0/7]	Time 0.093 (0.093)	Data 0.011 (0.011)	Loss 0.0219 (0.0219)	MAE 0.052 (0.052)
Test: [0/3]	Time 0.021 (0.021)	Loss 0.3426 (0.3426)	MAE 0.190 (0.190)
Epoch: [365][0/7]	Time 0.094 (0.094)	Data 0.012 (0.012)	Loss 0.0218 (0.0218)	MAE 0.052 (0.052)
Test: [0/3]	Time 0.021 (0.021)	Loss 0.3428 (0.3428)	MAE 0.190 (0.190)
Epoch: [366][0/7]	Time 0.093 (0.093)	Data 0.011 (0.011)	Loss 0.0217 (0.0217)	MAE 0.052 (0.052)
Test: [0/3]	Time 0.021 (0.021)	Loss 0.3429 (0.3429)	MAE 0.190 (0.190)
Epoch: [367][0/7]	Time 0.093 (0.093)	Data 0.011 (0.011)	Loss 0.0217 (0.0217)	MAE 0.051 (0.051)
Test: [0/3]	Time 0.021 (0.021)	Loss 0.3431 (0.3431)	MAE 0.190 (0.190)
Epoch: [368][0/7]	Time 0.093 (0.093)	Data 0.011 (0.011)	Loss 0.0216 (0.0216)	MAE 0.051 (0.051)
Test: [0/3]	Time 0.021 (0.021)	Loss 0.3432 (0.3432)	MAE 0.190 (0.190)
Epoch: [369][0/7]	Time 0.093 (0.093)	Data 0.011 (0.011)	Loss 0.0216 (0.0216)	MAE 0.051 (0.051)
Test: [0/3]	Time 0.021 (0.021)	Loss 0.3434 (0.3434)	MAE 0.190 (0.190)
Epoch: [370][0/7]	Time 0.093 (0.093)	Data 0.011 (0.011)	Loss 0.0215 (0.0215)	MAE 0.051 (0.051)
Test: [0/3]	Time 0.021 (0.021)	Loss 0.3436 (0.3436)	MAE 0.190 (0.190)
Epoch: [371][0/7]	Time 0.093 (0.093)	Data 0.011 (0.011)	Loss 0.0214 (0.0214)	MAE 0.051 (0.051)
Test: [0/3]	Time 0.021 (0.021)	Loss 0.3437 (0.3437)	MAE 0.190 (0.190)
Epoch: [372][0/7]	Time 0.093 (0.093)	Data 0.011 (0.011)	Loss 0.0214 (0.0214)	MAE 0.051 (0.051)
Test: [0/3]	Time 0.021 (0.021)	Loss 0.3439 (0.3439)	MAE 0.190 (0.190)
Epoch: [373][0/7]	Time 0.093 (0.093)	Data 0.012 (0.012)	Loss 0.0213 (0.0213)	MAE 0.051 (0.051)
Test: [0/3]	Time 0.021 (0.021)	Loss 0.3441 (0.3441)	MAE 0.190 (0.190)
Epoch: [374][0/7]	Time 0.093 (0.093)	Data 0.012 (0.012)	Loss 0.0213 (0.0213)	MAE 0.051 (0.051)
Test: [0/3]	Time 0.021 (0.021)	Loss 0.3442 (0.3442)	MAE 0.190 (0.190)
Epoch: [375][0/7]	Time 0.093 (0.093)	Data 0.011 (0.011)	Loss 0.0212 (0.0212)	MAE 0.051 (0.051)
Test: [0/3]	Time 0.021 (0.021)	Loss 0.3444 (0.3444)	MAE 0.190 (0.190)
Epoch: [376][0/7]	Time 0.093 (0.093)	Data 0.011 (0.011)	Loss 0.0212 (0.0212)	MAE 0.051 (0.051)
Test: [0/3]	Time 0.021 (0.021)	Loss 0.3445 (0.3445)	MAE 0.190 (0.190)
Epoch: [377][0/7]	Time 0.093 (0.093)	Data 0.011 (0.011)	Loss 0.0211 (0.0211)	MAE 0.051 (0.051)
Test: [0/3]	Time 0.021 (0.021)	Loss 0.3447 (0.3447)	MAE 0.190 (0.190)
Epoch: [378][0/7]	Time 0.093 (0.093)	Data 0.011 (0.011)	Loss 0.0210 (0.0210)	MAE 0.051 (0.051)
Test: [0/3]	Time 0.021 (0.021)	Loss 0.3449 (0.3449)	MAE 0.190 (0.190)
Epoch: [379][0/7]	Time 0.093 (0.093)	Data 0.012 (0.012)	Loss 0.0210 (0.0210)	MAE 0.051 (0.051)
Test: [0/3]	Time 0.021 (0.021)	Loss 0.3450 (0.3450)	MAE 0.190 (0.190)
Epoch: [380][0/7]	Time 0.093 (0.093)	Data 0.011 (0.011)	Loss 0.0209 (0.0209)	MAE 0.051 (0.051)
Test: [0/3]	Time 0.021 (0.021)	Loss 0.3452 (0.3452)	MAE 0.190 (0.190)
Epoch: [381][0/7]	Time 0.093 (0.093)	Data 0.011 (0.011)	Loss 0.0209 (0.0209)	MAE 0.051 (0.051)
Test: [0/3]	Time 0.021 (0.021)	Loss 0.3453 (0.3453)	MAE 0.190 (0.190)
Epoch: [382][0/7]	Time 0.093 (0.093)	Data 0.011 (0.011)	Loss 0.0208 (0.0208)	MAE 0.051 (0.051)
Test: [0/3]	Time 0.069 (0.069)	Loss 0.3455 (0.3455)	MAE 0.190 (0.190)
Epoch: [383][0/7]	Time 0.094 (0.094)	Data 0.012 (0.012)	Loss 0.0208 (0.0208)	MAE 0.051 (0.051)
Test: [0/3]	Time 0.021 (0.021)	Loss 0.3457 (0.3457)	MAE 0.190 (0.190)
Epoch: [384][0/7]	Time 0.093 (0.093)	Data 0.011 (0.011)	Loss 0.0207 (0.0207)	MAE 0.050 (0.050)
Test: [0/3]	Time 0.021 (0.021)	Loss 0.3458 (0.3458)	MAE 0.190 (0.190)
Epoch: [385][0/7]	Time 0.093 (0.093)	Data 0.012 (0.012)	Loss 0.0207 (0.0207)	MAE 0.050 (0.050)
Test: [0/3]	Time 0.021 (0.021)	Loss 0.3460 (0.3460)	MAE 0.190 (0.190)
Epoch: [386][0/7]	Time 0.093 (0.093)	Data 0.011 (0.011)	Loss 0.0206 (0.0206)	MAE 0.050 (0.050)
Test: [0/3]	Time 0.021 (0.021)	Loss 0.3461 (0.3461)	MAE 0.190 (0.190)
Epoch: [387][0/7]	Time 0.094 (0.094)	Data 0.012 (0.012)	Loss 0.0206 (0.0206)	MAE 0.050 (0.050)
Test: [0/3]	Time 0.021 (0.021)	Loss 0.3463 (0.3463)	MAE 0.190 (0.190)
Epoch: [388][0/7]	Time 0.093 (0.093)	Data 0.011 (0.011)	Loss 0.0205 (0.0205)	MAE 0.050 (0.050)
Test: [0/3]	Time 0.021 (0.021)	Loss 0.3464 (0.3464)	MAE 0.190 (0.190)
Epoch: [389][0/7]	Time 0.093 (0.093)	Data 0.011 (0.011)	Loss 0.0204 (0.0204)	MAE 0.050 (0.050)
Test: [0/3]	Time 0.021 (0.021)	Loss 0.3466 (0.3466)	MAE 0.190 (0.190)
Epoch: [390][0/7]	Time 0.093 (0.093)	Data 0.011 (0.011)	Loss 0.0204 (0.0204)	MAE 0.050 (0.050)
Test: [0/3]	Time 0.021 (0.021)	Loss 0.3468 (0.3468)	MAE 0.190 (0.190)
Epoch: [391][0/7]	Time 0.093 (0.093)	Data 0.011 (0.011)	Loss 0.0203 (0.0203)	MAE 0.050 (0.050)
Test: [0/3]	Time 0.021 (0.021)	Loss 0.3469 (0.3469)	MAE 0.190 (0.190)
Epoch: [392][0/7]	Time 0.093 (0.093)	Data 0.011 (0.011)	Loss 0.0203 (0.0203)	MAE 0.050 (0.050)
Test: [0/3]	Time 0.021 (0.021)	Loss 0.3471 (0.3471)	MAE 0.190 (0.190)
Epoch: [393][0/7]	Time 0.093 (0.093)	Data 0.011 (0.011)	Loss 0.0202 (0.0202)	MAE 0.050 (0.050)
Test: [0/3]	Time 0.021 (0.021)	Loss 0.3472 (0.3472)	MAE 0.190 (0.190)
Epoch: [394][0/7]	Time 0.093 (0.093)	Data 0.012 (0.012)	Loss 0.0202 (0.0202)	MAE 0.050 (0.050)
Test: [0/3]	Time 0.021 (0.021)	Loss 0.3474 (0.3474)	MAE 0.190 (0.190)
Epoch: [395][0/7]	Time 0.093 (0.093)	Data 0.011 (0.011)	Loss 0.0201 (0.0201)	MAE 0.050 (0.050)
Test: [0/3]	Time 0.021 (0.021)	Loss 0.3475 (0.3475)	MAE 0.190 (0.190)
Epoch: [396][0/7]	Time 0.093 (0.093)	Data 0.011 (0.011)	Loss 0.0201 (0.0201)	MAE 0.050 (0.050)
Test: [0/3]	Time 0.021 (0.021)	Loss 0.3477 (0.3477)	MAE 0.191 (0.191)
Epoch: [397][0/7]	Time 0.093 (0.093)	Data 0.011 (0.011)	Loss 0.0200 (0.0200)	MAE 0.050 (0.050)
Test: [0/3]	Time 0.021 (0.021)	Loss 0.3478 (0.3478)	MAE 0.191 (0.191)
Epoch: [398][0/7]	Time 0.093 (0.093)	Data 0.011 (0.011)	Loss 0.0200 (0.0200)	MAE 0.050 (0.050)
Test: [0/3]	Time 0.021 (0.021)	Loss 0.3480 (0.3480)	MAE 0.191 (0.191)
Epoch: [399][0/7]	Time 0.093 (0.093)	Data 0.011 (0.011)	Loss 0.0199 (0.0199)	MAE 0.050 (0.050)
Test: [0/3]	Time 0.021 (0.021)	Loss 0.3482 (0.3482)	MAE 0.191 (0.191)
Epoch: [400][0/7]	Time 0.093 (0.093)	Data 0.012 (0.012)	Loss 0.0199 (0.0199)	MAE 0.049 (0.049)
Test: [0/3]	Time 0.021 (0.021)	Loss 0.3483 (0.3483)	MAE 0.191 (0.191)
Epoch: [401][0/7]	Time 0.093 (0.093)	Data 0.011 (0.011)	Loss 0.0198 (0.0198)	MAE 0.049 (0.049)
Test: [0/3]	Time 0.021 (0.021)	Loss 0.3485 (0.3485)	MAE 0.191 (0.191)
Epoch: [402][0/7]	Time 0.093 (0.093)	Data 0.011 (0.011)	Loss 0.0198 (0.0198)	MAE 0.049 (0.049)
Test: [0/3]	Time 0.021 (0.021)	Loss 0.3486 (0.3486)	MAE 0.191 (0.191)
Epoch: [403][0/7]	Time 0.093 (0.093)	Data 0.011 (0.011)	Loss 0.0197 (0.0197)	MAE 0.049 (0.049)
Test: [0/3]	Time 0.021 (0.021)	Loss 0.3488 (0.3488)	MAE 0.191 (0.191)
Epoch: [404][0/7]	Time 0.093 (0.093)	Data 0.011 (0.011)	Loss 0.0197 (0.0197)	MAE 0.049 (0.049)
Test: [0/3]	Time 0.021 (0.021)	Loss 0.3489 (0.3489)	MAE 0.191 (0.191)
Epoch: [405][0/7]	Time 0.093 (0.093)	Data 0.011 (0.011)	Loss 0.0196 (0.0196)	MAE 0.049 (0.049)
Test: [0/3]	Time 0.021 (0.021)	Loss 0.3491 (0.3491)	MAE 0.191 (0.191)
Epoch: [406][0/7]	Time 0.093 (0.093)	Data 0.011 (0.011)	Loss 0.0195 (0.0195)	MAE 0.049 (0.049)
Test: [0/3]	Time 0.021 (0.021)	Loss 0.3492 (0.3492)	MAE 0.191 (0.191)
Epoch: [407][0/7]	Time 0.093 (0.093)	Data 0.011 (0.011)	Loss 0.0195 (0.0195)	MAE 0.049 (0.049)
Test: [0/3]	Time 0.021 (0.021)	Loss 0.3494 (0.3494)	MAE 0.191 (0.191)
Epoch: [408][0/7]	Time 0.093 (0.093)	Data 0.011 (0.011)	Loss 0.0194 (0.0194)	MAE 0.049 (0.049)
Test: [0/3]	Time 0.021 (0.021)	Loss 0.3495 (0.3495)	MAE 0.191 (0.191)
Epoch: [409][0/7]	Time 0.093 (0.093)	Data 0.011 (0.011)	Loss 0.0194 (0.0194)	MAE 0.049 (0.049)
Test: [0/3]	Time 0.021 (0.021)	Loss 0.3497 (0.3497)	MAE 0.191 (0.191)
Epoch: [410][0/7]	Time 0.093 (0.093)	Data 0.011 (0.011)	Loss 0.0193 (0.0193)	MAE 0.049 (0.049)
Test: [0/3]	Time 0.021 (0.021)	Loss 0.3498 (0.3498)	MAE 0.191 (0.191)
Epoch: [411][0/7]	Time 0.093 (0.093)	Data 0.011 (0.011)	Loss 0.0193 (0.0193)	MAE 0.049 (0.049)
Test: [0/3]	Time 0.021 (0.021)	Loss 0.3500 (0.3500)	MAE 0.191 (0.191)
Epoch: [412][0/7]	Time 0.093 (0.093)	Data 0.011 (0.011)	Loss 0.0192 (0.0192)	MAE 0.049 (0.049)
Test: [0/3]	Time 0.021 (0.021)	Loss 0.3501 (0.3501)	MAE 0.191 (0.191)
Epoch: [413][0/7]	Time 0.093 (0.093)	Data 0.011 (0.011)	Loss 0.0192 (0.0192)	MAE 0.049 (0.049)
Test: [0/3]	Time 0.021 (0.021)	Loss 0.3503 (0.3503)	MAE 0.191 (0.191)
Epoch: [414][0/7]	Time 0.093 (0.093)	Data 0.011 (0.011)	Loss 0.0191 (0.0191)	MAE 0.049 (0.049)
Test: [0/3]	Time 0.021 (0.021)	Loss 0.3504 (0.3504)	MAE 0.191 (0.191)
Epoch: [415][0/7]	Time 0.093 (0.093)	Data 0.011 (0.011)	Loss 0.0191 (0.0191)	MAE 0.049 (0.049)
Test: [0/3]	Time 0.021 (0.021)	Loss 0.3506 (0.3506)	MAE 0.191 (0.191)
Epoch: [416][0/7]	Time 0.093 (0.093)	Data 0.011 (0.011)	Loss 0.0190 (0.0190)	MAE 0.049 (0.049)
Test: [0/3]	Time 0.021 (0.021)	Loss 0.3507 (0.3507)	MAE 0.191 (0.191)
Epoch: [417][0/7]	Time 0.093 (0.093)	Data 0.011 (0.011)	Loss 0.0190 (0.0190)	MAE 0.048 (0.048)
Test: [0/3]	Time 0.021 (0.021)	Loss 0.3509 (0.3509)	MAE 0.191 (0.191)
Epoch: [418][0/7]	Time 0.093 (0.093)	Data 0.011 (0.011)	Loss 0.0190 (0.0190)	MAE 0.048 (0.048)
Test: [0/3]	Time 0.020 (0.020)	Loss 0.3510 (0.3510)	MAE 0.191 (0.191)
Epoch: [419][0/7]	Time 0.093 (0.093)	Data 0.011 (0.011)	Loss 0.0189 (0.0189)	MAE 0.048 (0.048)
Test: [0/3]	Time 0.020 (0.020)	Loss 0.3512 (0.3512)	MAE 0.191 (0.191)
Epoch: [420][0/7]	Time 0.093 (0.093)	Data 0.011 (0.011)	Loss 0.0189 (0.0189)	MAE 0.048 (0.048)
Test: [0/3]	Time 0.021 (0.021)	Loss 0.3514 (0.3514)	MAE 0.191 (0.191)
Epoch: [421][0/7]	Time 0.093 (0.093)	Data 0.011 (0.011)	Loss 0.0188 (0.0188)	MAE 0.048 (0.048)
Test: [0/3]	Time 0.020 (0.020)	Loss 0.3515 (0.3515)	MAE 0.191 (0.191)
Epoch: [422][0/7]	Time 0.095 (0.095)	Data 0.013 (0.013)	Loss 0.0188 (0.0188)	MAE 0.048 (0.048)
Test: [0/3]	Time 0.021 (0.021)	Loss 0.3516 (0.3516)	MAE 0.191 (0.191)
Epoch: [423][0/7]	Time 0.093 (0.093)	Data 0.011 (0.011)	Loss 0.0187 (0.0187)	MAE 0.048 (0.048)
Test: [0/3]	Time 0.021 (0.021)	Loss 0.3518 (0.3518)	MAE 0.191 (0.191)
Epoch: [424][0/7]	Time 0.093 (0.093)	Data 0.012 (0.012)	Loss 0.0187 (0.0187)	MAE 0.048 (0.048)
Test: [0/3]	Time 0.021 (0.021)	Loss 0.3519 (0.3519)	MAE 0.191 (0.191)
Epoch: [425][0/7]	Time 0.093 (0.093)	Data 0.011 (0.011)	Loss 0.0186 (0.0186)	MAE 0.048 (0.048)
Test: [0/3]	Time 0.021 (0.021)	Loss 0.3521 (0.3521)	MAE 0.191 (0.191)
Epoch: [426][0/7]	Time 0.093 (0.093)	Data 0.011 (0.011)	Loss 0.0186 (0.0186)	MAE 0.048 (0.048)
Test: [0/3]	Time 0.021 (0.021)	Loss 0.3522 (0.3522)	MAE 0.191 (0.191)
Epoch: [427][0/7]	Time 0.093 (0.093)	Data 0.011 (0.011)	Loss 0.0185 (0.0185)	MAE 0.048 (0.048)
Test: [0/3]	Time 0.020 (0.020)	Loss 0.3524 (0.3524)	MAE 0.191 (0.191)
Epoch: [428][0/7]	Time 0.093 (0.093)	Data 0.011 (0.011)	Loss 0.0185 (0.0185)	MAE 0.048 (0.048)
Test: [0/3]	Time 0.021 (0.021)	Loss 0.3525 (0.3525)	MAE 0.191 (0.191)
Epoch: [429][0/7]	Time 0.093 (0.093)	Data 0.011 (0.011)	Loss 0.0184 (0.0184)	MAE 0.048 (0.048)
Test: [0/3]	Time 0.021 (0.021)	Loss 0.3527 (0.3527)	MAE 0.191 (0.191)
Epoch: [430][0/7]	Time 0.093 (0.093)	Data 0.011 (0.011)	Loss 0.0184 (0.0184)	MAE 0.048 (0.048)
Test: [0/3]	Time 0.021 (0.021)	Loss 0.3528 (0.3528)	MAE 0.191 (0.191)
Epoch: [431][0/7]	Time 0.092 (0.092)	Data 0.011 (0.011)	Loss 0.0183 (0.0183)	MAE 0.048 (0.048)
Test: [0/3]	Time 0.021 (0.021)	Loss 0.3530 (0.3530)	MAE 0.191 (0.191)
Epoch: [432][0/7]	Time 0.093 (0.093)	Data 0.011 (0.011)	Loss 0.0183 (0.0183)	MAE 0.048 (0.048)
Test: [0/3]	Time 0.021 (0.021)	Loss 0.3531 (0.3531)	MAE 0.191 (0.191)
Epoch: [433][0/7]	Time 0.093 (0.093)	Data 0.011 (0.011)	Loss 0.0182 (0.0182)	MAE 0.048 (0.048)
Test: [0/3]	Time 0.021 (0.021)	Loss 0.3533 (0.3533)	MAE 0.191 (0.191)
Epoch: [434][0/7]	Time 0.093 (0.093)	Data 0.011 (0.011)	Loss 0.0182 (0.0182)	MAE 0.047 (0.047)
Test: [0/3]	Time 0.021 (0.021)	Loss 0.3534 (0.3534)	MAE 0.191 (0.191)
Epoch: [435][0/7]	Time 0.093 (0.093)	Data 0.011 (0.011)	Loss 0.0181 (0.0181)	MAE 0.047 (0.047)
Test: [0/3]	Time 0.021 (0.021)	Loss 0.3536 (0.3536)	MAE 0.191 (0.191)
Epoch: [436][0/7]	Time 0.092 (0.092)	Data 0.011 (0.011)	Loss 0.0181 (0.0181)	MAE 0.047 (0.047)
Test: [0/3]	Time 0.021 (0.021)	Loss 0.3537 (0.3537)	MAE 0.191 (0.191)
Epoch: [437][0/7]	Time 0.093 (0.093)	Data 0.011 (0.011)	Loss 0.0181 (0.0181)	MAE 0.047 (0.047)
Test: [0/3]	Time 0.021 (0.021)	Loss 0.3539 (0.3539)	MAE 0.191 (0.191)
Epoch: [438][0/7]	Time 0.093 (0.093)	Data 0.011 (0.011)	Loss 0.0180 (0.0180)	MAE 0.047 (0.047)
Test: [0/3]	Time 0.021 (0.021)	Loss 0.3540 (0.3540)	MAE 0.191 (0.191)
Epoch: [439][0/7]	Time 0.093 (0.093)	Data 0.011 (0.011)	Loss 0.0180 (0.0180)	MAE 0.047 (0.047)
Test: [0/3]	Time 0.021 (0.021)	Loss 0.3542 (0.3542)	MAE 0.191 (0.191)
Epoch: [440][0/7]	Time 0.093 (0.093)	Data 0.011 (0.011)	Loss 0.0179 (0.0179)	MAE 0.047 (0.047)
Test: [0/3]	Time 0.021 (0.021)	Loss 0.3543 (0.3543)	MAE 0.191 (0.191)
Epoch: [441][0/7]	Time 0.093 (0.093)	Data 0.011 (0.011)	Loss 0.0179 (0.0179)	MAE 0.047 (0.047)
Test: [0/3]	Time 0.021 (0.021)	Loss 0.3545 (0.3545)	MAE 0.191 (0.191)
Epoch: [442][0/7]	Time 0.093 (0.093)	Data 0.011 (0.011)	Loss 0.0178 (0.0178)	MAE 0.047 (0.047)
Test: [0/3]	Time 0.021 (0.021)	Loss 0.3546 (0.3546)	MAE 0.192 (0.192)
Epoch: [443][0/7]	Time 0.094 (0.094)	Data 0.012 (0.012)	Loss 0.0178 (0.0178)	MAE 0.047 (0.047)
Test: [0/3]	Time 0.021 (0.021)	Loss 0.3547 (0.3547)	MAE 0.192 (0.192)
Epoch: [444][0/7]	Time 0.093 (0.093)	Data 0.011 (0.011)	Loss 0.0177 (0.0177)	MAE 0.047 (0.047)
Test: [0/3]	Time 0.021 (0.021)	Loss 0.3549 (0.3549)	MAE 0.192 (0.192)
Epoch: [445][0/7]	Time 0.093 (0.093)	Data 0.012 (0.012)	Loss 0.0177 (0.0177)	MAE 0.047 (0.047)
Test: [0/3]	Time 0.021 (0.021)	Loss 0.3550 (0.3550)	MAE 0.192 (0.192)
Epoch: [446][0/7]	Time 0.093 (0.093)	Data 0.011 (0.011)	Loss 0.0176 (0.0176)	MAE 0.047 (0.047)
Test: [0/3]	Time 0.021 (0.021)	Loss 0.3552 (0.3552)	MAE 0.192 (0.192)
Epoch: [447][0/7]	Time 0.093 (0.093)	Data 0.011 (0.011)	Loss 0.0176 (0.0176)	MAE 0.047 (0.047)
Test: [0/3]	Time 0.021 (0.021)	Loss 0.3553 (0.3553)	MAE 0.192 (0.192)
Epoch: [448][0/7]	Time 0.093 (0.093)	Data 0.011 (0.011)	Loss 0.0176 (0.0176)	MAE 0.047 (0.047)
Test: [0/3]	Time 0.021 (0.021)	Loss 0.3555 (0.3555)	MAE 0.192 (0.192)
Epoch: [449][0/7]	Time 0.093 (0.093)	Data 0.011 (0.011)	Loss 0.0175 (0.0175)	MAE 0.047 (0.047)
Test: [0/3]	Time 0.021 (0.021)	Loss 0.3556 (0.3556)	MAE 0.192 (0.192)
Epoch: [450][0/7]	Time 0.093 (0.093)	Data 0.011 (0.011)	Loss 0.0175 (0.0175)	MAE 0.047 (0.047)
Test: [0/3]	Time 0.021 (0.021)	Loss 0.3558 (0.3558)	MAE 0.192 (0.192)
Epoch: [451][0/7]	Time 0.093 (0.093)	Data 0.011 (0.011)	Loss 0.0174 (0.0174)	MAE 0.047 (0.047)
Test: [0/3]	Time 0.021 (0.021)	Loss 0.3559 (0.3559)	MAE 0.192 (0.192)
Epoch: [452][0/7]	Time 0.094 (0.094)	Data 0.011 (0.011)	Loss 0.0174 (0.0174)	MAE 0.046 (0.046)
Test: [0/3]	Time 0.021 (0.021)	Loss 0.3561 (0.3561)	MAE 0.192 (0.192)
Epoch: [453][0/7]	Time 0.093 (0.093)	Data 0.011 (0.011)	Loss 0.0173 (0.0173)	MAE 0.046 (0.046)
Test: [0/3]	Time 0.021 (0.021)	Loss 0.3562 (0.3562)	MAE 0.192 (0.192)
Epoch: [454][0/7]	Time 0.094 (0.094)	Data 0.011 (0.011)	Loss 0.0173 (0.0173)	MAE 0.046 (0.046)
Test: [0/3]	Time 0.021 (0.021)	Loss 0.3563 (0.3563)	MAE 0.192 (0.192)
Epoch: [455][0/7]	Time 0.093 (0.093)	Data 0.011 (0.011)	Loss 0.0173 (0.0173)	MAE 0.046 (0.046)
Test: [0/3]	Time 0.020 (0.020)	Loss 0.3565 (0.3565)	MAE 0.192 (0.192)
Epoch: [456][0/7]	Time 0.093 (0.093)	Data 0.011 (0.011)	Loss 0.0172 (0.0172)	MAE 0.046 (0.046)
Test: [0/3]	Time 0.021 (0.021)	Loss 0.3566 (0.3566)	MAE 0.192 (0.192)
Epoch: [457][0/7]	Time 0.093 (0.093)	Data 0.011 (0.011)	Loss 0.0172 (0.0172)	MAE 0.046 (0.046)
Test: [0/3]	Time 0.021 (0.021)	Loss 0.3568 (0.3568)	MAE 0.192 (0.192)
Epoch: [458][0/7]	Time 0.093 (0.093)	Data 0.011 (0.011)	Loss 0.0171 (0.0171)	MAE 0.046 (0.046)
Test: [0/3]	Time 0.021 (0.021)	Loss 0.3569 (0.3569)	MAE 0.192 (0.192)
Epoch: [459][0/7]	Time 0.093 (0.093)	Data 0.011 (0.011)	Loss 0.0171 (0.0171)	MAE 0.046 (0.046)
Test: [0/3]	Time 0.021 (0.021)	Loss 0.3571 (0.3571)	MAE 0.192 (0.192)
Epoch: [460][0/7]	Time 0.093 (0.093)	Data 0.011 (0.011)	Loss 0.0170 (0.0170)	MAE 0.046 (0.046)
Test: [0/3]	Time 0.021 (0.021)	Loss 0.3572 (0.3572)	MAE 0.192 (0.192)
Epoch: [461][0/7]	Time 0.093 (0.093)	Data 0.011 (0.011)	Loss 0.0170 (0.0170)	MAE 0.046 (0.046)
Test: [0/3]	Time 0.021 (0.021)	Loss 0.3573 (0.3573)	MAE 0.192 (0.192)
Epoch: [462][0/7]	Time 0.093 (0.093)	Data 0.011 (0.011)	Loss 0.0170 (0.0170)	MAE 0.046 (0.046)
Test: [0/3]	Time 0.021 (0.021)	Loss 0.3575 (0.3575)	MAE 0.192 (0.192)
Epoch: [463][0/7]	Time 0.093 (0.093)	Data 0.011 (0.011)	Loss 0.0169 (0.0169)	MAE 0.046 (0.046)
Test: [0/3]	Time 0.021 (0.021)	Loss 0.3576 (0.3576)	MAE 0.192 (0.192)
Epoch: [464][0/7]	Time 0.094 (0.094)	Data 0.011 (0.011)	Loss 0.0169 (0.0169)	MAE 0.046 (0.046)
Test: [0/3]	Time 0.021 (0.021)	Loss 0.3578 (0.3578)	MAE 0.192 (0.192)
Epoch: [465][0/7]	Time 0.093 (0.093)	Data 0.011 (0.011)	Loss 0.0168 (0.0168)	MAE 0.046 (0.046)
Test: [0/3]	Time 0.021 (0.021)	Loss 0.3579 (0.3579)	MAE 0.192 (0.192)
Epoch: [466][0/7]	Time 0.093 (0.093)	Data 0.011 (0.011)	Loss 0.0168 (0.0168)	MAE 0.046 (0.046)
Test: [0/3]	Time 0.021 (0.021)	Loss 0.3581 (0.3581)	MAE 0.192 (0.192)
Epoch: [467][0/7]	Time 0.093 (0.093)	Data 0.011 (0.011)	Loss 0.0168 (0.0168)	MAE 0.046 (0.046)
Test: [0/3]	Time 0.021 (0.021)	Loss 0.3582 (0.3582)	MAE 0.192 (0.192)
Epoch: [468][0/7]	Time 0.093 (0.093)	Data 0.011 (0.011)	Loss 0.0167 (0.0167)	MAE 0.046 (0.046)
Test: [0/3]	Time 0.021 (0.021)	Loss 0.3583 (0.3583)	MAE 0.192 (0.192)
Epoch: [469][0/7]	Time 0.093 (0.093)	Data 0.011 (0.011)	Loss 0.0167 (0.0167)	MAE 0.046 (0.046)
Test: [0/3]	Time 0.021 (0.021)	Loss 0.3585 (0.3585)	MAE 0.192 (0.192)
Epoch: [470][0/7]	Time 0.094 (0.094)	Data 0.011 (0.011)	Loss 0.0166 (0.0166)	MAE 0.046 (0.046)
Test: [0/3]	Time 0.021 (0.021)	Loss 0.3586 (0.3586)	MAE 0.192 (0.192)
Epoch: [471][0/7]	Time 0.093 (0.093)	Data 0.011 (0.011)	Loss 0.0166 (0.0166)	MAE 0.045 (0.045)
Test: [0/3]	Time 0.021 (0.021)	Loss 0.3588 (0.3588)	MAE 0.192 (0.192)
Epoch: [472][0/7]	Time 0.093 (0.093)	Data 0.011 (0.011)	Loss 0.0165 (0.0165)	MAE 0.045 (0.045)
Test: [0/3]	Time 0.021 (0.021)	Loss 0.3589 (0.3589)	MAE 0.192 (0.192)
Epoch: [473][0/7]	Time 0.093 (0.093)	Data 0.011 (0.011)	Loss 0.0165 (0.0165)	MAE 0.045 (0.045)
Test: [0/3]	Time 0.020 (0.020)	Loss 0.3591 (0.3591)	MAE 0.192 (0.192)
Epoch: [474][0/7]	Time 0.093 (0.093)	Data 0.011 (0.011)	Loss 0.0165 (0.0165)	MAE 0.045 (0.045)
Test: [0/3]	Time 0.021 (0.021)	Loss 0.3592 (0.3592)	MAE 0.192 (0.192)
Epoch: [475][0/7]	Time 0.093 (0.093)	Data 0.011 (0.011)	Loss 0.0164 (0.0164)	MAE 0.045 (0.045)
Test: [0/3]	Time 0.021 (0.021)	Loss 0.3593 (0.3593)	MAE 0.192 (0.192)
Epoch: [476][0/7]	Time 0.093 (0.093)	Data 0.011 (0.011)	Loss 0.0164 (0.0164)	MAE 0.045 (0.045)
Test: [0/3]	Time 0.021 (0.021)	Loss 0.3595 (0.3595)	MAE 0.192 (0.192)
Epoch: [477][0/7]	Time 0.093 (0.093)	Data 0.011 (0.011)	Loss 0.0163 (0.0163)	MAE 0.045 (0.045)
Test: [0/3]	Time 0.021 (0.021)	Loss 0.3596 (0.3596)	MAE 0.192 (0.192)
Epoch: [478][0/7]	Time 0.093 (0.093)	Data 0.011 (0.011)	Loss 0.0163 (0.0163)	MAE 0.045 (0.045)
Test: [0/3]	Time 0.021 (0.021)	Loss 0.3598 (0.3598)	MAE 0.192 (0.192)
Epoch: [479][0/7]	Time 0.093 (0.093)	Data 0.011 (0.011)	Loss 0.0163 (0.0163)	MAE 0.045 (0.045)
Test: [0/3]	Time 0.021 (0.021)	Loss 0.3599 (0.3599)	MAE 0.192 (0.192)
Epoch: [480][0/7]	Time 0.093 (0.093)	Data 0.011 (0.011)	Loss 0.0162 (0.0162)	MAE 0.045 (0.045)
Test: [0/3]	Time 0.021 (0.021)	Loss 0.3600 (0.3600)	MAE 0.192 (0.192)
Epoch: [481][0/7]	Time 0.093 (0.093)	Data 0.011 (0.011)	Loss 0.0162 (0.0162)	MAE 0.045 (0.045)
Test: [0/3]	Time 0.021 (0.021)	Loss 0.3602 (0.3602)	MAE 0.192 (0.192)
Epoch: [482][0/7]	Time 0.093 (0.093)	Data 0.011 (0.011)	Loss 0.0162 (0.0162)	MAE 0.045 (0.045)
Test: [0/3]	Time 0.020 (0.020)	Loss 0.3603 (0.3603)	MAE 0.192 (0.192)
Epoch: [483][0/7]	Time 0.093 (0.093)	Data 0.011 (0.011)	Loss 0.0161 (0.0161)	MAE 0.045 (0.045)
Test: [0/3]	Time 0.020 (0.020)	Loss 0.3605 (0.3605)	MAE 0.192 (0.192)
Epoch: [484][0/7]	Time 0.092 (0.092)	Data 0.011 (0.011)	Loss 0.0161 (0.0161)	MAE 0.045 (0.045)
Test: [0/3]	Time 0.020 (0.020)	Loss 0.3606 (0.3606)	MAE 0.192 (0.192)
Epoch: [485][0/7]	Time 0.093 (0.093)	Data 0.011 (0.011)	Loss 0.0160 (0.0160)	MAE 0.045 (0.045)
Test: [0/3]	Time 0.020 (0.020)	Loss 0.3607 (0.3607)	MAE 0.192 (0.192)
Epoch: [486][0/7]	Time 0.093 (0.093)	Data 0.011 (0.011)	Loss 0.0160 (0.0160)	MAE 0.045 (0.045)
Test: [0/3]	Time 0.021 (0.021)	Loss 0.3609 (0.3609)	MAE 0.192 (0.192)
Epoch: [487][0/7]	Time 0.092 (0.092)	Data 0.011 (0.011)	Loss 0.0160 (0.0160)	MAE 0.045 (0.045)
Test: [0/3]	Time 0.021 (0.021)	Loss 0.3610 (0.3610)	MAE 0.192 (0.192)
Epoch: [488][0/7]	Time 0.093 (0.093)	Data 0.011 (0.011)	Loss 0.0159 (0.0159)	MAE 0.045 (0.045)
Test: [0/3]	Time 0.020 (0.020)	Loss 0.3612 (0.3612)	MAE 0.192 (0.192)
Epoch: [489][0/7]	Time 0.093 (0.093)	Data 0.011 (0.011)	Loss 0.0159 (0.0159)	MAE 0.045 (0.045)
Test: [0/3]	Time 0.020 (0.020)	Loss 0.3613 (0.3613)	MAE 0.192 (0.192)
Epoch: [490][0/7]	Time 0.093 (0.093)	Data 0.011 (0.011)	Loss 0.0158 (0.0158)	MAE 0.044 (0.044)
Test: [0/3]	Time 0.020 (0.020)	Loss 0.3614 (0.3614)	MAE 0.192 (0.192)
Epoch: [491][0/7]	Time 0.093 (0.093)	Data 0.011 (0.011)	Loss 0.0158 (0.0158)	MAE 0.044 (0.044)
Test: [0/3]	Time 0.021 (0.021)	Loss 0.3616 (0.3616)	MAE 0.192 (0.192)
Epoch: [492][0/7]	Time 0.093 (0.093)	Data 0.011 (0.011)	Loss 0.0158 (0.0158)	MAE 0.044 (0.044)
Test: [0/3]	Time 0.021 (0.021)	Loss 0.3617 (0.3617)	MAE 0.193 (0.193)
Epoch: [493][0/7]	Time 0.093 (0.093)	Data 0.011 (0.011)	Loss 0.0157 (0.0157)	MAE 0.044 (0.044)
Test: [0/3]	Time 0.020 (0.020)	Loss 0.3619 (0.3619)	MAE 0.193 (0.193)
Epoch: [494][0/7]	Time 0.093 (0.093)	Data 0.011 (0.011)	Loss 0.0157 (0.0157)	MAE 0.044 (0.044)
Test: [0/3]	Time 0.020 (0.020)	Loss 0.3620 (0.3620)	MAE 0.193 (0.193)
Epoch: [495][0/7]	Time 0.092 (0.092)	Data 0.011 (0.011)	Loss 0.0157 (0.0157)	MAE 0.044 (0.044)
Test: [0/3]	Time 0.021 (0.021)	Loss 0.3621 (0.3621)	MAE 0.193 (0.193)
Epoch: [496][0/7]	Time 0.093 (0.093)	Data 0.011 (0.011)	Loss 0.0156 (0.0156)	MAE 0.044 (0.044)
Test: [0/3]	Time 0.021 (0.021)	Loss 0.3623 (0.3623)	MAE 0.193 (0.193)
Epoch: [497][0/7]	Time 0.093 (0.093)	Data 0.012 (0.012)	Loss 0.0156 (0.0156)	MAE 0.044 (0.044)
Test: [0/3]	Time 0.021 (0.021)	Loss 0.3624 (0.3624)	MAE 0.193 (0.193)
Epoch: [498][0/7]	Time 0.093 (0.093)	Data 0.011 (0.011)	Loss 0.0155 (0.0155)	MAE 0.044 (0.044)
Test: [0/3]	Time 0.021 (0.021)	Loss 0.3626 (0.3626)	MAE 0.193 (0.193)
Epoch: [499][0/7]	Time 0.094 (0.094)	Data 0.011 (0.011)	Loss 0.0155 (0.0155)	MAE 0.044 (0.044)
Test: [0/3]	Time 0.020 (0.020)	Loss 0.3627 (0.3627)	MAE 0.193 (0.193)
Epoch: [500][0/7]	Time 0.093 (0.093)	Data 0.011 (0.011)	Loss 0.0155 (0.0155)	MAE 0.044 (0.044)
Test: [0/3]	Time 0.020 (0.020)	Loss 0.3628 (0.3628)	MAE 0.193 (0.193)
Epoch: [501][0/7]	Time 0.093 (0.093)	Data 0.011 (0.011)	Loss 0.0154 (0.0154)	MAE 0.044 (0.044)
Test: [0/3]	Time 0.021 (0.021)	Loss 0.3630 (0.3630)	MAE 0.193 (0.193)
Epoch: [502][0/7]	Time 0.093 (0.093)	Data 0.011 (0.011)	Loss 0.0154 (0.0154)	MAE 0.044 (0.044)
Test: [0/3]	Time 0.021 (0.021)	Loss 0.3631 (0.3631)	MAE 0.193 (0.193)
Epoch: [503][0/7]	Time 0.093 (0.093)	Data 0.011 (0.011)	Loss 0.0154 (0.0154)	MAE 0.044 (0.044)
Test: [0/3]	Time 0.021 (0.021)	Loss 0.3632 (0.3632)	MAE 0.193 (0.193)
Epoch: [504][0/7]	Time 0.093 (0.093)	Data 0.011 (0.011)	Loss 0.0153 (0.0153)	MAE 0.044 (0.044)
Test: [0/3]	Time 0.021 (0.021)	Loss 0.3634 (0.3634)	MAE 0.193 (0.193)
Epoch: [505][0/7]	Time 0.093 (0.093)	Data 0.011 (0.011)	Loss 0.0153 (0.0153)	MAE 0.044 (0.044)
Test: [0/3]	Time 0.021 (0.021)	Loss 0.3635 (0.3635)	MAE 0.193 (0.193)
Epoch: [506][0/7]	Time 0.093 (0.093)	Data 0.011 (0.011)	Loss 0.0153 (0.0153)	MAE 0.044 (0.044)
Test: [0/3]	Time 0.021 (0.021)	Loss 0.3637 (0.3637)	MAE 0.193 (0.193)
Epoch: [507][0/7]	Time 0.093 (0.093)	Data 0.011 (0.011)	Loss 0.0152 (0.0152)	MAE 0.044 (0.044)
Test: [0/3]	Time 0.021 (0.021)	Loss 0.3638 (0.3638)	MAE 0.193 (0.193)
Epoch: [508][0/7]	Time 0.093 (0.093)	Data 0.011 (0.011)	Loss 0.0152 (0.0152)	MAE 0.044 (0.044)
Test: [0/3]	Time 0.021 (0.021)	Loss 0.3639 (0.3639)	MAE 0.193 (0.193)
Epoch: [509][0/7]	Time 0.094 (0.094)	Data 0.012 (0.012)	Loss 0.0152 (0.0152)	MAE 0.044 (0.044)
Test: [0/3]	Time 0.021 (0.021)	Loss 0.3641 (0.3641)	MAE 0.193 (0.193)
Epoch: [510][0/7]	Time 0.093 (0.093)	Data 0.011 (0.011)	Loss 0.0151 (0.0151)	MAE 0.043 (0.043)
Test: [0/3]	Time 0.021 (0.021)	Loss 0.3642 (0.3642)	MAE 0.193 (0.193)
Epoch: [511][0/7]	Time 0.093 (0.093)	Data 0.011 (0.011)	Loss 0.0151 (0.0151)	MAE 0.043 (0.043)
Test: [0/3]	Time 0.021 (0.021)	Loss 0.3644 (0.3644)	MAE 0.193 (0.193)
Epoch: [512][0/7]	Time 0.093 (0.093)	Data 0.011 (0.011)	Loss 0.0150 (0.0150)	MAE 0.043 (0.043)
Test: [0/3]	Time 0.021 (0.021)	Loss 0.3645 (0.3645)	MAE 0.193 (0.193)
Epoch: [513][0/7]	Time 0.093 (0.093)	Data 0.011 (0.011)	Loss 0.0150 (0.0150)	MAE 0.043 (0.043)
Test: [0/3]	Time 0.021 (0.021)	Loss 0.3646 (0.3646)	MAE 0.193 (0.193)
Epoch: [514][0/7]	Time 0.093 (0.093)	Data 0.011 (0.011)	Loss 0.0150 (0.0150)	MAE 0.043 (0.043)
Test: [0/3]	Time 0.021 (0.021)	Loss 0.3648 (0.3648)	MAE 0.193 (0.193)
Epoch: [515][0/7]	Time 0.093 (0.093)	Data 0.011 (0.011)	Loss 0.0149 (0.0149)	MAE 0.043 (0.043)
Test: [0/3]	Time 0.021 (0.021)	Loss 0.3649 (0.3649)	MAE 0.193 (0.193)
Epoch: [516][0/7]	Time 0.094 (0.094)	Data 0.011 (0.011)	Loss 0.0149 (0.0149)	MAE 0.043 (0.043)
Test: [0/3]	Time 0.021 (0.021)	Loss 0.3650 (0.3650)	MAE 0.193 (0.193)
Epoch: [517][0/7]	Time 0.093 (0.093)	Data 0.011 (0.011)	Loss 0.0149 (0.0149)	MAE 0.043 (0.043)
Test: [0/3]	Time 0.021 (0.021)	Loss 0.3652 (0.3652)	MAE 0.193 (0.193)
Epoch: [518][0/7]	Time 0.093 (0.093)	Data 0.011 (0.011)	Loss 0.0148 (0.0148)	MAE 0.043 (0.043)
Test: [0/3]	Time 0.021 (0.021)	Loss 0.3653 (0.3653)	MAE 0.193 (0.193)
Epoch: [519][0/7]	Time 0.093 (0.093)	Data 0.011 (0.011)	Loss 0.0148 (0.0148)	MAE 0.043 (0.043)
Test: [0/3]	Time 0.021 (0.021)	Loss 0.3655 (0.3655)	MAE 0.193 (0.193)
Epoch: [520][0/7]	Time 0.094 (0.094)	Data 0.013 (0.013)	Loss 0.0148 (0.0148)	MAE 0.043 (0.043)
Test: [0/3]	Time 0.021 (0.021)	Loss 0.3656 (0.3656)	MAE 0.193 (0.193)
Epoch: [521][0/7]	Time 0.093 (0.093)	Data 0.011 (0.011)	Loss 0.0147 (0.0147)	MAE 0.043 (0.043)
Test: [0/3]	Time 0.021 (0.021)	Loss 0.3657 (0.3657)	MAE 0.193 (0.193)
Epoch: [522][0/7]	Time 0.093 (0.093)	Data 0.011 (0.011)	Loss 0.0147 (0.0147)	MAE 0.043 (0.043)
Test: [0/3]	Time 0.021 (0.021)	Loss 0.3659 (0.3659)	MAE 0.193 (0.193)
Epoch: [523][0/7]	Time 0.092 (0.092)	Data 0.011 (0.011)	Loss 0.0147 (0.0147)	MAE 0.043 (0.043)
Test: [0/3]	Time 0.021 (0.021)	Loss 0.3660 (0.3660)	MAE 0.193 (0.193)
Epoch: [524][0/7]	Time 0.093 (0.093)	Data 0.011 (0.011)	Loss 0.0146 (0.0146)	MAE 0.043 (0.043)
Test: [0/3]	Time 0.021 (0.021)	Loss 0.3661 (0.3661)	MAE 0.193 (0.193)
Epoch: [525][0/7]	Time 0.093 (0.093)	Data 0.011 (0.011)	Loss 0.0146 (0.0146)	MAE 0.043 (0.043)
Test: [0/3]	Time 0.021 (0.021)	Loss 0.3663 (0.3663)	MAE 0.193 (0.193)
Epoch: [526][0/7]	Time 0.093 (0.093)	Data 0.011 (0.011)	Loss 0.0146 (0.0146)	MAE 0.043 (0.043)
Test: [0/3]	Time 0.021 (0.021)	Loss 0.3664 (0.3664)	MAE 0.193 (0.193)
Epoch: [527][0/7]	Time 0.093 (0.093)	Data 0.011 (0.011)	Loss 0.0145 (0.0145)	MAE 0.043 (0.043)
Test: [0/3]	Time 0.021 (0.021)	Loss 0.3665 (0.3665)	MAE 0.193 (0.193)
Epoch: [528][0/7]	Time 0.093 (0.093)	Data 0.011 (0.011)	Loss 0.0145 (0.0145)	MAE 0.043 (0.043)
Test: [0/3]	Time 0.021 (0.021)	Loss 0.3667 (0.3667)	MAE 0.193 (0.193)
Epoch: [529][0/7]	Time 0.093 (0.093)	Data 0.011 (0.011)	Loss 0.0145 (0.0145)	MAE 0.043 (0.043)
Test: [0/3]	Time 0.021 (0.021)	Loss 0.3668 (0.3668)	MAE 0.193 (0.193)
Epoch: [530][0/7]	Time 0.093 (0.093)	Data 0.011 (0.011)	Loss 0.0144 (0.0144)	MAE 0.042 (0.042)
Test: [0/3]	Time 0.021 (0.021)	Loss 0.3669 (0.3669)	MAE 0.193 (0.193)
Epoch: [531][0/7]	Time 0.093 (0.093)	Data 0.011 (0.011)	Loss 0.0144 (0.0144)	MAE 0.042 (0.042)
Test: [0/3]	Time 0.021 (0.021)	Loss 0.3671 (0.3671)	MAE 0.193 (0.193)
Epoch: [532][0/7]	Time 0.093 (0.093)	Data 0.012 (0.012)	Loss 0.0144 (0.0144)	MAE 0.042 (0.042)
Test: [0/3]	Time 0.021 (0.021)	Loss 0.3672 (0.3672)	MAE 0.193 (0.193)
Epoch: [533][0/7]	Time 0.093 (0.093)	Data 0.011 (0.011)	Loss 0.0143 (0.0143)	MAE 0.042 (0.042)
Test: [0/3]	Time 0.022 (0.022)	Loss 0.3674 (0.3674)	MAE 0.193 (0.193)
Epoch: [534][0/7]	Time 0.094 (0.094)	Data 0.012 (0.012)	Loss 0.0143 (0.0143)	MAE 0.042 (0.042)
Test: [0/3]	Time 0.021 (0.021)	Loss 0.3675 (0.3675)	MAE 0.193 (0.193)
Epoch: [535][0/7]	Time 0.093 (0.093)	Data 0.011 (0.011)	Loss 0.0143 (0.0143)	MAE 0.042 (0.042)
Test: [0/3]	Time 0.021 (0.021)	Loss 0.3676 (0.3676)	MAE 0.193 (0.193)
Epoch: [536][0/7]	Time 0.093 (0.093)	Data 0.011 (0.011)	Loss 0.0142 (0.0142)	MAE 0.042 (0.042)
Test: [0/3]	Time 0.021 (0.021)	Loss 0.3678 (0.3678)	MAE 0.193 (0.193)
Epoch: [537][0/7]	Time 0.093 (0.093)	Data 0.011 (0.011)	Loss 0.0142 (0.0142)	MAE 0.042 (0.042)
Test: [0/3]	Time 0.021 (0.021)	Loss 0.3679 (0.3679)	MAE 0.193 (0.193)
Epoch: [538][0/7]	Time 0.093 (0.093)	Data 0.011 (0.011)	Loss 0.0142 (0.0142)	MAE 0.042 (0.042)
Test: [0/3]	Time 0.021 (0.021)	Loss 0.3680 (0.3680)	MAE 0.193 (0.193)
Epoch: [539][0/7]	Time 0.093 (0.093)	Data 0.011 (0.011)	Loss 0.0141 (0.0141)	MAE 0.042 (0.042)
Test: [0/3]	Time 0.021 (0.021)	Loss 0.3682 (0.3682)	MAE 0.193 (0.193)
Epoch: [540][0/7]	Time 0.093 (0.093)	Data 0.011 (0.011)	Loss 0.0141 (0.0141)	MAE 0.042 (0.042)
Test: [0/3]	Time 0.021 (0.021)	Loss 0.3683 (0.3683)	MAE 0.193 (0.193)
Epoch: [541][0/7]	Time 0.093 (0.093)	Data 0.011 (0.011)	Loss 0.0141 (0.0141)	MAE 0.042 (0.042)
Test: [0/3]	Time 0.021 (0.021)	Loss 0.3684 (0.3684)	MAE 0.193 (0.193)
Epoch: [542][0/7]	Time 0.093 (0.093)	Data 0.011 (0.011)	Loss 0.0141 (0.0141)	MAE 0.042 (0.042)
Test: [0/3]	Time 0.021 (0.021)	Loss 0.3686 (0.3686)	MAE 0.193 (0.193)
Epoch: [543][0/7]	Time 0.093 (0.093)	Data 0.011 (0.011)	Loss 0.0140 (0.0140)	MAE 0.042 (0.042)
Test: [0/3]	Time 0.021 (0.021)	Loss 0.3687 (0.3687)	MAE 0.193 (0.193)
Epoch: [544][0/7]	Time 0.093 (0.093)	Data 0.011 (0.011)	Loss 0.0140 (0.0140)	MAE 0.042 (0.042)
Test: [0/3]	Time 0.021 (0.021)	Loss 0.3688 (0.3688)	MAE 0.193 (0.193)
Epoch: [545][0/7]	Time 0.093 (0.093)	Data 0.011 (0.011)	Loss 0.0140 (0.0140)	MAE 0.042 (0.042)
Test: [0/3]	Time 0.021 (0.021)	Loss 0.3690 (0.3690)	MAE 0.193 (0.193)
Epoch: [546][0/7]	Time 0.093 (0.093)	Data 0.011 (0.011)	Loss 0.0139 (0.0139)	MAE 0.042 (0.042)
Test: [0/3]	Time 0.021 (0.021)	Loss 0.3691 (0.3691)	MAE 0.193 (0.193)
Epoch: [547][0/7]	Time 0.093 (0.093)	Data 0.012 (0.012)	Loss 0.0139 (0.0139)	MAE 0.042 (0.042)
Test: [0/3]	Time 0.021 (0.021)	Loss 0.3692 (0.3692)	MAE 0.193 (0.193)
Epoch: [548][0/7]	Time 0.095 (0.095)	Data 0.011 (0.011)	Loss 0.0139 (0.0139)	MAE 0.042 (0.042)
Test: [0/3]	Time 0.021 (0.021)	Loss 0.3694 (0.3694)	MAE 0.193 (0.193)
Epoch: [549][0/7]	Time 0.093 (0.093)	Data 0.011 (0.011)	Loss 0.0138 (0.0138)	MAE 0.042 (0.042)
Test: [0/3]	Time 0.021 (0.021)	Loss 0.3695 (0.3695)	MAE 0.193 (0.193)
Epoch: [550][0/7]	Time 0.093 (0.093)	Data 0.011 (0.011)	Loss 0.0138 (0.0138)	MAE 0.042 (0.042)
Test: [0/3]	Time 0.021 (0.021)	Loss 0.3697 (0.3697)	MAE 0.193 (0.193)
Epoch: [551][0/7]	Time 0.092 (0.092)	Data 0.011 (0.011)	Loss 0.0138 (0.0138)	MAE 0.042 (0.042)
Test: [0/3]	Time 0.020 (0.020)	Loss 0.3698 (0.3698)	MAE 0.193 (0.193)
Epoch: [552][0/7]	Time 0.093 (0.093)	Data 0.011 (0.011)	Loss 0.0137 (0.0137)	MAE 0.042 (0.042)
Test: [0/3]	Time 0.020 (0.020)	Loss 0.3699 (0.3699)	MAE 0.193 (0.193)
Epoch: [553][0/7]	Time 0.093 (0.093)	Data 0.011 (0.011)	Loss 0.0137 (0.0137)	MAE 0.041 (0.041)
Test: [0/3]	Time 0.020 (0.020)	Loss 0.3701 (0.3701)	MAE 0.194 (0.194)
Epoch: [554][0/7]	Time 0.093 (0.093)	Data 0.011 (0.011)	Loss 0.0137 (0.0137)	MAE 0.041 (0.041)
Test: [0/3]	Time 0.020 (0.020)	Loss 0.3702 (0.3702)	MAE 0.194 (0.194)
Epoch: [555][0/7]	Time 0.093 (0.093)	Data 0.011 (0.011)	Loss 0.0137 (0.0137)	MAE 0.041 (0.041)
Test: [0/3]	Time 0.021 (0.021)	Loss 0.3703 (0.3703)	MAE 0.194 (0.194)
Epoch: [556][0/7]	Time 0.092 (0.092)	Data 0.011 (0.011)	Loss 0.0136 (0.0136)	MAE 0.041 (0.041)
Test: [0/3]	Time 0.020 (0.020)	Loss 0.3705 (0.3705)	MAE 0.194 (0.194)
Epoch: [557][0/7]	Time 0.093 (0.093)	Data 0.011 (0.011)	Loss 0.0136 (0.0136)	MAE 0.041 (0.041)
Test: [0/3]	Time 0.020 (0.020)	Loss 0.3706 (0.3706)	MAE 0.194 (0.194)
Epoch: [558][0/7]	Time 0.093 (0.093)	Data 0.011 (0.011)	Loss 0.0136 (0.0136)	MAE 0.041 (0.041)
Test: [0/3]	Time 0.020 (0.020)	Loss 0.3707 (0.3707)	MAE 0.194 (0.194)
Epoch: [559][0/7]	Time 0.093 (0.093)	Data 0.011 (0.011)	Loss 0.0135 (0.0135)	MAE 0.041 (0.041)
Test: [0/3]	Time 0.020 (0.020)	Loss 0.3709 (0.3709)	MAE 0.194 (0.194)
Epoch: [560][0/7]	Time 0.093 (0.093)	Data 0.011 (0.011)	Loss 0.0135 (0.0135)	MAE 0.041 (0.041)
Test: [0/3]	Time 0.020 (0.020)	Loss 0.3710 (0.3710)	MAE 0.194 (0.194)
Epoch: [561][0/7]	Time 0.093 (0.093)	Data 0.011 (0.011)	Loss 0.0135 (0.0135)	MAE 0.041 (0.041)
Test: [0/3]	Time 0.021 (0.021)	Loss 0.3711 (0.3711)	MAE 0.194 (0.194)
Epoch: [562][0/7]	Time 0.093 (0.093)	Data 0.011 (0.011)	Loss 0.0135 (0.0135)	MAE 0.041 (0.041)
Test: [0/3]	Time 0.021 (0.021)	Loss 0.3713 (0.3713)	MAE 0.194 (0.194)
Epoch: [563][0/7]	Time 0.093 (0.093)	Data 0.011 (0.011)	Loss 0.0134 (0.0134)	MAE 0.041 (0.041)
Test: [0/3]	Time 0.021 (0.021)	Loss 0.3714 (0.3714)	MAE 0.194 (0.194)
Epoch: [564][0/7]	Time 0.093 (0.093)	Data 0.011 (0.011)	Loss 0.0134 (0.0134)	MAE 0.041 (0.041)
Test: [0/3]	Time 0.021 (0.021)	Loss 0.3715 (0.3715)	MAE 0.194 (0.194)
Epoch: [565][0/7]	Time 0.093 (0.093)	Data 0.011 (0.011)	Loss 0.0134 (0.0134)	MAE 0.041 (0.041)
Test: [0/3]	Time 0.020 (0.020)	Loss 0.3717 (0.3717)	MAE 0.194 (0.194)
Epoch: [566][0/7]	Time 0.093 (0.093)	Data 0.012 (0.012)	Loss 0.0133 (0.0133)	MAE 0.041 (0.041)
Test: [0/3]	Time 0.021 (0.021)	Loss 0.3718 (0.3718)	MAE 0.194 (0.194)
Epoch: [567][0/7]	Time 0.093 (0.093)	Data 0.011 (0.011)	Loss 0.0133 (0.0133)	MAE 0.041 (0.041)
Test: [0/3]	Time 0.021 (0.021)	Loss 0.3719 (0.3719)	MAE 0.194 (0.194)
Epoch: [568][0/7]	Time 0.093 (0.093)	Data 0.011 (0.011)	Loss 0.0133 (0.0133)	MAE 0.041 (0.041)
Test: [0/3]	Time 0.021 (0.021)	Loss 0.3721 (0.3721)	MAE 0.194 (0.194)
Epoch: [569][0/7]	Time 0.093 (0.093)	Data 0.011 (0.011)	Loss 0.0132 (0.0132)	MAE 0.041 (0.041)
Test: [0/3]	Time 0.021 (0.021)	Loss 0.3722 (0.3722)	MAE 0.194 (0.194)
Epoch: [570][0/7]	Time 0.093 (0.093)	Data 0.011 (0.011)	Loss 0.0132 (0.0132)	MAE 0.041 (0.041)
Test: [0/3]	Time 0.021 (0.021)	Loss 0.3723 (0.3723)	MAE 0.194 (0.194)
Epoch: [571][0/7]	Time 0.093 (0.093)	Data 0.011 (0.011)	Loss 0.0132 (0.0132)	MAE 0.041 (0.041)
Test: [0/3]	Time 0.021 (0.021)	Loss 0.3725 (0.3725)	MAE 0.194 (0.194)
Epoch: [572][0/7]	Time 0.093 (0.093)	Data 0.011 (0.011)	Loss 0.0132 (0.0132)	MAE 0.041 (0.041)
Test: [0/3]	Time 0.021 (0.021)	Loss 0.3726 (0.3726)	MAE 0.194 (0.194)
Epoch: [573][0/7]	Time 0.093 (0.093)	Data 0.011 (0.011)	Loss 0.0131 (0.0131)	MAE 0.041 (0.041)
Test: [0/3]	Time 0.021 (0.021)	Loss 0.3727 (0.3727)	MAE 0.194 (0.194)
Epoch: [574][0/7]	Time 0.093 (0.093)	Data 0.011 (0.011)	Loss 0.0131 (0.0131)	MAE 0.041 (0.041)
Test: [0/3]	Time 0.021 (0.021)	Loss 0.3728 (0.3728)	MAE 0.194 (0.194)
Epoch: [575][0/7]	Time 0.093 (0.093)	Data 0.011 (0.011)	Loss 0.0131 (0.0131)	MAE 0.041 (0.041)
Test: [0/3]	Time 0.021 (0.021)	Loss 0.3730 (0.3730)	MAE 0.194 (0.194)
Epoch: [576][0/7]	Time 0.093 (0.093)	Data 0.012 (0.012)	Loss 0.0131 (0.0131)	MAE 0.041 (0.041)
Test: [0/3]	Time 0.021 (0.021)	Loss 0.3731 (0.3731)	MAE 0.194 (0.194)
Epoch: [577][0/7]	Time 0.093 (0.093)	Data 0.011 (0.011)	Loss 0.0130 (0.0130)	MAE 0.040 (0.040)
Test: [0/3]	Time 0.021 (0.021)	Loss 0.3732 (0.3732)	MAE 0.194 (0.194)
Epoch: [578][0/7]	Time 0.093 (0.093)	Data 0.011 (0.011)	Loss 0.0130 (0.0130)	MAE 0.040 (0.040)
Test: [0/3]	Time 0.021 (0.021)	Loss 0.3734 (0.3734)	MAE 0.194 (0.194)
Epoch: [579][0/7]	Time 0.093 (0.093)	Data 0.011 (0.011)	Loss 0.0130 (0.0130)	MAE 0.040 (0.040)
Test: [0/3]	Time 0.021 (0.021)	Loss 0.3735 (0.3735)	MAE 0.194 (0.194)
Epoch: [580][0/7]	Time 0.093 (0.093)	Data 0.011 (0.011)	Loss 0.0129 (0.0129)	MAE 0.040 (0.040)
Test: [0/3]	Time 0.021 (0.021)	Loss 0.3736 (0.3736)	MAE 0.194 (0.194)
Epoch: [581][0/7]	Time 0.094 (0.094)	Data 0.011 (0.011)	Loss 0.0129 (0.0129)	MAE 0.040 (0.040)
Test: [0/3]	Time 0.021 (0.021)	Loss 0.3738 (0.3738)	MAE 0.194 (0.194)
Epoch: [582][0/7]	Time 0.093 (0.093)	Data 0.011 (0.011)	Loss 0.0129 (0.0129)	MAE 0.040 (0.040)
Test: [0/3]	Time 0.021 (0.021)	Loss 0.3739 (0.3739)	MAE 0.194 (0.194)
Epoch: [583][0/7]	Time 0.093 (0.093)	Data 0.011 (0.011)	Loss 0.0129 (0.0129)	MAE 0.040 (0.040)
Test: [0/3]	Time 0.021 (0.021)	Loss 0.3740 (0.3740)	MAE 0.194 (0.194)
Epoch: [584][0/7]	Time 0.094 (0.094)	Data 0.012 (0.012)	Loss 0.0128 (0.0128)	MAE 0.040 (0.040)
Test: [0/3]	Time 0.021 (0.021)	Loss 0.3742 (0.3742)	MAE 0.194 (0.194)
Epoch: [585][0/7]	Time 0.093 (0.093)	Data 0.011 (0.011)	Loss 0.0128 (0.0128)	MAE 0.040 (0.040)
Test: [0/3]	Time 0.021 (0.021)	Loss 0.3743 (0.3743)	MAE 0.194 (0.194)
Epoch: [586][0/7]	Time 0.093 (0.093)	Data 0.011 (0.011)	Loss 0.0128 (0.0128)	MAE 0.040 (0.040)
Test: [0/3]	Time 0.021 (0.021)	Loss 0.3744 (0.3744)	MAE 0.194 (0.194)
Epoch: [587][0/7]	Time 0.093 (0.093)	Data 0.011 (0.011)	Loss 0.0128 (0.0128)	MAE 0.040 (0.040)
Test: [0/3]	Time 0.021 (0.021)	Loss 0.3746 (0.3746)	MAE 0.194 (0.194)
Epoch: [588][0/7]	Time 0.093 (0.093)	Data 0.011 (0.011)	Loss 0.0127 (0.0127)	MAE 0.040 (0.040)
Test: [0/3]	Time 0.020 (0.020)	Loss 0.3747 (0.3747)	MAE 0.194 (0.194)
Epoch: [589][0/7]	Time 0.093 (0.093)	Data 0.011 (0.011)	Loss 0.0127 (0.0127)	MAE 0.040 (0.040)
Test: [0/3]	Time 0.021 (0.021)	Loss 0.3748 (0.3748)	MAE 0.194 (0.194)
Epoch: [590][0/7]	Time 0.094 (0.094)	Data 0.012 (0.012)	Loss 0.0127 (0.0127)	MAE 0.040 (0.040)
Test: [0/3]	Time 0.021 (0.021)	Loss 0.3750 (0.3750)	MAE 0.194 (0.194)
Epoch: [591][0/7]	Time 0.093 (0.093)	Data 0.011 (0.011)	Loss 0.0126 (0.0126)	MAE 0.040 (0.040)
Test: [0/3]	Time 0.020 (0.020)	Loss 0.3751 (0.3751)	MAE 0.194 (0.194)
Epoch: [592][0/7]	Time 0.093 (0.093)	Data 0.011 (0.011)	Loss 0.0126 (0.0126)	MAE 0.040 (0.040)
Test: [0/3]	Time 0.021 (0.021)	Loss 0.3752 (0.3752)	MAE 0.194 (0.194)
Epoch: [593][0/7]	Time 0.092 (0.092)	Data 0.011 (0.011)	Loss 0.0126 (0.0126)	MAE 0.040 (0.040)
Test: [0/3]	Time 0.021 (0.021)	Loss 0.3753 (0.3753)	MAE 0.194 (0.194)
Epoch: [594][0/7]	Time 0.093 (0.093)	Data 0.012 (0.012)	Loss 0.0126 (0.0126)	MAE 0.040 (0.040)
Test: [0/3]	Time 0.020 (0.020)	Loss 0.3755 (0.3755)	MAE 0.194 (0.194)
Epoch: [595][0/7]	Time 0.093 (0.093)	Data 0.011 (0.011)	Loss 0.0125 (0.0125)	MAE 0.040 (0.040)
Test: [0/3]	Time 0.020 (0.020)	Loss 0.3756 (0.3756)	MAE 0.194 (0.194)
Epoch: [596][0/7]	Time 0.093 (0.093)	Data 0.011 (0.011)	Loss 0.0125 (0.0125)	MAE 0.040 (0.040)
Test: [0/3]	Time 0.020 (0.020)	Loss 0.3757 (0.3757)	MAE 0.194 (0.194)
Epoch: [597][0/7]	Time 0.093 (0.093)	Data 0.011 (0.011)	Loss 0.0125 (0.0125)	MAE 0.040 (0.040)
Test: [0/3]	Time 0.021 (0.021)	Loss 0.3759 (0.3759)	MAE 0.194 (0.194)
Epoch: [598][0/7]	Time 0.093 (0.093)	Data 0.011 (0.011)	Loss 0.0125 (0.0125)	MAE 0.040 (0.040)
Test: [0/3]	Time 0.020 (0.020)	Loss 0.3760 (0.3760)	MAE 0.194 (0.194)
Epoch: [599][0/7]	Time 0.093 (0.093)	Data 0.011 (0.011)	Loss 0.0124 (0.0124)	MAE 0.040 (0.040)
Test: [0/3]	Time 0.021 (0.021)	Loss 0.3761 (0.3761)	MAE 0.194 (0.194)
---------Evaluate Model on Train Set---------------
Test: [0/7]	Time 0.021 (0.021)	Loss 0.0846 (0.0846)	MAE 0.100 (0.100)
---------Evaluate Model on Val Set---------------
Test: [0/3]	Time 0.021 (0.021)	Loss 0.2805 (0.2805)	MAE 0.178 (0.178)
---------Evaluate Model on Test Set---------------
Test: [0/3]	Time 5.608 (5.608)	Loss 0.3190 (0.3190)	MAE 0.177 (0.177)
