Epoch: [0][0/7]	Time 5.709 (5.709)	Data 5.566 (5.566)	Loss 1.2250 (1.2250)	MAE 0.435 (0.435)
Test: [0/3]	Time 5.030 (5.030)	Loss 2.3669 (2.3669)	MAE 0.697 (0.697)
Epoch: [1][0/7]	Time 0.148 (0.148)	Data 0.017 (0.017)	Loss 0.8517 (0.8517)	MAE 0.384 (0.384)
Test: [0/3]	Time 0.021 (0.021)	Loss 1.0300 (1.0300)	MAE 0.440 (0.440)
Epoch: [2][0/7]	Time 0.143 (0.143)	Data 0.012 (0.012)	Loss 0.5705 (0.5705)	MAE 0.306 (0.306)
Test: [0/3]	Time 0.021 (0.021)	Loss 0.8173 (0.8173)	MAE 0.379 (0.379)
Epoch: [3][0/7]	Time 0.143 (0.143)	Data 0.012 (0.012)	Loss 0.3415 (0.3415)	MAE 0.217 (0.217)
Test: [0/3]	Time 0.022 (0.022)	Loss 0.7816 (0.7816)	MAE 0.367 (0.367)
Epoch: [4][0/7]	Time 0.143 (0.143)	Data 0.012 (0.012)	Loss 0.3063 (0.3063)	MAE 0.205 (0.205)
Test: [0/3]	Time 0.021 (0.021)	Loss 0.6522 (0.6522)	MAE 0.323 (0.323)
Epoch: [5][0/7]	Time 0.146 (0.146)	Data 0.014 (0.014)	Loss 0.3292 (0.3292)	MAE 0.220 (0.220)
Test: [0/3]	Time 0.022 (0.022)	Loss 0.6472 (0.6472)	MAE 0.316 (0.316)
Epoch: [6][0/7]	Time 0.143 (0.143)	Data 0.011 (0.011)	Loss 0.3540 (0.3540)	MAE 0.225 (0.225)
Test: [0/3]	Time 0.021 (0.021)	Loss 0.5039 (0.5039)	MAE 0.281 (0.281)
Epoch: [7][0/7]	Time 0.143 (0.143)	Data 0.011 (0.011)	Loss 0.3296 (0.3296)	MAE 0.232 (0.232)
Test: [0/3]	Time 0.021 (0.021)	Loss 0.3316 (0.3316)	MAE 0.215 (0.215)
Epoch: [8][0/7]	Time 0.143 (0.143)	Data 0.012 (0.012)	Loss 0.2427 (0.2427)	MAE 0.184 (0.184)
Test: [0/3]	Time 0.021 (0.021)	Loss 0.2838 (0.2838)	MAE 0.200 (0.200)
Epoch: [9][0/7]	Time 0.143 (0.143)	Data 0.011 (0.011)	Loss 0.1971 (0.1971)	MAE 0.162 (0.162)
Test: [0/3]	Time 0.022 (0.022)	Loss 0.2838 (0.2838)	MAE 0.199 (0.199)
Epoch: [10][0/7]	Time 0.143 (0.143)	Data 0.011 (0.011)	Loss 0.1899 (0.1899)	MAE 0.159 (0.159)
Test: [0/3]	Time 0.021 (0.021)	Loss 0.2522 (0.2522)	MAE 0.183 (0.183)
Epoch: [11][0/7]	Time 0.144 (0.144)	Data 0.012 (0.012)	Loss 0.1573 (0.1573)	MAE 0.144 (0.144)
Test: [0/3]	Time 0.022 (0.022)	Loss 0.2726 (0.2726)	MAE 0.197 (0.197)
Epoch: [12][0/7]	Time 0.144 (0.144)	Data 0.011 (0.011)	Loss 0.1755 (0.1755)	MAE 0.161 (0.161)
Test: [0/3]	Time 0.022 (0.022)	Loss 0.2806 (0.2806)	MAE 0.194 (0.194)
Epoch: [13][0/7]	Time 0.143 (0.143)	Data 0.011 (0.011)	Loss 0.1539 (0.1539)	MAE 0.148 (0.148)
Test: [0/3]	Time 0.021 (0.021)	Loss 0.2986 (0.2986)	MAE 0.196 (0.196)
Epoch: [14][0/7]	Time 0.144 (0.144)	Data 0.011 (0.011)	Loss 0.1348 (0.1348)	MAE 0.131 (0.131)
Test: [0/3]	Time 0.022 (0.022)	Loss 0.2884 (0.2884)	MAE 0.200 (0.200)
Epoch: [15][0/7]	Time 0.145 (0.145)	Data 0.014 (0.014)	Loss 0.1380 (0.1380)	MAE 0.131 (0.131)
Test: [0/3]	Time 0.021 (0.021)	Loss 0.3006 (0.3006)	MAE 0.199 (0.199)
Epoch: [16][0/7]	Time 0.143 (0.143)	Data 0.011 (0.011)	Loss 0.1297 (0.1297)	MAE 0.125 (0.125)
Test: [0/3]	Time 0.022 (0.022)	Loss 0.2912 (0.2912)	MAE 0.191 (0.191)
Epoch: [17][0/7]	Time 0.143 (0.143)	Data 0.012 (0.012)	Loss 0.1202 (0.1202)	MAE 0.119 (0.119)
Test: [0/3]	Time 0.021 (0.021)	Loss 0.3278 (0.3278)	MAE 0.204 (0.204)
Epoch: [18][0/7]	Time 0.143 (0.143)	Data 0.012 (0.012)	Loss 0.1424 (0.1424)	MAE 0.139 (0.139)
Test: [0/3]	Time 0.022 (0.022)	Loss 0.3607 (0.3607)	MAE 0.210 (0.210)
Epoch: [19][0/7]	Time 0.143 (0.143)	Data 0.011 (0.011)	Loss 0.1206 (0.1206)	MAE 0.126 (0.126)
Test: [0/3]	Time 0.021 (0.021)	Loss 0.2256 (0.2256)	MAE 0.171 (0.171)
Epoch: [20][0/7]	Time 0.142 (0.142)	Data 0.011 (0.011)	Loss 0.1309 (0.1309)	MAE 0.129 (0.129)
Test: [0/3]	Time 0.021 (0.021)	Loss 0.2740 (0.2740)	MAE 0.196 (0.196)
Epoch: [21][0/7]	Time 0.143 (0.143)	Data 0.011 (0.011)	Loss 0.1529 (0.1529)	MAE 0.152 (0.152)
Test: [0/3]	Time 0.021 (0.021)	Loss 0.3331 (0.3331)	MAE 0.204 (0.204)
Epoch: [22][0/7]	Time 0.143 (0.143)	Data 0.011 (0.011)	Loss 0.1226 (0.1226)	MAE 0.125 (0.125)
Test: [0/3]	Time 0.021 (0.021)	Loss 0.2578 (0.2578)	MAE 0.188 (0.188)
Epoch: [23][0/7]	Time 0.143 (0.143)	Data 0.011 (0.011)	Loss 0.1138 (0.1138)	MAE 0.124 (0.124)
Test: [0/3]	Time 0.021 (0.021)	Loss 0.2165 (0.2165)	MAE 0.165 (0.165)
Epoch: [24][0/7]	Time 0.143 (0.143)	Data 0.012 (0.012)	Loss 0.1124 (0.1124)	MAE 0.120 (0.120)
Test: [0/3]	Time 0.022 (0.022)	Loss 0.2339 (0.2339)	MAE 0.172 (0.172)
Epoch: [25][0/7]	Time 0.143 (0.143)	Data 0.011 (0.011)	Loss 0.0999 (0.0999)	MAE 0.115 (0.115)
Test: [0/3]	Time 0.021 (0.021)	Loss 0.2117 (0.2117)	MAE 0.164 (0.164)
Epoch: [26][0/7]	Time 0.143 (0.143)	Data 0.012 (0.012)	Loss 0.0931 (0.0931)	MAE 0.106 (0.106)
Test: [0/3]	Time 0.021 (0.021)	Loss 0.2054 (0.2054)	MAE 0.163 (0.163)
Epoch: [27][0/7]	Time 0.143 (0.143)	Data 0.011 (0.011)	Loss 0.1015 (0.1015)	MAE 0.107 (0.107)
Test: [0/3]	Time 0.021 (0.021)	Loss 0.2283 (0.2283)	MAE 0.168 (0.168)
Epoch: [28][0/7]	Time 0.142 (0.142)	Data 0.011 (0.011)	Loss 0.0885 (0.0885)	MAE 0.103 (0.103)
Test: [0/3]	Time 0.021 (0.021)	Loss 0.2161 (0.2161)	MAE 0.164 (0.164)
Epoch: [29][0/7]	Time 0.143 (0.143)	Data 0.011 (0.011)	Loss 0.0890 (0.0890)	MAE 0.103 (0.103)
Test: [0/3]	Time 0.022 (0.022)	Loss 0.2348 (0.2348)	MAE 0.170 (0.170)
Epoch: [30][0/7]	Time 0.143 (0.143)	Data 0.011 (0.011)	Loss 0.0889 (0.0889)	MAE 0.103 (0.103)
Test: [0/3]	Time 0.021 (0.021)	Loss 0.2372 (0.2372)	MAE 0.170 (0.170)
Epoch: [31][0/7]	Time 0.143 (0.143)	Data 0.011 (0.011)	Loss 0.0860 (0.0860)	MAE 0.102 (0.102)
Test: [0/3]	Time 0.021 (0.021)	Loss 0.2485 (0.2485)	MAE 0.177 (0.177)
Epoch: [32][0/7]	Time 0.142 (0.142)	Data 0.011 (0.011)	Loss 0.0882 (0.0882)	MAE 0.104 (0.104)
Test: [0/3]	Time 0.021 (0.021)	Loss 0.2284 (0.2284)	MAE 0.168 (0.168)
Epoch: [33][0/7]	Time 0.142 (0.142)	Data 0.011 (0.011)	Loss 0.0831 (0.0831)	MAE 0.098 (0.098)
Test: [0/3]	Time 0.021 (0.021)	Loss 0.2153 (0.2153)	MAE 0.162 (0.162)
Epoch: [34][0/7]	Time 0.143 (0.143)	Data 0.011 (0.011)	Loss 0.0826 (0.0826)	MAE 0.095 (0.095)
Test: [0/3]	Time 0.021 (0.021)	Loss 0.3177 (0.3177)	MAE 0.194 (0.194)
Epoch: [35][0/7]	Time 0.143 (0.143)	Data 0.012 (0.012)	Loss 0.0974 (0.0974)	MAE 0.098 (0.098)
Test: [0/3]	Time 0.021 (0.021)	Loss 0.2804 (0.2804)	MAE 0.183 (0.183)
Epoch: [36][0/7]	Time 0.143 (0.143)	Data 0.011 (0.011)	Loss 0.0873 (0.0873)	MAE 0.098 (0.098)
Test: [0/3]	Time 0.021 (0.021)	Loss 0.2266 (0.2266)	MAE 0.175 (0.175)
Epoch: [37][0/7]	Time 0.144 (0.144)	Data 0.012 (0.012)	Loss 0.0856 (0.0856)	MAE 0.106 (0.106)
Test: [0/3]	Time 0.021 (0.021)	Loss 0.2626 (0.2626)	MAE 0.182 (0.182)
Epoch: [38][0/7]	Time 0.143 (0.143)	Data 0.012 (0.012)	Loss 0.0902 (0.0902)	MAE 0.112 (0.112)
Test: [0/3]	Time 0.021 (0.021)	Loss 0.2765 (0.2765)	MAE 0.197 (0.197)
Epoch: [39][0/7]	Time 0.143 (0.143)	Data 0.011 (0.011)	Loss 0.0885 (0.0885)	MAE 0.112 (0.112)
Test: [0/3]	Time 0.023 (0.023)	Loss 0.2414 (0.2414)	MAE 0.172 (0.172)
Epoch: [40][0/7]	Time 0.144 (0.144)	Data 0.013 (0.013)	Loss 0.0866 (0.0866)	MAE 0.106 (0.106)
Test: [0/3]	Time 0.021 (0.021)	Loss 0.2303 (0.2303)	MAE 0.165 (0.165)
Epoch: [41][0/7]	Time 0.143 (0.143)	Data 0.012 (0.012)	Loss 0.0723 (0.0723)	MAE 0.092 (0.092)
Test: [0/3]	Time 0.021 (0.021)	Loss 0.2284 (0.2284)	MAE 0.165 (0.165)
Epoch: [42][0/7]	Time 0.143 (0.143)	Data 0.011 (0.011)	Loss 0.0718 (0.0718)	MAE 0.090 (0.090)
Test: [0/3]	Time 0.022 (0.022)	Loss 0.2810 (0.2810)	MAE 0.184 (0.184)
Epoch: [43][0/7]	Time 0.143 (0.143)	Data 0.011 (0.011)	Loss 0.0752 (0.0752)	MAE 0.094 (0.094)
Test: [0/3]	Time 0.022 (0.022)	Loss 0.2217 (0.2217)	MAE 0.163 (0.163)
Epoch: [44][0/7]	Time 0.143 (0.143)	Data 0.012 (0.012)	Loss 0.0708 (0.0708)	MAE 0.085 (0.085)
Test: [0/3]	Time 0.021 (0.021)	Loss 0.2604 (0.2604)	MAE 0.173 (0.173)
Epoch: [45][0/7]	Time 0.143 (0.143)	Data 0.011 (0.011)	Loss 0.0668 (0.0668)	MAE 0.086 (0.086)
Test: [0/3]	Time 0.022 (0.022)	Loss 0.2423 (0.2423)	MAE 0.166 (0.166)
Epoch: [46][0/7]	Time 0.143 (0.143)	Data 0.011 (0.011)	Loss 0.0675 (0.0675)	MAE 0.092 (0.092)
Test: [0/3]	Time 0.021 (0.021)	Loss 0.2638 (0.2638)	MAE 0.180 (0.180)
Epoch: [47][0/7]	Time 0.143 (0.143)	Data 0.011 (0.011)	Loss 0.0758 (0.0758)	MAE 0.101 (0.101)
Test: [0/3]	Time 0.022 (0.022)	Loss 0.2430 (0.2430)	MAE 0.174 (0.174)
Epoch: [48][0/7]	Time 0.143 (0.143)	Data 0.011 (0.011)	Loss 0.0707 (0.0707)	MAE 0.102 (0.102)
Test: [0/3]	Time 0.021 (0.021)	Loss 0.2442 (0.2442)	MAE 0.167 (0.167)
Epoch: [49][0/7]	Time 0.143 (0.143)	Data 0.011 (0.011)	Loss 0.0600 (0.0600)	MAE 0.079 (0.079)
Test: [0/3]	Time 0.021 (0.021)	Loss 0.2917 (0.2917)	MAE 0.196 (0.196)
Epoch: [50][0/7]	Time 0.143 (0.143)	Data 0.012 (0.012)	Loss 0.0703 (0.0703)	MAE 0.092 (0.092)
Test: [0/3]	Time 0.021 (0.021)	Loss 0.2662 (0.2662)	MAE 0.190 (0.190)
Epoch: [51][0/7]	Time 0.143 (0.143)	Data 0.011 (0.011)	Loss 0.0762 (0.0762)	MAE 0.107 (0.107)
Test: [0/3]	Time 0.022 (0.022)	Loss 0.2550 (0.2550)	MAE 0.168 (0.168)
Epoch: [52][0/7]	Time 0.143 (0.143)	Data 0.011 (0.011)	Loss 0.0596 (0.0596)	MAE 0.088 (0.088)
Test: [0/3]	Time 0.021 (0.021)	Loss 0.2611 (0.2611)	MAE 0.176 (0.176)
Epoch: [53][0/7]	Time 0.143 (0.143)	Data 0.012 (0.012)	Loss 0.0642 (0.0642)	MAE 0.089 (0.089)
Test: [0/3]	Time 0.021 (0.021)	Loss 0.2812 (0.2812)	MAE 0.190 (0.190)
Epoch: [54][0/7]	Time 0.143 (0.143)	Data 0.011 (0.011)	Loss 0.0885 (0.0885)	MAE 0.119 (0.119)
Test: [0/3]	Time 0.022 (0.022)	Loss 0.2572 (0.2572)	MAE 0.175 (0.175)
Epoch: [55][0/7]	Time 0.143 (0.143)	Data 0.011 (0.011)	Loss 0.0572 (0.0572)	MAE 0.089 (0.089)
Test: [0/3]	Time 0.021 (0.021)	Loss 0.2593 (0.2593)	MAE 0.184 (0.184)
Epoch: [56][0/7]	Time 0.143 (0.143)	Data 0.011 (0.011)	Loss 0.0592 (0.0592)	MAE 0.091 (0.091)
Test: [0/3]	Time 0.021 (0.021)	Loss 0.2636 (0.2636)	MAE 0.186 (0.186)
Epoch: [57][0/7]	Time 0.143 (0.143)	Data 0.011 (0.011)	Loss 0.0724 (0.0724)	MAE 0.099 (0.099)
Test: [0/3]	Time 0.021 (0.021)	Loss 0.3226 (0.3226)	MAE 0.195 (0.195)
Epoch: [58][0/7]	Time 0.142 (0.142)	Data 0.011 (0.011)	Loss 0.0795 (0.0795)	MAE 0.092 (0.092)
Test: [0/3]	Time 0.021 (0.021)	Loss 0.2741 (0.2741)	MAE 0.175 (0.175)
Epoch: [59][0/7]	Time 0.143 (0.143)	Data 0.011 (0.011)	Loss 0.0662 (0.0662)	MAE 0.090 (0.090)
Test: [0/3]	Time 0.021 (0.021)	Loss 0.2716 (0.2716)	MAE 0.173 (0.173)
Epoch: [60][0/7]	Time 0.143 (0.143)	Data 0.011 (0.011)	Loss 0.0874 (0.0874)	MAE 0.100 (0.100)
Test: [0/3]	Time 0.021 (0.021)	Loss 0.2443 (0.2443)	MAE 0.170 (0.170)
Epoch: [61][0/7]	Time 0.143 (0.143)	Data 0.011 (0.011)	Loss 0.0629 (0.0629)	MAE 0.085 (0.085)
Test: [0/3]	Time 0.022 (0.022)	Loss 0.2619 (0.2619)	MAE 0.172 (0.172)
Epoch: [62][0/7]	Time 0.142 (0.142)	Data 0.011 (0.011)	Loss 0.0623 (0.0623)	MAE 0.082 (0.082)
Test: [0/3]	Time 0.021 (0.021)	Loss 0.2501 (0.2501)	MAE 0.178 (0.178)
Epoch: [63][0/7]	Time 0.142 (0.142)	Data 0.011 (0.011)	Loss 0.0632 (0.0632)	MAE 0.083 (0.083)
Test: [0/3]	Time 0.021 (0.021)	Loss 0.2455 (0.2455)	MAE 0.168 (0.168)
Epoch: [64][0/7]	Time 0.144 (0.144)	Data 0.013 (0.013)	Loss 0.0487 (0.0487)	MAE 0.075 (0.075)
Test: [0/3]	Time 0.021 (0.021)	Loss 0.2795 (0.2795)	MAE 0.178 (0.178)
Epoch: [65][0/7]	Time 0.142 (0.142)	Data 0.011 (0.011)	Loss 0.0525 (0.0525)	MAE 0.083 (0.083)
Test: [0/3]	Time 0.022 (0.022)	Loss 0.2533 (0.2533)	MAE 0.170 (0.170)
Epoch: [66][0/7]	Time 0.142 (0.142)	Data 0.011 (0.011)	Loss 0.0441 (0.0441)	MAE 0.071 (0.071)
Test: [0/3]	Time 0.024 (0.024)	Loss 0.2558 (0.2558)	MAE 0.168 (0.168)
Epoch: [67][0/7]	Time 0.143 (0.143)	Data 0.011 (0.011)	Loss 0.0415 (0.0415)	MAE 0.068 (0.068)
Test: [0/3]	Time 0.022 (0.022)	Loss 0.2756 (0.2756)	MAE 0.177 (0.177)
Epoch: [68][0/7]	Time 0.142 (0.142)	Data 0.011 (0.011)	Loss 0.0434 (0.0434)	MAE 0.072 (0.072)
Test: [0/3]	Time 0.021 (0.021)	Loss 0.2518 (0.2518)	MAE 0.169 (0.169)
Epoch: [69][0/7]	Time 0.143 (0.143)	Data 0.011 (0.011)	Loss 0.0424 (0.0424)	MAE 0.070 (0.070)
Test: [0/3]	Time 0.022 (0.022)	Loss 0.2811 (0.2811)	MAE 0.173 (0.173)
Epoch: [70][0/7]	Time 0.143 (0.143)	Data 0.011 (0.011)	Loss 0.0330 (0.0330)	MAE 0.061 (0.061)
Test: [0/3]	Time 0.024 (0.024)	Loss 0.2806 (0.2806)	MAE 0.174 (0.174)
Epoch: [71][0/7]	Time 0.144 (0.144)	Data 0.012 (0.012)	Loss 0.0372 (0.0372)	MAE 0.071 (0.071)
Test: [0/3]	Time 0.022 (0.022)	Loss 0.3164 (0.3164)	MAE 0.186 (0.186)
Epoch: [72][0/7]	Time 0.143 (0.143)	Data 0.011 (0.011)	Loss 0.0405 (0.0405)	MAE 0.075 (0.075)
Test: [0/3]	Time 0.022 (0.022)	Loss 0.2766 (0.2766)	MAE 0.178 (0.178)
Epoch: [73][0/7]	Time 0.142 (0.142)	Data 0.011 (0.011)	Loss 0.0420 (0.0420)	MAE 0.070 (0.070)
Test: [0/3]	Time 0.022 (0.022)	Loss 0.2880 (0.2880)	MAE 0.181 (0.181)
Epoch: [74][0/7]	Time 0.143 (0.143)	Data 0.011 (0.011)	Loss 0.0448 (0.0448)	MAE 0.067 (0.067)
Test: [0/3]	Time 0.022 (0.022)	Loss 0.3520 (0.3520)	MAE 0.210 (0.210)
Epoch: [75][0/7]	Time 0.143 (0.143)	Data 0.012 (0.012)	Loss 0.0460 (0.0460)	MAE 0.077 (0.077)
Test: [0/3]	Time 0.022 (0.022)	Loss 0.2705 (0.2705)	MAE 0.172 (0.172)
Epoch: [76][0/7]	Time 0.142 (0.142)	Data 0.011 (0.011)	Loss 0.0325 (0.0325)	MAE 0.061 (0.061)
Test: [0/3]	Time 0.021 (0.021)	Loss 0.3270 (0.3270)	MAE 0.189 (0.189)
Epoch: [77][0/7]	Time 0.143 (0.143)	Data 0.011 (0.011)	Loss 0.0479 (0.0479)	MAE 0.086 (0.086)
Test: [0/3]	Time 0.021 (0.021)	Loss 0.3750 (0.3750)	MAE 0.213 (0.213)
Epoch: [78][0/7]	Time 0.143 (0.143)	Data 0.011 (0.011)	Loss 0.0435 (0.0435)	MAE 0.079 (0.079)
Test: [0/3]	Time 0.022 (0.022)	Loss 0.2708 (0.2708)	MAE 0.174 (0.174)
Epoch: [79][0/7]	Time 0.143 (0.143)	Data 0.012 (0.012)	Loss 0.0406 (0.0406)	MAE 0.072 (0.072)
Test: [0/3]	Time 0.022 (0.022)	Loss 0.3016 (0.3016)	MAE 0.185 (0.185)
Epoch: [80][0/7]	Time 0.143 (0.143)	Data 0.012 (0.012)	Loss 0.0492 (0.0492)	MAE 0.073 (0.073)
Test: [0/3]	Time 0.022 (0.022)	Loss 0.2843 (0.2843)	MAE 0.191 (0.191)
Epoch: [81][0/7]	Time 0.143 (0.143)	Data 0.012 (0.012)	Loss 0.0470 (0.0470)	MAE 0.081 (0.081)
Test: [0/3]	Time 0.021 (0.021)	Loss 0.2793 (0.2793)	MAE 0.176 (0.176)
Epoch: [82][0/7]	Time 0.143 (0.143)	Data 0.012 (0.012)	Loss 0.0342 (0.0342)	MAE 0.067 (0.067)
Test: [0/3]	Time 0.022 (0.022)	Loss 0.2964 (0.2964)	MAE 0.179 (0.179)
Epoch: [83][0/7]	Time 0.143 (0.143)	Data 0.012 (0.012)	Loss 0.0401 (0.0401)	MAE 0.079 (0.079)
Test: [0/3]	Time 0.022 (0.022)	Loss 0.3005 (0.3005)	MAE 0.192 (0.192)
Epoch: [84][0/7]	Time 0.143 (0.143)	Data 0.012 (0.012)	Loss 0.0445 (0.0445)	MAE 0.079 (0.079)
Test: [0/3]	Time 0.021 (0.021)	Loss 0.2783 (0.2783)	MAE 0.177 (0.177)
Epoch: [85][0/7]	Time 0.143 (0.143)	Data 0.012 (0.012)	Loss 0.0360 (0.0360)	MAE 0.064 (0.064)
Test: [0/3]	Time 0.021 (0.021)	Loss 0.3037 (0.3037)	MAE 0.200 (0.200)
Epoch: [86][0/7]	Time 0.143 (0.143)	Data 0.012 (0.012)	Loss 0.0419 (0.0419)	MAE 0.082 (0.082)
Test: [0/3]	Time 0.022 (0.022)	Loss 0.2723 (0.2723)	MAE 0.172 (0.172)
Epoch: [87][0/7]	Time 0.143 (0.143)	Data 0.011 (0.011)	Loss 0.0305 (0.0305)	MAE 0.062 (0.062)
Test: [0/3]	Time 0.022 (0.022)	Loss 0.3033 (0.3033)	MAE 0.187 (0.187)
Epoch: [88][0/7]	Time 0.143 (0.143)	Data 0.012 (0.012)	Loss 0.0392 (0.0392)	MAE 0.075 (0.075)
Test: [0/3]	Time 0.021 (0.021)	Loss 0.2896 (0.2896)	MAE 0.178 (0.178)
Epoch: [89][0/7]	Time 0.143 (0.143)	Data 0.011 (0.011)	Loss 0.0330 (0.0330)	MAE 0.064 (0.064)
Test: [0/3]	Time 0.021 (0.021)	Loss 0.2921 (0.2921)	MAE 0.173 (0.173)
Epoch: [90][0/7]	Time 0.142 (0.142)	Data 0.011 (0.011)	Loss 0.0330 (0.0330)	MAE 0.066 (0.066)
Test: [0/3]	Time 0.022 (0.022)	Loss 0.2768 (0.2768)	MAE 0.173 (0.173)
Epoch: [91][0/7]	Time 0.144 (0.144)	Data 0.011 (0.011)	Loss 0.0353 (0.0353)	MAE 0.066 (0.066)
Test: [0/3]	Time 0.022 (0.022)	Loss 0.2902 (0.2902)	MAE 0.178 (0.178)
Epoch: [92][0/7]	Time 0.143 (0.143)	Data 0.011 (0.011)	Loss 0.0359 (0.0359)	MAE 0.058 (0.058)
Test: [0/3]	Time 0.022 (0.022)	Loss 0.2823 (0.2823)	MAE 0.175 (0.175)
Epoch: [93][0/7]	Time 0.143 (0.143)	Data 0.011 (0.011)	Loss 0.0298 (0.0298)	MAE 0.059 (0.059)
Test: [0/3]	Time 0.022 (0.022)	Loss 0.3065 (0.3065)	MAE 0.176 (0.176)
Epoch: [94][0/7]	Time 0.143 (0.143)	Data 0.011 (0.011)	Loss 0.0337 (0.0337)	MAE 0.065 (0.065)
Test: [0/3]	Time 0.021 (0.021)	Loss 0.2914 (0.2914)	MAE 0.177 (0.177)
Epoch: [95][0/7]	Time 0.143 (0.143)	Data 0.011 (0.011)	Loss 0.0287 (0.0287)	MAE 0.062 (0.062)
Test: [0/3]	Time 0.021 (0.021)	Loss 0.2842 (0.2842)	MAE 0.174 (0.174)
Epoch: [96][0/7]	Time 0.143 (0.143)	Data 0.012 (0.012)	Loss 0.0325 (0.0325)	MAE 0.061 (0.061)
Test: [0/3]	Time 0.021 (0.021)	Loss 0.3310 (0.3310)	MAE 0.196 (0.196)
Epoch: [97][0/7]	Time 0.143 (0.143)	Data 0.011 (0.011)	Loss 0.0313 (0.0313)	MAE 0.060 (0.060)
Test: [0/3]	Time 0.021 (0.021)	Loss 0.2855 (0.2855)	MAE 0.173 (0.173)
Epoch: [98][0/7]	Time 0.143 (0.143)	Data 0.011 (0.011)	Loss 0.0301 (0.0301)	MAE 0.065 (0.065)
Test: [0/3]	Time 0.021 (0.021)	Loss 0.3165 (0.3165)	MAE 0.182 (0.182)
Epoch: [99][0/7]	Time 0.143 (0.143)	Data 0.011 (0.011)	Loss 0.0268 (0.0268)	MAE 0.059 (0.059)
Test: [0/3]	Time 0.022 (0.022)	Loss 0.2992 (0.2992)	MAE 0.173 (0.173)
Epoch: [100][0/7]	Time 0.145 (0.145)	Data 0.013 (0.013)	Loss 0.0269 (0.0269)	MAE 0.061 (0.061)
Test: [0/3]	Time 0.022 (0.022)	Loss 0.2891 (0.2891)	MAE 0.169 (0.169)
Epoch: [101][0/7]	Time 0.143 (0.143)	Data 0.011 (0.011)	Loss 0.0180 (0.0180)	MAE 0.047 (0.047)
Test: [0/3]	Time 0.021 (0.021)	Loss 0.2851 (0.2851)	MAE 0.172 (0.172)
Epoch: [102][0/7]	Time 0.143 (0.143)	Data 0.011 (0.011)	Loss 0.0188 (0.0188)	MAE 0.046 (0.046)
Test: [0/3]	Time 0.021 (0.021)	Loss 0.2833 (0.2833)	MAE 0.171 (0.171)
Epoch: [103][0/7]	Time 0.143 (0.143)	Data 0.011 (0.011)	Loss 0.0162 (0.0162)	MAE 0.041 (0.041)
Test: [0/3]	Time 0.023 (0.023)	Loss 0.2828 (0.2828)	MAE 0.169 (0.169)
Epoch: [104][0/7]	Time 0.143 (0.143)	Data 0.011 (0.011)	Loss 0.0154 (0.0154)	MAE 0.042 (0.042)
Test: [0/3]	Time 0.021 (0.021)	Loss 0.2823 (0.2823)	MAE 0.169 (0.169)
Epoch: [105][0/7]	Time 0.143 (0.143)	Data 0.011 (0.011)	Loss 0.0150 (0.0150)	MAE 0.040 (0.040)
Test: [0/3]	Time 0.021 (0.021)	Loss 0.2828 (0.2828)	MAE 0.170 (0.170)
Epoch: [106][0/7]	Time 0.142 (0.142)	Data 0.011 (0.011)	Loss 0.0150 (0.0150)	MAE 0.040 (0.040)
Test: [0/3]	Time 0.021 (0.021)	Loss 0.2847 (0.2847)	MAE 0.170 (0.170)
Epoch: [107][0/7]	Time 0.143 (0.143)	Data 0.011 (0.011)	Loss 0.0147 (0.0147)	MAE 0.040 (0.040)
Test: [0/3]	Time 0.022 (0.022)	Loss 0.2865 (0.2865)	MAE 0.170 (0.170)
Epoch: [108][0/7]	Time 0.144 (0.144)	Data 0.012 (0.012)	Loss 0.0145 (0.0145)	MAE 0.040 (0.040)
Test: [0/3]	Time 0.021 (0.021)	Loss 0.2876 (0.2876)	MAE 0.171 (0.171)
Epoch: [109][0/7]	Time 0.143 (0.143)	Data 0.011 (0.011)	Loss 0.0144 (0.0144)	MAE 0.039 (0.039)
Test: [0/3]	Time 0.021 (0.021)	Loss 0.2884 (0.2884)	MAE 0.171 (0.171)
Epoch: [110][0/7]	Time 0.143 (0.143)	Data 0.011 (0.011)	Loss 0.0143 (0.0143)	MAE 0.039 (0.039)
Test: [0/3]	Time 0.021 (0.021)	Loss 0.2891 (0.2891)	MAE 0.171 (0.171)
Epoch: [111][0/7]	Time 0.142 (0.142)	Data 0.011 (0.011)	Loss 0.0142 (0.0142)	MAE 0.039 (0.039)
Test: [0/3]	Time 0.021 (0.021)	Loss 0.2898 (0.2898)	MAE 0.171 (0.171)
Epoch: [112][0/7]	Time 0.143 (0.143)	Data 0.011 (0.011)	Loss 0.0141 (0.0141)	MAE 0.039 (0.039)
Test: [0/3]	Time 0.021 (0.021)	Loss 0.2904 (0.2904)	MAE 0.171 (0.171)
Epoch: [113][0/7]	Time 0.143 (0.143)	Data 0.011 (0.011)	Loss 0.0140 (0.0140)	MAE 0.039 (0.039)
Test: [0/3]	Time 0.021 (0.021)	Loss 0.2911 (0.2911)	MAE 0.171 (0.171)
Epoch: [114][0/7]	Time 0.143 (0.143)	Data 0.011 (0.011)	Loss 0.0139 (0.0139)	MAE 0.039 (0.039)
Test: [0/3]	Time 0.021 (0.021)	Loss 0.2917 (0.2917)	MAE 0.172 (0.172)
Epoch: [115][0/7]	Time 0.143 (0.143)	Data 0.011 (0.011)	Loss 0.0138 (0.0138)	MAE 0.039 (0.039)
Test: [0/3]	Time 0.021 (0.021)	Loss 0.2922 (0.2922)	MAE 0.172 (0.172)
Epoch: [116][0/7]	Time 0.143 (0.143)	Data 0.011 (0.011)	Loss 0.0138 (0.0138)	MAE 0.039 (0.039)
Test: [0/3]	Time 0.021 (0.021)	Loss 0.2927 (0.2927)	MAE 0.172 (0.172)
Epoch: [117][0/7]	Time 0.143 (0.143)	Data 0.011 (0.011)	Loss 0.0137 (0.0137)	MAE 0.039 (0.039)
Test: [0/3]	Time 0.021 (0.021)	Loss 0.2932 (0.2932)	MAE 0.172 (0.172)
Epoch: [118][0/7]	Time 0.143 (0.143)	Data 0.012 (0.012)	Loss 0.0136 (0.0136)	MAE 0.039 (0.039)
Test: [0/3]	Time 0.021 (0.021)	Loss 0.2937 (0.2937)	MAE 0.172 (0.172)
Epoch: [119][0/7]	Time 0.143 (0.143)	Data 0.011 (0.011)	Loss 0.0135 (0.0135)	MAE 0.038 (0.038)
Test: [0/3]	Time 0.021 (0.021)	Loss 0.2942 (0.2942)	MAE 0.172 (0.172)
Epoch: [120][0/7]	Time 0.144 (0.144)	Data 0.011 (0.011)	Loss 0.0135 (0.0135)	MAE 0.038 (0.038)
Test: [0/3]	Time 0.021 (0.021)	Loss 0.2947 (0.2947)	MAE 0.172 (0.172)
Epoch: [121][0/7]	Time 0.143 (0.143)	Data 0.011 (0.011)	Loss 0.0134 (0.0134)	MAE 0.038 (0.038)
Test: [0/3]	Time 0.021 (0.021)	Loss 0.2951 (0.2951)	MAE 0.172 (0.172)
Epoch: [122][0/7]	Time 0.142 (0.142)	Data 0.011 (0.011)	Loss 0.0133 (0.0133)	MAE 0.038 (0.038)
Test: [0/3]	Time 0.021 (0.021)	Loss 0.2956 (0.2956)	MAE 0.172 (0.172)
Epoch: [123][0/7]	Time 0.142 (0.142)	Data 0.011 (0.011)	Loss 0.0133 (0.0133)	MAE 0.038 (0.038)
Test: [0/3]	Time 0.021 (0.021)	Loss 0.2960 (0.2960)	MAE 0.172 (0.172)
Epoch: [124][0/7]	Time 0.142 (0.142)	Data 0.011 (0.011)	Loss 0.0132 (0.0132)	MAE 0.038 (0.038)
Test: [0/3]	Time 0.021 (0.021)	Loss 0.2965 (0.2965)	MAE 0.172 (0.172)
Epoch: [125][0/7]	Time 0.142 (0.142)	Data 0.011 (0.011)	Loss 0.0131 (0.0131)	MAE 0.038 (0.038)
Test: [0/3]	Time 0.021 (0.021)	Loss 0.2969 (0.2969)	MAE 0.173 (0.173)
Epoch: [126][0/7]	Time 0.142 (0.142)	Data 0.011 (0.011)	Loss 0.0131 (0.0131)	MAE 0.038 (0.038)
Test: [0/3]	Time 0.021 (0.021)	Loss 0.2973 (0.2973)	MAE 0.173 (0.173)
Epoch: [127][0/7]	Time 0.142 (0.142)	Data 0.011 (0.011)	Loss 0.0130 (0.0130)	MAE 0.038 (0.038)
Test: [0/3]	Time 0.021 (0.021)	Loss 0.2977 (0.2977)	MAE 0.173 (0.173)
Epoch: [128][0/7]	Time 0.143 (0.143)	Data 0.011 (0.011)	Loss 0.0129 (0.0129)	MAE 0.038 (0.038)
Test: [0/3]	Time 0.020 (0.020)	Loss 0.2981 (0.2981)	MAE 0.173 (0.173)
Epoch: [129][0/7]	Time 0.142 (0.142)	Data 0.011 (0.011)	Loss 0.0129 (0.0129)	MAE 0.038 (0.038)
Test: [0/3]	Time 0.020 (0.020)	Loss 0.2985 (0.2985)	MAE 0.173 (0.173)
Epoch: [130][0/7]	Time 0.143 (0.143)	Data 0.011 (0.011)	Loss 0.0128 (0.0128)	MAE 0.038 (0.038)
Test: [0/3]	Time 0.021 (0.021)	Loss 0.2989 (0.2989)	MAE 0.173 (0.173)
Epoch: [131][0/7]	Time 0.142 (0.142)	Data 0.011 (0.011)	Loss 0.0128 (0.0128)	MAE 0.037 (0.037)
Test: [0/3]	Time 0.021 (0.021)	Loss 0.2993 (0.2993)	MAE 0.173 (0.173)
Epoch: [132][0/7]	Time 0.142 (0.142)	Data 0.011 (0.011)	Loss 0.0127 (0.0127)	MAE 0.037 (0.037)
Test: [0/3]	Time 0.021 (0.021)	Loss 0.2997 (0.2997)	MAE 0.173 (0.173)
Epoch: [133][0/7]	Time 0.143 (0.143)	Data 0.011 (0.011)	Loss 0.0126 (0.0126)	MAE 0.037 (0.037)
Test: [0/3]	Time 0.021 (0.021)	Loss 0.3001 (0.3001)	MAE 0.173 (0.173)
Epoch: [134][0/7]	Time 0.143 (0.143)	Data 0.011 (0.011)	Loss 0.0126 (0.0126)	MAE 0.037 (0.037)
Test: [0/3]	Time 0.022 (0.022)	Loss 0.3005 (0.3005)	MAE 0.173 (0.173)
Epoch: [135][0/7]	Time 0.143 (0.143)	Data 0.011 (0.011)	Loss 0.0125 (0.0125)	MAE 0.037 (0.037)
Test: [0/3]	Time 0.021 (0.021)	Loss 0.3009 (0.3009)	MAE 0.173 (0.173)
Epoch: [136][0/7]	Time 0.142 (0.142)	Data 0.011 (0.011)	Loss 0.0125 (0.0125)	MAE 0.037 (0.037)
Test: [0/3]	Time 0.021 (0.021)	Loss 0.3013 (0.3013)	MAE 0.173 (0.173)
Epoch: [137][0/7]	Time 0.142 (0.142)	Data 0.011 (0.011)	Loss 0.0124 (0.0124)	MAE 0.037 (0.037)
Test: [0/3]	Time 0.021 (0.021)	Loss 0.3016 (0.3016)	MAE 0.173 (0.173)
Epoch: [138][0/7]	Time 0.142 (0.142)	Data 0.011 (0.011)	Loss 0.0124 (0.0124)	MAE 0.037 (0.037)
Test: [0/3]	Time 0.021 (0.021)	Loss 0.3020 (0.3020)	MAE 0.173 (0.173)
Epoch: [139][0/7]	Time 0.144 (0.144)	Data 0.013 (0.013)	Loss 0.0123 (0.0123)	MAE 0.037 (0.037)
Test: [0/3]	Time 0.022 (0.022)	Loss 0.3024 (0.3024)	MAE 0.173 (0.173)
Epoch: [140][0/7]	Time 0.143 (0.143)	Data 0.012 (0.012)	Loss 0.0123 (0.0123)	MAE 0.037 (0.037)
Test: [0/3]	Time 0.022 (0.022)	Loss 0.3027 (0.3027)	MAE 0.174 (0.174)
Epoch: [141][0/7]	Time 0.143 (0.143)	Data 0.011 (0.011)	Loss 0.0122 (0.0122)	MAE 0.037 (0.037)
Test: [0/3]	Time 0.022 (0.022)	Loss 0.3031 (0.3031)	MAE 0.174 (0.174)
Epoch: [142][0/7]	Time 0.144 (0.144)	Data 0.011 (0.011)	Loss 0.0121 (0.0121)	MAE 0.037 (0.037)
Test: [0/3]	Time 0.022 (0.022)	Loss 0.3035 (0.3035)	MAE 0.174 (0.174)
Epoch: [143][0/7]	Time 0.143 (0.143)	Data 0.011 (0.011)	Loss 0.0121 (0.0121)	MAE 0.037 (0.037)
Test: [0/3]	Time 0.022 (0.022)	Loss 0.3038 (0.3038)	MAE 0.174 (0.174)
Epoch: [144][0/7]	Time 0.143 (0.143)	Data 0.012 (0.012)	Loss 0.0120 (0.0120)	MAE 0.037 (0.037)
Test: [0/3]	Time 0.022 (0.022)	Loss 0.3042 (0.3042)	MAE 0.174 (0.174)
Epoch: [145][0/7]	Time 0.143 (0.143)	Data 0.011 (0.011)	Loss 0.0120 (0.0120)	MAE 0.037 (0.037)
Test: [0/3]	Time 0.021 (0.021)	Loss 0.3045 (0.3045)	MAE 0.174 (0.174)
Epoch: [146][0/7]	Time 0.143 (0.143)	Data 0.011 (0.011)	Loss 0.0119 (0.0119)	MAE 0.036 (0.036)
Test: [0/3]	Time 0.022 (0.022)	Loss 0.3049 (0.3049)	MAE 0.174 (0.174)
Epoch: [147][0/7]	Time 0.142 (0.142)	Data 0.011 (0.011)	Loss 0.0119 (0.0119)	MAE 0.036 (0.036)
Test: [0/3]	Time 0.023 (0.023)	Loss 0.3052 (0.3052)	MAE 0.174 (0.174)
Epoch: [148][0/7]	Time 0.143 (0.143)	Data 0.012 (0.012)	Loss 0.0118 (0.0118)	MAE 0.036 (0.036)
Test: [0/3]	Time 0.021 (0.021)	Loss 0.3056 (0.3056)	MAE 0.174 (0.174)
Epoch: [149][0/7]	Time 0.143 (0.143)	Data 0.011 (0.011)	Loss 0.0118 (0.0118)	MAE 0.036 (0.036)
Test: [0/3]	Time 0.022 (0.022)	Loss 0.3059 (0.3059)	MAE 0.174 (0.174)
Epoch: [150][0/7]	Time 0.143 (0.143)	Data 0.011 (0.011)	Loss 0.0117 (0.0117)	MAE 0.036 (0.036)
Test: [0/3]	Time 0.022 (0.022)	Loss 0.3063 (0.3063)	MAE 0.174 (0.174)
Epoch: [151][0/7]	Time 0.144 (0.144)	Data 0.012 (0.012)	Loss 0.0117 (0.0117)	MAE 0.036 (0.036)
Test: [0/3]	Time 0.022 (0.022)	Loss 0.3066 (0.3066)	MAE 0.174 (0.174)
Epoch: [152][0/7]	Time 0.143 (0.143)	Data 0.011 (0.011)	Loss 0.0116 (0.0116)	MAE 0.036 (0.036)
Test: [0/3]	Time 0.022 (0.022)	Loss 0.3070 (0.3070)	MAE 0.174 (0.174)
Epoch: [153][0/7]	Time 0.143 (0.143)	Data 0.011 (0.011)	Loss 0.0116 (0.0116)	MAE 0.036 (0.036)
Test: [0/3]	Time 0.021 (0.021)	Loss 0.3073 (0.3073)	MAE 0.174 (0.174)
Epoch: [154][0/7]	Time 0.143 (0.143)	Data 0.011 (0.011)	Loss 0.0115 (0.0115)	MAE 0.036 (0.036)
Test: [0/3]	Time 0.021 (0.021)	Loss 0.3076 (0.3076)	MAE 0.174 (0.174)
Epoch: [155][0/7]	Time 0.142 (0.142)	Data 0.011 (0.011)	Loss 0.0115 (0.0115)	MAE 0.036 (0.036)
Test: [0/3]	Time 0.022 (0.022)	Loss 0.3080 (0.3080)	MAE 0.174 (0.174)
Epoch: [156][0/7]	Time 0.143 (0.143)	Data 0.011 (0.011)	Loss 0.0114 (0.0114)	MAE 0.036 (0.036)
Test: [0/3]	Time 0.022 (0.022)	Loss 0.3083 (0.3083)	MAE 0.174 (0.174)
Epoch: [157][0/7]	Time 0.144 (0.144)	Data 0.011 (0.011)	Loss 0.0114 (0.0114)	MAE 0.036 (0.036)
Test: [0/3]	Time 0.022 (0.022)	Loss 0.3087 (0.3087)	MAE 0.174 (0.174)
Epoch: [158][0/7]	Time 0.144 (0.144)	Data 0.012 (0.012)	Loss 0.0113 (0.0113)	MAE 0.036 (0.036)
Test: [0/3]	Time 0.022 (0.022)	Loss 0.3090 (0.3090)	MAE 0.175 (0.175)
Epoch: [159][0/7]	Time 0.143 (0.143)	Data 0.012 (0.012)	Loss 0.0113 (0.0113)	MAE 0.036 (0.036)
Test: [0/3]	Time 0.022 (0.022)	Loss 0.3093 (0.3093)	MAE 0.175 (0.175)
Epoch: [160][0/7]	Time 0.143 (0.143)	Data 0.011 (0.011)	Loss 0.0113 (0.0113)	MAE 0.036 (0.036)
Test: [0/3]	Time 0.021 (0.021)	Loss 0.3097 (0.3097)	MAE 0.175 (0.175)
Epoch: [161][0/7]	Time 0.143 (0.143)	Data 0.011 (0.011)	Loss 0.0112 (0.0112)	MAE 0.035 (0.035)
Test: [0/3]	Time 0.021 (0.021)	Loss 0.3100 (0.3100)	MAE 0.175 (0.175)
Epoch: [162][0/7]	Time 0.143 (0.143)	Data 0.011 (0.011)	Loss 0.0112 (0.0112)	MAE 0.035 (0.035)
Test: [0/3]	Time 0.022 (0.022)	Loss 0.3103 (0.3103)	MAE 0.175 (0.175)
Epoch: [163][0/7]	Time 0.142 (0.142)	Data 0.011 (0.011)	Loss 0.0111 (0.0111)	MAE 0.035 (0.035)
Test: [0/3]	Time 0.021 (0.021)	Loss 0.3107 (0.3107)	MAE 0.175 (0.175)
Epoch: [164][0/7]	Time 0.143 (0.143)	Data 0.011 (0.011)	Loss 0.0111 (0.0111)	MAE 0.035 (0.035)
Test: [0/3]	Time 0.022 (0.022)	Loss 0.3110 (0.3110)	MAE 0.175 (0.175)
Epoch: [165][0/7]	Time 0.143 (0.143)	Data 0.011 (0.011)	Loss 0.0110 (0.0110)	MAE 0.035 (0.035)
Test: [0/3]	Time 0.021 (0.021)	Loss 0.3113 (0.3113)	MAE 0.175 (0.175)
Epoch: [166][0/7]	Time 0.143 (0.143)	Data 0.012 (0.012)	Loss 0.0110 (0.0110)	MAE 0.035 (0.035)
Test: [0/3]	Time 0.021 (0.021)	Loss 0.3116 (0.3116)	MAE 0.175 (0.175)
Epoch: [167][0/7]	Time 0.143 (0.143)	Data 0.011 (0.011)	Loss 0.0109 (0.0109)	MAE 0.035 (0.035)
Test: [0/3]	Time 0.021 (0.021)	Loss 0.3120 (0.3120)	MAE 0.175 (0.175)
Epoch: [168][0/7]	Time 0.144 (0.144)	Data 0.011 (0.011)	Loss 0.0109 (0.0109)	MAE 0.035 (0.035)
Test: [0/3]	Time 0.021 (0.021)	Loss 0.3123 (0.3123)	MAE 0.175 (0.175)
Epoch: [169][0/7]	Time 0.143 (0.143)	Data 0.011 (0.011)	Loss 0.0108 (0.0108)	MAE 0.035 (0.035)
Test: [0/3]	Time 0.022 (0.022)	Loss 0.3126 (0.3126)	MAE 0.175 (0.175)
Epoch: [170][0/7]	Time 0.143 (0.143)	Data 0.011 (0.011)	Loss 0.0108 (0.0108)	MAE 0.035 (0.035)
Test: [0/3]	Time 0.021 (0.021)	Loss 0.3129 (0.3129)	MAE 0.175 (0.175)
Epoch: [171][0/7]	Time 0.143 (0.143)	Data 0.011 (0.011)	Loss 0.0108 (0.0108)	MAE 0.035 (0.035)
Test: [0/3]	Time 0.022 (0.022)	Loss 0.3133 (0.3133)	MAE 0.175 (0.175)
Epoch: [172][0/7]	Time 0.143 (0.143)	Data 0.011 (0.011)	Loss 0.0107 (0.0107)	MAE 0.035 (0.035)
Test: [0/3]	Time 0.022 (0.022)	Loss 0.3136 (0.3136)	MAE 0.175 (0.175)
Epoch: [173][0/7]	Time 0.143 (0.143)	Data 0.011 (0.011)	Loss 0.0107 (0.0107)	MAE 0.035 (0.035)
Test: [0/3]	Time 0.021 (0.021)	Loss 0.3139 (0.3139)	MAE 0.175 (0.175)
Epoch: [174][0/7]	Time 0.143 (0.143)	Data 0.011 (0.011)	Loss 0.0106 (0.0106)	MAE 0.035 (0.035)
Test: [0/3]	Time 0.022 (0.022)	Loss 0.3142 (0.3142)	MAE 0.175 (0.175)
Epoch: [175][0/7]	Time 0.143 (0.143)	Data 0.011 (0.011)	Loss 0.0106 (0.0106)	MAE 0.035 (0.035)
Test: [0/3]	Time 0.021 (0.021)	Loss 0.3146 (0.3146)	MAE 0.175 (0.175)
Epoch: [176][0/7]	Time 0.143 (0.143)	Data 0.011 (0.011)	Loss 0.0105 (0.0105)	MAE 0.035 (0.035)
Test: [0/3]	Time 0.021 (0.021)	Loss 0.3149 (0.3149)	MAE 0.176 (0.176)
Epoch: [177][0/7]	Time 0.145 (0.145)	Data 0.014 (0.014)	Loss 0.0105 (0.0105)	MAE 0.034 (0.034)
Test: [0/3]	Time 0.022 (0.022)	Loss 0.3152 (0.3152)	MAE 0.176 (0.176)
Epoch: [178][0/7]	Time 0.142 (0.142)	Data 0.011 (0.011)	Loss 0.0105 (0.0105)	MAE 0.034 (0.034)
Test: [0/3]	Time 0.022 (0.022)	Loss 0.3155 (0.3155)	MAE 0.176 (0.176)
Epoch: [179][0/7]	Time 0.143 (0.143)	Data 0.011 (0.011)	Loss 0.0104 (0.0104)	MAE 0.034 (0.034)
Test: [0/3]	Time 0.021 (0.021)	Loss 0.3158 (0.3158)	MAE 0.176 (0.176)
Epoch: [180][0/7]	Time 0.143 (0.143)	Data 0.011 (0.011)	Loss 0.0104 (0.0104)	MAE 0.034 (0.034)
Test: [0/3]	Time 0.021 (0.021)	Loss 0.3161 (0.3161)	MAE 0.176 (0.176)
Epoch: [181][0/7]	Time 0.144 (0.144)	Data 0.011 (0.011)	Loss 0.0103 (0.0103)	MAE 0.034 (0.034)
Test: [0/3]	Time 0.022 (0.022)	Loss 0.3165 (0.3165)	MAE 0.176 (0.176)
Epoch: [182][0/7]	Time 0.142 (0.142)	Data 0.011 (0.011)	Loss 0.0103 (0.0103)	MAE 0.034 (0.034)
Test: [0/3]	Time 0.022 (0.022)	Loss 0.3168 (0.3168)	MAE 0.176 (0.176)
Epoch: [183][0/7]	Time 0.144 (0.144)	Data 0.012 (0.012)	Loss 0.0103 (0.0103)	MAE 0.034 (0.034)
Test: [0/3]	Time 0.021 (0.021)	Loss 0.3171 (0.3171)	MAE 0.176 (0.176)
Epoch: [184][0/7]	Time 0.143 (0.143)	Data 0.011 (0.011)	Loss 0.0102 (0.0102)	MAE 0.034 (0.034)
Test: [0/3]	Time 0.021 (0.021)	Loss 0.3174 (0.3174)	MAE 0.176 (0.176)
Epoch: [185][0/7]	Time 0.143 (0.143)	Data 0.011 (0.011)	Loss 0.0102 (0.0102)	MAE 0.034 (0.034)
Test: [0/3]	Time 0.022 (0.022)	Loss 0.3177 (0.3177)	MAE 0.176 (0.176)
Epoch: [186][0/7]	Time 0.143 (0.143)	Data 0.011 (0.011)	Loss 0.0101 (0.0101)	MAE 0.034 (0.034)
Test: [0/3]	Time 0.024 (0.024)	Loss 0.3180 (0.3180)	MAE 0.176 (0.176)
Epoch: [187][0/7]	Time 0.143 (0.143)	Data 0.011 (0.011)	Loss 0.0101 (0.0101)	MAE 0.034 (0.034)
Test: [0/3]	Time 0.021 (0.021)	Loss 0.3183 (0.3183)	MAE 0.176 (0.176)
Epoch: [188][0/7]	Time 0.142 (0.142)	Data 0.011 (0.011)	Loss 0.0101 (0.0101)	MAE 0.034 (0.034)
Test: [0/3]	Time 0.021 (0.021)	Loss 0.3186 (0.3186)	MAE 0.176 (0.176)
Epoch: [189][0/7]	Time 0.143 (0.143)	Data 0.011 (0.011)	Loss 0.0100 (0.0100)	MAE 0.034 (0.034)
Test: [0/3]	Time 0.022 (0.022)	Loss 0.3189 (0.3189)	MAE 0.176 (0.176)
Epoch: [190][0/7]	Time 0.143 (0.143)	Data 0.011 (0.011)	Loss 0.0100 (0.0100)	MAE 0.034 (0.034)
Test: [0/3]	Time 0.022 (0.022)	Loss 0.3193 (0.3193)	MAE 0.176 (0.176)
Epoch: [191][0/7]	Time 0.143 (0.143)	Data 0.011 (0.011)	Loss 0.0099 (0.0099)	MAE 0.034 (0.034)
Test: [0/3]	Time 0.022 (0.022)	Loss 0.3196 (0.3196)	MAE 0.176 (0.176)
Epoch: [192][0/7]	Time 0.143 (0.143)	Data 0.011 (0.011)	Loss 0.0099 (0.0099)	MAE 0.034 (0.034)
Test: [0/3]	Time 0.023 (0.023)	Loss 0.3199 (0.3199)	MAE 0.176 (0.176)
Epoch: [193][0/7]	Time 0.143 (0.143)	Data 0.012 (0.012)	Loss 0.0099 (0.0099)	MAE 0.034 (0.034)
Test: [0/3]	Time 0.021 (0.021)	Loss 0.3202 (0.3202)	MAE 0.176 (0.176)
Epoch: [194][0/7]	Time 0.143 (0.143)	Data 0.011 (0.011)	Loss 0.0098 (0.0098)	MAE 0.034 (0.034)
Test: [0/3]	Time 0.022 (0.022)	Loss 0.3205 (0.3205)	MAE 0.176 (0.176)
Epoch: [195][0/7]	Time 0.142 (0.142)	Data 0.011 (0.011)	Loss 0.0098 (0.0098)	MAE 0.033 (0.033)
Test: [0/3]	Time 0.022 (0.022)	Loss 0.3208 (0.3208)	MAE 0.177 (0.177)
Epoch: [196][0/7]	Time 0.143 (0.143)	Data 0.011 (0.011)	Loss 0.0098 (0.0098)	MAE 0.033 (0.033)
Test: [0/3]	Time 0.021 (0.021)	Loss 0.3211 (0.3211)	MAE 0.177 (0.177)
Epoch: [197][0/7]	Time 0.142 (0.142)	Data 0.011 (0.011)	Loss 0.0097 (0.0097)	MAE 0.033 (0.033)
Test: [0/3]	Time 0.022 (0.022)	Loss 0.3214 (0.3214)	MAE 0.177 (0.177)
Epoch: [198][0/7]	Time 0.143 (0.143)	Data 0.012 (0.012)	Loss 0.0097 (0.0097)	MAE 0.033 (0.033)
Test: [0/3]	Time 0.022 (0.022)	Loss 0.3217 (0.3217)	MAE 0.177 (0.177)
Epoch: [199][0/7]	Time 0.142 (0.142)	Data 0.011 (0.011)	Loss 0.0097 (0.0097)	MAE 0.033 (0.033)
Test: [0/3]	Time 0.021 (0.021)	Loss 0.3220 (0.3220)	MAE 0.177 (0.177)
Epoch: [200][0/7]	Time 0.143 (0.143)	Data 0.011 (0.011)	Loss 0.0096 (0.0096)	MAE 0.033 (0.033)
Test: [0/3]	Time 0.022 (0.022)	Loss 0.3223 (0.3223)	MAE 0.177 (0.177)
Epoch: [201][0/7]	Time 0.142 (0.142)	Data 0.011 (0.011)	Loss 0.0096 (0.0096)	MAE 0.033 (0.033)
Test: [0/3]	Time 0.021 (0.021)	Loss 0.3226 (0.3226)	MAE 0.177 (0.177)
Epoch: [202][0/7]	Time 0.143 (0.143)	Data 0.011 (0.011)	Loss 0.0095 (0.0095)	MAE 0.033 (0.033)
Test: [0/3]	Time 0.022 (0.022)	Loss 0.3229 (0.3229)	MAE 0.177 (0.177)
Epoch: [203][0/7]	Time 0.143 (0.143)	Data 0.011 (0.011)	Loss 0.0095 (0.0095)	MAE 0.033 (0.033)
Test: [0/3]	Time 0.022 (0.022)	Loss 0.3232 (0.3232)	MAE 0.177 (0.177)
Epoch: [204][0/7]	Time 0.143 (0.143)	Data 0.011 (0.011)	Loss 0.0095 (0.0095)	MAE 0.033 (0.033)
Test: [0/3]	Time 0.022 (0.022)	Loss 0.3235 (0.3235)	MAE 0.177 (0.177)
Epoch: [205][0/7]	Time 0.143 (0.143)	Data 0.011 (0.011)	Loss 0.0094 (0.0094)	MAE 0.033 (0.033)
Test: [0/3]	Time 0.022 (0.022)	Loss 0.3238 (0.3238)	MAE 0.177 (0.177)
Epoch: [206][0/7]	Time 0.143 (0.143)	Data 0.011 (0.011)	Loss 0.0094 (0.0094)	MAE 0.033 (0.033)
Test: [0/3]	Time 0.021 (0.021)	Loss 0.3241 (0.3241)	MAE 0.177 (0.177)
Epoch: [207][0/7]	Time 0.143 (0.143)	Data 0.011 (0.011)	Loss 0.0094 (0.0094)	MAE 0.033 (0.033)
Test: [0/3]	Time 0.021 (0.021)	Loss 0.3244 (0.3244)	MAE 0.177 (0.177)
Epoch: [208][0/7]	Time 0.143 (0.143)	Data 0.011 (0.011)	Loss 0.0093 (0.0093)	MAE 0.033 (0.033)
Test: [0/3]	Time 0.022 (0.022)	Loss 0.3247 (0.3247)	MAE 0.177 (0.177)
Epoch: [209][0/7]	Time 0.143 (0.143)	Data 0.011 (0.011)	Loss 0.0093 (0.0093)	MAE 0.033 (0.033)
Test: [0/3]	Time 0.022 (0.022)	Loss 0.3250 (0.3250)	MAE 0.177 (0.177)
Epoch: [210][0/7]	Time 0.143 (0.143)	Data 0.012 (0.012)	Loss 0.0093 (0.0093)	MAE 0.033 (0.033)
Test: [0/3]	Time 0.022 (0.022)	Loss 0.3253 (0.3253)	MAE 0.177 (0.177)
Epoch: [211][0/7]	Time 0.142 (0.142)	Data 0.011 (0.011)	Loss 0.0092 (0.0092)	MAE 0.033 (0.033)
Test: [0/3]	Time 0.022 (0.022)	Loss 0.3256 (0.3256)	MAE 0.177 (0.177)
Epoch: [212][0/7]	Time 0.143 (0.143)	Data 0.011 (0.011)	Loss 0.0092 (0.0092)	MAE 0.032 (0.032)
Test: [0/3]	Time 0.022 (0.022)	Loss 0.3259 (0.3259)	MAE 0.177 (0.177)
Epoch: [213][0/7]	Time 0.143 (0.143)	Data 0.012 (0.012)	Loss 0.0092 (0.0092)	MAE 0.032 (0.032)
Test: [0/3]	Time 0.022 (0.022)	Loss 0.3262 (0.3262)	MAE 0.177 (0.177)
Epoch: [214][0/7]	Time 0.143 (0.143)	Data 0.011 (0.011)	Loss 0.0091 (0.0091)	MAE 0.032 (0.032)
Test: [0/3]	Time 0.021 (0.021)	Loss 0.3264 (0.3264)	MAE 0.177 (0.177)
Epoch: [215][0/7]	Time 0.142 (0.142)	Data 0.011 (0.011)	Loss 0.0091 (0.0091)	MAE 0.032 (0.032)
Test: [0/3]	Time 0.021 (0.021)	Loss 0.3267 (0.3267)	MAE 0.177 (0.177)
Epoch: [216][0/7]	Time 0.143 (0.143)	Data 0.011 (0.011)	Loss 0.0091 (0.0091)	MAE 0.032 (0.032)
Test: [0/3]	Time 0.022 (0.022)	Loss 0.3270 (0.3270)	MAE 0.178 (0.178)
Epoch: [217][0/7]	Time 0.143 (0.143)	Data 0.012 (0.012)	Loss 0.0090 (0.0090)	MAE 0.032 (0.032)
Test: [0/3]	Time 0.021 (0.021)	Loss 0.3273 (0.3273)	MAE 0.178 (0.178)
Epoch: [218][0/7]	Time 0.143 (0.143)	Data 0.011 (0.011)	Loss 0.0090 (0.0090)	MAE 0.032 (0.032)
Test: [0/3]	Time 0.021 (0.021)	Loss 0.3276 (0.3276)	MAE 0.178 (0.178)
Epoch: [219][0/7]	Time 0.143 (0.143)	Data 0.011 (0.011)	Loss 0.0090 (0.0090)	MAE 0.032 (0.032)
Test: [0/3]	Time 0.021 (0.021)	Loss 0.3279 (0.3279)	MAE 0.178 (0.178)
Epoch: [220][0/7]	Time 0.143 (0.143)	Data 0.011 (0.011)	Loss 0.0089 (0.0089)	MAE 0.032 (0.032)
Test: [0/3]	Time 0.021 (0.021)	Loss 0.3282 (0.3282)	MAE 0.178 (0.178)
Epoch: [221][0/7]	Time 0.143 (0.143)	Data 0.011 (0.011)	Loss 0.0089 (0.0089)	MAE 0.032 (0.032)
Test: [0/3]	Time 0.021 (0.021)	Loss 0.3285 (0.3285)	MAE 0.178 (0.178)
Epoch: [222][0/7]	Time 0.142 (0.142)	Data 0.011 (0.011)	Loss 0.0089 (0.0089)	MAE 0.032 (0.032)
Test: [0/3]	Time 0.021 (0.021)	Loss 0.3287 (0.3287)	MAE 0.178 (0.178)
Epoch: [223][0/7]	Time 0.143 (0.143)	Data 0.011 (0.011)	Loss 0.0088 (0.0088)	MAE 0.032 (0.032)
Test: [0/3]	Time 0.021 (0.021)	Loss 0.3290 (0.3290)	MAE 0.178 (0.178)
Epoch: [224][0/7]	Time 0.143 (0.143)	Data 0.011 (0.011)	Loss 0.0088 (0.0088)	MAE 0.032 (0.032)
Test: [0/3]	Time 0.022 (0.022)	Loss 0.3293 (0.3293)	MAE 0.178 (0.178)
Epoch: [225][0/7]	Time 0.143 (0.143)	Data 0.011 (0.011)	Loss 0.0088 (0.0088)	MAE 0.032 (0.032)
Test: [0/3]	Time 0.021 (0.021)	Loss 0.3296 (0.3296)	MAE 0.178 (0.178)
Epoch: [226][0/7]	Time 0.143 (0.143)	Data 0.011 (0.011)	Loss 0.0087 (0.0087)	MAE 0.032 (0.032)
Test: [0/3]	Time 0.022 (0.022)	Loss 0.3299 (0.3299)	MAE 0.178 (0.178)
Epoch: [227][0/7]	Time 0.143 (0.143)	Data 0.011 (0.011)	Loss 0.0087 (0.0087)	MAE 0.032 (0.032)
Test: [0/3]	Time 0.021 (0.021)	Loss 0.3302 (0.3302)	MAE 0.178 (0.178)
Epoch: [228][0/7]	Time 0.145 (0.145)	Data 0.013 (0.013)	Loss 0.0087 (0.0087)	MAE 0.032 (0.032)
Test: [0/3]	Time 0.022 (0.022)	Loss 0.3304 (0.3304)	MAE 0.178 (0.178)
Epoch: [229][0/7]	Time 0.143 (0.143)	Data 0.011 (0.011)	Loss 0.0087 (0.0087)	MAE 0.032 (0.032)
Test: [0/3]	Time 0.022 (0.022)	Loss 0.3307 (0.3307)	MAE 0.178 (0.178)
Epoch: [230][0/7]	Time 0.143 (0.143)	Data 0.011 (0.011)	Loss 0.0086 (0.0086)	MAE 0.032 (0.032)
Test: [0/3]	Time 0.021 (0.021)	Loss 0.3310 (0.3310)	MAE 0.178 (0.178)
Epoch: [231][0/7]	Time 0.143 (0.143)	Data 0.011 (0.011)	Loss 0.0086 (0.0086)	MAE 0.031 (0.031)
Test: [0/3]	Time 0.022 (0.022)	Loss 0.3313 (0.3313)	MAE 0.178 (0.178)
Epoch: [232][0/7]	Time 0.143 (0.143)	Data 0.011 (0.011)	Loss 0.0086 (0.0086)	MAE 0.031 (0.031)
Test: [0/3]	Time 0.022 (0.022)	Loss 0.3315 (0.3315)	MAE 0.178 (0.178)
Epoch: [233][0/7]	Time 0.143 (0.143)	Data 0.011 (0.011)	Loss 0.0085 (0.0085)	MAE 0.031 (0.031)
Test: [0/3]	Time 0.021 (0.021)	Loss 0.3318 (0.3318)	MAE 0.178 (0.178)
Epoch: [234][0/7]	Time 0.143 (0.143)	Data 0.011 (0.011)	Loss 0.0085 (0.0085)	MAE 0.031 (0.031)
Test: [0/3]	Time 0.021 (0.021)	Loss 0.3321 (0.3321)	MAE 0.178 (0.178)
Epoch: [235][0/7]	Time 0.143 (0.143)	Data 0.011 (0.011)	Loss 0.0085 (0.0085)	MAE 0.031 (0.031)
Test: [0/3]	Time 0.021 (0.021)	Loss 0.3324 (0.3324)	MAE 0.178 (0.178)
Epoch: [236][0/7]	Time 0.142 (0.142)	Data 0.011 (0.011)	Loss 0.0084 (0.0084)	MAE 0.031 (0.031)
Test: [0/3]	Time 0.021 (0.021)	Loss 0.3326 (0.3326)	MAE 0.179 (0.179)
Epoch: [237][0/7]	Time 0.142 (0.142)	Data 0.011 (0.011)	Loss 0.0084 (0.0084)	MAE 0.031 (0.031)
Test: [0/3]	Time 0.021 (0.021)	Loss 0.3329 (0.3329)	MAE 0.179 (0.179)
Epoch: [238][0/7]	Time 0.143 (0.143)	Data 0.011 (0.011)	Loss 0.0084 (0.0084)	MAE 0.031 (0.031)
Test: [0/3]	Time 0.022 (0.022)	Loss 0.3332 (0.3332)	MAE 0.179 (0.179)
Epoch: [239][0/7]	Time 0.143 (0.143)	Data 0.011 (0.011)	Loss 0.0084 (0.0084)	MAE 0.031 (0.031)
Test: [0/3]	Time 0.021 (0.021)	Loss 0.3335 (0.3335)	MAE 0.179 (0.179)
Epoch: [240][0/7]	Time 0.143 (0.143)	Data 0.011 (0.011)	Loss 0.0083 (0.0083)	MAE 0.031 (0.031)
Test: [0/3]	Time 0.022 (0.022)	Loss 0.3337 (0.3337)	MAE 0.179 (0.179)
Epoch: [241][0/7]	Time 0.144 (0.144)	Data 0.012 (0.012)	Loss 0.0083 (0.0083)	MAE 0.031 (0.031)
Test: [0/3]	Time 0.021 (0.021)	Loss 0.3340 (0.3340)	MAE 0.179 (0.179)
Epoch: [242][0/7]	Time 0.143 (0.143)	Data 0.012 (0.012)	Loss 0.0083 (0.0083)	MAE 0.031 (0.031)
Test: [0/3]	Time 0.021 (0.021)	Loss 0.3343 (0.3343)	MAE 0.179 (0.179)
Epoch: [243][0/7]	Time 0.143 (0.143)	Data 0.011 (0.011)	Loss 0.0083 (0.0083)	MAE 0.031 (0.031)
Test: [0/3]	Time 0.022 (0.022)	Loss 0.3345 (0.3345)	MAE 0.179 (0.179)
Epoch: [244][0/7]	Time 0.143 (0.143)	Data 0.011 (0.011)	Loss 0.0082 (0.0082)	MAE 0.031 (0.031)
Test: [0/3]	Time 0.021 (0.021)	Loss 0.3348 (0.3348)	MAE 0.179 (0.179)
Epoch: [245][0/7]	Time 0.142 (0.142)	Data 0.011 (0.011)	Loss 0.0082 (0.0082)	MAE 0.031 (0.031)
Test: [0/3]	Time 0.021 (0.021)	Loss 0.3351 (0.3351)	MAE 0.179 (0.179)
Epoch: [246][0/7]	Time 0.143 (0.143)	Data 0.011 (0.011)	Loss 0.0082 (0.0082)	MAE 0.031 (0.031)
Test: [0/3]	Time 0.022 (0.022)	Loss 0.3353 (0.3353)	MAE 0.179 (0.179)
Epoch: [247][0/7]	Time 0.143 (0.143)	Data 0.011 (0.011)	Loss 0.0081 (0.0081)	MAE 0.031 (0.031)
Test: [0/3]	Time 0.021 (0.021)	Loss 0.3356 (0.3356)	MAE 0.179 (0.179)
Epoch: [248][0/7]	Time 0.143 (0.143)	Data 0.011 (0.011)	Loss 0.0081 (0.0081)	MAE 0.031 (0.031)
Test: [0/3]	Time 0.022 (0.022)	Loss 0.3358 (0.3358)	MAE 0.179 (0.179)
Epoch: [249][0/7]	Time 0.142 (0.142)	Data 0.011 (0.011)	Loss 0.0081 (0.0081)	MAE 0.031 (0.031)
Test: [0/3]	Time 0.021 (0.021)	Loss 0.3361 (0.3361)	MAE 0.179 (0.179)
Epoch: [250][0/7]	Time 0.142 (0.142)	Data 0.011 (0.011)	Loss 0.0081 (0.0081)	MAE 0.031 (0.031)
Test: [0/3]	Time 0.021 (0.021)	Loss 0.3364 (0.3364)	MAE 0.179 (0.179)
Epoch: [251][0/7]	Time 0.143 (0.143)	Data 0.011 (0.011)	Loss 0.0080 (0.0080)	MAE 0.030 (0.030)
Test: [0/3]	Time 0.022 (0.022)	Loss 0.3366 (0.3366)	MAE 0.179 (0.179)
Epoch: [252][0/7]	Time 0.142 (0.142)	Data 0.011 (0.011)	Loss 0.0080 (0.0080)	MAE 0.030 (0.030)
Test: [0/3]	Time 0.021 (0.021)	Loss 0.3369 (0.3369)	MAE 0.179 (0.179)
Epoch: [253][0/7]	Time 0.143 (0.143)	Data 0.011 (0.011)	Loss 0.0080 (0.0080)	MAE 0.030 (0.030)
Test: [0/3]	Time 0.022 (0.022)	Loss 0.3371 (0.3371)	MAE 0.179 (0.179)
Epoch: [254][0/7]	Time 0.143 (0.143)	Data 0.012 (0.012)	Loss 0.0080 (0.0080)	MAE 0.030 (0.030)
Test: [0/3]	Time 0.022 (0.022)	Loss 0.3374 (0.3374)	MAE 0.179 (0.179)
Epoch: [255][0/7]	Time 0.142 (0.142)	Data 0.012 (0.012)	Loss 0.0079 (0.0079)	MAE 0.030 (0.030)
Test: [0/3]	Time 0.021 (0.021)	Loss 0.3377 (0.3377)	MAE 0.179 (0.179)
Epoch: [256][0/7]	Time 0.142 (0.142)	Data 0.011 (0.011)	Loss 0.0079 (0.0079)	MAE 0.030 (0.030)
Test: [0/3]	Time 0.022 (0.022)	Loss 0.3379 (0.3379)	MAE 0.179 (0.179)
Epoch: [257][0/7]	Time 0.143 (0.143)	Data 0.011 (0.011)	Loss 0.0079 (0.0079)	MAE 0.030 (0.030)
Test: [0/3]	Time 0.070 (0.070)	Loss 0.3382 (0.3382)	MAE 0.180 (0.180)
Epoch: [258][0/7]	Time 0.143 (0.143)	Data 0.011 (0.011)	Loss 0.0078 (0.0078)	MAE 0.030 (0.030)
Test: [0/3]	Time 0.021 (0.021)	Loss 0.3384 (0.3384)	MAE 0.180 (0.180)
Epoch: [259][0/7]	Time 0.142 (0.142)	Data 0.011 (0.011)	Loss 0.0078 (0.0078)	MAE 0.030 (0.030)
Test: [0/3]	Time 0.021 (0.021)	Loss 0.3387 (0.3387)	MAE 0.180 (0.180)
Epoch: [260][0/7]	Time 0.144 (0.144)	Data 0.011 (0.011)	Loss 0.0078 (0.0078)	MAE 0.030 (0.030)
Test: [0/3]	Time 0.022 (0.022)	Loss 0.3389 (0.3389)	MAE 0.180 (0.180)
Epoch: [261][0/7]	Time 0.143 (0.143)	Data 0.011 (0.011)	Loss 0.0078 (0.0078)	MAE 0.030 (0.030)
Test: [0/3]	Time 0.021 (0.021)	Loss 0.3392 (0.3392)	MAE 0.180 (0.180)
Epoch: [262][0/7]	Time 0.143 (0.143)	Data 0.011 (0.011)	Loss 0.0077 (0.0077)	MAE 0.030 (0.030)
Test: [0/3]	Time 0.021 (0.021)	Loss 0.3394 (0.3394)	MAE 0.180 (0.180)
Epoch: [263][0/7]	Time 0.143 (0.143)	Data 0.011 (0.011)	Loss 0.0077 (0.0077)	MAE 0.030 (0.030)
Test: [0/3]	Time 0.021 (0.021)	Loss 0.3397 (0.3397)	MAE 0.180 (0.180)
Epoch: [264][0/7]	Time 0.143 (0.143)	Data 0.011 (0.011)	Loss 0.0077 (0.0077)	MAE 0.030 (0.030)
Test: [0/3]	Time 0.021 (0.021)	Loss 0.3399 (0.3399)	MAE 0.180 (0.180)
Epoch: [265][0/7]	Time 0.143 (0.143)	Data 0.011 (0.011)	Loss 0.0077 (0.0077)	MAE 0.030 (0.030)
Test: [0/3]	Time 0.022 (0.022)	Loss 0.3402 (0.3402)	MAE 0.180 (0.180)
Epoch: [266][0/7]	Time 0.142 (0.142)	Data 0.011 (0.011)	Loss 0.0076 (0.0076)	MAE 0.030 (0.030)
Test: [0/3]	Time 0.021 (0.021)	Loss 0.3404 (0.3404)	MAE 0.180 (0.180)
Epoch: [267][0/7]	Time 0.143 (0.143)	Data 0.011 (0.011)	Loss 0.0076 (0.0076)	MAE 0.030 (0.030)
Test: [0/3]	Time 0.021 (0.021)	Loss 0.3407 (0.3407)	MAE 0.180 (0.180)
Epoch: [268][0/7]	Time 0.143 (0.143)	Data 0.011 (0.011)	Loss 0.0076 (0.0076)	MAE 0.030 (0.030)
Test: [0/3]	Time 0.021 (0.021)	Loss 0.3409 (0.3409)	MAE 0.180 (0.180)
Epoch: [269][0/7]	Time 0.143 (0.143)	Data 0.011 (0.011)	Loss 0.0076 (0.0076)	MAE 0.030 (0.030)
Test: [0/3]	Time 0.021 (0.021)	Loss 0.3411 (0.3411)	MAE 0.180 (0.180)
Epoch: [270][0/7]	Time 0.143 (0.143)	Data 0.012 (0.012)	Loss 0.0075 (0.0075)	MAE 0.030 (0.030)
Test: [0/3]	Time 0.021 (0.021)	Loss 0.3414 (0.3414)	MAE 0.180 (0.180)
Epoch: [271][0/7]	Time 0.143 (0.143)	Data 0.011 (0.011)	Loss 0.0075 (0.0075)	MAE 0.030 (0.030)
Test: [0/3]	Time 0.021 (0.021)	Loss 0.3416 (0.3416)	MAE 0.180 (0.180)
Epoch: [272][0/7]	Time 0.143 (0.143)	Data 0.011 (0.011)	Loss 0.0075 (0.0075)	MAE 0.029 (0.029)
Test: [0/3]	Time 0.021 (0.021)	Loss 0.3419 (0.3419)	MAE 0.180 (0.180)
Epoch: [273][0/7]	Time 0.143 (0.143)	Data 0.011 (0.011)	Loss 0.0075 (0.0075)	MAE 0.029 (0.029)
Test: [0/3]	Time 0.021 (0.021)	Loss 0.3421 (0.3421)	MAE 0.180 (0.180)
Epoch: [274][0/7]	Time 0.143 (0.143)	Data 0.011 (0.011)	Loss 0.0075 (0.0075)	MAE 0.029 (0.029)
Test: [0/3]	Time 0.022 (0.022)	Loss 0.3424 (0.3424)	MAE 0.180 (0.180)
Epoch: [275][0/7]	Time 0.143 (0.143)	Data 0.011 (0.011)	Loss 0.0074 (0.0074)	MAE 0.029 (0.029)
Test: [0/3]	Time 0.021 (0.021)	Loss 0.3426 (0.3426)	MAE 0.180 (0.180)
Epoch: [276][0/7]	Time 0.143 (0.143)	Data 0.011 (0.011)	Loss 0.0074 (0.0074)	MAE 0.029 (0.029)
Test: [0/3]	Time 0.021 (0.021)	Loss 0.3428 (0.3428)	MAE 0.180 (0.180)
Epoch: [277][0/7]	Time 0.142 (0.142)	Data 0.011 (0.011)	Loss 0.0074 (0.0074)	MAE 0.029 (0.029)
Test: [0/3]	Time 0.022 (0.022)	Loss 0.3431 (0.3431)	MAE 0.180 (0.180)
Epoch: [278][0/7]	Time 0.143 (0.143)	Data 0.011 (0.011)	Loss 0.0074 (0.0074)	MAE 0.029 (0.029)
Test: [0/3]	Time 0.021 (0.021)	Loss 0.3433 (0.3433)	MAE 0.180 (0.180)
Epoch: [279][0/7]	Time 0.143 (0.143)	Data 0.011 (0.011)	Loss 0.0073 (0.0073)	MAE 0.029 (0.029)
Test: [0/3]	Time 0.021 (0.021)	Loss 0.3435 (0.3435)	MAE 0.181 (0.181)
Epoch: [280][0/7]	Time 0.145 (0.145)	Data 0.014 (0.014)	Loss 0.0073 (0.0073)	MAE 0.029 (0.029)
Test: [0/3]	Time 0.021 (0.021)	Loss 0.3438 (0.3438)	MAE 0.181 (0.181)
Epoch: [281][0/7]	Time 0.143 (0.143)	Data 0.011 (0.011)	Loss 0.0073 (0.0073)	MAE 0.029 (0.029)
Test: [0/3]	Time 0.021 (0.021)	Loss 0.3440 (0.3440)	MAE 0.181 (0.181)
Epoch: [282][0/7]	Time 0.143 (0.143)	Data 0.011 (0.011)	Loss 0.0073 (0.0073)	MAE 0.029 (0.029)
Test: [0/3]	Time 0.022 (0.022)	Loss 0.3442 (0.3442)	MAE 0.181 (0.181)
Epoch: [283][0/7]	Time 0.143 (0.143)	Data 0.011 (0.011)	Loss 0.0072 (0.0072)	MAE 0.029 (0.029)
Test: [0/3]	Time 0.021 (0.021)	Loss 0.3445 (0.3445)	MAE 0.181 (0.181)
Epoch: [284][0/7]	Time 0.143 (0.143)	Data 0.011 (0.011)	Loss 0.0072 (0.0072)	MAE 0.029 (0.029)
Test: [0/3]	Time 0.021 (0.021)	Loss 0.3447 (0.3447)	MAE 0.181 (0.181)
Epoch: [285][0/7]	Time 0.143 (0.143)	Data 0.011 (0.011)	Loss 0.0072 (0.0072)	MAE 0.029 (0.029)
Test: [0/3]	Time 0.023 (0.023)	Loss 0.3449 (0.3449)	MAE 0.181 (0.181)
Epoch: [286][0/7]	Time 0.143 (0.143)	Data 0.011 (0.011)	Loss 0.0072 (0.0072)	MAE 0.029 (0.029)
Test: [0/3]	Time 0.021 (0.021)	Loss 0.3451 (0.3451)	MAE 0.181 (0.181)
Epoch: [287][0/7]	Time 0.143 (0.143)	Data 0.011 (0.011)	Loss 0.0072 (0.0072)	MAE 0.029 (0.029)
Test: [0/3]	Time 0.021 (0.021)	Loss 0.3454 (0.3454)	MAE 0.181 (0.181)
Epoch: [288][0/7]	Time 0.142 (0.142)	Data 0.011 (0.011)	Loss 0.0071 (0.0071)	MAE 0.029 (0.029)
Test: [0/3]	Time 0.021 (0.021)	Loss 0.3456 (0.3456)	MAE 0.181 (0.181)
Epoch: [289][0/7]	Time 0.142 (0.142)	Data 0.011 (0.011)	Loss 0.0071 (0.0071)	MAE 0.029 (0.029)
Test: [0/3]	Time 0.022 (0.022)	Loss 0.3458 (0.3458)	MAE 0.181 (0.181)
Epoch: [290][0/7]	Time 0.142 (0.142)	Data 0.011 (0.011)	Loss 0.0071 (0.0071)	MAE 0.029 (0.029)
Test: [0/3]	Time 0.022 (0.022)	Loss 0.3460 (0.3460)	MAE 0.181 (0.181)
Epoch: [291][0/7]	Time 0.143 (0.143)	Data 0.011 (0.011)	Loss 0.0071 (0.0071)	MAE 0.029 (0.029)
Test: [0/3]	Time 0.021 (0.021)	Loss 0.3463 (0.3463)	MAE 0.181 (0.181)
Epoch: [292][0/7]	Time 0.143 (0.143)	Data 0.011 (0.011)	Loss 0.0070 (0.0070)	MAE 0.029 (0.029)
Test: [0/3]	Time 0.022 (0.022)	Loss 0.3465 (0.3465)	MAE 0.181 (0.181)
Epoch: [293][0/7]	Time 0.143 (0.143)	Data 0.011 (0.011)	Loss 0.0070 (0.0070)	MAE 0.029 (0.029)
Test: [0/3]	Time 0.022 (0.022)	Loss 0.3467 (0.3467)	MAE 0.181 (0.181)
Epoch: [294][0/7]	Time 0.143 (0.143)	Data 0.012 (0.012)	Loss 0.0070 (0.0070)	MAE 0.028 (0.028)
Test: [0/3]	Time 0.021 (0.021)	Loss 0.3469 (0.3469)	MAE 0.181 (0.181)
Epoch: [295][0/7]	Time 0.143 (0.143)	Data 0.011 (0.011)	Loss 0.0070 (0.0070)	MAE 0.028 (0.028)
Test: [0/3]	Time 0.022 (0.022)	Loss 0.3472 (0.3472)	MAE 0.181 (0.181)
Epoch: [296][0/7]	Time 0.143 (0.143)	Data 0.011 (0.011)	Loss 0.0070 (0.0070)	MAE 0.028 (0.028)
Test: [0/3]	Time 0.021 (0.021)	Loss 0.3474 (0.3474)	MAE 0.181 (0.181)
Epoch: [297][0/7]	Time 0.143 (0.143)	Data 0.011 (0.011)	Loss 0.0069 (0.0069)	MAE 0.028 (0.028)
Test: [0/3]	Time 0.021 (0.021)	Loss 0.3476 (0.3476)	MAE 0.181 (0.181)
Epoch: [298][0/7]	Time 0.143 (0.143)	Data 0.012 (0.012)	Loss 0.0069 (0.0069)	MAE 0.028 (0.028)
Test: [0/3]	Time 0.022 (0.022)	Loss 0.3478 (0.3478)	MAE 0.181 (0.181)
Epoch: [299][0/7]	Time 0.142 (0.142)	Data 0.011 (0.011)	Loss 0.0069 (0.0069)	MAE 0.028 (0.028)
Test: [0/3]	Time 0.021 (0.021)	Loss 0.3480 (0.3480)	MAE 0.181 (0.181)
Epoch: [300][0/7]	Time 0.142 (0.142)	Data 0.011 (0.011)	Loss 0.0069 (0.0069)	MAE 0.028 (0.028)
Test: [0/3]	Time 0.021 (0.021)	Loss 0.3482 (0.3482)	MAE 0.181 (0.181)
Epoch: [301][0/7]	Time 0.145 (0.145)	Data 0.011 (0.011)	Loss 0.0069 (0.0069)	MAE 0.028 (0.028)
Test: [0/3]	Time 0.022 (0.022)	Loss 0.3484 (0.3484)	MAE 0.181 (0.181)
Epoch: [302][0/7]	Time 0.143 (0.143)	Data 0.011 (0.011)	Loss 0.0068 (0.0068)	MAE 0.028 (0.028)
Test: [0/3]	Time 0.022 (0.022)	Loss 0.3487 (0.3487)	MAE 0.182 (0.182)
Epoch: [303][0/7]	Time 0.143 (0.143)	Data 0.011 (0.011)	Loss 0.0068 (0.0068)	MAE 0.028 (0.028)
Test: [0/3]	Time 0.022 (0.022)	Loss 0.3489 (0.3489)	MAE 0.182 (0.182)
Epoch: [304][0/7]	Time 0.142 (0.142)	Data 0.011 (0.011)	Loss 0.0068 (0.0068)	MAE 0.028 (0.028)
Test: [0/3]	Time 0.021 (0.021)	Loss 0.3491 (0.3491)	MAE 0.182 (0.182)
Epoch: [305][0/7]	Time 0.143 (0.143)	Data 0.011 (0.011)	Loss 0.0068 (0.0068)	MAE 0.028 (0.028)
Test: [0/3]	Time 0.021 (0.021)	Loss 0.3493 (0.3493)	MAE 0.182 (0.182)
Epoch: [306][0/7]	Time 0.143 (0.143)	Data 0.012 (0.012)	Loss 0.0068 (0.0068)	MAE 0.028 (0.028)
Test: [0/3]	Time 0.021 (0.021)	Loss 0.3495 (0.3495)	MAE 0.182 (0.182)
Epoch: [307][0/7]	Time 0.143 (0.143)	Data 0.011 (0.011)	Loss 0.0067 (0.0067)	MAE 0.028 (0.028)
Test: [0/3]	Time 0.021 (0.021)	Loss 0.3497 (0.3497)	MAE 0.182 (0.182)
Epoch: [308][0/7]	Time 0.143 (0.143)	Data 0.011 (0.011)	Loss 0.0067 (0.0067)	MAE 0.028 (0.028)
Test: [0/3]	Time 0.021 (0.021)	Loss 0.3499 (0.3499)	MAE 0.182 (0.182)
Epoch: [309][0/7]	Time 0.143 (0.143)	Data 0.011 (0.011)	Loss 0.0067 (0.0067)	MAE 0.028 (0.028)
Test: [0/3]	Time 0.021 (0.021)	Loss 0.3501 (0.3501)	MAE 0.182 (0.182)
Epoch: [310][0/7]	Time 0.143 (0.143)	Data 0.011 (0.011)	Loss 0.0067 (0.0067)	MAE 0.028 (0.028)
Test: [0/3]	Time 0.022 (0.022)	Loss 0.3503 (0.3503)	MAE 0.182 (0.182)
Epoch: [311][0/7]	Time 0.142 (0.142)	Data 0.011 (0.011)	Loss 0.0067 (0.0067)	MAE 0.028 (0.028)
Test: [0/3]	Time 0.021 (0.021)	Loss 0.3505 (0.3505)	MAE 0.182 (0.182)
Epoch: [312][0/7]	Time 0.143 (0.143)	Data 0.011 (0.011)	Loss 0.0066 (0.0066)	MAE 0.028 (0.028)
Test: [0/3]	Time 0.021 (0.021)	Loss 0.3507 (0.3507)	MAE 0.182 (0.182)
Epoch: [313][0/7]	Time 0.143 (0.143)	Data 0.011 (0.011)	Loss 0.0066 (0.0066)	MAE 0.028 (0.028)
Test: [0/3]	Time 0.021 (0.021)	Loss 0.3509 (0.3509)	MAE 0.182 (0.182)
Epoch: [314][0/7]	Time 0.143 (0.143)	Data 0.011 (0.011)	Loss 0.0066 (0.0066)	MAE 0.028 (0.028)
Test: [0/3]	Time 0.021 (0.021)	Loss 0.3511 (0.3511)	MAE 0.182 (0.182)
Epoch: [315][0/7]	Time 0.142 (0.142)	Data 0.011 (0.011)	Loss 0.0066 (0.0066)	MAE 0.028 (0.028)
Test: [0/3]	Time 0.022 (0.022)	Loss 0.3513 (0.3513)	MAE 0.182 (0.182)
Epoch: [316][0/7]	Time 0.142 (0.142)	Data 0.011 (0.011)	Loss 0.0066 (0.0066)	MAE 0.028 (0.028)
Test: [0/3]	Time 0.021 (0.021)	Loss 0.3515 (0.3515)	MAE 0.182 (0.182)
Epoch: [317][0/7]	Time 0.142 (0.142)	Data 0.011 (0.011)	Loss 0.0065 (0.0065)	MAE 0.028 (0.028)
Test: [0/3]	Time 0.021 (0.021)	Loss 0.3517 (0.3517)	MAE 0.182 (0.182)
Epoch: [318][0/7]	Time 0.143 (0.143)	Data 0.011 (0.011)	Loss 0.0065 (0.0065)	MAE 0.027 (0.027)
Test: [0/3]	Time 0.021 (0.021)	Loss 0.3519 (0.3519)	MAE 0.182 (0.182)
Epoch: [319][0/7]	Time 0.143 (0.143)	Data 0.012 (0.012)	Loss 0.0065 (0.0065)	MAE 0.027 (0.027)
Test: [0/3]	Time 0.021 (0.021)	Loss 0.3521 (0.3521)	MAE 0.182 (0.182)
Epoch: [320][0/7]	Time 0.142 (0.142)	Data 0.011 (0.011)	Loss 0.0065 (0.0065)	MAE 0.027 (0.027)
Test: [0/3]	Time 0.022 (0.022)	Loss 0.3523 (0.3523)	MAE 0.182 (0.182)
Epoch: [321][0/7]	Time 0.143 (0.143)	Data 0.011 (0.011)	Loss 0.0065 (0.0065)	MAE 0.027 (0.027)
Test: [0/3]	Time 0.021 (0.021)	Loss 0.3525 (0.3525)	MAE 0.182 (0.182)
Epoch: [322][0/7]	Time 0.142 (0.142)	Data 0.011 (0.011)	Loss 0.0064 (0.0064)	MAE 0.027 (0.027)
Test: [0/3]	Time 0.022 (0.022)	Loss 0.3527 (0.3527)	MAE 0.182 (0.182)
Epoch: [323][0/7]	Time 0.142 (0.142)	Data 0.011 (0.011)	Loss 0.0064 (0.0064)	MAE 0.027 (0.027)
Test: [0/3]	Time 0.021 (0.021)	Loss 0.3529 (0.3529)	MAE 0.182 (0.182)
Epoch: [324][0/7]	Time 0.143 (0.143)	Data 0.011 (0.011)	Loss 0.0064 (0.0064)	MAE 0.027 (0.027)
Test: [0/3]	Time 0.021 (0.021)	Loss 0.3531 (0.3531)	MAE 0.182 (0.182)
Epoch: [325][0/7]	Time 0.143 (0.143)	Data 0.011 (0.011)	Loss 0.0064 (0.0064)	MAE 0.027 (0.027)
Test: [0/3]	Time 0.022 (0.022)	Loss 0.3533 (0.3533)	MAE 0.182 (0.182)
Epoch: [326][0/7]	Time 0.143 (0.143)	Data 0.011 (0.011)	Loss 0.0064 (0.0064)	MAE 0.027 (0.027)
Test: [0/3]	Time 0.021 (0.021)	Loss 0.3535 (0.3535)	MAE 0.182 (0.182)
Epoch: [327][0/7]	Time 0.143 (0.143)	Data 0.011 (0.011)	Loss 0.0064 (0.0064)	MAE 0.027 (0.027)
Test: [0/3]	Time 0.022 (0.022)	Loss 0.3537 (0.3537)	MAE 0.182 (0.182)
Epoch: [328][0/7]	Time 0.143 (0.143)	Data 0.011 (0.011)	Loss 0.0063 (0.0063)	MAE 0.027 (0.027)
Test: [0/3]	Time 0.021 (0.021)	Loss 0.3539 (0.3539)	MAE 0.183 (0.183)
Epoch: [329][0/7]	Time 0.143 (0.143)	Data 0.011 (0.011)	Loss 0.0063 (0.0063)	MAE 0.027 (0.027)
Test: [0/3]	Time 0.021 (0.021)	Loss 0.3540 (0.3540)	MAE 0.183 (0.183)
Epoch: [330][0/7]	Time 0.143 (0.143)	Data 0.011 (0.011)	Loss 0.0063 (0.0063)	MAE 0.027 (0.027)
Test: [0/3]	Time 0.021 (0.021)	Loss 0.3542 (0.3542)	MAE 0.183 (0.183)
Epoch: [331][0/7]	Time 0.142 (0.142)	Data 0.011 (0.011)	Loss 0.0063 (0.0063)	MAE 0.027 (0.027)
Test: [0/3]	Time 0.022 (0.022)	Loss 0.3544 (0.3544)	MAE 0.183 (0.183)
Epoch: [332][0/7]	Time 0.143 (0.143)	Data 0.011 (0.011)	Loss 0.0063 (0.0063)	MAE 0.027 (0.027)
Test: [0/3]	Time 0.022 (0.022)	Loss 0.3546 (0.3546)	MAE 0.183 (0.183)
Epoch: [333][0/7]	Time 0.142 (0.142)	Data 0.011 (0.011)	Loss 0.0062 (0.0062)	MAE 0.027 (0.027)
Test: [0/3]	Time 0.022 (0.022)	Loss 0.3548 (0.3548)	MAE 0.183 (0.183)
Epoch: [334][0/7]	Time 0.143 (0.143)	Data 0.011 (0.011)	Loss 0.0062 (0.0062)	MAE 0.027 (0.027)
Test: [0/3]	Time 0.022 (0.022)	Loss 0.3550 (0.3550)	MAE 0.183 (0.183)
Epoch: [335][0/7]	Time 0.143 (0.143)	Data 0.011 (0.011)	Loss 0.0062 (0.0062)	MAE 0.027 (0.027)
Test: [0/3]	Time 0.022 (0.022)	Loss 0.3551 (0.3551)	MAE 0.183 (0.183)
Epoch: [336][0/7]	Time 0.143 (0.143)	Data 0.011 (0.011)	Loss 0.0062 (0.0062)	MAE 0.027 (0.027)
Test: [0/3]	Time 0.021 (0.021)	Loss 0.3553 (0.3553)	MAE 0.183 (0.183)
Epoch: [337][0/7]	Time 0.143 (0.143)	Data 0.011 (0.011)	Loss 0.0062 (0.0062)	MAE 0.027 (0.027)
Test: [0/3]	Time 0.022 (0.022)	Loss 0.3555 (0.3555)	MAE 0.183 (0.183)
Epoch: [338][0/7]	Time 0.143 (0.143)	Data 0.011 (0.011)	Loss 0.0062 (0.0062)	MAE 0.027 (0.027)
Test: [0/3]	Time 0.022 (0.022)	Loss 0.3557 (0.3557)	MAE 0.183 (0.183)
Epoch: [339][0/7]	Time 0.143 (0.143)	Data 0.011 (0.011)	Loss 0.0061 (0.0061)	MAE 0.027 (0.027)
Test: [0/3]	Time 0.021 (0.021)	Loss 0.3559 (0.3559)	MAE 0.183 (0.183)
Epoch: [340][0/7]	Time 0.143 (0.143)	Data 0.012 (0.012)	Loss 0.0061 (0.0061)	MAE 0.027 (0.027)
Test: [0/3]	Time 0.021 (0.021)	Loss 0.3560 (0.3560)	MAE 0.183 (0.183)
Epoch: [341][0/7]	Time 0.143 (0.143)	Data 0.011 (0.011)	Loss 0.0061 (0.0061)	MAE 0.027 (0.027)
Test: [0/3]	Time 0.021 (0.021)	Loss 0.3562 (0.3562)	MAE 0.183 (0.183)
Epoch: [342][0/7]	Time 0.143 (0.143)	Data 0.011 (0.011)	Loss 0.0061 (0.0061)	MAE 0.027 (0.027)
Test: [0/3]	Time 0.021 (0.021)	Loss 0.3564 (0.3564)	MAE 0.183 (0.183)
Epoch: [343][0/7]	Time 0.143 (0.143)	Data 0.011 (0.011)	Loss 0.0061 (0.0061)	MAE 0.027 (0.027)
Test: [0/3]	Time 0.022 (0.022)	Loss 0.3566 (0.3566)	MAE 0.183 (0.183)
Epoch: [344][0/7]	Time 0.143 (0.143)	Data 0.011 (0.011)	Loss 0.0061 (0.0061)	MAE 0.027 (0.027)
Test: [0/3]	Time 0.021 (0.021)	Loss 0.3567 (0.3567)	MAE 0.183 (0.183)
Epoch: [345][0/7]	Time 0.144 (0.144)	Data 0.011 (0.011)	Loss 0.0060 (0.0060)	MAE 0.027 (0.027)
Test: [0/3]	Time 0.023 (0.023)	Loss 0.3569 (0.3569)	MAE 0.183 (0.183)
Epoch: [346][0/7]	Time 0.144 (0.144)	Data 0.013 (0.013)	Loss 0.0060 (0.0060)	MAE 0.026 (0.026)
Test: [0/3]	Time 0.022 (0.022)	Loss 0.3571 (0.3571)	MAE 0.183 (0.183)
Epoch: [347][0/7]	Time 0.143 (0.143)	Data 0.012 (0.012)	Loss 0.0060 (0.0060)	MAE 0.026 (0.026)
Test: [0/3]	Time 0.022 (0.022)	Loss 0.3572 (0.3572)	MAE 0.183 (0.183)
Epoch: [348][0/7]	Time 0.143 (0.143)	Data 0.012 (0.012)	Loss 0.0060 (0.0060)	MAE 0.026 (0.026)
Test: [0/3]	Time 0.022 (0.022)	Loss 0.3574 (0.3574)	MAE 0.183 (0.183)
Epoch: [349][0/7]	Time 0.143 (0.143)	Data 0.011 (0.011)	Loss 0.0060 (0.0060)	MAE 0.026 (0.026)
Test: [0/3]	Time 0.022 (0.022)	Loss 0.3576 (0.3576)	MAE 0.183 (0.183)
Epoch: [350][0/7]	Time 0.143 (0.143)	Data 0.011 (0.011)	Loss 0.0060 (0.0060)	MAE 0.026 (0.026)
Test: [0/3]	Time 0.022 (0.022)	Loss 0.3578 (0.3578)	MAE 0.183 (0.183)
Epoch: [351][0/7]	Time 0.144 (0.144)	Data 0.011 (0.011)	Loss 0.0059 (0.0059)	MAE 0.026 (0.026)
Test: [0/3]	Time 0.022 (0.022)	Loss 0.3579 (0.3579)	MAE 0.183 (0.183)
Epoch: [352][0/7]	Time 0.144 (0.144)	Data 0.012 (0.012)	Loss 0.0059 (0.0059)	MAE 0.026 (0.026)
Test: [0/3]	Time 0.021 (0.021)	Loss 0.3581 (0.3581)	MAE 0.183 (0.183)
Epoch: [353][0/7]	Time 0.143 (0.143)	Data 0.011 (0.011)	Loss 0.0059 (0.0059)	MAE 0.026 (0.026)
Test: [0/3]	Time 0.022 (0.022)	Loss 0.3583 (0.3583)	MAE 0.183 (0.183)
Epoch: [354][0/7]	Time 0.144 (0.144)	Data 0.012 (0.012)	Loss 0.0059 (0.0059)	MAE 0.026 (0.026)
Test: [0/3]	Time 0.021 (0.021)	Loss 0.3584 (0.3584)	MAE 0.183 (0.183)
Epoch: [355][0/7]	Time 0.142 (0.142)	Data 0.011 (0.011)	Loss 0.0059 (0.0059)	MAE 0.026 (0.026)
Test: [0/3]	Time 0.021 (0.021)	Loss 0.3586 (0.3586)	MAE 0.183 (0.183)
Epoch: [356][0/7]	Time 0.142 (0.142)	Data 0.011 (0.011)	Loss 0.0059 (0.0059)	MAE 0.026 (0.026)
Test: [0/3]	Time 0.022 (0.022)	Loss 0.3587 (0.3587)	MAE 0.183 (0.183)
Epoch: [357][0/7]	Time 0.143 (0.143)	Data 0.011 (0.011)	Loss 0.0058 (0.0058)	MAE 0.026 (0.026)
Test: [0/3]	Time 0.022 (0.022)	Loss 0.3589 (0.3589)	MAE 0.183 (0.183)
Epoch: [358][0/7]	Time 0.143 (0.143)	Data 0.011 (0.011)	Loss 0.0058 (0.0058)	MAE 0.026 (0.026)
Test: [0/3]	Time 0.021 (0.021)	Loss 0.3591 (0.3591)	MAE 0.184 (0.184)
Epoch: [359][0/7]	Time 0.143 (0.143)	Data 0.011 (0.011)	Loss 0.0058 (0.0058)	MAE 0.026 (0.026)
Test: [0/3]	Time 0.022 (0.022)	Loss 0.3592 (0.3592)	MAE 0.184 (0.184)
Epoch: [360][0/7]	Time 0.143 (0.143)	Data 0.012 (0.012)	Loss 0.0058 (0.0058)	MAE 0.026 (0.026)
Test: [0/3]	Time 0.021 (0.021)	Loss 0.3594 (0.3594)	MAE 0.184 (0.184)
Epoch: [361][0/7]	Time 0.142 (0.142)	Data 0.011 (0.011)	Loss 0.0058 (0.0058)	MAE 0.026 (0.026)
Test: [0/3]	Time 0.021 (0.021)	Loss 0.3595 (0.3595)	MAE 0.184 (0.184)
Epoch: [362][0/7]	Time 0.142 (0.142)	Data 0.011 (0.011)	Loss 0.0058 (0.0058)	MAE 0.026 (0.026)
Test: [0/3]	Time 0.021 (0.021)	Loss 0.3597 (0.3597)	MAE 0.184 (0.184)
Epoch: [363][0/7]	Time 0.143 (0.143)	Data 0.011 (0.011)	Loss 0.0058 (0.0058)	MAE 0.026 (0.026)
Test: [0/3]	Time 0.022 (0.022)	Loss 0.3599 (0.3599)	MAE 0.184 (0.184)
Epoch: [364][0/7]	Time 0.142 (0.142)	Data 0.011 (0.011)	Loss 0.0057 (0.0057)	MAE 0.026 (0.026)
Test: [0/3]	Time 0.021 (0.021)	Loss 0.3600 (0.3600)	MAE 0.184 (0.184)
Epoch: [365][0/7]	Time 0.143 (0.143)	Data 0.012 (0.012)	Loss 0.0057 (0.0057)	MAE 0.026 (0.026)
Test: [0/3]	Time 0.021 (0.021)	Loss 0.3602 (0.3602)	MAE 0.184 (0.184)
Epoch: [366][0/7]	Time 0.142 (0.142)	Data 0.011 (0.011)	Loss 0.0057 (0.0057)	MAE 0.026 (0.026)
Test: [0/3]	Time 0.021 (0.021)	Loss 0.3603 (0.3603)	MAE 0.184 (0.184)
Epoch: [367][0/7]	Time 0.143 (0.143)	Data 0.011 (0.011)	Loss 0.0057 (0.0057)	MAE 0.026 (0.026)
Test: [0/3]	Time 0.021 (0.021)	Loss 0.3605 (0.3605)	MAE 0.184 (0.184)
Epoch: [368][0/7]	Time 0.142 (0.142)	Data 0.011 (0.011)	Loss 0.0057 (0.0057)	MAE 0.026 (0.026)
Test: [0/3]	Time 0.022 (0.022)	Loss 0.3606 (0.3606)	MAE 0.184 (0.184)
Epoch: [369][0/7]	Time 0.143 (0.143)	Data 0.011 (0.011)	Loss 0.0057 (0.0057)	MAE 0.026 (0.026)
Test: [0/3]	Time 0.021 (0.021)	Loss 0.3608 (0.3608)	MAE 0.184 (0.184)
Epoch: [370][0/7]	Time 0.143 (0.143)	Data 0.011 (0.011)	Loss 0.0056 (0.0056)	MAE 0.026 (0.026)
Test: [0/3]	Time 0.022 (0.022)	Loss 0.3609 (0.3609)	MAE 0.184 (0.184)
Epoch: [371][0/7]	Time 0.143 (0.143)	Data 0.011 (0.011)	Loss 0.0056 (0.0056)	MAE 0.026 (0.026)
Test: [0/3]	Time 0.021 (0.021)	Loss 0.3611 (0.3611)	MAE 0.184 (0.184)
Epoch: [372][0/7]	Time 0.142 (0.142)	Data 0.011 (0.011)	Loss 0.0056 (0.0056)	MAE 0.026 (0.026)
Test: [0/3]	Time 0.022 (0.022)	Loss 0.3612 (0.3612)	MAE 0.184 (0.184)
Epoch: [373][0/7]	Time 0.142 (0.142)	Data 0.011 (0.011)	Loss 0.0056 (0.0056)	MAE 0.026 (0.026)
Test: [0/3]	Time 0.022 (0.022)	Loss 0.3614 (0.3614)	MAE 0.184 (0.184)
Epoch: [374][0/7]	Time 0.143 (0.143)	Data 0.011 (0.011)	Loss 0.0056 (0.0056)	MAE 0.026 (0.026)
Test: [0/3]	Time 0.022 (0.022)	Loss 0.3615 (0.3615)	MAE 0.184 (0.184)
Epoch: [375][0/7]	Time 0.143 (0.143)	Data 0.011 (0.011)	Loss 0.0056 (0.0056)	MAE 0.026 (0.026)
Test: [0/3]	Time 0.022 (0.022)	Loss 0.3617 (0.3617)	MAE 0.184 (0.184)
Epoch: [376][0/7]	Time 0.143 (0.143)	Data 0.011 (0.011)	Loss 0.0056 (0.0056)	MAE 0.025 (0.025)
Test: [0/3]	Time 0.022 (0.022)	Loss 0.3618 (0.3618)	MAE 0.184 (0.184)
Epoch: [377][0/7]	Time 0.143 (0.143)	Data 0.011 (0.011)	Loss 0.0055 (0.0055)	MAE 0.025 (0.025)
Test: [0/3]	Time 0.021 (0.021)	Loss 0.3620 (0.3620)	MAE 0.184 (0.184)
Epoch: [378][0/7]	Time 0.143 (0.143)	Data 0.011 (0.011)	Loss 0.0055 (0.0055)	MAE 0.025 (0.025)
Test: [0/3]	Time 0.021 (0.021)	Loss 0.3621 (0.3621)	MAE 0.184 (0.184)
Epoch: [379][0/7]	Time 0.145 (0.145)	Data 0.011 (0.011)	Loss 0.0055 (0.0055)	MAE 0.025 (0.025)
Test: [0/3]	Time 0.021 (0.021)	Loss 0.3623 (0.3623)	MAE 0.184 (0.184)
Epoch: [380][0/7]	Time 0.143 (0.143)	Data 0.011 (0.011)	Loss 0.0055 (0.0055)	MAE 0.025 (0.025)
Test: [0/3]	Time 0.021 (0.021)	Loss 0.3624 (0.3624)	MAE 0.184 (0.184)
Epoch: [381][0/7]	Time 0.143 (0.143)	Data 0.011 (0.011)	Loss 0.0055 (0.0055)	MAE 0.025 (0.025)
Test: [0/3]	Time 0.021 (0.021)	Loss 0.3625 (0.3625)	MAE 0.184 (0.184)
Epoch: [382][0/7]	Time 0.143 (0.143)	Data 0.011 (0.011)	Loss 0.0055 (0.0055)	MAE 0.025 (0.025)
Test: [0/3]	Time 0.021 (0.021)	Loss 0.3627 (0.3627)	MAE 0.184 (0.184)
Epoch: [383][0/7]	Time 0.143 (0.143)	Data 0.011 (0.011)	Loss 0.0055 (0.0055)	MAE 0.025 (0.025)
Test: [0/3]	Time 0.022 (0.022)	Loss 0.3628 (0.3628)	MAE 0.184 (0.184)
Epoch: [384][0/7]	Time 0.142 (0.142)	Data 0.011 (0.011)	Loss 0.0054 (0.0054)	MAE 0.025 (0.025)
Test: [0/3]	Time 0.022 (0.022)	Loss 0.3630 (0.3630)	MAE 0.184 (0.184)
Epoch: [385][0/7]	Time 0.142 (0.142)	Data 0.011 (0.011)	Loss 0.0054 (0.0054)	MAE 0.025 (0.025)
Test: [0/3]	Time 0.021 (0.021)	Loss 0.3631 (0.3631)	MAE 0.184 (0.184)
Epoch: [386][0/7]	Time 0.143 (0.143)	Data 0.012 (0.012)	Loss 0.0054 (0.0054)	MAE 0.025 (0.025)
Test: [0/3]	Time 0.021 (0.021)	Loss 0.3633 (0.3633)	MAE 0.184 (0.184)
Epoch: [387][0/7]	Time 0.143 (0.143)	Data 0.011 (0.011)	Loss 0.0054 (0.0054)	MAE 0.025 (0.025)
Test: [0/3]	Time 0.022 (0.022)	Loss 0.3634 (0.3634)	MAE 0.184 (0.184)
Epoch: [388][0/7]	Time 0.143 (0.143)	Data 0.011 (0.011)	Loss 0.0054 (0.0054)	MAE 0.025 (0.025)
Test: [0/3]	Time 0.021 (0.021)	Loss 0.3635 (0.3635)	MAE 0.184 (0.184)
Epoch: [389][0/7]	Time 0.143 (0.143)	Data 0.011 (0.011)	Loss 0.0054 (0.0054)	MAE 0.025 (0.025)
Test: [0/3]	Time 0.021 (0.021)	Loss 0.3637 (0.3637)	MAE 0.184 (0.184)
Epoch: [390][0/7]	Time 0.143 (0.143)	Data 0.011 (0.011)	Loss 0.0054 (0.0054)	MAE 0.025 (0.025)
Test: [0/3]	Time 0.021 (0.021)	Loss 0.3638 (0.3638)	MAE 0.184 (0.184)
Epoch: [391][0/7]	Time 0.142 (0.142)	Data 0.011 (0.011)	Loss 0.0053 (0.0053)	MAE 0.025 (0.025)
Test: [0/3]	Time 0.021 (0.021)	Loss 0.3639 (0.3639)	MAE 0.184 (0.184)
Epoch: [392][0/7]	Time 0.143 (0.143)	Data 0.012 (0.012)	Loss 0.0053 (0.0053)	MAE 0.025 (0.025)
Test: [0/3]	Time 0.021 (0.021)	Loss 0.3641 (0.3641)	MAE 0.184 (0.184)
Epoch: [393][0/7]	Time 0.143 (0.143)	Data 0.011 (0.011)	Loss 0.0053 (0.0053)	MAE 0.025 (0.025)
Test: [0/3]	Time 0.022 (0.022)	Loss 0.3642 (0.3642)	MAE 0.184 (0.184)
Epoch: [394][0/7]	Time 0.143 (0.143)	Data 0.012 (0.012)	Loss 0.0053 (0.0053)	MAE 0.025 (0.025)
Test: [0/3]	Time 0.022 (0.022)	Loss 0.3643 (0.3643)	MAE 0.184 (0.184)
Epoch: [395][0/7]	Time 0.142 (0.142)	Data 0.011 (0.011)	Loss 0.0053 (0.0053)	MAE 0.025 (0.025)
Test: [0/3]	Time 0.022 (0.022)	Loss 0.3645 (0.3645)	MAE 0.185 (0.185)
Epoch: [396][0/7]	Time 0.143 (0.143)	Data 0.011 (0.011)	Loss 0.0053 (0.0053)	MAE 0.025 (0.025)
Test: [0/3]	Time 0.021 (0.021)	Loss 0.3646 (0.3646)	MAE 0.185 (0.185)
Epoch: [397][0/7]	Time 0.143 (0.143)	Data 0.011 (0.011)	Loss 0.0053 (0.0053)	MAE 0.025 (0.025)
Test: [0/3]	Time 0.021 (0.021)	Loss 0.3647 (0.3647)	MAE 0.185 (0.185)
Epoch: [398][0/7]	Time 0.142 (0.142)	Data 0.011 (0.011)	Loss 0.0052 (0.0052)	MAE 0.025 (0.025)
Test: [0/3]	Time 0.022 (0.022)	Loss 0.3649 (0.3649)	MAE 0.185 (0.185)
Epoch: [399][0/7]	Time 0.142 (0.142)	Data 0.011 (0.011)	Loss 0.0052 (0.0052)	MAE 0.025 (0.025)
Test: [0/3]	Time 0.021 (0.021)	Loss 0.3650 (0.3650)	MAE 0.185 (0.185)
Epoch: [400][0/7]	Time 0.143 (0.143)	Data 0.011 (0.011)	Loss 0.0052 (0.0052)	MAE 0.025 (0.025)
Test: [0/3]	Time 0.021 (0.021)	Loss 0.3651 (0.3651)	MAE 0.185 (0.185)
Epoch: [401][0/7]	Time 0.142 (0.142)	Data 0.011 (0.011)	Loss 0.0052 (0.0052)	MAE 0.025 (0.025)
Test: [0/3]	Time 0.021 (0.021)	Loss 0.3652 (0.3652)	MAE 0.185 (0.185)
Epoch: [402][0/7]	Time 0.142 (0.142)	Data 0.011 (0.011)	Loss 0.0052 (0.0052)	MAE 0.025 (0.025)
Test: [0/3]	Time 0.021 (0.021)	Loss 0.3654 (0.3654)	MAE 0.185 (0.185)
Epoch: [403][0/7]	Time 0.143 (0.143)	Data 0.011 (0.011)	Loss 0.0052 (0.0052)	MAE 0.025 (0.025)
Test: [0/3]	Time 0.021 (0.021)	Loss 0.3655 (0.3655)	MAE 0.185 (0.185)
Epoch: [404][0/7]	Time 0.143 (0.143)	Data 0.011 (0.011)	Loss 0.0052 (0.0052)	MAE 0.025 (0.025)
Test: [0/3]	Time 0.021 (0.021)	Loss 0.3656 (0.3656)	MAE 0.185 (0.185)
Epoch: [405][0/7]	Time 0.144 (0.144)	Data 0.011 (0.011)	Loss 0.0052 (0.0052)	MAE 0.025 (0.025)
Test: [0/3]	Time 0.021 (0.021)	Loss 0.3658 (0.3658)	MAE 0.185 (0.185)
Epoch: [406][0/7]	Time 0.143 (0.143)	Data 0.011 (0.011)	Loss 0.0051 (0.0051)	MAE 0.025 (0.025)
Test: [0/3]	Time 0.021 (0.021)	Loss 0.3659 (0.3659)	MAE 0.185 (0.185)
Epoch: [407][0/7]	Time 0.143 (0.143)	Data 0.011 (0.011)	Loss 0.0051 (0.0051)	MAE 0.025 (0.025)
Test: [0/3]	Time 0.021 (0.021)	Loss 0.3660 (0.3660)	MAE 0.185 (0.185)
Epoch: [408][0/7]	Time 0.142 (0.142)	Data 0.011 (0.011)	Loss 0.0051 (0.0051)	MAE 0.024 (0.024)
Test: [0/3]	Time 0.021 (0.021)	Loss 0.3661 (0.3661)	MAE 0.185 (0.185)
Epoch: [409][0/7]	Time 0.143 (0.143)	Data 0.011 (0.011)	Loss 0.0051 (0.0051)	MAE 0.024 (0.024)
Test: [0/3]	Time 0.021 (0.021)	Loss 0.3662 (0.3662)	MAE 0.185 (0.185)
Epoch: [410][0/7]	Time 0.143 (0.143)	Data 0.011 (0.011)	Loss 0.0051 (0.0051)	MAE 0.024 (0.024)
Test: [0/3]	Time 0.022 (0.022)	Loss 0.3664 (0.3664)	MAE 0.185 (0.185)
Epoch: [411][0/7]	Time 0.143 (0.143)	Data 0.011 (0.011)	Loss 0.0051 (0.0051)	MAE 0.024 (0.024)
Test: [0/3]	Time 0.021 (0.021)	Loss 0.3665 (0.3665)	MAE 0.185 (0.185)
Epoch: [412][0/7]	Time 0.143 (0.143)	Data 0.011 (0.011)	Loss 0.0051 (0.0051)	MAE 0.024 (0.024)
Test: [0/3]	Time 0.021 (0.021)	Loss 0.3666 (0.3666)	MAE 0.185 (0.185)
Epoch: [413][0/7]	Time 0.143 (0.143)	Data 0.011 (0.011)	Loss 0.0051 (0.0051)	MAE 0.024 (0.024)
Test: [0/3]	Time 0.022 (0.022)	Loss 0.3667 (0.3667)	MAE 0.185 (0.185)
Epoch: [414][0/7]	Time 0.142 (0.142)	Data 0.011 (0.011)	Loss 0.0050 (0.0050)	MAE 0.024 (0.024)
Test: [0/3]	Time 0.021 (0.021)	Loss 0.3669 (0.3669)	MAE 0.185 (0.185)
Epoch: [415][0/7]	Time 0.143 (0.143)	Data 0.011 (0.011)	Loss 0.0050 (0.0050)	MAE 0.024 (0.024)
Test: [0/3]	Time 0.021 (0.021)	Loss 0.3670 (0.3670)	MAE 0.185 (0.185)
Epoch: [416][0/7]	Time 0.143 (0.143)	Data 0.011 (0.011)	Loss 0.0050 (0.0050)	MAE 0.024 (0.024)
Test: [0/3]	Time 0.021 (0.021)	Loss 0.3671 (0.3671)	MAE 0.185 (0.185)
Epoch: [417][0/7]	Time 0.143 (0.143)	Data 0.011 (0.011)	Loss 0.0050 (0.0050)	MAE 0.024 (0.024)
Test: [0/3]	Time 0.022 (0.022)	Loss 0.3672 (0.3672)	MAE 0.185 (0.185)
Epoch: [418][0/7]	Time 0.143 (0.143)	Data 0.011 (0.011)	Loss 0.0050 (0.0050)	MAE 0.024 (0.024)
Test: [0/3]	Time 0.021 (0.021)	Loss 0.3673 (0.3673)	MAE 0.185 (0.185)
Epoch: [419][0/7]	Time 0.145 (0.145)	Data 0.014 (0.014)	Loss 0.0050 (0.0050)	MAE 0.024 (0.024)
Test: [0/3]	Time 0.021 (0.021)	Loss 0.3674 (0.3674)	MAE 0.185 (0.185)
Epoch: [420][0/7]	Time 0.143 (0.143)	Data 0.011 (0.011)	Loss 0.0050 (0.0050)	MAE 0.024 (0.024)
Test: [0/3]	Time 0.022 (0.022)	Loss 0.3676 (0.3676)	MAE 0.185 (0.185)
Epoch: [421][0/7]	Time 0.142 (0.142)	Data 0.011 (0.011)	Loss 0.0050 (0.0050)	MAE 0.024 (0.024)
Test: [0/3]	Time 0.021 (0.021)	Loss 0.3677 (0.3677)	MAE 0.185 (0.185)
Epoch: [422][0/7]	Time 0.142 (0.142)	Data 0.011 (0.011)	Loss 0.0049 (0.0049)	MAE 0.024 (0.024)
Test: [0/3]	Time 0.022 (0.022)	Loss 0.3678 (0.3678)	MAE 0.185 (0.185)
Epoch: [423][0/7]	Time 0.143 (0.143)	Data 0.011 (0.011)	Loss 0.0049 (0.0049)	MAE 0.024 (0.024)
Test: [0/3]	Time 0.021 (0.021)	Loss 0.3679 (0.3679)	MAE 0.185 (0.185)
Epoch: [424][0/7]	Time 0.143 (0.143)	Data 0.011 (0.011)	Loss 0.0049 (0.0049)	MAE 0.024 (0.024)
Test: [0/3]	Time 0.021 (0.021)	Loss 0.3680 (0.3680)	MAE 0.185 (0.185)
Epoch: [425][0/7]	Time 0.143 (0.143)	Data 0.011 (0.011)	Loss 0.0049 (0.0049)	MAE 0.024 (0.024)
Test: [0/3]	Time 0.022 (0.022)	Loss 0.3681 (0.3681)	MAE 0.185 (0.185)
Epoch: [426][0/7]	Time 0.143 (0.143)	Data 0.011 (0.011)	Loss 0.0049 (0.0049)	MAE 0.024 (0.024)
Test: [0/3]	Time 0.021 (0.021)	Loss 0.3682 (0.3682)	MAE 0.185 (0.185)
Epoch: [427][0/7]	Time 0.144 (0.144)	Data 0.011 (0.011)	Loss 0.0049 (0.0049)	MAE 0.024 (0.024)
Test: [0/3]	Time 0.022 (0.022)	Loss 0.3684 (0.3684)	MAE 0.185 (0.185)
Epoch: [428][0/7]	Time 0.143 (0.143)	Data 0.011 (0.011)	Loss 0.0049 (0.0049)	MAE 0.024 (0.024)
Test: [0/3]	Time 0.023 (0.023)	Loss 0.3685 (0.3685)	MAE 0.185 (0.185)
Epoch: [429][0/7]	Time 0.143 (0.143)	Data 0.011 (0.011)	Loss 0.0049 (0.0049)	MAE 0.024 (0.024)
Test: [0/3]	Time 0.021 (0.021)	Loss 0.3686 (0.3686)	MAE 0.185 (0.185)
Epoch: [430][0/7]	Time 0.143 (0.143)	Data 0.011 (0.011)	Loss 0.0048 (0.0048)	MAE 0.024 (0.024)
Test: [0/3]	Time 0.021 (0.021)	Loss 0.3687 (0.3687)	MAE 0.185 (0.185)
Epoch: [431][0/7]	Time 0.144 (0.144)	Data 0.011 (0.011)	Loss 0.0048 (0.0048)	MAE 0.024 (0.024)
Test: [0/3]	Time 0.021 (0.021)	Loss 0.3688 (0.3688)	MAE 0.185 (0.185)
Epoch: [432][0/7]	Time 0.143 (0.143)	Data 0.012 (0.012)	Loss 0.0048 (0.0048)	MAE 0.024 (0.024)
Test: [0/3]	Time 0.022 (0.022)	Loss 0.3689 (0.3689)	MAE 0.185 (0.185)
Epoch: [433][0/7]	Time 0.143 (0.143)	Data 0.012 (0.012)	Loss 0.0048 (0.0048)	MAE 0.024 (0.024)
Test: [0/3]	Time 0.022 (0.022)	Loss 0.3690 (0.3690)	MAE 0.185 (0.185)
Epoch: [434][0/7]	Time 0.142 (0.142)	Data 0.011 (0.011)	Loss 0.0048 (0.0048)	MAE 0.024 (0.024)
Test: [0/3]	Time 0.021 (0.021)	Loss 0.3691 (0.3691)	MAE 0.185 (0.185)
Epoch: [435][0/7]	Time 0.143 (0.143)	Data 0.011 (0.011)	Loss 0.0048 (0.0048)	MAE 0.024 (0.024)
Test: [0/3]	Time 0.021 (0.021)	Loss 0.3692 (0.3692)	MAE 0.185 (0.185)
Epoch: [436][0/7]	Time 0.143 (0.143)	Data 0.011 (0.011)	Loss 0.0048 (0.0048)	MAE 0.024 (0.024)
Test: [0/3]	Time 0.021 (0.021)	Loss 0.3693 (0.3693)	MAE 0.185 (0.185)
Epoch: [437][0/7]	Time 0.143 (0.143)	Data 0.011 (0.011)	Loss 0.0048 (0.0048)	MAE 0.024 (0.024)
Test: [0/3]	Time 0.022 (0.022)	Loss 0.3694 (0.3694)	MAE 0.185 (0.185)
Epoch: [438][0/7]	Time 0.143 (0.143)	Data 0.011 (0.011)	Loss 0.0048 (0.0048)	MAE 0.024 (0.024)
Test: [0/3]	Time 0.022 (0.022)	Loss 0.3695 (0.3695)	MAE 0.185 (0.185)
Epoch: [439][0/7]	Time 0.144 (0.144)	Data 0.012 (0.012)	Loss 0.0047 (0.0047)	MAE 0.024 (0.024)
Test: [0/3]	Time 0.021 (0.021)	Loss 0.3696 (0.3696)	MAE 0.185 (0.185)
Epoch: [440][0/7]	Time 0.142 (0.142)	Data 0.011 (0.011)	Loss 0.0047 (0.0047)	MAE 0.024 (0.024)
Test: [0/3]	Time 0.021 (0.021)	Loss 0.3698 (0.3698)	MAE 0.185 (0.185)
Epoch: [441][0/7]	Time 0.143 (0.143)	Data 0.011 (0.011)	Loss 0.0047 (0.0047)	MAE 0.024 (0.024)
Test: [0/3]	Time 0.021 (0.021)	Loss 0.3699 (0.3699)	MAE 0.185 (0.185)
Epoch: [442][0/7]	Time 0.143 (0.143)	Data 0.011 (0.011)	Loss 0.0047 (0.0047)	MAE 0.024 (0.024)
Test: [0/3]	Time 0.022 (0.022)	Loss 0.3700 (0.3700)	MAE 0.186 (0.186)
Epoch: [443][0/7]	Time 0.142 (0.142)	Data 0.011 (0.011)	Loss 0.0047 (0.0047)	MAE 0.023 (0.023)
Test: [0/3]	Time 0.021 (0.021)	Loss 0.3701 (0.3701)	MAE 0.186 (0.186)
Epoch: [444][0/7]	Time 0.142 (0.142)	Data 0.011 (0.011)	Loss 0.0047 (0.0047)	MAE 0.023 (0.023)
Test: [0/3]	Time 0.021 (0.021)	Loss 0.3702 (0.3702)	MAE 0.186 (0.186)
Epoch: [445][0/7]	Time 0.143 (0.143)	Data 0.011 (0.011)	Loss 0.0047 (0.0047)	MAE 0.023 (0.023)
Test: [0/3]	Time 0.022 (0.022)	Loss 0.3703 (0.3703)	MAE 0.186 (0.186)
Epoch: [446][0/7]	Time 0.142 (0.142)	Data 0.011 (0.011)	Loss 0.0047 (0.0047)	MAE 0.023 (0.023)
Test: [0/3]	Time 0.021 (0.021)	Loss 0.3704 (0.3704)	MAE 0.186 (0.186)
Epoch: [447][0/7]	Time 0.143 (0.143)	Data 0.011 (0.011)	Loss 0.0046 (0.0046)	MAE 0.023 (0.023)
Test: [0/3]	Time 0.021 (0.021)	Loss 0.3705 (0.3705)	MAE 0.186 (0.186)
Epoch: [448][0/7]	Time 0.143 (0.143)	Data 0.011 (0.011)	Loss 0.0046 (0.0046)	MAE 0.023 (0.023)
Test: [0/3]	Time 0.021 (0.021)	Loss 0.3706 (0.3706)	MAE 0.186 (0.186)
Epoch: [449][0/7]	Time 0.142 (0.142)	Data 0.011 (0.011)	Loss 0.0046 (0.0046)	MAE 0.023 (0.023)
Test: [0/3]	Time 0.022 (0.022)	Loss 0.3707 (0.3707)	MAE 0.186 (0.186)
Epoch: [450][0/7]	Time 0.143 (0.143)	Data 0.011 (0.011)	Loss 0.0046 (0.0046)	MAE 0.023 (0.023)
Test: [0/3]	Time 0.021 (0.021)	Loss 0.3708 (0.3708)	MAE 0.186 (0.186)
Epoch: [451][0/7]	Time 0.143 (0.143)	Data 0.011 (0.011)	Loss 0.0046 (0.0046)	MAE 0.023 (0.023)
Test: [0/3]	Time 0.021 (0.021)	Loss 0.3709 (0.3709)	MAE 0.186 (0.186)
Epoch: [452][0/7]	Time 0.143 (0.143)	Data 0.011 (0.011)	Loss 0.0046 (0.0046)	MAE 0.023 (0.023)
Test: [0/3]	Time 0.021 (0.021)	Loss 0.3710 (0.3710)	MAE 0.186 (0.186)
Epoch: [453][0/7]	Time 0.143 (0.143)	Data 0.011 (0.011)	Loss 0.0046 (0.0046)	MAE 0.023 (0.023)
Test: [0/3]	Time 0.021 (0.021)	Loss 0.3711 (0.3711)	MAE 0.186 (0.186)
Epoch: [454][0/7]	Time 0.143 (0.143)	Data 0.011 (0.011)	Loss 0.0046 (0.0046)	MAE 0.023 (0.023)
Test: [0/3]	Time 0.021 (0.021)	Loss 0.3712 (0.3712)	MAE 0.186 (0.186)
Epoch: [455][0/7]	Time 0.143 (0.143)	Data 0.011 (0.011)	Loss 0.0046 (0.0046)	MAE 0.023 (0.023)
Test: [0/3]	Time 0.021 (0.021)	Loss 0.3713 (0.3713)	MAE 0.186 (0.186)
Epoch: [456][0/7]	Time 0.143 (0.143)	Data 0.011 (0.011)	Loss 0.0046 (0.0046)	MAE 0.023 (0.023)
Test: [0/3]	Time 0.021 (0.021)	Loss 0.3714 (0.3714)	MAE 0.186 (0.186)
Epoch: [457][0/7]	Time 0.143 (0.143)	Data 0.011 (0.011)	Loss 0.0045 (0.0045)	MAE 0.023 (0.023)
Test: [0/3]	Time 0.021 (0.021)	Loss 0.3715 (0.3715)	MAE 0.186 (0.186)
Epoch: [458][0/7]	Time 0.143 (0.143)	Data 0.011 (0.011)	Loss 0.0045 (0.0045)	MAE 0.023 (0.023)
Test: [0/3]	Time 0.022 (0.022)	Loss 0.3716 (0.3716)	MAE 0.186 (0.186)
Epoch: [459][0/7]	Time 0.142 (0.142)	Data 0.011 (0.011)	Loss 0.0045 (0.0045)	MAE 0.023 (0.023)
Test: [0/3]	Time 0.022 (0.022)	Loss 0.3716 (0.3716)	MAE 0.186 (0.186)
Epoch: [460][0/7]	Time 0.143 (0.143)	Data 0.011 (0.011)	Loss 0.0045 (0.0045)	MAE 0.023 (0.023)
Test: [0/3]	Time 0.021 (0.021)	Loss 0.3717 (0.3717)	MAE 0.186 (0.186)
Epoch: [461][0/7]	Time 0.143 (0.143)	Data 0.011 (0.011)	Loss 0.0045 (0.0045)	MAE 0.023 (0.023)
Test: [0/3]	Time 0.022 (0.022)	Loss 0.3718 (0.3718)	MAE 0.186 (0.186)
Epoch: [462][0/7]	Time 0.143 (0.143)	Data 0.011 (0.011)	Loss 0.0045 (0.0045)	MAE 0.023 (0.023)
Test: [0/3]	Time 0.021 (0.021)	Loss 0.3719 (0.3719)	MAE 0.186 (0.186)
Epoch: [463][0/7]	Time 0.143 (0.143)	Data 0.011 (0.011)	Loss 0.0045 (0.0045)	MAE 0.023 (0.023)
Test: [0/3]	Time 0.022 (0.022)	Loss 0.3720 (0.3720)	MAE 0.186 (0.186)
Epoch: [464][0/7]	Time 0.142 (0.142)	Data 0.011 (0.011)	Loss 0.0045 (0.0045)	MAE 0.023 (0.023)
Test: [0/3]	Time 0.021 (0.021)	Loss 0.3721 (0.3721)	MAE 0.186 (0.186)
Epoch: [465][0/7]	Time 0.143 (0.143)	Data 0.012 (0.012)	Loss 0.0045 (0.0045)	MAE 0.023 (0.023)
Test: [0/3]	Time 0.021 (0.021)	Loss 0.3722 (0.3722)	MAE 0.186 (0.186)
Epoch: [466][0/7]	Time 0.143 (0.143)	Data 0.012 (0.012)	Loss 0.0044 (0.0044)	MAE 0.023 (0.023)
Test: [0/3]	Time 0.021 (0.021)	Loss 0.3723 (0.3723)	MAE 0.186 (0.186)
Epoch: [467][0/7]	Time 0.143 (0.143)	Data 0.012 (0.012)	Loss 0.0044 (0.0044)	MAE 0.023 (0.023)
Test: [0/3]	Time 0.022 (0.022)	Loss 0.3724 (0.3724)	MAE 0.186 (0.186)
Epoch: [468][0/7]	Time 0.143 (0.143)	Data 0.011 (0.011)	Loss 0.0044 (0.0044)	MAE 0.023 (0.023)
Test: [0/3]	Time 0.022 (0.022)	Loss 0.3725 (0.3725)	MAE 0.186 (0.186)
Epoch: [469][0/7]	Time 0.143 (0.143)	Data 0.011 (0.011)	Loss 0.0044 (0.0044)	MAE 0.023 (0.023)
Test: [0/3]	Time 0.022 (0.022)	Loss 0.3726 (0.3726)	MAE 0.186 (0.186)
Epoch: [470][0/7]	Time 0.143 (0.143)	Data 0.011 (0.011)	Loss 0.0044 (0.0044)	MAE 0.023 (0.023)
Test: [0/3]	Time 0.021 (0.021)	Loss 0.3727 (0.3727)	MAE 0.186 (0.186)
Epoch: [471][0/7]	Time 0.143 (0.143)	Data 0.011 (0.011)	Loss 0.0044 (0.0044)	MAE 0.023 (0.023)
Test: [0/3]	Time 0.021 (0.021)	Loss 0.3728 (0.3728)	MAE 0.186 (0.186)
Epoch: [472][0/7]	Time 0.142 (0.142)	Data 0.011 (0.011)	Loss 0.0044 (0.0044)	MAE 0.023 (0.023)
Test: [0/3]	Time 0.022 (0.022)	Loss 0.3728 (0.3728)	MAE 0.186 (0.186)
Epoch: [473][0/7]	Time 0.143 (0.143)	Data 0.011 (0.011)	Loss 0.0044 (0.0044)	MAE 0.023 (0.023)
Test: [0/3]	Time 0.022 (0.022)	Loss 0.3729 (0.3729)	MAE 0.186 (0.186)
Epoch: [474][0/7]	Time 0.142 (0.142)	Data 0.011 (0.011)	Loss 0.0044 (0.0044)	MAE 0.023 (0.023)
Test: [0/3]	Time 0.022 (0.022)	Loss 0.3730 (0.3730)	MAE 0.186 (0.186)
Epoch: [475][0/7]	Time 0.143 (0.143)	Data 0.011 (0.011)	Loss 0.0044 (0.0044)	MAE 0.023 (0.023)
Test: [0/3]	Time 0.021 (0.021)	Loss 0.3731 (0.3731)	MAE 0.186 (0.186)
Epoch: [476][0/7]	Time 0.142 (0.142)	Data 0.011 (0.011)	Loss 0.0043 (0.0043)	MAE 0.023 (0.023)
Test: [0/3]	Time 0.022 (0.022)	Loss 0.3732 (0.3732)	MAE 0.186 (0.186)
Epoch: [477][0/7]	Time 0.143 (0.143)	Data 0.011 (0.011)	Loss 0.0043 (0.0043)	MAE 0.023 (0.023)
Test: [0/3]	Time 0.022 (0.022)	Loss 0.3733 (0.3733)	MAE 0.186 (0.186)
Epoch: [478][0/7]	Time 0.143 (0.143)	Data 0.011 (0.011)	Loss 0.0043 (0.0043)	MAE 0.023 (0.023)
Test: [0/3]	Time 0.022 (0.022)	Loss 0.3734 (0.3734)	MAE 0.186 (0.186)
Epoch: [479][0/7]	Time 0.143 (0.143)	Data 0.012 (0.012)	Loss 0.0043 (0.0043)	MAE 0.022 (0.022)
Test: [0/3]	Time 0.022 (0.022)	Loss 0.3735 (0.3735)	MAE 0.186 (0.186)
Epoch: [480][0/7]	Time 0.144 (0.144)	Data 0.012 (0.012)	Loss 0.0043 (0.0043)	MAE 0.022 (0.022)
Test: [0/3]	Time 0.022 (0.022)	Loss 0.3735 (0.3735)	MAE 0.186 (0.186)
Epoch: [481][0/7]	Time 0.144 (0.144)	Data 0.012 (0.012)	Loss 0.0043 (0.0043)	MAE 0.022 (0.022)
Test: [0/3]	Time 0.022 (0.022)	Loss 0.3736 (0.3736)	MAE 0.186 (0.186)
Epoch: [482][0/7]	Time 0.143 (0.143)	Data 0.011 (0.011)	Loss 0.0043 (0.0043)	MAE 0.022 (0.022)
Test: [0/3]	Time 0.022 (0.022)	Loss 0.3737 (0.3737)	MAE 0.186 (0.186)
Epoch: [483][0/7]	Time 0.143 (0.143)	Data 0.011 (0.011)	Loss 0.0043 (0.0043)	MAE 0.022 (0.022)
Test: [0/3]	Time 0.021 (0.021)	Loss 0.3738 (0.3738)	MAE 0.186 (0.186)
Epoch: [484][0/7]	Time 0.143 (0.143)	Data 0.012 (0.012)	Loss 0.0043 (0.0043)	MAE 0.022 (0.022)
Test: [0/3]	Time 0.022 (0.022)	Loss 0.3739 (0.3739)	MAE 0.186 (0.186)
Epoch: [485][0/7]	Time 0.142 (0.142)	Data 0.011 (0.011)	Loss 0.0043 (0.0043)	MAE 0.022 (0.022)
Test: [0/3]	Time 0.021 (0.021)	Loss 0.3740 (0.3740)	MAE 0.186 (0.186)
Epoch: [486][0/7]	Time 0.143 (0.143)	Data 0.011 (0.011)	Loss 0.0042 (0.0042)	MAE 0.022 (0.022)
Test: [0/3]	Time 0.021 (0.021)	Loss 0.3741 (0.3741)	MAE 0.186 (0.186)
Epoch: [487][0/7]	Time 0.143 (0.143)	Data 0.011 (0.011)	Loss 0.0042 (0.0042)	MAE 0.022 (0.022)
Test: [0/3]	Time 0.021 (0.021)	Loss 0.3741 (0.3741)	MAE 0.186 (0.186)
Epoch: [488][0/7]	Time 0.143 (0.143)	Data 0.011 (0.011)	Loss 0.0042 (0.0042)	MAE 0.022 (0.022)
Test: [0/3]	Time 0.022 (0.022)	Loss 0.3742 (0.3742)	MAE 0.186 (0.186)
Epoch: [489][0/7]	Time 0.143 (0.143)	Data 0.011 (0.011)	Loss 0.0042 (0.0042)	MAE 0.022 (0.022)
Test: [0/3]	Time 0.021 (0.021)	Loss 0.3743 (0.3743)	MAE 0.186 (0.186)
Epoch: [490][0/7]	Time 0.143 (0.143)	Data 0.011 (0.011)	Loss 0.0042 (0.0042)	MAE 0.022 (0.022)
Test: [0/3]	Time 0.021 (0.021)	Loss 0.3744 (0.3744)	MAE 0.186 (0.186)
Epoch: [491][0/7]	Time 0.143 (0.143)	Data 0.011 (0.011)	Loss 0.0042 (0.0042)	MAE 0.022 (0.022)
Test: [0/3]	Time 0.021 (0.021)	Loss 0.3745 (0.3745)	MAE 0.186 (0.186)
Epoch: [492][0/7]	Time 0.143 (0.143)	Data 0.011 (0.011)	Loss 0.0042 (0.0042)	MAE 0.022 (0.022)
Test: [0/3]	Time 0.021 (0.021)	Loss 0.3745 (0.3745)	MAE 0.186 (0.186)
Epoch: [493][0/7]	Time 0.142 (0.142)	Data 0.011 (0.011)	Loss 0.0042 (0.0042)	MAE 0.022 (0.022)
Test: [0/3]	Time 0.021 (0.021)	Loss 0.3746 (0.3746)	MAE 0.186 (0.186)
Epoch: [494][0/7]	Time 0.143 (0.143)	Data 0.011 (0.011)	Loss 0.0042 (0.0042)	MAE 0.022 (0.022)
Test: [0/3]	Time 0.021 (0.021)	Loss 0.3747 (0.3747)	MAE 0.186 (0.186)
Epoch: [495][0/7]	Time 0.143 (0.143)	Data 0.011 (0.011)	Loss 0.0042 (0.0042)	MAE 0.022 (0.022)
Test: [0/3]	Time 0.021 (0.021)	Loss 0.3748 (0.3748)	MAE 0.186 (0.186)
Epoch: [496][0/7]	Time 0.145 (0.145)	Data 0.013 (0.013)	Loss 0.0041 (0.0041)	MAE 0.022 (0.022)
Test: [0/3]	Time 0.022 (0.022)	Loss 0.3749 (0.3749)	MAE 0.186 (0.186)
Epoch: [497][0/7]	Time 0.144 (0.144)	Data 0.012 (0.012)	Loss 0.0041 (0.0041)	MAE 0.022 (0.022)
Test: [0/3]	Time 0.021 (0.021)	Loss 0.3750 (0.3750)	MAE 0.186 (0.186)
Epoch: [498][0/7]	Time 0.143 (0.143)	Data 0.011 (0.011)	Loss 0.0041 (0.0041)	MAE 0.022 (0.022)
Test: [0/3]	Time 0.021 (0.021)	Loss 0.3750 (0.3750)	MAE 0.186 (0.186)
Epoch: [499][0/7]	Time 0.143 (0.143)	Data 0.011 (0.011)	Loss 0.0041 (0.0041)	MAE 0.022 (0.022)
Test: [0/3]	Time 0.021 (0.021)	Loss 0.3751 (0.3751)	MAE 0.187 (0.187)
Epoch: [500][0/7]	Time 0.142 (0.142)	Data 0.011 (0.011)	Loss 0.0041 (0.0041)	MAE 0.022 (0.022)
Test: [0/3]	Time 0.021 (0.021)	Loss 0.3752 (0.3752)	MAE 0.187 (0.187)
Epoch: [501][0/7]	Time 0.143 (0.143)	Data 0.011 (0.011)	Loss 0.0041 (0.0041)	MAE 0.022 (0.022)
Test: [0/3]	Time 0.022 (0.022)	Loss 0.3753 (0.3753)	MAE 0.187 (0.187)
Epoch: [502][0/7]	Time 0.143 (0.143)	Data 0.011 (0.011)	Loss 0.0041 (0.0041)	MAE 0.022 (0.022)
Test: [0/3]	Time 0.021 (0.021)	Loss 0.3753 (0.3753)	MAE 0.187 (0.187)
Epoch: [503][0/7]	Time 0.142 (0.142)	Data 0.011 (0.011)	Loss 0.0041 (0.0041)	MAE 0.022 (0.022)
Test: [0/3]	Time 0.021 (0.021)	Loss 0.3754 (0.3754)	MAE 0.187 (0.187)
Epoch: [504][0/7]	Time 0.143 (0.143)	Data 0.011 (0.011)	Loss 0.0041 (0.0041)	MAE 0.022 (0.022)
Test: [0/3]	Time 0.022 (0.022)	Loss 0.3755 (0.3755)	MAE 0.187 (0.187)
Epoch: [505][0/7]	Time 0.142 (0.142)	Data 0.011 (0.011)	Loss 0.0041 (0.0041)	MAE 0.022 (0.022)
Test: [0/3]	Time 0.021 (0.021)	Loss 0.3756 (0.3756)	MAE 0.187 (0.187)
Epoch: [506][0/7]	Time 0.143 (0.143)	Data 0.011 (0.011)	Loss 0.0040 (0.0040)	MAE 0.022 (0.022)
Test: [0/3]	Time 0.022 (0.022)	Loss 0.3757 (0.3757)	MAE 0.187 (0.187)
Epoch: [507][0/7]	Time 0.144 (0.144)	Data 0.011 (0.011)	Loss 0.0040 (0.0040)	MAE 0.022 (0.022)
Test: [0/3]	Time 0.022 (0.022)	Loss 0.3757 (0.3757)	MAE 0.187 (0.187)
Epoch: [508][0/7]	Time 0.143 (0.143)	Data 0.011 (0.011)	Loss 0.0040 (0.0040)	MAE 0.022 (0.022)
Test: [0/3]	Time 0.021 (0.021)	Loss 0.3758 (0.3758)	MAE 0.187 (0.187)
Epoch: [509][0/7]	Time 0.143 (0.143)	Data 0.012 (0.012)	Loss 0.0040 (0.0040)	MAE 0.022 (0.022)
Test: [0/3]	Time 0.070 (0.070)	Loss 0.3759 (0.3759)	MAE 0.187 (0.187)
Epoch: [510][0/7]	Time 0.143 (0.143)	Data 0.012 (0.012)	Loss 0.0040 (0.0040)	MAE 0.022 (0.022)
Test: [0/3]	Time 0.022 (0.022)	Loss 0.3760 (0.3760)	MAE 0.187 (0.187)
Epoch: [511][0/7]	Time 0.143 (0.143)	Data 0.011 (0.011)	Loss 0.0040 (0.0040)	MAE 0.022 (0.022)
Test: [0/3]	Time 0.022 (0.022)	Loss 0.3760 (0.3760)	MAE 0.187 (0.187)
Epoch: [512][0/7]	Time 0.142 (0.142)	Data 0.011 (0.011)	Loss 0.0040 (0.0040)	MAE 0.022 (0.022)
Test: [0/3]	Time 0.021 (0.021)	Loss 0.3761 (0.3761)	MAE 0.187 (0.187)
Epoch: [513][0/7]	Time 0.143 (0.143)	Data 0.012 (0.012)	Loss 0.0040 (0.0040)	MAE 0.022 (0.022)
Test: [0/3]	Time 0.023 (0.023)	Loss 0.3762 (0.3762)	MAE 0.187 (0.187)
Epoch: [514][0/7]	Time 0.144 (0.144)	Data 0.012 (0.012)	Loss 0.0040 (0.0040)	MAE 0.022 (0.022)
Test: [0/3]	Time 0.022 (0.022)	Loss 0.3763 (0.3763)	MAE 0.187 (0.187)
Epoch: [515][0/7]	Time 0.143 (0.143)	Data 0.012 (0.012)	Loss 0.0040 (0.0040)	MAE 0.022 (0.022)
Test: [0/3]	Time 0.022 (0.022)	Loss 0.3763 (0.3763)	MAE 0.187 (0.187)
Epoch: [516][0/7]	Time 0.143 (0.143)	Data 0.011 (0.011)	Loss 0.0040 (0.0040)	MAE 0.022 (0.022)
Test: [0/3]	Time 0.022 (0.022)	Loss 0.3764 (0.3764)	MAE 0.187 (0.187)
Epoch: [517][0/7]	Time 0.143 (0.143)	Data 0.011 (0.011)	Loss 0.0040 (0.0040)	MAE 0.022 (0.022)
Test: [0/3]	Time 0.022 (0.022)	Loss 0.3765 (0.3765)	MAE 0.187 (0.187)
Epoch: [518][0/7]	Time 0.142 (0.142)	Data 0.011 (0.011)	Loss 0.0039 (0.0039)	MAE 0.022 (0.022)
Test: [0/3]	Time 0.022 (0.022)	Loss 0.3766 (0.3766)	MAE 0.187 (0.187)
Epoch: [519][0/7]	Time 0.143 (0.143)	Data 0.011 (0.011)	Loss 0.0039 (0.0039)	MAE 0.021 (0.021)
Test: [0/3]	Time 0.021 (0.021)	Loss 0.3766 (0.3766)	MAE 0.187 (0.187)
Epoch: [520][0/7]	Time 0.143 (0.143)	Data 0.011 (0.011)	Loss 0.0039 (0.0039)	MAE 0.021 (0.021)
Test: [0/3]	Time 0.021 (0.021)	Loss 0.3767 (0.3767)	MAE 0.187 (0.187)
Epoch: [521][0/7]	Time 0.143 (0.143)	Data 0.011 (0.011)	Loss 0.0039 (0.0039)	MAE 0.021 (0.021)
Test: [0/3]	Time 0.022 (0.022)	Loss 0.3768 (0.3768)	MAE 0.187 (0.187)
Epoch: [522][0/7]	Time 0.143 (0.143)	Data 0.011 (0.011)	Loss 0.0039 (0.0039)	MAE 0.021 (0.021)
Test: [0/3]	Time 0.022 (0.022)	Loss 0.3768 (0.3768)	MAE 0.187 (0.187)
Epoch: [523][0/7]	Time 0.143 (0.143)	Data 0.011 (0.011)	Loss 0.0039 (0.0039)	MAE 0.021 (0.021)
Test: [0/3]	Time 0.021 (0.021)	Loss 0.3769 (0.3769)	MAE 0.187 (0.187)
Epoch: [524][0/7]	Time 0.143 (0.143)	Data 0.011 (0.011)	Loss 0.0039 (0.0039)	MAE 0.021 (0.021)
Test: [0/3]	Time 0.022 (0.022)	Loss 0.3770 (0.3770)	MAE 0.187 (0.187)
Epoch: [525][0/7]	Time 0.143 (0.143)	Data 0.011 (0.011)	Loss 0.0039 (0.0039)	MAE 0.021 (0.021)
Test: [0/3]	Time 0.021 (0.021)	Loss 0.3771 (0.3771)	MAE 0.187 (0.187)
Epoch: [526][0/7]	Time 0.143 (0.143)	Data 0.011 (0.011)	Loss 0.0039 (0.0039)	MAE 0.021 (0.021)
Test: [0/3]	Time 0.022 (0.022)	Loss 0.3771 (0.3771)	MAE 0.187 (0.187)
Epoch: [527][0/7]	Time 0.143 (0.143)	Data 0.011 (0.011)	Loss 0.0039 (0.0039)	MAE 0.021 (0.021)
Test: [0/3]	Time 0.021 (0.021)	Loss 0.3772 (0.3772)	MAE 0.187 (0.187)
Epoch: [528][0/7]	Time 0.143 (0.143)	Data 0.012 (0.012)	Loss 0.0039 (0.0039)	MAE 0.021 (0.021)
Test: [0/3]	Time 0.021 (0.021)	Loss 0.3773 (0.3773)	MAE 0.187 (0.187)
Epoch: [529][0/7]	Time 0.142 (0.142)	Data 0.011 (0.011)	Loss 0.0038 (0.0038)	MAE 0.021 (0.021)
Test: [0/3]	Time 0.022 (0.022)	Loss 0.3773 (0.3773)	MAE 0.187 (0.187)
Epoch: [530][0/7]	Time 0.143 (0.143)	Data 0.012 (0.012)	Loss 0.0038 (0.0038)	MAE 0.021 (0.021)
Test: [0/3]	Time 0.021 (0.021)	Loss 0.3774 (0.3774)	MAE 0.187 (0.187)
Epoch: [531][0/7]	Time 0.143 (0.143)	Data 0.012 (0.012)	Loss 0.0038 (0.0038)	MAE 0.021 (0.021)
Test: [0/3]	Time 0.021 (0.021)	Loss 0.3775 (0.3775)	MAE 0.187 (0.187)
Epoch: [532][0/7]	Time 0.143 (0.143)	Data 0.011 (0.011)	Loss 0.0038 (0.0038)	MAE 0.021 (0.021)
Test: [0/3]	Time 0.022 (0.022)	Loss 0.3775 (0.3775)	MAE 0.187 (0.187)
Epoch: [533][0/7]	Time 0.143 (0.143)	Data 0.011 (0.011)	Loss 0.0038 (0.0038)	MAE 0.021 (0.021)
Test: [0/3]	Time 0.022 (0.022)	Loss 0.3776 (0.3776)	MAE 0.187 (0.187)
Epoch: [534][0/7]	Time 0.143 (0.143)	Data 0.011 (0.011)	Loss 0.0038 (0.0038)	MAE 0.021 (0.021)
Test: [0/3]	Time 0.021 (0.021)	Loss 0.3777 (0.3777)	MAE 0.187 (0.187)
Epoch: [535][0/7]	Time 0.143 (0.143)	Data 0.011 (0.011)	Loss 0.0038 (0.0038)	MAE 0.021 (0.021)
Test: [0/3]	Time 0.021 (0.021)	Loss 0.3778 (0.3778)	MAE 0.187 (0.187)
Epoch: [536][0/7]	Time 0.143 (0.143)	Data 0.011 (0.011)	Loss 0.0038 (0.0038)	MAE 0.021 (0.021)
Test: [0/3]	Time 0.021 (0.021)	Loss 0.3778 (0.3778)	MAE 0.187 (0.187)
Epoch: [537][0/7]	Time 0.142 (0.142)	Data 0.011 (0.011)	Loss 0.0038 (0.0038)	MAE 0.021 (0.021)
Test: [0/3]	Time 0.021 (0.021)	Loss 0.3779 (0.3779)	MAE 0.187 (0.187)
Epoch: [538][0/7]	Time 0.143 (0.143)	Data 0.011 (0.011)	Loss 0.0038 (0.0038)	MAE 0.021 (0.021)
Test: [0/3]	Time 0.021 (0.021)	Loss 0.3780 (0.3780)	MAE 0.187 (0.187)
Epoch: [539][0/7]	Time 0.142 (0.142)	Data 0.011 (0.011)	Loss 0.0038 (0.0038)	MAE 0.021 (0.021)
Test: [0/3]	Time 0.021 (0.021)	Loss 0.3780 (0.3780)	MAE 0.187 (0.187)
Epoch: [540][0/7]	Time 0.143 (0.143)	Data 0.011 (0.011)	Loss 0.0038 (0.0038)	MAE 0.021 (0.021)
Test: [0/3]	Time 0.021 (0.021)	Loss 0.3781 (0.3781)	MAE 0.187 (0.187)
Epoch: [541][0/7]	Time 0.143 (0.143)	Data 0.011 (0.011)	Loss 0.0037 (0.0037)	MAE 0.021 (0.021)
Test: [0/3]	Time 0.021 (0.021)	Loss 0.3782 (0.3782)	MAE 0.187 (0.187)
Epoch: [542][0/7]	Time 0.143 (0.143)	Data 0.011 (0.011)	Loss 0.0037 (0.0037)	MAE 0.021 (0.021)
Test: [0/3]	Time 0.021 (0.021)	Loss 0.3782 (0.3782)	MAE 0.187 (0.187)
Epoch: [543][0/7]	Time 0.143 (0.143)	Data 0.011 (0.011)	Loss 0.0037 (0.0037)	MAE 0.021 (0.021)
Test: [0/3]	Time 0.021 (0.021)	Loss 0.3783 (0.3783)	MAE 0.187 (0.187)
Epoch: [544][0/7]	Time 0.143 (0.143)	Data 0.011 (0.011)	Loss 0.0037 (0.0037)	MAE 0.021 (0.021)
Test: [0/3]	Time 0.022 (0.022)	Loss 0.3784 (0.3784)	MAE 0.187 (0.187)
Epoch: [545][0/7]	Time 0.143 (0.143)	Data 0.011 (0.011)	Loss 0.0037 (0.0037)	MAE 0.021 (0.021)
Test: [0/3]	Time 0.021 (0.021)	Loss 0.3784 (0.3784)	MAE 0.187 (0.187)
Epoch: [546][0/7]	Time 0.143 (0.143)	Data 0.011 (0.011)	Loss 0.0037 (0.0037)	MAE 0.021 (0.021)
Test: [0/3]	Time 0.021 (0.021)	Loss 0.3785 (0.3785)	MAE 0.187 (0.187)
Epoch: [547][0/7]	Time 0.143 (0.143)	Data 0.011 (0.011)	Loss 0.0037 (0.0037)	MAE 0.021 (0.021)
Test: [0/3]	Time 0.022 (0.022)	Loss 0.3785 (0.3785)	MAE 0.187 (0.187)
Epoch: [548][0/7]	Time 0.142 (0.142)	Data 0.011 (0.011)	Loss 0.0037 (0.0037)	MAE 0.021 (0.021)
Test: [0/3]	Time 0.021 (0.021)	Loss 0.3786 (0.3786)	MAE 0.187 (0.187)
Epoch: [549][0/7]	Time 0.142 (0.142)	Data 0.011 (0.011)	Loss 0.0037 (0.0037)	MAE 0.021 (0.021)
Test: [0/3]	Time 0.021 (0.021)	Loss 0.3787 (0.3787)	MAE 0.187 (0.187)
Epoch: [550][0/7]	Time 0.143 (0.143)	Data 0.011 (0.011)	Loss 0.0037 (0.0037)	MAE 0.021 (0.021)
Test: [0/3]	Time 0.022 (0.022)	Loss 0.3787 (0.3787)	MAE 0.187 (0.187)
Epoch: [551][0/7]	Time 0.143 (0.143)	Data 0.012 (0.012)	Loss 0.0037 (0.0037)	MAE 0.021 (0.021)
Test: [0/3]	Time 0.022 (0.022)	Loss 0.3788 (0.3788)	MAE 0.187 (0.187)
Epoch: [552][0/7]	Time 0.143 (0.143)	Data 0.011 (0.011)	Loss 0.0037 (0.0037)	MAE 0.021 (0.021)
Test: [0/3]	Time 0.022 (0.022)	Loss 0.3789 (0.3789)	MAE 0.187 (0.187)
Epoch: [553][0/7]	Time 0.143 (0.143)	Data 0.011 (0.011)	Loss 0.0036 (0.0036)	MAE 0.021 (0.021)
Test: [0/3]	Time 0.022 (0.022)	Loss 0.3789 (0.3789)	MAE 0.187 (0.187)
Epoch: [554][0/7]	Time 0.143 (0.143)	Data 0.011 (0.011)	Loss 0.0036 (0.0036)	MAE 0.021 (0.021)
Test: [0/3]	Time 0.021 (0.021)	Loss 0.3790 (0.3790)	MAE 0.187 (0.187)
Epoch: [555][0/7]	Time 0.143 (0.143)	Data 0.011 (0.011)	Loss 0.0036 (0.0036)	MAE 0.021 (0.021)
Test: [0/3]	Time 0.021 (0.021)	Loss 0.3791 (0.3791)	MAE 0.187 (0.187)
Epoch: [556][0/7]	Time 0.143 (0.143)	Data 0.011 (0.011)	Loss 0.0036 (0.0036)	MAE 0.021 (0.021)
Test: [0/3]	Time 0.021 (0.021)	Loss 0.3791 (0.3791)	MAE 0.187 (0.187)
Epoch: [557][0/7]	Time 0.143 (0.143)	Data 0.011 (0.011)	Loss 0.0036 (0.0036)	MAE 0.021 (0.021)
Test: [0/3]	Time 0.022 (0.022)	Loss 0.3792 (0.3792)	MAE 0.187 (0.187)
Epoch: [558][0/7]	Time 0.143 (0.143)	Data 0.011 (0.011)	Loss 0.0036 (0.0036)	MAE 0.021 (0.021)
Test: [0/3]	Time 0.022 (0.022)	Loss 0.3793 (0.3793)	MAE 0.187 (0.187)
Epoch: [559][0/7]	Time 0.143 (0.143)	Data 0.011 (0.011)	Loss 0.0036 (0.0036)	MAE 0.021 (0.021)
Test: [0/3]	Time 0.022 (0.022)	Loss 0.3793 (0.3793)	MAE 0.187 (0.187)
Epoch: [560][0/7]	Time 0.144 (0.144)	Data 0.011 (0.011)	Loss 0.0036 (0.0036)	MAE 0.020 (0.020)
Test: [0/3]	Time 0.022 (0.022)	Loss 0.3794 (0.3794)	MAE 0.187 (0.187)
Epoch: [561][0/7]	Time 0.142 (0.142)	Data 0.011 (0.011)	Loss 0.0036 (0.0036)	MAE 0.020 (0.020)
Test: [0/3]	Time 0.021 (0.021)	Loss 0.3794 (0.3794)	MAE 0.188 (0.188)
Epoch: [562][0/7]	Time 0.143 (0.143)	Data 0.011 (0.011)	Loss 0.0036 (0.0036)	MAE 0.020 (0.020)
Test: [0/3]	Time 0.022 (0.022)	Loss 0.3795 (0.3795)	MAE 0.188 (0.188)
Epoch: [563][0/7]	Time 0.143 (0.143)	Data 0.011 (0.011)	Loss 0.0036 (0.0036)	MAE 0.020 (0.020)
Test: [0/3]	Time 0.021 (0.021)	Loss 0.3796 (0.3796)	MAE 0.188 (0.188)
Epoch: [564][0/7]	Time 0.143 (0.143)	Data 0.011 (0.011)	Loss 0.0036 (0.0036)	MAE 0.020 (0.020)
Test: [0/3]	Time 0.022 (0.022)	Loss 0.3796 (0.3796)	MAE 0.188 (0.188)
Epoch: [565][0/7]	Time 0.142 (0.142)	Data 0.011 (0.011)	Loss 0.0036 (0.0036)	MAE 0.020 (0.020)
Test: [0/3]	Time 0.021 (0.021)	Loss 0.3797 (0.3797)	MAE 0.188 (0.188)
Epoch: [566][0/7]	Time 0.143 (0.143)	Data 0.012 (0.012)	Loss 0.0035 (0.0035)	MAE 0.020 (0.020)
Test: [0/3]	Time 0.021 (0.021)	Loss 0.3797 (0.3797)	MAE 0.188 (0.188)
Epoch: [567][0/7]	Time 0.143 (0.143)	Data 0.012 (0.012)	Loss 0.0035 (0.0035)	MAE 0.020 (0.020)
Test: [0/3]	Time 0.021 (0.021)	Loss 0.3798 (0.3798)	MAE 0.188 (0.188)
Epoch: [568][0/7]	Time 0.143 (0.143)	Data 0.012 (0.012)	Loss 0.0035 (0.0035)	MAE 0.020 (0.020)
Test: [0/3]	Time 0.021 (0.021)	Loss 0.3799 (0.3799)	MAE 0.188 (0.188)
Epoch: [569][0/7]	Time 0.143 (0.143)	Data 0.011 (0.011)	Loss 0.0035 (0.0035)	MAE 0.020 (0.020)
Test: [0/3]	Time 0.021 (0.021)	Loss 0.3799 (0.3799)	MAE 0.188 (0.188)
Epoch: [570][0/7]	Time 0.143 (0.143)	Data 0.011 (0.011)	Loss 0.0035 (0.0035)	MAE 0.020 (0.020)
Test: [0/3]	Time 0.022 (0.022)	Loss 0.3800 (0.3800)	MAE 0.188 (0.188)
Epoch: [571][0/7]	Time 0.143 (0.143)	Data 0.012 (0.012)	Loss 0.0035 (0.0035)	MAE 0.020 (0.020)
Test: [0/3]	Time 0.022 (0.022)	Loss 0.3800 (0.3800)	MAE 0.188 (0.188)
Epoch: [572][0/7]	Time 0.143 (0.143)	Data 0.011 (0.011)	Loss 0.0035 (0.0035)	MAE 0.020 (0.020)
Test: [0/3]	Time 0.022 (0.022)	Loss 0.3801 (0.3801)	MAE 0.188 (0.188)
Epoch: [573][0/7]	Time 0.143 (0.143)	Data 0.012 (0.012)	Loss 0.0035 (0.0035)	MAE 0.020 (0.020)
Test: [0/3]	Time 0.022 (0.022)	Loss 0.3802 (0.3802)	MAE 0.188 (0.188)
Epoch: [574][0/7]	Time 0.142 (0.142)	Data 0.011 (0.011)	Loss 0.0035 (0.0035)	MAE 0.020 (0.020)
Test: [0/3]	Time 0.022 (0.022)	Loss 0.3802 (0.3802)	MAE 0.188 (0.188)
Epoch: [575][0/7]	Time 0.143 (0.143)	Data 0.011 (0.011)	Loss 0.0035 (0.0035)	MAE 0.020 (0.020)
Test: [0/3]	Time 0.021 (0.021)	Loss 0.3803 (0.3803)	MAE 0.188 (0.188)
Epoch: [576][0/7]	Time 0.143 (0.143)	Data 0.011 (0.011)	Loss 0.0035 (0.0035)	MAE 0.020 (0.020)
Test: [0/3]	Time 0.022 (0.022)	Loss 0.3803 (0.3803)	MAE 0.188 (0.188)
Epoch: [577][0/7]	Time 0.143 (0.143)	Data 0.012 (0.012)	Loss 0.0035 (0.0035)	MAE 0.020 (0.020)
Test: [0/3]	Time 0.021 (0.021)	Loss 0.3804 (0.3804)	MAE 0.188 (0.188)
Epoch: [578][0/7]	Time 0.143 (0.143)	Data 0.011 (0.011)	Loss 0.0035 (0.0035)	MAE 0.020 (0.020)
Test: [0/3]	Time 0.021 (0.021)	Loss 0.3805 (0.3805)	MAE 0.188 (0.188)
Epoch: [579][0/7]	Time 0.143 (0.143)	Data 0.011 (0.011)	Loss 0.0034 (0.0034)	MAE 0.020 (0.020)
Test: [0/3]	Time 0.021 (0.021)	Loss 0.3805 (0.3805)	MAE 0.188 (0.188)
Epoch: [580][0/7]	Time 0.142 (0.142)	Data 0.011 (0.011)	Loss 0.0034 (0.0034)	MAE 0.020 (0.020)
Test: [0/3]	Time 0.022 (0.022)	Loss 0.3806 (0.3806)	MAE 0.188 (0.188)
Epoch: [581][0/7]	Time 0.143 (0.143)	Data 0.011 (0.011)	Loss 0.0034 (0.0034)	MAE 0.020 (0.020)
Test: [0/3]	Time 0.021 (0.021)	Loss 0.3806 (0.3806)	MAE 0.188 (0.188)
Epoch: [582][0/7]	Time 0.143 (0.143)	Data 0.011 (0.011)	Loss 0.0034 (0.0034)	MAE 0.020 (0.020)
Test: [0/3]	Time 0.022 (0.022)	Loss 0.3807 (0.3807)	MAE 0.188 (0.188)
Epoch: [583][0/7]	Time 0.143 (0.143)	Data 0.011 (0.011)	Loss 0.0034 (0.0034)	MAE 0.020 (0.020)
Test: [0/3]	Time 0.021 (0.021)	Loss 0.3808 (0.3808)	MAE 0.188 (0.188)
Epoch: [584][0/7]	Time 0.143 (0.143)	Data 0.011 (0.011)	Loss 0.0034 (0.0034)	MAE 0.020 (0.020)
Test: [0/3]	Time 0.021 (0.021)	Loss 0.3808 (0.3808)	MAE 0.188 (0.188)
Epoch: [585][0/7]	Time 0.143 (0.143)	Data 0.011 (0.011)	Loss 0.0034 (0.0034)	MAE 0.020 (0.020)
Test: [0/3]	Time 0.021 (0.021)	Loss 0.3809 (0.3809)	MAE 0.188 (0.188)
Epoch: [586][0/7]	Time 0.143 (0.143)	Data 0.011 (0.011)	Loss 0.0034 (0.0034)	MAE 0.020 (0.020)
Test: [0/3]	Time 0.023 (0.023)	Loss 0.3809 (0.3809)	MAE 0.188 (0.188)
Epoch: [587][0/7]	Time 0.145 (0.145)	Data 0.013 (0.013)	Loss 0.0034 (0.0034)	MAE 0.020 (0.020)
Test: [0/3]	Time 0.022 (0.022)	Loss 0.3810 (0.3810)	MAE 0.188 (0.188)
Epoch: [588][0/7]	Time 0.143 (0.143)	Data 0.011 (0.011)	Loss 0.0034 (0.0034)	MAE 0.020 (0.020)
Test: [0/3]	Time 0.022 (0.022)	Loss 0.3810 (0.3810)	MAE 0.188 (0.188)
Epoch: [589][0/7]	Time 0.143 (0.143)	Data 0.011 (0.011)	Loss 0.0034 (0.0034)	MAE 0.020 (0.020)
Test: [0/3]	Time 0.022 (0.022)	Loss 0.3811 (0.3811)	MAE 0.188 (0.188)
Epoch: [590][0/7]	Time 0.143 (0.143)	Data 0.011 (0.011)	Loss 0.0034 (0.0034)	MAE 0.020 (0.020)
Test: [0/3]	Time 0.022 (0.022)	Loss 0.3811 (0.3811)	MAE 0.188 (0.188)
Epoch: [591][0/7]	Time 0.143 (0.143)	Data 0.012 (0.012)	Loss 0.0034 (0.0034)	MAE 0.020 (0.020)
Test: [0/3]	Time 0.022 (0.022)	Loss 0.3812 (0.3812)	MAE 0.188 (0.188)
Epoch: [592][0/7]	Time 0.143 (0.143)	Data 0.011 (0.011)	Loss 0.0034 (0.0034)	MAE 0.020 (0.020)
Test: [0/3]	Time 0.022 (0.022)	Loss 0.3813 (0.3813)	MAE 0.188 (0.188)
Epoch: [593][0/7]	Time 0.143 (0.143)	Data 0.011 (0.011)	Loss 0.0033 (0.0033)	MAE 0.020 (0.020)
Test: [0/3]	Time 0.022 (0.022)	Loss 0.3813 (0.3813)	MAE 0.188 (0.188)
Epoch: [594][0/7]	Time 0.143 (0.143)	Data 0.011 (0.011)	Loss 0.0033 (0.0033)	MAE 0.020 (0.020)
Test: [0/3]	Time 0.022 (0.022)	Loss 0.3814 (0.3814)	MAE 0.188 (0.188)
Epoch: [595][0/7]	Time 0.143 (0.143)	Data 0.011 (0.011)	Loss 0.0033 (0.0033)	MAE 0.020 (0.020)
Test: [0/3]	Time 0.022 (0.022)	Loss 0.3814 (0.3814)	MAE 0.188 (0.188)
Epoch: [596][0/7]	Time 0.147 (0.147)	Data 0.011 (0.011)	Loss 0.0033 (0.0033)	MAE 0.020 (0.020)
Test: [0/3]	Time 0.022 (0.022)	Loss 0.3815 (0.3815)	MAE 0.188 (0.188)
Epoch: [597][0/7]	Time 0.144 (0.144)	Data 0.012 (0.012)	Loss 0.0033 (0.0033)	MAE 0.020 (0.020)
Test: [0/3]	Time 0.022 (0.022)	Loss 0.3815 (0.3815)	MAE 0.188 (0.188)
Epoch: [598][0/7]	Time 0.143 (0.143)	Data 0.011 (0.011)	Loss 0.0033 (0.0033)	MAE 0.020 (0.020)
Test: [0/3]	Time 0.022 (0.022)	Loss 0.3816 (0.3816)	MAE 0.188 (0.188)
Epoch: [599][0/7]	Time 0.143 (0.143)	Data 0.011 (0.011)	Loss 0.0033 (0.0033)	MAE 0.020 (0.020)
Test: [0/3]	Time 0.022 (0.022)	Loss 0.3816 (0.3816)	MAE 0.188 (0.188)
---------Evaluate Model on Train Set---------------
Test: [0/7]	Time 0.023 (0.023)	Loss 0.0577 (0.0577)	MAE 0.075 (0.075)
---------Evaluate Model on Val Set---------------
Test: [0/3]	Time 0.022 (0.022)	Loss 0.2828 (0.2828)	MAE 0.169 (0.169)
---------Evaluate Model on Test Set---------------
Test: [0/3]	Time 5.569 (5.569)	Loss 0.2358 (0.2358)	MAE 0.154 (0.154)
