Epoch: [0][0/7]	Time 5.312 (5.312)	Data 5.198 (5.198)	Loss 1.2419 (1.2419)	MAE 0.489 (0.489)
Test: [0/3]	Time 6.046 (6.046)	Loss 0.9888 (0.9888)	MAE 0.428 (0.428)
Epoch: [1][0/7]	Time 0.125 (0.125)	Data 0.015 (0.015)	Loss 0.6986 (0.6986)	MAE 0.330 (0.330)
Test: [0/3]	Time 0.021 (0.021)	Loss 1.0196 (1.0196)	MAE 0.436 (0.436)
Epoch: [2][0/7]	Time 0.118 (0.118)	Data 0.011 (0.011)	Loss 0.4555 (0.4555)	MAE 0.258 (0.258)
Test: [0/3]	Time 0.021 (0.021)	Loss 0.8227 (0.8227)	MAE 0.374 (0.374)
Epoch: [3][0/7]	Time 0.118 (0.118)	Data 0.012 (0.012)	Loss 0.3375 (0.3375)	MAE 0.215 (0.215)
Test: [0/3]	Time 0.021 (0.021)	Loss 0.7979 (0.7979)	MAE 0.363 (0.363)
Epoch: [4][0/7]	Time 0.118 (0.118)	Data 0.012 (0.012)	Loss 0.2862 (0.2862)	MAE 0.200 (0.200)
Test: [0/3]	Time 0.021 (0.021)	Loss 0.7423 (0.7423)	MAE 0.349 (0.349)
Epoch: [5][0/7]	Time 0.118 (0.118)	Data 0.011 (0.011)	Loss 0.2818 (0.2818)	MAE 0.197 (0.197)
Test: [0/3]	Time 0.021 (0.021)	Loss 0.6882 (0.6882)	MAE 0.333 (0.333)
Epoch: [6][0/7]	Time 0.118 (0.118)	Data 0.012 (0.012)	Loss 0.2662 (0.2662)	MAE 0.195 (0.195)
Test: [0/3]	Time 0.021 (0.021)	Loss 0.6030 (0.6030)	MAE 0.315 (0.315)
Epoch: [7][0/7]	Time 0.119 (0.119)	Data 0.012 (0.012)	Loss 0.3018 (0.3018)	MAE 0.218 (0.218)
Test: [0/3]	Time 0.021 (0.021)	Loss 0.5621 (0.5621)	MAE 0.309 (0.309)
Epoch: [8][0/7]	Time 0.118 (0.118)	Data 0.012 (0.012)	Loss 0.3749 (0.3749)	MAE 0.254 (0.254)
Test: [0/3]	Time 0.021 (0.021)	Loss 0.5460 (0.5460)	MAE 0.307 (0.307)
Epoch: [9][0/7]	Time 0.118 (0.118)	Data 0.012 (0.012)	Loss 0.4054 (0.4054)	MAE 0.271 (0.271)
Test: [0/3]	Time 0.021 (0.021)	Loss 0.3437 (0.3437)	MAE 0.218 (0.218)
Epoch: [10][0/7]	Time 0.118 (0.118)	Data 0.011 (0.011)	Loss 0.2477 (0.2477)	MAE 0.189 (0.189)
Test: [0/3]	Time 0.021 (0.021)	Loss 0.3361 (0.3361)	MAE 0.222 (0.222)
Epoch: [11][0/7]	Time 0.118 (0.118)	Data 0.011 (0.011)	Loss 0.2504 (0.2504)	MAE 0.192 (0.192)
Test: [0/3]	Time 0.021 (0.021)	Loss 0.3348 (0.3348)	MAE 0.204 (0.204)
Epoch: [12][0/7]	Time 0.118 (0.118)	Data 0.011 (0.011)	Loss 0.2018 (0.2018)	MAE 0.157 (0.157)
Test: [0/3]	Time 0.021 (0.021)	Loss 0.3058 (0.3058)	MAE 0.202 (0.202)
Epoch: [13][0/7]	Time 0.119 (0.119)	Data 0.012 (0.012)	Loss 0.2525 (0.2525)	MAE 0.174 (0.174)
Test: [0/3]	Time 0.021 (0.021)	Loss 0.2979 (0.2979)	MAE 0.195 (0.195)
Epoch: [14][0/7]	Time 0.119 (0.119)	Data 0.012 (0.012)	Loss 0.1712 (0.1712)	MAE 0.154 (0.154)
Test: [0/3]	Time 0.021 (0.021)	Loss 0.2926 (0.2926)	MAE 0.194 (0.194)
Epoch: [15][0/7]	Time 0.118 (0.118)	Data 0.011 (0.011)	Loss 0.1718 (0.1718)	MAE 0.149 (0.149)
Test: [0/3]	Time 0.021 (0.021)	Loss 0.3037 (0.3037)	MAE 0.200 (0.200)
Epoch: [16][0/7]	Time 0.118 (0.118)	Data 0.012 (0.012)	Loss 0.1571 (0.1571)	MAE 0.147 (0.147)
Test: [0/3]	Time 0.021 (0.021)	Loss 0.3043 (0.3043)	MAE 0.198 (0.198)
Epoch: [17][0/7]	Time 0.118 (0.118)	Data 0.011 (0.011)	Loss 0.1423 (0.1423)	MAE 0.142 (0.142)
Test: [0/3]	Time 0.021 (0.021)	Loss 0.2863 (0.2863)	MAE 0.190 (0.190)
Epoch: [18][0/7]	Time 0.118 (0.118)	Data 0.012 (0.012)	Loss 0.1243 (0.1243)	MAE 0.131 (0.131)
Test: [0/3]	Time 0.021 (0.021)	Loss 0.2942 (0.2942)	MAE 0.191 (0.191)
Epoch: [19][0/7]	Time 0.118 (0.118)	Data 0.012 (0.012)	Loss 0.1265 (0.1265)	MAE 0.131 (0.131)
Test: [0/3]	Time 0.022 (0.022)	Loss 0.2923 (0.2923)	MAE 0.193 (0.193)
Epoch: [20][0/7]	Time 0.119 (0.119)	Data 0.012 (0.012)	Loss 0.1208 (0.1208)	MAE 0.128 (0.128)
Test: [0/3]	Time 0.021 (0.021)	Loss 0.2891 (0.2891)	MAE 0.194 (0.194)
Epoch: [21][0/7]	Time 0.118 (0.118)	Data 0.011 (0.011)	Loss 0.1201 (0.1201)	MAE 0.126 (0.126)
Test: [0/3]	Time 0.021 (0.021)	Loss 0.3348 (0.3348)	MAE 0.208 (0.208)
Epoch: [22][0/7]	Time 0.118 (0.118)	Data 0.011 (0.011)	Loss 0.1276 (0.1276)	MAE 0.126 (0.126)
Test: [0/3]	Time 0.022 (0.022)	Loss 0.3680 (0.3680)	MAE 0.222 (0.222)
Epoch: [23][0/7]	Time 0.118 (0.118)	Data 0.012 (0.012)	Loss 0.1407 (0.1407)	MAE 0.126 (0.126)
Test: [0/3]	Time 0.021 (0.021)	Loss 0.3393 (0.3393)	MAE 0.202 (0.202)
Epoch: [24][0/7]	Time 0.118 (0.118)	Data 0.011 (0.011)	Loss 0.1192 (0.1192)	MAE 0.122 (0.122)
Test: [0/3]	Time 0.021 (0.021)	Loss 0.2902 (0.2902)	MAE 0.193 (0.193)
Epoch: [25][0/7]	Time 0.118 (0.118)	Data 0.011 (0.011)	Loss 0.1298 (0.1298)	MAE 0.133 (0.133)
Test: [0/3]	Time 0.021 (0.021)	Loss 0.2868 (0.2868)	MAE 0.192 (0.192)
Epoch: [26][0/7]	Time 0.118 (0.118)	Data 0.011 (0.011)	Loss 0.1260 (0.1260)	MAE 0.132 (0.132)
Test: [0/3]	Time 0.021 (0.021)	Loss 0.3261 (0.3261)	MAE 0.207 (0.207)
Epoch: [27][0/7]	Time 0.118 (0.118)	Data 0.011 (0.011)	Loss 0.1201 (0.1201)	MAE 0.123 (0.123)
Test: [0/3]	Time 0.021 (0.021)	Loss 0.2893 (0.2893)	MAE 0.188 (0.188)
Epoch: [28][0/7]	Time 0.119 (0.119)	Data 0.012 (0.012)	Loss 0.1084 (0.1084)	MAE 0.116 (0.116)
Test: [0/3]	Time 0.021 (0.021)	Loss 0.2825 (0.2825)	MAE 0.185 (0.185)
Epoch: [29][0/7]	Time 0.119 (0.119)	Data 0.012 (0.012)	Loss 0.0967 (0.0967)	MAE 0.112 (0.112)
Test: [0/3]	Time 0.021 (0.021)	Loss 0.2866 (0.2866)	MAE 0.184 (0.184)
Epoch: [30][0/7]	Time 0.118 (0.118)	Data 0.012 (0.012)	Loss 0.0944 (0.0944)	MAE 0.103 (0.103)
Test: [0/3]	Time 0.021 (0.021)	Loss 0.2990 (0.2990)	MAE 0.195 (0.195)
Epoch: [31][0/7]	Time 0.118 (0.118)	Data 0.011 (0.011)	Loss 0.1110 (0.1110)	MAE 0.122 (0.122)
Test: [0/3]	Time 0.021 (0.021)	Loss 0.2925 (0.2925)	MAE 0.189 (0.189)
Epoch: [32][0/7]	Time 0.117 (0.117)	Data 0.011 (0.011)	Loss 0.0964 (0.0964)	MAE 0.109 (0.109)
Test: [0/3]	Time 0.021 (0.021)	Loss 0.2839 (0.2839)	MAE 0.187 (0.187)
Epoch: [33][0/7]	Time 0.118 (0.118)	Data 0.011 (0.011)	Loss 0.0983 (0.0983)	MAE 0.112 (0.112)
Test: [0/3]	Time 0.021 (0.021)	Loss 0.2801 (0.2801)	MAE 0.181 (0.181)
Epoch: [34][0/7]	Time 0.118 (0.118)	Data 0.011 (0.011)	Loss 0.0924 (0.0924)	MAE 0.106 (0.106)
Test: [0/3]	Time 0.021 (0.021)	Loss 0.2925 (0.2925)	MAE 0.185 (0.185)
Epoch: [35][0/7]	Time 0.118 (0.118)	Data 0.011 (0.011)	Loss 0.1034 (0.1034)	MAE 0.110 (0.110)
Test: [0/3]	Time 0.021 (0.021)	Loss 0.3407 (0.3407)	MAE 0.200 (0.200)
Epoch: [36][0/7]	Time 0.118 (0.118)	Data 0.011 (0.011)	Loss 0.1183 (0.1183)	MAE 0.114 (0.114)
Test: [0/3]	Time 0.021 (0.021)	Loss 0.3032 (0.3032)	MAE 0.199 (0.199)
Epoch: [37][0/7]	Time 0.118 (0.118)	Data 0.011 (0.011)	Loss 0.1045 (0.1045)	MAE 0.103 (0.103)
Test: [0/3]	Time 0.021 (0.021)	Loss 0.2885 (0.2885)	MAE 0.186 (0.186)
Epoch: [38][0/7]	Time 0.118 (0.118)	Data 0.011 (0.011)	Loss 0.0938 (0.0938)	MAE 0.106 (0.106)
Test: [0/3]	Time 0.021 (0.021)	Loss 0.2727 (0.2727)	MAE 0.187 (0.187)
Epoch: [39][0/7]	Time 0.118 (0.118)	Data 0.011 (0.011)	Loss 0.0981 (0.0981)	MAE 0.112 (0.112)
Test: [0/3]	Time 0.021 (0.021)	Loss 0.2866 (0.2866)	MAE 0.192 (0.192)
Epoch: [40][0/7]	Time 0.117 (0.117)	Data 0.011 (0.011)	Loss 0.0940 (0.0940)	MAE 0.112 (0.112)
Test: [0/3]	Time 0.021 (0.021)	Loss 0.3261 (0.3261)	MAE 0.209 (0.209)
Epoch: [41][0/7]	Time 0.118 (0.118)	Data 0.011 (0.011)	Loss 0.0948 (0.0948)	MAE 0.111 (0.111)
Test: [0/3]	Time 0.021 (0.021)	Loss 0.2893 (0.2893)	MAE 0.190 (0.190)
Epoch: [42][0/7]	Time 0.118 (0.118)	Data 0.011 (0.011)	Loss 0.0831 (0.0831)	MAE 0.101 (0.101)
Test: [0/3]	Time 0.021 (0.021)	Loss 0.2980 (0.2980)	MAE 0.184 (0.184)
Epoch: [43][0/7]	Time 0.118 (0.118)	Data 0.011 (0.011)	Loss 0.0864 (0.0864)	MAE 0.105 (0.105)
Test: [0/3]	Time 0.021 (0.021)	Loss 0.2769 (0.2769)	MAE 0.185 (0.185)
Epoch: [44][0/7]	Time 0.118 (0.118)	Data 0.011 (0.011)	Loss 0.0832 (0.0832)	MAE 0.096 (0.096)
Test: [0/3]	Time 0.022 (0.022)	Loss 0.3284 (0.3284)	MAE 0.188 (0.188)
Epoch: [45][0/7]	Time 0.118 (0.118)	Data 0.012 (0.012)	Loss 0.0873 (0.0873)	MAE 0.098 (0.098)
Test: [0/3]	Time 0.021 (0.021)	Loss 0.2801 (0.2801)	MAE 0.187 (0.187)
Epoch: [46][0/7]	Time 0.118 (0.118)	Data 0.011 (0.011)	Loss 0.0833 (0.0833)	MAE 0.096 (0.096)
Test: [0/3]	Time 0.021 (0.021)	Loss 0.2775 (0.2775)	MAE 0.181 (0.181)
Epoch: [47][0/7]	Time 0.118 (0.118)	Data 0.011 (0.011)	Loss 0.0817 (0.0817)	MAE 0.098 (0.098)
Test: [0/3]	Time 0.021 (0.021)	Loss 0.2586 (0.2586)	MAE 0.176 (0.176)
Epoch: [48][0/7]	Time 0.118 (0.118)	Data 0.011 (0.011)	Loss 0.0816 (0.0816)	MAE 0.100 (0.100)
Test: [0/3]	Time 0.021 (0.021)	Loss 0.2737 (0.2737)	MAE 0.182 (0.182)
Epoch: [49][0/7]	Time 0.118 (0.118)	Data 0.011 (0.011)	Loss 0.0804 (0.0804)	MAE 0.103 (0.103)
Test: [0/3]	Time 0.021 (0.021)	Loss 0.3095 (0.3095)	MAE 0.205 (0.205)
Epoch: [50][0/7]	Time 0.117 (0.117)	Data 0.011 (0.011)	Loss 0.0815 (0.0815)	MAE 0.101 (0.101)
Test: [0/3]	Time 0.021 (0.021)	Loss 0.3085 (0.3085)	MAE 0.196 (0.196)
Epoch: [51][0/7]	Time 0.118 (0.118)	Data 0.011 (0.011)	Loss 0.0681 (0.0681)	MAE 0.086 (0.086)
Test: [0/3]	Time 0.021 (0.021)	Loss 0.2790 (0.2790)	MAE 0.180 (0.180)
Epoch: [52][0/7]	Time 0.118 (0.118)	Data 0.011 (0.011)	Loss 0.0718 (0.0718)	MAE 0.092 (0.092)
Test: [0/3]	Time 0.021 (0.021)	Loss 0.3112 (0.3112)	MAE 0.189 (0.189)
Epoch: [53][0/7]	Time 0.118 (0.118)	Data 0.011 (0.011)	Loss 0.0798 (0.0798)	MAE 0.096 (0.096)
Test: [0/3]	Time 0.021 (0.021)	Loss 0.3060 (0.3060)	MAE 0.189 (0.189)
Epoch: [54][0/7]	Time 0.118 (0.118)	Data 0.011 (0.011)	Loss 0.0817 (0.0817)	MAE 0.093 (0.093)
Test: [0/3]	Time 0.022 (0.022)	Loss 0.3081 (0.3081)	MAE 0.188 (0.188)
Epoch: [55][0/7]	Time 0.118 (0.118)	Data 0.012 (0.012)	Loss 0.0772 (0.0772)	MAE 0.092 (0.092)
Test: [0/3]	Time 0.021 (0.021)	Loss 0.2633 (0.2633)	MAE 0.174 (0.174)
Epoch: [56][0/7]	Time 0.118 (0.118)	Data 0.012 (0.012)	Loss 0.0687 (0.0687)	MAE 0.090 (0.090)
Test: [0/3]	Time 0.021 (0.021)	Loss 0.2590 (0.2590)	MAE 0.177 (0.177)
Epoch: [57][0/7]	Time 0.118 (0.118)	Data 0.011 (0.011)	Loss 0.0850 (0.0850)	MAE 0.100 (0.100)
Test: [0/3]	Time 0.021 (0.021)	Loss 0.2618 (0.2618)	MAE 0.182 (0.182)
Epoch: [58][0/7]	Time 0.118 (0.118)	Data 0.011 (0.011)	Loss 0.0821 (0.0821)	MAE 0.106 (0.106)
Test: [0/3]	Time 0.021 (0.021)	Loss 0.3196 (0.3196)	MAE 0.207 (0.207)
Epoch: [59][0/7]	Time 0.118 (0.118)	Data 0.011 (0.011)	Loss 0.0886 (0.0886)	MAE 0.116 (0.116)
Test: [0/3]	Time 0.021 (0.021)	Loss 0.2791 (0.2791)	MAE 0.188 (0.188)
Epoch: [60][0/7]	Time 0.118 (0.118)	Data 0.011 (0.011)	Loss 0.0595 (0.0595)	MAE 0.083 (0.083)
Test: [0/3]	Time 0.021 (0.021)	Loss 0.2883 (0.2883)	MAE 0.181 (0.181)
Epoch: [61][0/7]	Time 0.118 (0.118)	Data 0.011 (0.011)	Loss 0.0693 (0.0693)	MAE 0.093 (0.093)
Test: [0/3]	Time 0.021 (0.021)	Loss 0.3044 (0.3044)	MAE 0.190 (0.190)
Epoch: [62][0/7]	Time 0.118 (0.118)	Data 0.011 (0.011)	Loss 0.0754 (0.0754)	MAE 0.090 (0.090)
Test: [0/3]	Time 0.021 (0.021)	Loss 0.3771 (0.3771)	MAE 0.203 (0.203)
Epoch: [63][0/7]	Time 0.118 (0.118)	Data 0.011 (0.011)	Loss 0.0819 (0.0819)	MAE 0.090 (0.090)
Test: [0/3]	Time 0.021 (0.021)	Loss 0.2635 (0.2635)	MAE 0.177 (0.177)
Epoch: [64][0/7]	Time 0.118 (0.118)	Data 0.011 (0.011)	Loss 0.0605 (0.0605)	MAE 0.082 (0.082)
Test: [0/3]	Time 0.021 (0.021)	Loss 0.2559 (0.2559)	MAE 0.177 (0.177)
Epoch: [65][0/7]	Time 0.118 (0.118)	Data 0.011 (0.011)	Loss 0.0771 (0.0771)	MAE 0.094 (0.094)
Test: [0/3]	Time 0.021 (0.021)	Loss 0.2438 (0.2438)	MAE 0.173 (0.173)
Epoch: [66][0/7]	Time 0.118 (0.118)	Data 0.011 (0.011)	Loss 0.0816 (0.0816)	MAE 0.105 (0.105)
Test: [0/3]	Time 0.021 (0.021)	Loss 0.2899 (0.2899)	MAE 0.198 (0.198)
Epoch: [67][0/7]	Time 0.118 (0.118)	Data 0.011 (0.011)	Loss 0.0799 (0.0799)	MAE 0.111 (0.111)
Test: [0/3]	Time 0.021 (0.021)	Loss 0.2764 (0.2764)	MAE 0.182 (0.182)
Epoch: [68][0/7]	Time 0.118 (0.118)	Data 0.011 (0.011)	Loss 0.0574 (0.0574)	MAE 0.083 (0.083)
Test: [0/3]	Time 0.021 (0.021)	Loss 0.2982 (0.2982)	MAE 0.186 (0.186)
Epoch: [69][0/7]	Time 0.117 (0.117)	Data 0.011 (0.011)	Loss 0.0664 (0.0664)	MAE 0.089 (0.089)
Test: [0/3]	Time 0.021 (0.021)	Loss 0.3426 (0.3426)	MAE 0.196 (0.196)
Epoch: [70][0/7]	Time 0.118 (0.118)	Data 0.011 (0.011)	Loss 0.0787 (0.0787)	MAE 0.088 (0.088)
Test: [0/3]	Time 0.021 (0.021)	Loss 0.3057 (0.3057)	MAE 0.182 (0.182)
Epoch: [71][0/7]	Time 0.118 (0.118)	Data 0.011 (0.011)	Loss 0.0594 (0.0594)	MAE 0.076 (0.076)
Test: [0/3]	Time 0.021 (0.021)	Loss 0.2495 (0.2495)	MAE 0.173 (0.173)
Epoch: [72][0/7]	Time 0.118 (0.118)	Data 0.012 (0.012)	Loss 0.0624 (0.0624)	MAE 0.085 (0.085)
Test: [0/3]	Time 0.021 (0.021)	Loss 0.2392 (0.2392)	MAE 0.168 (0.168)
Epoch: [73][0/7]	Time 0.118 (0.118)	Data 0.012 (0.012)	Loss 0.0776 (0.0776)	MAE 0.101 (0.101)
Test: [0/3]	Time 0.021 (0.021)	Loss 0.2654 (0.2654)	MAE 0.185 (0.185)
Epoch: [74][0/7]	Time 0.118 (0.118)	Data 0.011 (0.011)	Loss 0.0657 (0.0657)	MAE 0.097 (0.097)
Test: [0/3]	Time 0.021 (0.021)	Loss 0.2729 (0.2729)	MAE 0.177 (0.177)
Epoch: [75][0/7]	Time 0.118 (0.118)	Data 0.011 (0.011)	Loss 0.0468 (0.0468)	MAE 0.070 (0.070)
Test: [0/3]	Time 0.021 (0.021)	Loss 0.2907 (0.2907)	MAE 0.182 (0.182)
Epoch: [76][0/7]	Time 0.118 (0.118)	Data 0.011 (0.011)	Loss 0.0635 (0.0635)	MAE 0.092 (0.092)
Test: [0/3]	Time 0.021 (0.021)	Loss 0.3404 (0.3404)	MAE 0.198 (0.198)
Epoch: [77][0/7]	Time 0.118 (0.118)	Data 0.011 (0.011)	Loss 0.0668 (0.0668)	MAE 0.084 (0.084)
Test: [0/3]	Time 0.021 (0.021)	Loss 0.2833 (0.2833)	MAE 0.177 (0.177)
Epoch: [78][0/7]	Time 0.118 (0.118)	Data 0.011 (0.011)	Loss 0.0541 (0.0541)	MAE 0.077 (0.077)
Test: [0/3]	Time 0.021 (0.021)	Loss 0.2529 (0.2529)	MAE 0.169 (0.169)
Epoch: [79][0/7]	Time 0.118 (0.118)	Data 0.011 (0.011)	Loss 0.0612 (0.0612)	MAE 0.086 (0.086)
Test: [0/3]	Time 0.021 (0.021)	Loss 0.2477 (0.2477)	MAE 0.172 (0.172)
Epoch: [80][0/7]	Time 0.118 (0.118)	Data 0.011 (0.011)	Loss 0.0692 (0.0692)	MAE 0.092 (0.092)
Test: [0/3]	Time 0.021 (0.021)	Loss 0.2642 (0.2642)	MAE 0.179 (0.179)
Epoch: [81][0/7]	Time 0.118 (0.118)	Data 0.011 (0.011)	Loss 0.0505 (0.0505)	MAE 0.077 (0.077)
Test: [0/3]	Time 0.021 (0.021)	Loss 0.3025 (0.3025)	MAE 0.183 (0.183)
Epoch: [82][0/7]	Time 0.117 (0.117)	Data 0.011 (0.011)	Loss 0.0560 (0.0560)	MAE 0.077 (0.077)
Test: [0/3]	Time 0.021 (0.021)	Loss 0.2897 (0.2897)	MAE 0.180 (0.180)
Epoch: [83][0/7]	Time 0.118 (0.118)	Data 0.011 (0.011)	Loss 0.0534 (0.0534)	MAE 0.082 (0.082)
Test: [0/3]	Time 0.021 (0.021)	Loss 0.2678 (0.2678)	MAE 0.177 (0.177)
Epoch: [84][0/7]	Time 0.119 (0.119)	Data 0.012 (0.012)	Loss 0.0446 (0.0446)	MAE 0.073 (0.073)
Test: [0/3]	Time 0.021 (0.021)	Loss 0.2623 (0.2623)	MAE 0.175 (0.175)
Epoch: [85][0/7]	Time 0.118 (0.118)	Data 0.011 (0.011)	Loss 0.0562 (0.0562)	MAE 0.091 (0.091)
Test: [0/3]	Time 0.021 (0.021)	Loss 0.2597 (0.2597)	MAE 0.175 (0.175)
Epoch: [86][0/7]	Time 0.118 (0.118)	Data 0.011 (0.011)	Loss 0.0542 (0.0542)	MAE 0.087 (0.087)
Test: [0/3]	Time 0.021 (0.021)	Loss 0.2594 (0.2594)	MAE 0.170 (0.170)
Epoch: [87][0/7]	Time 0.118 (0.118)	Data 0.011 (0.011)	Loss 0.0427 (0.0427)	MAE 0.075 (0.075)
Test: [0/3]	Time 0.022 (0.022)	Loss 0.2594 (0.2594)	MAE 0.170 (0.170)
Epoch: [88][0/7]	Time 0.118 (0.118)	Data 0.012 (0.012)	Loss 0.0392 (0.0392)	MAE 0.066 (0.066)
Test: [0/3]	Time 0.021 (0.021)	Loss 0.3600 (0.3600)	MAE 0.193 (0.193)
Epoch: [89][0/7]	Time 0.118 (0.118)	Data 0.011 (0.011)	Loss 0.0670 (0.0670)	MAE 0.082 (0.082)
Test: [0/3]	Time 0.021 (0.021)	Loss 0.2714 (0.2714)	MAE 0.176 (0.176)
Epoch: [90][0/7]	Time 0.118 (0.118)	Data 0.011 (0.011)	Loss 0.0410 (0.0410)	MAE 0.065 (0.065)
Test: [0/3]	Time 0.021 (0.021)	Loss 0.2458 (0.2458)	MAE 0.168 (0.168)
Epoch: [91][0/7]	Time 0.118 (0.118)	Data 0.011 (0.011)	Loss 0.0538 (0.0538)	MAE 0.081 (0.081)
Test: [0/3]	Time 0.022 (0.022)	Loss 0.2499 (0.2499)	MAE 0.172 (0.172)
Epoch: [92][0/7]	Time 0.118 (0.118)	Data 0.012 (0.012)	Loss 0.0530 (0.0530)	MAE 0.087 (0.087)
Test: [0/3]	Time 0.021 (0.021)	Loss 0.2732 (0.2732)	MAE 0.182 (0.182)
Epoch: [93][0/7]	Time 0.118 (0.118)	Data 0.011 (0.011)	Loss 0.0493 (0.0493)	MAE 0.085 (0.085)
Test: [0/3]	Time 0.021 (0.021)	Loss 0.2580 (0.2580)	MAE 0.169 (0.169)
Epoch: [94][0/7]	Time 0.118 (0.118)	Data 0.011 (0.011)	Loss 0.0397 (0.0397)	MAE 0.073 (0.073)
Test: [0/3]	Time 0.021 (0.021)	Loss 0.2873 (0.2873)	MAE 0.179 (0.179)
Epoch: [95][0/7]	Time 0.118 (0.118)	Data 0.011 (0.011)	Loss 0.0471 (0.0471)	MAE 0.079 (0.079)
Test: [0/3]	Time 0.021 (0.021)	Loss 0.3009 (0.3009)	MAE 0.181 (0.181)
Epoch: [96][0/7]	Time 0.118 (0.118)	Data 0.011 (0.011)	Loss 0.0480 (0.0480)	MAE 0.071 (0.071)
Test: [0/3]	Time 0.021 (0.021)	Loss 0.2691 (0.2691)	MAE 0.170 (0.170)
Epoch: [97][0/7]	Time 0.119 (0.119)	Data 0.012 (0.012)	Loss 0.0337 (0.0337)	MAE 0.064 (0.064)
Test: [0/3]	Time 0.021 (0.021)	Loss 0.2480 (0.2480)	MAE 0.170 (0.170)
Epoch: [98][0/7]	Time 0.118 (0.118)	Data 0.011 (0.011)	Loss 0.0449 (0.0449)	MAE 0.076 (0.076)
Test: [0/3]	Time 0.021 (0.021)	Loss 0.2548 (0.2548)	MAE 0.172 (0.172)
Epoch: [99][0/7]	Time 0.118 (0.118)	Data 0.011 (0.011)	Loss 0.0425 (0.0425)	MAE 0.074 (0.074)
Test: [0/3]	Time 0.021 (0.021)	Loss 0.2735 (0.2735)	MAE 0.178 (0.178)
Epoch: [100][0/7]	Time 0.118 (0.118)	Data 0.011 (0.011)	Loss 0.0387 (0.0387)	MAE 0.072 (0.072)
Test: [0/3]	Time 0.021 (0.021)	Loss 0.2608 (0.2608)	MAE 0.172 (0.172)
Epoch: [101][0/7]	Time 0.117 (0.117)	Data 0.011 (0.011)	Loss 0.0307 (0.0307)	MAE 0.061 (0.061)
Test: [0/3]	Time 0.021 (0.021)	Loss 0.2580 (0.2580)	MAE 0.168 (0.168)
Epoch: [102][0/7]	Time 0.118 (0.118)	Data 0.012 (0.012)	Loss 0.0274 (0.0274)	MAE 0.056 (0.056)
Test: [0/3]	Time 0.021 (0.021)	Loss 0.2629 (0.2629)	MAE 0.169 (0.169)
Epoch: [103][0/7]	Time 0.118 (0.118)	Data 0.011 (0.011)	Loss 0.0263 (0.0263)	MAE 0.054 (0.054)
Test: [0/3]	Time 0.021 (0.021)	Loss 0.2674 (0.2674)	MAE 0.170 (0.170)
Epoch: [104][0/7]	Time 0.118 (0.118)	Data 0.011 (0.011)	Loss 0.0256 (0.0256)	MAE 0.053 (0.053)
Test: [0/3]	Time 0.021 (0.021)	Loss 0.2682 (0.2682)	MAE 0.170 (0.170)
Epoch: [105][0/7]	Time 0.118 (0.118)	Data 0.011 (0.011)	Loss 0.0255 (0.0255)	MAE 0.052 (0.052)
Test: [0/3]	Time 0.021 (0.021)	Loss 0.2667 (0.2667)	MAE 0.169 (0.169)
Epoch: [106][0/7]	Time 0.118 (0.118)	Data 0.011 (0.011)	Loss 0.0251 (0.0251)	MAE 0.052 (0.052)
Test: [0/3]	Time 0.021 (0.021)	Loss 0.2659 (0.2659)	MAE 0.169 (0.169)
Epoch: [107][0/7]	Time 0.118 (0.118)	Data 0.011 (0.011)	Loss 0.0248 (0.0248)	MAE 0.052 (0.052)
Test: [0/3]	Time 0.021 (0.021)	Loss 0.2666 (0.2666)	MAE 0.169 (0.169)
Epoch: [108][0/7]	Time 0.118 (0.118)	Data 0.011 (0.011)	Loss 0.0247 (0.0247)	MAE 0.052 (0.052)
Test: [0/3]	Time 0.021 (0.021)	Loss 0.2677 (0.2677)	MAE 0.170 (0.170)
Epoch: [109][0/7]	Time 0.117 (0.117)	Data 0.011 (0.011)	Loss 0.0245 (0.0245)	MAE 0.051 (0.051)
Test: [0/3]	Time 0.021 (0.021)	Loss 0.2680 (0.2680)	MAE 0.170 (0.170)
Epoch: [110][0/7]	Time 0.118 (0.118)	Data 0.012 (0.012)	Loss 0.0243 (0.0243)	MAE 0.051 (0.051)
Test: [0/3]	Time 0.021 (0.021)	Loss 0.2680 (0.2680)	MAE 0.170 (0.170)
Epoch: [111][0/7]	Time 0.118 (0.118)	Data 0.011 (0.011)	Loss 0.0241 (0.0241)	MAE 0.051 (0.051)
Test: [0/3]	Time 0.021 (0.021)	Loss 0.2683 (0.2683)	MAE 0.170 (0.170)
Epoch: [112][0/7]	Time 0.119 (0.119)	Data 0.012 (0.012)	Loss 0.0239 (0.0239)	MAE 0.051 (0.051)
Test: [0/3]	Time 0.021 (0.021)	Loss 0.2687 (0.2687)	MAE 0.170 (0.170)
Epoch: [113][0/7]	Time 0.118 (0.118)	Data 0.011 (0.011)	Loss 0.0238 (0.0238)	MAE 0.051 (0.051)
Test: [0/3]	Time 0.021 (0.021)	Loss 0.2688 (0.2688)	MAE 0.170 (0.170)
Epoch: [114][0/7]	Time 0.117 (0.117)	Data 0.011 (0.011)	Loss 0.0236 (0.0236)	MAE 0.051 (0.051)
Test: [0/3]	Time 0.021 (0.021)	Loss 0.2689 (0.2689)	MAE 0.170 (0.170)
Epoch: [115][0/7]	Time 0.118 (0.118)	Data 0.011 (0.011)	Loss 0.0235 (0.0235)	MAE 0.050 (0.050)
Test: [0/3]	Time 0.021 (0.021)	Loss 0.2691 (0.2691)	MAE 0.170 (0.170)
Epoch: [116][0/7]	Time 0.118 (0.118)	Data 0.011 (0.011)	Loss 0.0233 (0.0233)	MAE 0.050 (0.050)
Test: [0/3]	Time 0.021 (0.021)	Loss 0.2694 (0.2694)	MAE 0.170 (0.170)
Epoch: [117][0/7]	Time 0.118 (0.118)	Data 0.011 (0.011)	Loss 0.0232 (0.0232)	MAE 0.050 (0.050)
Test: [0/3]	Time 0.021 (0.021)	Loss 0.2696 (0.2696)	MAE 0.170 (0.170)
Epoch: [118][0/7]	Time 0.118 (0.118)	Data 0.011 (0.011)	Loss 0.0231 (0.0231)	MAE 0.050 (0.050)
Test: [0/3]	Time 0.021 (0.021)	Loss 0.2698 (0.2698)	MAE 0.170 (0.170)
Epoch: [119][0/7]	Time 0.118 (0.118)	Data 0.011 (0.011)	Loss 0.0229 (0.0229)	MAE 0.050 (0.050)
Test: [0/3]	Time 0.021 (0.021)	Loss 0.2700 (0.2700)	MAE 0.170 (0.170)
Epoch: [120][0/7]	Time 0.118 (0.118)	Data 0.011 (0.011)	Loss 0.0228 (0.0228)	MAE 0.050 (0.050)
Test: [0/3]	Time 0.021 (0.021)	Loss 0.2702 (0.2702)	MAE 0.170 (0.170)
Epoch: [121][0/7]	Time 0.118 (0.118)	Data 0.011 (0.011)	Loss 0.0227 (0.0227)	MAE 0.050 (0.050)
Test: [0/3]	Time 0.021 (0.021)	Loss 0.2704 (0.2704)	MAE 0.170 (0.170)
Epoch: [122][0/7]	Time 0.118 (0.118)	Data 0.011 (0.011)	Loss 0.0225 (0.0225)	MAE 0.050 (0.050)
Test: [0/3]	Time 0.021 (0.021)	Loss 0.2706 (0.2706)	MAE 0.170 (0.170)
Epoch: [123][0/7]	Time 0.117 (0.117)	Data 0.011 (0.011)	Loss 0.0224 (0.0224)	MAE 0.050 (0.050)
Test: [0/3]	Time 0.021 (0.021)	Loss 0.2708 (0.2708)	MAE 0.170 (0.170)
Epoch: [124][0/7]	Time 0.118 (0.118)	Data 0.012 (0.012)	Loss 0.0223 (0.0223)	MAE 0.049 (0.049)
Test: [0/3]	Time 0.021 (0.021)	Loss 0.2710 (0.2710)	MAE 0.171 (0.171)
Epoch: [125][0/7]	Time 0.117 (0.117)	Data 0.011 (0.011)	Loss 0.0222 (0.0222)	MAE 0.049 (0.049)
Test: [0/3]	Time 0.021 (0.021)	Loss 0.2712 (0.2712)	MAE 0.171 (0.171)
Epoch: [126][0/7]	Time 0.118 (0.118)	Data 0.011 (0.011)	Loss 0.0220 (0.0220)	MAE 0.049 (0.049)
Test: [0/3]	Time 0.021 (0.021)	Loss 0.2714 (0.2714)	MAE 0.171 (0.171)
Epoch: [127][0/7]	Time 0.118 (0.118)	Data 0.011 (0.011)	Loss 0.0219 (0.0219)	MAE 0.049 (0.049)
Test: [0/3]	Time 0.023 (0.023)	Loss 0.2716 (0.2716)	MAE 0.171 (0.171)
Epoch: [128][0/7]	Time 0.118 (0.118)	Data 0.011 (0.011)	Loss 0.0218 (0.0218)	MAE 0.049 (0.049)
Test: [0/3]	Time 0.021 (0.021)	Loss 0.2718 (0.2718)	MAE 0.171 (0.171)
Epoch: [129][0/7]	Time 0.118 (0.118)	Data 0.011 (0.011)	Loss 0.0217 (0.0217)	MAE 0.049 (0.049)
Test: [0/3]	Time 0.021 (0.021)	Loss 0.2720 (0.2720)	MAE 0.171 (0.171)
Epoch: [130][0/7]	Time 0.117 (0.117)	Data 0.011 (0.011)	Loss 0.0216 (0.0216)	MAE 0.049 (0.049)
Test: [0/3]	Time 0.021 (0.021)	Loss 0.2722 (0.2722)	MAE 0.171 (0.171)
Epoch: [131][0/7]	Time 0.118 (0.118)	Data 0.011 (0.011)	Loss 0.0215 (0.0215)	MAE 0.049 (0.049)
Test: [0/3]	Time 0.021 (0.021)	Loss 0.2724 (0.2724)	MAE 0.171 (0.171)
Epoch: [132][0/7]	Time 0.118 (0.118)	Data 0.011 (0.011)	Loss 0.0214 (0.0214)	MAE 0.049 (0.049)
Test: [0/3]	Time 0.021 (0.021)	Loss 0.2725 (0.2725)	MAE 0.171 (0.171)
Epoch: [133][0/7]	Time 0.118 (0.118)	Data 0.011 (0.011)	Loss 0.0213 (0.0213)	MAE 0.049 (0.049)
Test: [0/3]	Time 0.022 (0.022)	Loss 0.2727 (0.2727)	MAE 0.171 (0.171)
Epoch: [134][0/7]	Time 0.119 (0.119)	Data 0.012 (0.012)	Loss 0.0212 (0.0212)	MAE 0.048 (0.048)
Test: [0/3]	Time 0.021 (0.021)	Loss 0.2729 (0.2729)	MAE 0.171 (0.171)
Epoch: [135][0/7]	Time 0.118 (0.118)	Data 0.011 (0.011)	Loss 0.0210 (0.0210)	MAE 0.048 (0.048)
Test: [0/3]	Time 0.021 (0.021)	Loss 0.2731 (0.2731)	MAE 0.171 (0.171)
Epoch: [136][0/7]	Time 0.118 (0.118)	Data 0.011 (0.011)	Loss 0.0209 (0.0209)	MAE 0.048 (0.048)
Test: [0/3]	Time 0.021 (0.021)	Loss 0.2732 (0.2732)	MAE 0.171 (0.171)
Epoch: [137][0/7]	Time 0.117 (0.117)	Data 0.011 (0.011)	Loss 0.0208 (0.0208)	MAE 0.048 (0.048)
Test: [0/3]	Time 0.021 (0.021)	Loss 0.2734 (0.2734)	MAE 0.171 (0.171)
Epoch: [138][0/7]	Time 0.118 (0.118)	Data 0.011 (0.011)	Loss 0.0207 (0.0207)	MAE 0.048 (0.048)
Test: [0/3]	Time 0.021 (0.021)	Loss 0.2736 (0.2736)	MAE 0.171 (0.171)
Epoch: [139][0/7]	Time 0.118 (0.118)	Data 0.011 (0.011)	Loss 0.0206 (0.0206)	MAE 0.048 (0.048)
Test: [0/3]	Time 0.021 (0.021)	Loss 0.2737 (0.2737)	MAE 0.171 (0.171)
Epoch: [140][0/7]	Time 0.118 (0.118)	Data 0.011 (0.011)	Loss 0.0205 (0.0205)	MAE 0.048 (0.048)
Test: [0/3]	Time 0.021 (0.021)	Loss 0.2739 (0.2739)	MAE 0.171 (0.171)
Epoch: [141][0/7]	Time 0.118 (0.118)	Data 0.011 (0.011)	Loss 0.0204 (0.0204)	MAE 0.048 (0.048)
Test: [0/3]	Time 0.021 (0.021)	Loss 0.2741 (0.2741)	MAE 0.171 (0.171)
Epoch: [142][0/7]	Time 0.118 (0.118)	Data 0.011 (0.011)	Loss 0.0203 (0.0203)	MAE 0.048 (0.048)
Test: [0/3]	Time 0.021 (0.021)	Loss 0.2742 (0.2742)	MAE 0.171 (0.171)
Epoch: [143][0/7]	Time 0.118 (0.118)	Data 0.011 (0.011)	Loss 0.0202 (0.0202)	MAE 0.048 (0.048)
Test: [0/3]	Time 0.021 (0.021)	Loss 0.2744 (0.2744)	MAE 0.172 (0.172)
Epoch: [144][0/7]	Time 0.118 (0.118)	Data 0.011 (0.011)	Loss 0.0202 (0.0202)	MAE 0.047 (0.047)
Test: [0/3]	Time 0.021 (0.021)	Loss 0.2746 (0.2746)	MAE 0.172 (0.172)
Epoch: [145][0/7]	Time 0.118 (0.118)	Data 0.011 (0.011)	Loss 0.0201 (0.0201)	MAE 0.047 (0.047)
Test: [0/3]	Time 0.021 (0.021)	Loss 0.2747 (0.2747)	MAE 0.172 (0.172)
Epoch: [146][0/7]	Time 0.118 (0.118)	Data 0.011 (0.011)	Loss 0.0200 (0.0200)	MAE 0.047 (0.047)
Test: [0/3]	Time 0.021 (0.021)	Loss 0.2749 (0.2749)	MAE 0.172 (0.172)
Epoch: [147][0/7]	Time 0.119 (0.119)	Data 0.011 (0.011)	Loss 0.0199 (0.0199)	MAE 0.047 (0.047)
Test: [0/3]	Time 0.021 (0.021)	Loss 0.2750 (0.2750)	MAE 0.172 (0.172)
Epoch: [148][0/7]	Time 0.117 (0.117)	Data 0.011 (0.011)	Loss 0.0198 (0.0198)	MAE 0.047 (0.047)
Test: [0/3]	Time 0.022 (0.022)	Loss 0.2752 (0.2752)	MAE 0.172 (0.172)
Epoch: [149][0/7]	Time 0.118 (0.118)	Data 0.012 (0.012)	Loss 0.0197 (0.0197)	MAE 0.047 (0.047)
Test: [0/3]	Time 0.021 (0.021)	Loss 0.2753 (0.2753)	MAE 0.172 (0.172)
Epoch: [150][0/7]	Time 0.118 (0.118)	Data 0.012 (0.012)	Loss 0.0196 (0.0196)	MAE 0.047 (0.047)
Test: [0/3]	Time 0.021 (0.021)	Loss 0.2755 (0.2755)	MAE 0.172 (0.172)
Epoch: [151][0/7]	Time 0.118 (0.118)	Data 0.012 (0.012)	Loss 0.0195 (0.0195)	MAE 0.047 (0.047)
Test: [0/3]	Time 0.022 (0.022)	Loss 0.2757 (0.2757)	MAE 0.172 (0.172)
Epoch: [152][0/7]	Time 0.118 (0.118)	Data 0.011 (0.011)	Loss 0.0194 (0.0194)	MAE 0.047 (0.047)
Test: [0/3]	Time 0.022 (0.022)	Loss 0.2758 (0.2758)	MAE 0.172 (0.172)
Epoch: [153][0/7]	Time 0.118 (0.118)	Data 0.011 (0.011)	Loss 0.0193 (0.0193)	MAE 0.047 (0.047)
Test: [0/3]	Time 0.021 (0.021)	Loss 0.2760 (0.2760)	MAE 0.172 (0.172)
Epoch: [154][0/7]	Time 0.118 (0.118)	Data 0.011 (0.011)	Loss 0.0193 (0.0193)	MAE 0.047 (0.047)
Test: [0/3]	Time 0.021 (0.021)	Loss 0.2761 (0.2761)	MAE 0.172 (0.172)
Epoch: [155][0/7]	Time 0.118 (0.118)	Data 0.011 (0.011)	Loss 0.0192 (0.0192)	MAE 0.047 (0.047)
Test: [0/3]	Time 0.021 (0.021)	Loss 0.2763 (0.2763)	MAE 0.172 (0.172)
Epoch: [156][0/7]	Time 0.118 (0.118)	Data 0.011 (0.011)	Loss 0.0191 (0.0191)	MAE 0.046 (0.046)
Test: [0/3]	Time 0.021 (0.021)	Loss 0.2764 (0.2764)	MAE 0.172 (0.172)
Epoch: [157][0/7]	Time 0.118 (0.118)	Data 0.011 (0.011)	Loss 0.0190 (0.0190)	MAE 0.046 (0.046)
Test: [0/3]	Time 0.022 (0.022)	Loss 0.2766 (0.2766)	MAE 0.172 (0.172)
Epoch: [158][0/7]	Time 0.119 (0.119)	Data 0.012 (0.012)	Loss 0.0189 (0.0189)	MAE 0.046 (0.046)
Test: [0/3]	Time 0.021 (0.021)	Loss 0.2767 (0.2767)	MAE 0.172 (0.172)
Epoch: [159][0/7]	Time 0.118 (0.118)	Data 0.012 (0.012)	Loss 0.0188 (0.0188)	MAE 0.046 (0.046)
Test: [0/3]	Time 0.021 (0.021)	Loss 0.2769 (0.2769)	MAE 0.172 (0.172)
Epoch: [160][0/7]	Time 0.118 (0.118)	Data 0.011 (0.011)	Loss 0.0187 (0.0187)	MAE 0.046 (0.046)
Test: [0/3]	Time 0.021 (0.021)	Loss 0.2770 (0.2770)	MAE 0.172 (0.172)
Epoch: [161][0/7]	Time 0.118 (0.118)	Data 0.011 (0.011)	Loss 0.0187 (0.0187)	MAE 0.046 (0.046)
Test: [0/3]	Time 0.021 (0.021)	Loss 0.2772 (0.2772)	MAE 0.172 (0.172)
Epoch: [162][0/7]	Time 0.118 (0.118)	Data 0.011 (0.011)	Loss 0.0186 (0.0186)	MAE 0.046 (0.046)
Test: [0/3]	Time 0.021 (0.021)	Loss 0.2773 (0.2773)	MAE 0.172 (0.172)
Epoch: [163][0/7]	Time 0.118 (0.118)	Data 0.011 (0.011)	Loss 0.0185 (0.0185)	MAE 0.046 (0.046)
Test: [0/3]	Time 0.021 (0.021)	Loss 0.2775 (0.2775)	MAE 0.172 (0.172)
Epoch: [164][0/7]	Time 0.118 (0.118)	Data 0.011 (0.011)	Loss 0.0184 (0.0184)	MAE 0.046 (0.046)
Test: [0/3]	Time 0.021 (0.021)	Loss 0.2776 (0.2776)	MAE 0.172 (0.172)
Epoch: [165][0/7]	Time 0.118 (0.118)	Data 0.011 (0.011)	Loss 0.0183 (0.0183)	MAE 0.046 (0.046)
Test: [0/3]	Time 0.021 (0.021)	Loss 0.2778 (0.2778)	MAE 0.172 (0.172)
Epoch: [166][0/7]	Time 0.118 (0.118)	Data 0.011 (0.011)	Loss 0.0183 (0.0183)	MAE 0.046 (0.046)
Test: [0/3]	Time 0.021 (0.021)	Loss 0.2780 (0.2780)	MAE 0.172 (0.172)
Epoch: [167][0/7]	Time 0.118 (0.118)	Data 0.011 (0.011)	Loss 0.0182 (0.0182)	MAE 0.046 (0.046)
Test: [0/3]	Time 0.021 (0.021)	Loss 0.2781 (0.2781)	MAE 0.172 (0.172)
Epoch: [168][0/7]	Time 0.118 (0.118)	Data 0.011 (0.011)	Loss 0.0181 (0.0181)	MAE 0.045 (0.045)
Test: [0/3]	Time 0.021 (0.021)	Loss 0.2783 (0.2783)	MAE 0.173 (0.173)
Epoch: [169][0/7]	Time 0.118 (0.118)	Data 0.011 (0.011)	Loss 0.0180 (0.0180)	MAE 0.045 (0.045)
Test: [0/3]	Time 0.021 (0.021)	Loss 0.2784 (0.2784)	MAE 0.173 (0.173)
Epoch: [170][0/7]	Time 0.119 (0.119)	Data 0.012 (0.012)	Loss 0.0180 (0.0180)	MAE 0.045 (0.045)
Test: [0/3]	Time 0.021 (0.021)	Loss 0.2786 (0.2786)	MAE 0.173 (0.173)
Epoch: [171][0/7]	Time 0.118 (0.118)	Data 0.011 (0.011)	Loss 0.0179 (0.0179)	MAE 0.045 (0.045)
Test: [0/3]	Time 0.021 (0.021)	Loss 0.2787 (0.2787)	MAE 0.173 (0.173)
Epoch: [172][0/7]	Time 0.118 (0.118)	Data 0.011 (0.011)	Loss 0.0178 (0.0178)	MAE 0.045 (0.045)
Test: [0/3]	Time 0.021 (0.021)	Loss 0.2789 (0.2789)	MAE 0.173 (0.173)
Epoch: [173][0/7]	Time 0.118 (0.118)	Data 0.012 (0.012)	Loss 0.0177 (0.0177)	MAE 0.045 (0.045)
Test: [0/3]	Time 0.022 (0.022)	Loss 0.2790 (0.2790)	MAE 0.173 (0.173)
Epoch: [174][0/7]	Time 0.118 (0.118)	Data 0.011 (0.011)	Loss 0.0177 (0.0177)	MAE 0.045 (0.045)
Test: [0/3]	Time 0.021 (0.021)	Loss 0.2792 (0.2792)	MAE 0.173 (0.173)
Epoch: [175][0/7]	Time 0.118 (0.118)	Data 0.011 (0.011)	Loss 0.0176 (0.0176)	MAE 0.045 (0.045)
Test: [0/3]	Time 0.021 (0.021)	Loss 0.2793 (0.2793)	MAE 0.173 (0.173)
Epoch: [176][0/7]	Time 0.118 (0.118)	Data 0.011 (0.011)	Loss 0.0175 (0.0175)	MAE 0.045 (0.045)
Test: [0/3]	Time 0.021 (0.021)	Loss 0.2795 (0.2795)	MAE 0.173 (0.173)
Epoch: [177][0/7]	Time 0.118 (0.118)	Data 0.011 (0.011)	Loss 0.0174 (0.0174)	MAE 0.045 (0.045)
Test: [0/3]	Time 0.021 (0.021)	Loss 0.2796 (0.2796)	MAE 0.173 (0.173)
Epoch: [178][0/7]	Time 0.118 (0.118)	Data 0.011 (0.011)	Loss 0.0174 (0.0174)	MAE 0.045 (0.045)
Test: [0/3]	Time 0.021 (0.021)	Loss 0.2798 (0.2798)	MAE 0.173 (0.173)
Epoch: [179][0/7]	Time 0.118 (0.118)	Data 0.011 (0.011)	Loss 0.0173 (0.0173)	MAE 0.045 (0.045)
Test: [0/3]	Time 0.021 (0.021)	Loss 0.2799 (0.2799)	MAE 0.173 (0.173)
Epoch: [180][0/7]	Time 0.118 (0.118)	Data 0.011 (0.011)	Loss 0.0172 (0.0172)	MAE 0.045 (0.045)
Test: [0/3]	Time 0.023 (0.023)	Loss 0.2801 (0.2801)	MAE 0.173 (0.173)
Epoch: [181][0/7]	Time 0.119 (0.119)	Data 0.012 (0.012)	Loss 0.0172 (0.0172)	MAE 0.044 (0.044)
Test: [0/3]	Time 0.021 (0.021)	Loss 0.2802 (0.2802)	MAE 0.173 (0.173)
Epoch: [182][0/7]	Time 0.118 (0.118)	Data 0.011 (0.011)	Loss 0.0171 (0.0171)	MAE 0.044 (0.044)
Test: [0/3]	Time 0.021 (0.021)	Loss 0.2804 (0.2804)	MAE 0.173 (0.173)
Epoch: [183][0/7]	Time 0.117 (0.117)	Data 0.011 (0.011)	Loss 0.0170 (0.0170)	MAE 0.044 (0.044)
Test: [0/3]	Time 0.021 (0.021)	Loss 0.2806 (0.2806)	MAE 0.173 (0.173)
Epoch: [184][0/7]	Time 0.118 (0.118)	Data 0.011 (0.011)	Loss 0.0170 (0.0170)	MAE 0.044 (0.044)
Test: [0/3]	Time 0.021 (0.021)	Loss 0.2807 (0.2807)	MAE 0.173 (0.173)
Epoch: [185][0/7]	Time 0.118 (0.118)	Data 0.011 (0.011)	Loss 0.0169 (0.0169)	MAE 0.044 (0.044)
Test: [0/3]	Time 0.021 (0.021)	Loss 0.2809 (0.2809)	MAE 0.173 (0.173)
Epoch: [186][0/7]	Time 0.118 (0.118)	Data 0.011 (0.011)	Loss 0.0168 (0.0168)	MAE 0.044 (0.044)
Test: [0/3]	Time 0.021 (0.021)	Loss 0.2810 (0.2810)	MAE 0.173 (0.173)
Epoch: [187][0/7]	Time 0.118 (0.118)	Data 0.011 (0.011)	Loss 0.0168 (0.0168)	MAE 0.044 (0.044)
Test: [0/3]	Time 0.021 (0.021)	Loss 0.2812 (0.2812)	MAE 0.173 (0.173)
Epoch: [188][0/7]	Time 0.118 (0.118)	Data 0.011 (0.011)	Loss 0.0167 (0.0167)	MAE 0.044 (0.044)
Test: [0/3]	Time 0.022 (0.022)	Loss 0.2813 (0.2813)	MAE 0.173 (0.173)
Epoch: [189][0/7]	Time 0.118 (0.118)	Data 0.012 (0.012)	Loss 0.0166 (0.0166)	MAE 0.044 (0.044)
Test: [0/3]	Time 0.021 (0.021)	Loss 0.2815 (0.2815)	MAE 0.173 (0.173)
Epoch: [190][0/7]	Time 0.118 (0.118)	Data 0.012 (0.012)	Loss 0.0166 (0.0166)	MAE 0.044 (0.044)
Test: [0/3]	Time 0.021 (0.021)	Loss 0.2816 (0.2816)	MAE 0.173 (0.173)
Epoch: [191][0/7]	Time 0.118 (0.118)	Data 0.011 (0.011)	Loss 0.0165 (0.0165)	MAE 0.044 (0.044)
Test: [0/3]	Time 0.021 (0.021)	Loss 0.2818 (0.2818)	MAE 0.173 (0.173)
Epoch: [192][0/7]	Time 0.117 (0.117)	Data 0.011 (0.011)	Loss 0.0164 (0.0164)	MAE 0.044 (0.044)
Test: [0/3]	Time 0.021 (0.021)	Loss 0.2820 (0.2820)	MAE 0.173 (0.173)
Epoch: [193][0/7]	Time 0.118 (0.118)	Data 0.011 (0.011)	Loss 0.0164 (0.0164)	MAE 0.044 (0.044)
Test: [0/3]	Time 0.021 (0.021)	Loss 0.2821 (0.2821)	MAE 0.174 (0.174)
Epoch: [194][0/7]	Time 0.117 (0.117)	Data 0.011 (0.011)	Loss 0.0163 (0.0163)	MAE 0.044 (0.044)
Test: [0/3]	Time 0.021 (0.021)	Loss 0.2823 (0.2823)	MAE 0.174 (0.174)
Epoch: [195][0/7]	Time 0.118 (0.118)	Data 0.011 (0.011)	Loss 0.0162 (0.0162)	MAE 0.043 (0.043)
Test: [0/3]	Time 0.021 (0.021)	Loss 0.2824 (0.2824)	MAE 0.174 (0.174)
Epoch: [196][0/7]	Time 0.118 (0.118)	Data 0.011 (0.011)	Loss 0.0162 (0.0162)	MAE 0.043 (0.043)
Test: [0/3]	Time 0.021 (0.021)	Loss 0.2826 (0.2826)	MAE 0.174 (0.174)
Epoch: [197][0/7]	Time 0.118 (0.118)	Data 0.011 (0.011)	Loss 0.0161 (0.0161)	MAE 0.043 (0.043)
Test: [0/3]	Time 0.021 (0.021)	Loss 0.2827 (0.2827)	MAE 0.174 (0.174)
Epoch: [198][0/7]	Time 0.118 (0.118)	Data 0.011 (0.011)	Loss 0.0160 (0.0160)	MAE 0.043 (0.043)
Test: [0/3]	Time 0.021 (0.021)	Loss 0.2829 (0.2829)	MAE 0.174 (0.174)
Epoch: [199][0/7]	Time 0.117 (0.117)	Data 0.011 (0.011)	Loss 0.0160 (0.0160)	MAE 0.043 (0.043)
Test: [0/3]	Time 0.021 (0.021)	Loss 0.2831 (0.2831)	MAE 0.174 (0.174)
Epoch: [200][0/7]	Time 0.118 (0.118)	Data 0.011 (0.011)	Loss 0.0159 (0.0159)	MAE 0.043 (0.043)
Test: [0/3]	Time 0.021 (0.021)	Loss 0.2832 (0.2832)	MAE 0.174 (0.174)
Epoch: [201][0/7]	Time 0.117 (0.117)	Data 0.011 (0.011)	Loss 0.0159 (0.0159)	MAE 0.043 (0.043)
Test: [0/3]	Time 0.021 (0.021)	Loss 0.2834 (0.2834)	MAE 0.174 (0.174)
Epoch: [202][0/7]	Time 0.118 (0.118)	Data 0.011 (0.011)	Loss 0.0158 (0.0158)	MAE 0.043 (0.043)
Test: [0/3]	Time 0.021 (0.021)	Loss 0.2835 (0.2835)	MAE 0.174 (0.174)
Epoch: [203][0/7]	Time 0.118 (0.118)	Data 0.011 (0.011)	Loss 0.0157 (0.0157)	MAE 0.043 (0.043)
Test: [0/3]	Time 0.021 (0.021)	Loss 0.2837 (0.2837)	MAE 0.174 (0.174)
Epoch: [204][0/7]	Time 0.118 (0.118)	Data 0.011 (0.011)	Loss 0.0157 (0.0157)	MAE 0.043 (0.043)
Test: [0/3]	Time 0.021 (0.021)	Loss 0.2839 (0.2839)	MAE 0.174 (0.174)
Epoch: [205][0/7]	Time 0.117 (0.117)	Data 0.011 (0.011)	Loss 0.0156 (0.0156)	MAE 0.043 (0.043)
Test: [0/3]	Time 0.021 (0.021)	Loss 0.2840 (0.2840)	MAE 0.174 (0.174)
Epoch: [206][0/7]	Time 0.118 (0.118)	Data 0.011 (0.011)	Loss 0.0156 (0.0156)	MAE 0.043 (0.043)
Test: [0/3]	Time 0.021 (0.021)	Loss 0.2842 (0.2842)	MAE 0.174 (0.174)
Epoch: [207][0/7]	Time 0.118 (0.118)	Data 0.011 (0.011)	Loss 0.0155 (0.0155)	MAE 0.043 (0.043)
Test: [0/3]	Time 0.070 (0.070)	Loss 0.2844 (0.2844)	MAE 0.174 (0.174)
Epoch: [208][0/7]	Time 0.118 (0.118)	Data 0.011 (0.011)	Loss 0.0154 (0.0154)	MAE 0.043 (0.043)
Test: [0/3]	Time 0.021 (0.021)	Loss 0.2845 (0.2845)	MAE 0.174 (0.174)
Epoch: [209][0/7]	Time 0.118 (0.118)	Data 0.011 (0.011)	Loss 0.0154 (0.0154)	MAE 0.042 (0.042)
Test: [0/3]	Time 0.021 (0.021)	Loss 0.2847 (0.2847)	MAE 0.174 (0.174)
Epoch: [210][0/7]	Time 0.118 (0.118)	Data 0.012 (0.012)	Loss 0.0153 (0.0153)	MAE 0.042 (0.042)
Test: [0/3]	Time 0.021 (0.021)	Loss 0.2848 (0.2848)	MAE 0.174 (0.174)
Epoch: [211][0/7]	Time 0.118 (0.118)	Data 0.011 (0.011)	Loss 0.0153 (0.0153)	MAE 0.042 (0.042)
Test: [0/3]	Time 0.021 (0.021)	Loss 0.2850 (0.2850)	MAE 0.174 (0.174)
Epoch: [212][0/7]	Time 0.118 (0.118)	Data 0.011 (0.011)	Loss 0.0152 (0.0152)	MAE 0.042 (0.042)
Test: [0/3]	Time 0.021 (0.021)	Loss 0.2852 (0.2852)	MAE 0.174 (0.174)
Epoch: [213][0/7]	Time 0.117 (0.117)	Data 0.011 (0.011)	Loss 0.0151 (0.0151)	MAE 0.042 (0.042)
Test: [0/3]	Time 0.021 (0.021)	Loss 0.2853 (0.2853)	MAE 0.174 (0.174)
Epoch: [214][0/7]	Time 0.118 (0.118)	Data 0.011 (0.011)	Loss 0.0151 (0.0151)	MAE 0.042 (0.042)
Test: [0/3]	Time 0.021 (0.021)	Loss 0.2855 (0.2855)	MAE 0.174 (0.174)
Epoch: [215][0/7]	Time 0.118 (0.118)	Data 0.011 (0.011)	Loss 0.0150 (0.0150)	MAE 0.042 (0.042)
Test: [0/3]	Time 0.021 (0.021)	Loss 0.2857 (0.2857)	MAE 0.174 (0.174)
Epoch: [216][0/7]	Time 0.118 (0.118)	Data 0.011 (0.011)	Loss 0.0150 (0.0150)	MAE 0.042 (0.042)
Test: [0/3]	Time 0.021 (0.021)	Loss 0.2858 (0.2858)	MAE 0.174 (0.174)
Epoch: [217][0/7]	Time 0.118 (0.118)	Data 0.011 (0.011)	Loss 0.0149 (0.0149)	MAE 0.042 (0.042)
Test: [0/3]	Time 0.022 (0.022)	Loss 0.2860 (0.2860)	MAE 0.175 (0.175)
Epoch: [218][0/7]	Time 0.118 (0.118)	Data 0.011 (0.011)	Loss 0.0149 (0.0149)	MAE 0.042 (0.042)
Test: [0/3]	Time 0.021 (0.021)	Loss 0.2862 (0.2862)	MAE 0.175 (0.175)
Epoch: [219][0/7]	Time 0.118 (0.118)	Data 0.011 (0.011)	Loss 0.0148 (0.0148)	MAE 0.042 (0.042)
Test: [0/3]	Time 0.021 (0.021)	Loss 0.2863 (0.2863)	MAE 0.175 (0.175)
Epoch: [220][0/7]	Time 0.119 (0.119)	Data 0.012 (0.012)	Loss 0.0148 (0.0148)	MAE 0.042 (0.042)
Test: [0/3]	Time 0.021 (0.021)	Loss 0.2865 (0.2865)	MAE 0.175 (0.175)
Epoch: [221][0/7]	Time 0.118 (0.118)	Data 0.011 (0.011)	Loss 0.0147 (0.0147)	MAE 0.042 (0.042)
Test: [0/3]	Time 0.021 (0.021)	Loss 0.2867 (0.2867)	MAE 0.175 (0.175)
Epoch: [222][0/7]	Time 0.118 (0.118)	Data 0.011 (0.011)	Loss 0.0146 (0.0146)	MAE 0.042 (0.042)
Test: [0/3]	Time 0.021 (0.021)	Loss 0.2868 (0.2868)	MAE 0.175 (0.175)
Epoch: [223][0/7]	Time 0.118 (0.118)	Data 0.011 (0.011)	Loss 0.0146 (0.0146)	MAE 0.041 (0.041)
Test: [0/3]	Time 0.021 (0.021)	Loss 0.2870 (0.2870)	MAE 0.175 (0.175)
Epoch: [224][0/7]	Time 0.118 (0.118)	Data 0.011 (0.011)	Loss 0.0145 (0.0145)	MAE 0.041 (0.041)
Test: [0/3]	Time 0.021 (0.021)	Loss 0.2872 (0.2872)	MAE 0.175 (0.175)
Epoch: [225][0/7]	Time 0.118 (0.118)	Data 0.011 (0.011)	Loss 0.0145 (0.0145)	MAE 0.041 (0.041)
Test: [0/3]	Time 0.021 (0.021)	Loss 0.2873 (0.2873)	MAE 0.175 (0.175)
Epoch: [226][0/7]	Time 0.118 (0.118)	Data 0.011 (0.011)	Loss 0.0144 (0.0144)	MAE 0.041 (0.041)
Test: [0/3]	Time 0.022 (0.022)	Loss 0.2875 (0.2875)	MAE 0.175 (0.175)
Epoch: [227][0/7]	Time 0.118 (0.118)	Data 0.011 (0.011)	Loss 0.0144 (0.0144)	MAE 0.041 (0.041)
Test: [0/3]	Time 0.021 (0.021)	Loss 0.2877 (0.2877)	MAE 0.175 (0.175)
Epoch: [228][0/7]	Time 0.118 (0.118)	Data 0.011 (0.011)	Loss 0.0143 (0.0143)	MAE 0.041 (0.041)
Test: [0/3]	Time 0.021 (0.021)	Loss 0.2878 (0.2878)	MAE 0.175 (0.175)
Epoch: [229][0/7]	Time 0.118 (0.118)	Data 0.011 (0.011)	Loss 0.0143 (0.0143)	MAE 0.041 (0.041)
Test: [0/3]	Time 0.021 (0.021)	Loss 0.2880 (0.2880)	MAE 0.175 (0.175)
Epoch: [230][0/7]	Time 0.118 (0.118)	Data 0.011 (0.011)	Loss 0.0142 (0.0142)	MAE 0.041 (0.041)
Test: [0/3]	Time 0.021 (0.021)	Loss 0.2882 (0.2882)	MAE 0.175 (0.175)
Epoch: [231][0/7]	Time 0.118 (0.118)	Data 0.011 (0.011)	Loss 0.0142 (0.0142)	MAE 0.041 (0.041)
Test: [0/3]	Time 0.021 (0.021)	Loss 0.2883 (0.2883)	MAE 0.175 (0.175)
Epoch: [232][0/7]	Time 0.118 (0.118)	Data 0.011 (0.011)	Loss 0.0141 (0.0141)	MAE 0.041 (0.041)
Test: [0/3]	Time 0.021 (0.021)	Loss 0.2885 (0.2885)	MAE 0.175 (0.175)
Epoch: [233][0/7]	Time 0.118 (0.118)	Data 0.011 (0.011)	Loss 0.0141 (0.0141)	MAE 0.041 (0.041)
Test: [0/3]	Time 0.023 (0.023)	Loss 0.2887 (0.2887)	MAE 0.175 (0.175)
Epoch: [234][0/7]	Time 0.119 (0.119)	Data 0.012 (0.012)	Loss 0.0140 (0.0140)	MAE 0.041 (0.041)
Test: [0/3]	Time 0.022 (0.022)	Loss 0.2889 (0.2889)	MAE 0.175 (0.175)
Epoch: [235][0/7]	Time 0.118 (0.118)	Data 0.011 (0.011)	Loss 0.0140 (0.0140)	MAE 0.041 (0.041)
Test: [0/3]	Time 0.021 (0.021)	Loss 0.2890 (0.2890)	MAE 0.175 (0.175)
Epoch: [236][0/7]	Time 0.117 (0.117)	Data 0.011 (0.011)	Loss 0.0139 (0.0139)	MAE 0.041 (0.041)
Test: [0/3]	Time 0.021 (0.021)	Loss 0.2892 (0.2892)	MAE 0.175 (0.175)
Epoch: [237][0/7]	Time 0.118 (0.118)	Data 0.011 (0.011)	Loss 0.0139 (0.0139)	MAE 0.040 (0.040)
Test: [0/3]	Time 0.021 (0.021)	Loss 0.2894 (0.2894)	MAE 0.175 (0.175)
Epoch: [238][0/7]	Time 0.117 (0.117)	Data 0.011 (0.011)	Loss 0.0138 (0.0138)	MAE 0.040 (0.040)
Test: [0/3]	Time 0.021 (0.021)	Loss 0.2895 (0.2895)	MAE 0.175 (0.175)
Epoch: [239][0/7]	Time 0.118 (0.118)	Data 0.011 (0.011)	Loss 0.0138 (0.0138)	MAE 0.040 (0.040)
Test: [0/3]	Time 0.021 (0.021)	Loss 0.2897 (0.2897)	MAE 0.175 (0.175)
Epoch: [240][0/7]	Time 0.118 (0.118)	Data 0.011 (0.011)	Loss 0.0137 (0.0137)	MAE 0.040 (0.040)
Test: [0/3]	Time 0.021 (0.021)	Loss 0.2899 (0.2899)	MAE 0.175 (0.175)
Epoch: [241][0/7]	Time 0.118 (0.118)	Data 0.011 (0.011)	Loss 0.0137 (0.0137)	MAE 0.040 (0.040)
Test: [0/3]	Time 0.021 (0.021)	Loss 0.2901 (0.2901)	MAE 0.175 (0.175)
Epoch: [242][0/7]	Time 0.118 (0.118)	Data 0.011 (0.011)	Loss 0.0136 (0.0136)	MAE 0.040 (0.040)
Test: [0/3]	Time 0.021 (0.021)	Loss 0.2902 (0.2902)	MAE 0.175 (0.175)
Epoch: [243][0/7]	Time 0.118 (0.118)	Data 0.011 (0.011)	Loss 0.0136 (0.0136)	MAE 0.040 (0.040)
Test: [0/3]	Time 0.021 (0.021)	Loss 0.2904 (0.2904)	MAE 0.176 (0.176)
Epoch: [244][0/7]	Time 0.118 (0.118)	Data 0.011 (0.011)	Loss 0.0135 (0.0135)	MAE 0.040 (0.040)
Test: [0/3]	Time 0.021 (0.021)	Loss 0.2906 (0.2906)	MAE 0.176 (0.176)
Epoch: [245][0/7]	Time 0.118 (0.118)	Data 0.011 (0.011)	Loss 0.0135 (0.0135)	MAE 0.040 (0.040)
Test: [0/3]	Time 0.021 (0.021)	Loss 0.2908 (0.2908)	MAE 0.176 (0.176)
Epoch: [246][0/7]	Time 0.118 (0.118)	Data 0.011 (0.011)	Loss 0.0134 (0.0134)	MAE 0.040 (0.040)
Test: [0/3]	Time 0.021 (0.021)	Loss 0.2909 (0.2909)	MAE 0.176 (0.176)
Epoch: [247][0/7]	Time 0.118 (0.118)	Data 0.011 (0.011)	Loss 0.0134 (0.0134)	MAE 0.040 (0.040)
Test: [0/3]	Time 0.021 (0.021)	Loss 0.2911 (0.2911)	MAE 0.176 (0.176)
Epoch: [248][0/7]	Time 0.118 (0.118)	Data 0.011 (0.011)	Loss 0.0133 (0.0133)	MAE 0.040 (0.040)
Test: [0/3]	Time 0.021 (0.021)	Loss 0.2913 (0.2913)	MAE 0.176 (0.176)
Epoch: [249][0/7]	Time 0.118 (0.118)	Data 0.011 (0.011)	Loss 0.0133 (0.0133)	MAE 0.040 (0.040)
Test: [0/3]	Time 0.021 (0.021)	Loss 0.2915 (0.2915)	MAE 0.176 (0.176)
Epoch: [250][0/7]	Time 0.118 (0.118)	Data 0.012 (0.012)	Loss 0.0132 (0.0132)	MAE 0.040 (0.040)
Test: [0/3]	Time 0.021 (0.021)	Loss 0.2916 (0.2916)	MAE 0.176 (0.176)
Epoch: [251][0/7]	Time 0.118 (0.118)	Data 0.012 (0.012)	Loss 0.0132 (0.0132)	MAE 0.040 (0.040)
Test: [0/3]	Time 0.021 (0.021)	Loss 0.2918 (0.2918)	MAE 0.176 (0.176)
Epoch: [252][0/7]	Time 0.118 (0.118)	Data 0.011 (0.011)	Loss 0.0132 (0.0132)	MAE 0.040 (0.040)
Test: [0/3]	Time 0.021 (0.021)	Loss 0.2920 (0.2920)	MAE 0.176 (0.176)
Epoch: [253][0/7]	Time 0.118 (0.118)	Data 0.011 (0.011)	Loss 0.0131 (0.0131)	MAE 0.039 (0.039)
Test: [0/3]	Time 0.021 (0.021)	Loss 0.2922 (0.2922)	MAE 0.176 (0.176)
Epoch: [254][0/7]	Time 0.118 (0.118)	Data 0.011 (0.011)	Loss 0.0131 (0.0131)	MAE 0.039 (0.039)
Test: [0/3]	Time 0.021 (0.021)	Loss 0.2924 (0.2924)	MAE 0.176 (0.176)
Epoch: [255][0/7]	Time 0.118 (0.118)	Data 0.011 (0.011)	Loss 0.0130 (0.0130)	MAE 0.039 (0.039)
Test: [0/3]	Time 0.021 (0.021)	Loss 0.2925 (0.2925)	MAE 0.176 (0.176)
Epoch: [256][0/7]	Time 0.118 (0.118)	Data 0.011 (0.011)	Loss 0.0130 (0.0130)	MAE 0.039 (0.039)
Test: [0/3]	Time 0.021 (0.021)	Loss 0.2927 (0.2927)	MAE 0.176 (0.176)
Epoch: [257][0/7]	Time 0.118 (0.118)	Data 0.011 (0.011)	Loss 0.0129 (0.0129)	MAE 0.039 (0.039)
Test: [0/3]	Time 0.021 (0.021)	Loss 0.2929 (0.2929)	MAE 0.176 (0.176)
Epoch: [258][0/7]	Time 0.118 (0.118)	Data 0.011 (0.011)	Loss 0.0129 (0.0129)	MAE 0.039 (0.039)
Test: [0/3]	Time 0.021 (0.021)	Loss 0.2931 (0.2931)	MAE 0.176 (0.176)
Epoch: [259][0/7]	Time 0.117 (0.117)	Data 0.011 (0.011)	Loss 0.0128 (0.0128)	MAE 0.039 (0.039)
Test: [0/3]	Time 0.021 (0.021)	Loss 0.2932 (0.2932)	MAE 0.176 (0.176)
Epoch: [260][0/7]	Time 0.118 (0.118)	Data 0.011 (0.011)	Loss 0.0128 (0.0128)	MAE 0.039 (0.039)
Test: [0/3]	Time 0.021 (0.021)	Loss 0.2934 (0.2934)	MAE 0.176 (0.176)
Epoch: [261][0/7]	Time 0.118 (0.118)	Data 0.011 (0.011)	Loss 0.0127 (0.0127)	MAE 0.039 (0.039)
Test: [0/3]	Time 0.021 (0.021)	Loss 0.2936 (0.2936)	MAE 0.176 (0.176)
Epoch: [262][0/7]	Time 0.118 (0.118)	Data 0.011 (0.011)	Loss 0.0127 (0.0127)	MAE 0.039 (0.039)
Test: [0/3]	Time 0.021 (0.021)	Loss 0.2938 (0.2938)	MAE 0.176 (0.176)
Epoch: [263][0/7]	Time 0.118 (0.118)	Data 0.011 (0.011)	Loss 0.0127 (0.0127)	MAE 0.039 (0.039)
Test: [0/3]	Time 0.021 (0.021)	Loss 0.2940 (0.2940)	MAE 0.176 (0.176)
Epoch: [264][0/7]	Time 0.117 (0.117)	Data 0.011 (0.011)	Loss 0.0126 (0.0126)	MAE 0.039 (0.039)
Test: [0/3]	Time 0.021 (0.021)	Loss 0.2941 (0.2941)	MAE 0.176 (0.176)
Epoch: [265][0/7]	Time 0.118 (0.118)	Data 0.011 (0.011)	Loss 0.0126 (0.0126)	MAE 0.039 (0.039)
Test: [0/3]	Time 0.021 (0.021)	Loss 0.2943 (0.2943)	MAE 0.176 (0.176)
Epoch: [266][0/7]	Time 0.118 (0.118)	Data 0.011 (0.011)	Loss 0.0125 (0.0125)	MAE 0.039 (0.039)
Test: [0/3]	Time 0.021 (0.021)	Loss 0.2945 (0.2945)	MAE 0.176 (0.176)
Epoch: [267][0/7]	Time 0.118 (0.118)	Data 0.011 (0.011)	Loss 0.0125 (0.0125)	MAE 0.039 (0.039)
Test: [0/3]	Time 0.021 (0.021)	Loss 0.2947 (0.2947)	MAE 0.176 (0.176)
Epoch: [268][0/7]	Time 0.118 (0.118)	Data 0.011 (0.011)	Loss 0.0124 (0.0124)	MAE 0.039 (0.039)
Test: [0/3]	Time 0.021 (0.021)	Loss 0.2949 (0.2949)	MAE 0.176 (0.176)
Epoch: [269][0/7]	Time 0.118 (0.118)	Data 0.011 (0.011)	Loss 0.0124 (0.0124)	MAE 0.038 (0.038)
Test: [0/3]	Time 0.021 (0.021)	Loss 0.2951 (0.2951)	MAE 0.176 (0.176)
Epoch: [270][0/7]	Time 0.118 (0.118)	Data 0.011 (0.011)	Loss 0.0124 (0.0124)	MAE 0.038 (0.038)
Test: [0/3]	Time 0.021 (0.021)	Loss 0.2952 (0.2952)	MAE 0.177 (0.177)
Epoch: [271][0/7]	Time 0.118 (0.118)	Data 0.011 (0.011)	Loss 0.0123 (0.0123)	MAE 0.038 (0.038)
Test: [0/3]	Time 0.021 (0.021)	Loss 0.2954 (0.2954)	MAE 0.177 (0.177)
Epoch: [272][0/7]	Time 0.118 (0.118)	Data 0.011 (0.011)	Loss 0.0123 (0.0123)	MAE 0.038 (0.038)
Test: [0/3]	Time 0.021 (0.021)	Loss 0.2956 (0.2956)	MAE 0.177 (0.177)
Epoch: [273][0/7]	Time 0.118 (0.118)	Data 0.011 (0.011)	Loss 0.0122 (0.0122)	MAE 0.038 (0.038)
Test: [0/3]	Time 0.022 (0.022)	Loss 0.2958 (0.2958)	MAE 0.177 (0.177)
Epoch: [274][0/7]	Time 0.119 (0.119)	Data 0.012 (0.012)	Loss 0.0122 (0.0122)	MAE 0.038 (0.038)
Test: [0/3]	Time 0.022 (0.022)	Loss 0.2960 (0.2960)	MAE 0.177 (0.177)
Epoch: [275][0/7]	Time 0.118 (0.118)	Data 0.012 (0.012)	Loss 0.0122 (0.0122)	MAE 0.038 (0.038)
Test: [0/3]	Time 0.021 (0.021)	Loss 0.2961 (0.2961)	MAE 0.177 (0.177)
Epoch: [276][0/7]	Time 0.118 (0.118)	Data 0.011 (0.011)	Loss 0.0121 (0.0121)	MAE 0.038 (0.038)
Test: [0/3]	Time 0.021 (0.021)	Loss 0.2963 (0.2963)	MAE 0.177 (0.177)
Epoch: [277][0/7]	Time 0.118 (0.118)	Data 0.011 (0.011)	Loss 0.0121 (0.0121)	MAE 0.038 (0.038)
Test: [0/3]	Time 0.021 (0.021)	Loss 0.2965 (0.2965)	MAE 0.177 (0.177)
Epoch: [278][0/7]	Time 0.118 (0.118)	Data 0.011 (0.011)	Loss 0.0120 (0.0120)	MAE 0.038 (0.038)
Test: [0/3]	Time 0.021 (0.021)	Loss 0.2967 (0.2967)	MAE 0.177 (0.177)
Epoch: [279][0/7]	Time 0.117 (0.117)	Data 0.011 (0.011)	Loss 0.0120 (0.0120)	MAE 0.038 (0.038)
Test: [0/3]	Time 0.021 (0.021)	Loss 0.2969 (0.2969)	MAE 0.177 (0.177)
Epoch: [280][0/7]	Time 0.118 (0.118)	Data 0.011 (0.011)	Loss 0.0119 (0.0119)	MAE 0.038 (0.038)
Test: [0/3]	Time 0.021 (0.021)	Loss 0.2971 (0.2971)	MAE 0.177 (0.177)
Epoch: [281][0/7]	Time 0.118 (0.118)	Data 0.011 (0.011)	Loss 0.0119 (0.0119)	MAE 0.038 (0.038)
Test: [0/3]	Time 0.021 (0.021)	Loss 0.2972 (0.2972)	MAE 0.177 (0.177)
Epoch: [282][0/7]	Time 0.118 (0.118)	Data 0.011 (0.011)	Loss 0.0119 (0.0119)	MAE 0.038 (0.038)
Test: [0/3]	Time 0.021 (0.021)	Loss 0.2974 (0.2974)	MAE 0.177 (0.177)
Epoch: [283][0/7]	Time 0.118 (0.118)	Data 0.011 (0.011)	Loss 0.0118 (0.0118)	MAE 0.038 (0.038)
Test: [0/3]	Time 0.021 (0.021)	Loss 0.2976 (0.2976)	MAE 0.177 (0.177)
Epoch: [284][0/7]	Time 0.117 (0.117)	Data 0.011 (0.011)	Loss 0.0118 (0.0118)	MAE 0.038 (0.038)
Test: [0/3]	Time 0.021 (0.021)	Loss 0.2978 (0.2978)	MAE 0.177 (0.177)
Epoch: [285][0/7]	Time 0.118 (0.118)	Data 0.011 (0.011)	Loss 0.0118 (0.0118)	MAE 0.038 (0.038)
Test: [0/3]	Time 0.021 (0.021)	Loss 0.2980 (0.2980)	MAE 0.177 (0.177)
Epoch: [286][0/7]	Time 0.117 (0.117)	Data 0.011 (0.011)	Loss 0.0117 (0.0117)	MAE 0.037 (0.037)
Test: [0/3]	Time 0.021 (0.021)	Loss 0.2982 (0.2982)	MAE 0.177 (0.177)
Epoch: [287][0/7]	Time 0.117 (0.117)	Data 0.011 (0.011)	Loss 0.0117 (0.0117)	MAE 0.037 (0.037)
Test: [0/3]	Time 0.021 (0.021)	Loss 0.2984 (0.2984)	MAE 0.177 (0.177)
Epoch: [288][0/7]	Time 0.118 (0.118)	Data 0.011 (0.011)	Loss 0.0116 (0.0116)	MAE 0.037 (0.037)
Test: [0/3]	Time 0.022 (0.022)	Loss 0.2985 (0.2985)	MAE 0.177 (0.177)
Epoch: [289][0/7]	Time 0.118 (0.118)	Data 0.012 (0.012)	Loss 0.0116 (0.0116)	MAE 0.037 (0.037)
Test: [0/3]	Time 0.021 (0.021)	Loss 0.2987 (0.2987)	MAE 0.177 (0.177)
Epoch: [290][0/7]	Time 0.118 (0.118)	Data 0.011 (0.011)	Loss 0.0116 (0.0116)	MAE 0.037 (0.037)
Test: [0/3]	Time 0.021 (0.021)	Loss 0.2989 (0.2989)	MAE 0.177 (0.177)
Epoch: [291][0/7]	Time 0.118 (0.118)	Data 0.012 (0.012)	Loss 0.0115 (0.0115)	MAE 0.037 (0.037)
Test: [0/3]	Time 0.021 (0.021)	Loss 0.2991 (0.2991)	MAE 0.177 (0.177)
Epoch: [292][0/7]	Time 0.118 (0.118)	Data 0.011 (0.011)	Loss 0.0115 (0.0115)	MAE 0.037 (0.037)
Test: [0/3]	Time 0.021 (0.021)	Loss 0.2993 (0.2993)	MAE 0.177 (0.177)
Epoch: [293][0/7]	Time 0.118 (0.118)	Data 0.011 (0.011)	Loss 0.0114 (0.0114)	MAE 0.037 (0.037)
Test: [0/3]	Time 0.021 (0.021)	Loss 0.2995 (0.2995)	MAE 0.177 (0.177)
Epoch: [294][0/7]	Time 0.118 (0.118)	Data 0.011 (0.011)	Loss 0.0114 (0.0114)	MAE 0.037 (0.037)
Test: [0/3]	Time 0.021 (0.021)	Loss 0.2996 (0.2996)	MAE 0.177 (0.177)
Epoch: [295][0/7]	Time 0.118 (0.118)	Data 0.011 (0.011)	Loss 0.0114 (0.0114)	MAE 0.037 (0.037)
Test: [0/3]	Time 0.021 (0.021)	Loss 0.2998 (0.2998)	MAE 0.178 (0.178)
Epoch: [296][0/7]	Time 0.118 (0.118)	Data 0.012 (0.012)	Loss 0.0113 (0.0113)	MAE 0.037 (0.037)
Test: [0/3]	Time 0.021 (0.021)	Loss 0.3000 (0.3000)	MAE 0.178 (0.178)
Epoch: [297][0/7]	Time 0.118 (0.118)	Data 0.012 (0.012)	Loss 0.0113 (0.0113)	MAE 0.037 (0.037)
Test: [0/3]	Time 0.021 (0.021)	Loss 0.3002 (0.3002)	MAE 0.178 (0.178)
Epoch: [298][0/7]	Time 0.118 (0.118)	Data 0.011 (0.011)	Loss 0.0113 (0.0113)	MAE 0.037 (0.037)
Test: [0/3]	Time 0.022 (0.022)	Loss 0.3004 (0.3004)	MAE 0.178 (0.178)
Epoch: [299][0/7]	Time 0.119 (0.119)	Data 0.012 (0.012)	Loss 0.0112 (0.0112)	MAE 0.037 (0.037)
Test: [0/3]	Time 0.021 (0.021)	Loss 0.3006 (0.3006)	MAE 0.178 (0.178)
Epoch: [300][0/7]	Time 0.117 (0.117)	Data 0.011 (0.011)	Loss 0.0112 (0.0112)	MAE 0.037 (0.037)
Test: [0/3]	Time 0.021 (0.021)	Loss 0.3008 (0.3008)	MAE 0.178 (0.178)
Epoch: [301][0/7]	Time 0.118 (0.118)	Data 0.011 (0.011)	Loss 0.0112 (0.0112)	MAE 0.037 (0.037)
Test: [0/3]	Time 0.021 (0.021)	Loss 0.3009 (0.3009)	MAE 0.178 (0.178)
Epoch: [302][0/7]	Time 0.117 (0.117)	Data 0.011 (0.011)	Loss 0.0111 (0.0111)	MAE 0.037 (0.037)
Test: [0/3]	Time 0.021 (0.021)	Loss 0.3011 (0.3011)	MAE 0.178 (0.178)
Epoch: [303][0/7]	Time 0.118 (0.118)	Data 0.011 (0.011)	Loss 0.0111 (0.0111)	MAE 0.037 (0.037)
Test: [0/3]	Time 0.021 (0.021)	Loss 0.3013 (0.3013)	MAE 0.178 (0.178)
Epoch: [304][0/7]	Time 0.117 (0.117)	Data 0.011 (0.011)	Loss 0.0110 (0.0110)	MAE 0.036 (0.036)
Test: [0/3]	Time 0.021 (0.021)	Loss 0.3015 (0.3015)	MAE 0.178 (0.178)
Epoch: [305][0/7]	Time 0.117 (0.117)	Data 0.011 (0.011)	Loss 0.0110 (0.0110)	MAE 0.036 (0.036)
Test: [0/3]	Time 0.021 (0.021)	Loss 0.3017 (0.3017)	MAE 0.178 (0.178)
Epoch: [306][0/7]	Time 0.118 (0.118)	Data 0.011 (0.011)	Loss 0.0110 (0.0110)	MAE 0.036 (0.036)
Test: [0/3]	Time 0.021 (0.021)	Loss 0.3019 (0.3019)	MAE 0.178 (0.178)
Epoch: [307][0/7]	Time 0.118 (0.118)	Data 0.011 (0.011)	Loss 0.0109 (0.0109)	MAE 0.036 (0.036)
Test: [0/3]	Time 0.021 (0.021)	Loss 0.3021 (0.3021)	MAE 0.178 (0.178)
Epoch: [308][0/7]	Time 0.118 (0.118)	Data 0.011 (0.011)	Loss 0.0109 (0.0109)	MAE 0.036 (0.036)
Test: [0/3]	Time 0.021 (0.021)	Loss 0.3022 (0.3022)	MAE 0.178 (0.178)
Epoch: [309][0/7]	Time 0.118 (0.118)	Data 0.011 (0.011)	Loss 0.0109 (0.0109)	MAE 0.036 (0.036)
Test: [0/3]	Time 0.021 (0.021)	Loss 0.3024 (0.3024)	MAE 0.178 (0.178)
Epoch: [310][0/7]	Time 0.117 (0.117)	Data 0.011 (0.011)	Loss 0.0108 (0.0108)	MAE 0.036 (0.036)
Test: [0/3]	Time 0.021 (0.021)	Loss 0.3026 (0.3026)	MAE 0.178 (0.178)
Epoch: [311][0/7]	Time 0.118 (0.118)	Data 0.011 (0.011)	Loss 0.0108 (0.0108)	MAE 0.036 (0.036)
Test: [0/3]	Time 0.021 (0.021)	Loss 0.3028 (0.3028)	MAE 0.178 (0.178)
Epoch: [312][0/7]	Time 0.118 (0.118)	Data 0.011 (0.011)	Loss 0.0108 (0.0108)	MAE 0.036 (0.036)
Test: [0/3]	Time 0.021 (0.021)	Loss 0.3030 (0.3030)	MAE 0.178 (0.178)
Epoch: [313][0/7]	Time 0.118 (0.118)	Data 0.011 (0.011)	Loss 0.0107 (0.0107)	MAE 0.036 (0.036)
Test: [0/3]	Time 0.021 (0.021)	Loss 0.3032 (0.3032)	MAE 0.178 (0.178)
Epoch: [314][0/7]	Time 0.118 (0.118)	Data 0.011 (0.011)	Loss 0.0107 (0.0107)	MAE 0.036 (0.036)
Test: [0/3]	Time 0.021 (0.021)	Loss 0.3034 (0.3034)	MAE 0.178 (0.178)
Epoch: [315][0/7]	Time 0.118 (0.118)	Data 0.011 (0.011)	Loss 0.0107 (0.0107)	MAE 0.036 (0.036)
Test: [0/3]	Time 0.021 (0.021)	Loss 0.3036 (0.3036)	MAE 0.178 (0.178)
Epoch: [316][0/7]	Time 0.117 (0.117)	Data 0.011 (0.011)	Loss 0.0106 (0.0106)	MAE 0.036 (0.036)
Test: [0/3]	Time 0.021 (0.021)	Loss 0.3037 (0.3037)	MAE 0.178 (0.178)
Epoch: [317][0/7]	Time 0.117 (0.117)	Data 0.011 (0.011)	Loss 0.0106 (0.0106)	MAE 0.036 (0.036)
Test: [0/3]	Time 0.021 (0.021)	Loss 0.3039 (0.3039)	MAE 0.178 (0.178)
Epoch: [318][0/7]	Time 0.117 (0.117)	Data 0.011 (0.011)	Loss 0.0106 (0.0106)	MAE 0.036 (0.036)
Test: [0/3]	Time 0.021 (0.021)	Loss 0.3041 (0.3041)	MAE 0.178 (0.178)
Epoch: [319][0/7]	Time 0.117 (0.117)	Data 0.011 (0.011)	Loss 0.0105 (0.0105)	MAE 0.036 (0.036)
Test: [0/3]	Time 0.021 (0.021)	Loss 0.3043 (0.3043)	MAE 0.179 (0.179)
Epoch: [320][0/7]	Time 0.118 (0.118)	Data 0.011 (0.011)	Loss 0.0105 (0.0105)	MAE 0.036 (0.036)
Test: [0/3]	Time 0.021 (0.021)	Loss 0.3045 (0.3045)	MAE 0.179 (0.179)
Epoch: [321][0/7]	Time 0.118 (0.118)	Data 0.011 (0.011)	Loss 0.0105 (0.0105)	MAE 0.036 (0.036)
Test: [0/3]	Time 0.021 (0.021)	Loss 0.3047 (0.3047)	MAE 0.179 (0.179)
Epoch: [322][0/7]	Time 0.118 (0.118)	Data 0.011 (0.011)	Loss 0.0104 (0.0104)	MAE 0.035 (0.035)
Test: [0/3]	Time 0.021 (0.021)	Loss 0.3049 (0.3049)	MAE 0.179 (0.179)
Epoch: [323][0/7]	Time 0.118 (0.118)	Data 0.011 (0.011)	Loss 0.0104 (0.0104)	MAE 0.035 (0.035)
Test: [0/3]	Time 0.021 (0.021)	Loss 0.3050 (0.3050)	MAE 0.179 (0.179)
Epoch: [324][0/7]	Time 0.118 (0.118)	Data 0.011 (0.011)	Loss 0.0104 (0.0104)	MAE 0.035 (0.035)
Test: [0/3]	Time 0.021 (0.021)	Loss 0.3052 (0.3052)	MAE 0.179 (0.179)
Epoch: [325][0/7]	Time 0.118 (0.118)	Data 0.011 (0.011)	Loss 0.0103 (0.0103)	MAE 0.035 (0.035)
Test: [0/3]	Time 0.021 (0.021)	Loss 0.3054 (0.3054)	MAE 0.179 (0.179)
Epoch: [326][0/7]	Time 0.118 (0.118)	Data 0.011 (0.011)	Loss 0.0103 (0.0103)	MAE 0.035 (0.035)
Test: [0/3]	Time 0.021 (0.021)	Loss 0.3056 (0.3056)	MAE 0.179 (0.179)
Epoch: [327][0/7]	Time 0.118 (0.118)	Data 0.011 (0.011)	Loss 0.0103 (0.0103)	MAE 0.035 (0.035)
Test: [0/3]	Time 0.021 (0.021)	Loss 0.3058 (0.3058)	MAE 0.179 (0.179)
Epoch: [328][0/7]	Time 0.118 (0.118)	Data 0.011 (0.011)	Loss 0.0102 (0.0102)	MAE 0.035 (0.035)
Test: [0/3]	Time 0.021 (0.021)	Loss 0.3060 (0.3060)	MAE 0.179 (0.179)
Epoch: [329][0/7]	Time 0.117 (0.117)	Data 0.011 (0.011)	Loss 0.0102 (0.0102)	MAE 0.035 (0.035)
Test: [0/3]	Time 0.021 (0.021)	Loss 0.3062 (0.3062)	MAE 0.179 (0.179)
Epoch: [330][0/7]	Time 0.117 (0.117)	Data 0.011 (0.011)	Loss 0.0102 (0.0102)	MAE 0.035 (0.035)
Test: [0/3]	Time 0.021 (0.021)	Loss 0.3064 (0.3064)	MAE 0.179 (0.179)
Epoch: [331][0/7]	Time 0.119 (0.119)	Data 0.012 (0.012)	Loss 0.0101 (0.0101)	MAE 0.035 (0.035)
Test: [0/3]	Time 0.021 (0.021)	Loss 0.3065 (0.3065)	MAE 0.179 (0.179)
Epoch: [332][0/7]	Time 0.117 (0.117)	Data 0.011 (0.011)	Loss 0.0101 (0.0101)	MAE 0.035 (0.035)
Test: [0/3]	Time 0.021 (0.021)	Loss 0.3067 (0.3067)	MAE 0.179 (0.179)
Epoch: [333][0/7]	Time 0.118 (0.118)	Data 0.011 (0.011)	Loss 0.0101 (0.0101)	MAE 0.035 (0.035)
Test: [0/3]	Time 0.021 (0.021)	Loss 0.3069 (0.3069)	MAE 0.179 (0.179)
Epoch: [334][0/7]	Time 0.118 (0.118)	Data 0.011 (0.011)	Loss 0.0100 (0.0100)	MAE 0.035 (0.035)
Test: [0/3]	Time 0.021 (0.021)	Loss 0.3071 (0.3071)	MAE 0.179 (0.179)
Epoch: [335][0/7]	Time 0.118 (0.118)	Data 0.011 (0.011)	Loss 0.0100 (0.0100)	MAE 0.035 (0.035)
Test: [0/3]	Time 0.021 (0.021)	Loss 0.3073 (0.3073)	MAE 0.179 (0.179)
Epoch: [336][0/7]	Time 0.118 (0.118)	Data 0.011 (0.011)	Loss 0.0100 (0.0100)	MAE 0.035 (0.035)
Test: [0/3]	Time 0.021 (0.021)	Loss 0.3075 (0.3075)	MAE 0.179 (0.179)
Epoch: [337][0/7]	Time 0.118 (0.118)	Data 0.011 (0.011)	Loss 0.0099 (0.0099)	MAE 0.035 (0.035)
Test: [0/3]	Time 0.021 (0.021)	Loss 0.3077 (0.3077)	MAE 0.179 (0.179)
Epoch: [338][0/7]	Time 0.118 (0.118)	Data 0.011 (0.011)	Loss 0.0099 (0.0099)	MAE 0.035 (0.035)
Test: [0/3]	Time 0.021 (0.021)	Loss 0.3078 (0.3078)	MAE 0.179 (0.179)
Epoch: [339][0/7]	Time 0.118 (0.118)	Data 0.011 (0.011)	Loss 0.0099 (0.0099)	MAE 0.035 (0.035)
Test: [0/3]	Time 0.021 (0.021)	Loss 0.3080 (0.3080)	MAE 0.179 (0.179)
Epoch: [340][0/7]	Time 0.118 (0.118)	Data 0.011 (0.011)	Loss 0.0099 (0.0099)	MAE 0.034 (0.034)
Test: [0/3]	Time 0.021 (0.021)	Loss 0.3082 (0.3082)	MAE 0.179 (0.179)
Epoch: [341][0/7]	Time 0.118 (0.118)	Data 0.011 (0.011)	Loss 0.0098 (0.0098)	MAE 0.034 (0.034)
Test: [0/3]	Time 0.021 (0.021)	Loss 0.3084 (0.3084)	MAE 0.179 (0.179)
Epoch: [342][0/7]	Time 0.118 (0.118)	Data 0.011 (0.011)	Loss 0.0098 (0.0098)	MAE 0.034 (0.034)
Test: [0/3]	Time 0.021 (0.021)	Loss 0.3086 (0.3086)	MAE 0.179 (0.179)
Epoch: [343][0/7]	Time 0.117 (0.117)	Data 0.011 (0.011)	Loss 0.0098 (0.0098)	MAE 0.034 (0.034)
Test: [0/3]	Time 0.021 (0.021)	Loss 0.3088 (0.3088)	MAE 0.179 (0.179)
Epoch: [344][0/7]	Time 0.118 (0.118)	Data 0.011 (0.011)	Loss 0.0097 (0.0097)	MAE 0.034 (0.034)
Test: [0/3]	Time 0.021 (0.021)	Loss 0.3090 (0.3090)	MAE 0.180 (0.180)
Epoch: [345][0/7]	Time 0.118 (0.118)	Data 0.011 (0.011)	Loss 0.0097 (0.0097)	MAE 0.034 (0.034)
Test: [0/3]	Time 0.021 (0.021)	Loss 0.3091 (0.3091)	MAE 0.180 (0.180)
Epoch: [346][0/7]	Time 0.117 (0.117)	Data 0.011 (0.011)	Loss 0.0097 (0.0097)	MAE 0.034 (0.034)
Test: [0/3]	Time 0.021 (0.021)	Loss 0.3093 (0.3093)	MAE 0.180 (0.180)
Epoch: [347][0/7]	Time 0.118 (0.118)	Data 0.011 (0.011)	Loss 0.0096 (0.0096)	MAE 0.034 (0.034)
Test: [0/3]	Time 0.021 (0.021)	Loss 0.3095 (0.3095)	MAE 0.180 (0.180)
Epoch: [348][0/7]	Time 0.118 (0.118)	Data 0.011 (0.011)	Loss 0.0096 (0.0096)	MAE 0.034 (0.034)
Test: [0/3]	Time 0.021 (0.021)	Loss 0.3097 (0.3097)	MAE 0.180 (0.180)
Epoch: [349][0/7]	Time 0.117 (0.117)	Data 0.011 (0.011)	Loss 0.0096 (0.0096)	MAE 0.034 (0.034)
Test: [0/3]	Time 0.021 (0.021)	Loss 0.3099 (0.3099)	MAE 0.180 (0.180)
Epoch: [350][0/7]	Time 0.118 (0.118)	Data 0.011 (0.011)	Loss 0.0096 (0.0096)	MAE 0.034 (0.034)
Test: [0/3]	Time 0.021 (0.021)	Loss 0.3101 (0.3101)	MAE 0.180 (0.180)
Epoch: [351][0/7]	Time 0.118 (0.118)	Data 0.011 (0.011)	Loss 0.0095 (0.0095)	MAE 0.034 (0.034)
Test: [0/3]	Time 0.021 (0.021)	Loss 0.3102 (0.3102)	MAE 0.180 (0.180)
Epoch: [352][0/7]	Time 0.118 (0.118)	Data 0.011 (0.011)	Loss 0.0095 (0.0095)	MAE 0.034 (0.034)
Test: [0/3]	Time 0.021 (0.021)	Loss 0.3104 (0.3104)	MAE 0.180 (0.180)
Epoch: [353][0/7]	Time 0.118 (0.118)	Data 0.011 (0.011)	Loss 0.0095 (0.0095)	MAE 0.034 (0.034)
Test: [0/3]	Time 0.021 (0.021)	Loss 0.3106 (0.3106)	MAE 0.180 (0.180)
Epoch: [354][0/7]	Time 0.118 (0.118)	Data 0.011 (0.011)	Loss 0.0094 (0.0094)	MAE 0.034 (0.034)
Test: [0/3]	Time 0.021 (0.021)	Loss 0.3108 (0.3108)	MAE 0.180 (0.180)
Epoch: [355][0/7]	Time 0.117 (0.117)	Data 0.011 (0.011)	Loss 0.0094 (0.0094)	MAE 0.034 (0.034)
Test: [0/3]	Time 0.021 (0.021)	Loss 0.3110 (0.3110)	MAE 0.180 (0.180)
Epoch: [356][0/7]	Time 0.117 (0.117)	Data 0.011 (0.011)	Loss 0.0094 (0.0094)	MAE 0.034 (0.034)
Test: [0/3]	Time 0.021 (0.021)	Loss 0.3112 (0.3112)	MAE 0.180 (0.180)
Epoch: [357][0/7]	Time 0.118 (0.118)	Data 0.011 (0.011)	Loss 0.0094 (0.0094)	MAE 0.034 (0.034)
Test: [0/3]	Time 0.021 (0.021)	Loss 0.3113 (0.3113)	MAE 0.180 (0.180)
Epoch: [358][0/7]	Time 0.117 (0.117)	Data 0.011 (0.011)	Loss 0.0093 (0.0093)	MAE 0.034 (0.034)
Test: [0/3]	Time 0.021 (0.021)	Loss 0.3115 (0.3115)	MAE 0.180 (0.180)
Epoch: [359][0/7]	Time 0.118 (0.118)	Data 0.012 (0.012)	Loss 0.0093 (0.0093)	MAE 0.033 (0.033)
Test: [0/3]	Time 0.021 (0.021)	Loss 0.3117 (0.3117)	MAE 0.180 (0.180)
Epoch: [360][0/7]	Time 0.118 (0.118)	Data 0.011 (0.011)	Loss 0.0093 (0.0093)	MAE 0.033 (0.033)
Test: [0/3]	Time 0.021 (0.021)	Loss 0.3119 (0.3119)	MAE 0.180 (0.180)
Epoch: [361][0/7]	Time 0.117 (0.117)	Data 0.011 (0.011)	Loss 0.0092 (0.0092)	MAE 0.033 (0.033)
Test: [0/3]	Time 0.021 (0.021)	Loss 0.3121 (0.3121)	MAE 0.180 (0.180)
Epoch: [362][0/7]	Time 0.118 (0.118)	Data 0.011 (0.011)	Loss 0.0092 (0.0092)	MAE 0.033 (0.033)
Test: [0/3]	Time 0.021 (0.021)	Loss 0.3123 (0.3123)	MAE 0.180 (0.180)
Epoch: [363][0/7]	Time 0.118 (0.118)	Data 0.011 (0.011)	Loss 0.0092 (0.0092)	MAE 0.033 (0.033)
Test: [0/3]	Time 0.021 (0.021)	Loss 0.3124 (0.3124)	MAE 0.180 (0.180)
Epoch: [364][0/7]	Time 0.118 (0.118)	Data 0.011 (0.011)	Loss 0.0092 (0.0092)	MAE 0.033 (0.033)
Test: [0/3]	Time 0.021 (0.021)	Loss 0.3126 (0.3126)	MAE 0.180 (0.180)
Epoch: [365][0/7]	Time 0.118 (0.118)	Data 0.011 (0.011)	Loss 0.0091 (0.0091)	MAE 0.033 (0.033)
Test: [0/3]	Time 0.022 (0.022)	Loss 0.3128 (0.3128)	MAE 0.180 (0.180)
Epoch: [366][0/7]	Time 0.118 (0.118)	Data 0.011 (0.011)	Loss 0.0091 (0.0091)	MAE 0.033 (0.033)
Test: [0/3]	Time 0.021 (0.021)	Loss 0.3130 (0.3130)	MAE 0.180 (0.180)
Epoch: [367][0/7]	Time 0.117 (0.117)	Data 0.011 (0.011)	Loss 0.0091 (0.0091)	MAE 0.033 (0.033)
Test: [0/3]	Time 0.021 (0.021)	Loss 0.3132 (0.3132)	MAE 0.180 (0.180)
Epoch: [368][0/7]	Time 0.118 (0.118)	Data 0.011 (0.011)	Loss 0.0091 (0.0091)	MAE 0.033 (0.033)
Test: [0/3]	Time 0.021 (0.021)	Loss 0.3133 (0.3133)	MAE 0.180 (0.180)
Epoch: [369][0/7]	Time 0.117 (0.117)	Data 0.011 (0.011)	Loss 0.0090 (0.0090)	MAE 0.033 (0.033)
Test: [0/3]	Time 0.021 (0.021)	Loss 0.3135 (0.3135)	MAE 0.181 (0.181)
Epoch: [370][0/7]	Time 0.117 (0.117)	Data 0.011 (0.011)	Loss 0.0090 (0.0090)	MAE 0.033 (0.033)
Test: [0/3]	Time 0.021 (0.021)	Loss 0.3137 (0.3137)	MAE 0.181 (0.181)
Epoch: [371][0/7]	Time 0.117 (0.117)	Data 0.011 (0.011)	Loss 0.0090 (0.0090)	MAE 0.033 (0.033)
Test: [0/3]	Time 0.021 (0.021)	Loss 0.3139 (0.3139)	MAE 0.181 (0.181)
Epoch: [372][0/7]	Time 0.117 (0.117)	Data 0.011 (0.011)	Loss 0.0089 (0.0089)	MAE 0.033 (0.033)
Test: [0/3]	Time 0.021 (0.021)	Loss 0.3141 (0.3141)	MAE 0.181 (0.181)
Epoch: [373][0/7]	Time 0.118 (0.118)	Data 0.011 (0.011)	Loss 0.0089 (0.0089)	MAE 0.033 (0.033)
Test: [0/3]	Time 0.021 (0.021)	Loss 0.3143 (0.3143)	MAE 0.181 (0.181)
Epoch: [374][0/7]	Time 0.117 (0.117)	Data 0.011 (0.011)	Loss 0.0089 (0.0089)	MAE 0.033 (0.033)
Test: [0/3]	Time 0.021 (0.021)	Loss 0.3144 (0.3144)	MAE 0.181 (0.181)
Epoch: [375][0/7]	Time 0.118 (0.118)	Data 0.011 (0.011)	Loss 0.0089 (0.0089)	MAE 0.033 (0.033)
Test: [0/3]	Time 0.021 (0.021)	Loss 0.3146 (0.3146)	MAE 0.181 (0.181)
Epoch: [376][0/7]	Time 0.118 (0.118)	Data 0.011 (0.011)	Loss 0.0088 (0.0088)	MAE 0.033 (0.033)
Test: [0/3]	Time 0.021 (0.021)	Loss 0.3148 (0.3148)	MAE 0.181 (0.181)
Epoch: [377][0/7]	Time 0.118 (0.118)	Data 0.011 (0.011)	Loss 0.0088 (0.0088)	MAE 0.033 (0.033)
Test: [0/3]	Time 0.021 (0.021)	Loss 0.3150 (0.3150)	MAE 0.181 (0.181)
Epoch: [378][0/7]	Time 0.117 (0.117)	Data 0.011 (0.011)	Loss 0.0088 (0.0088)	MAE 0.032 (0.032)
Test: [0/3]	Time 0.021 (0.021)	Loss 0.3152 (0.3152)	MAE 0.181 (0.181)
Epoch: [379][0/7]	Time 0.117 (0.117)	Data 0.011 (0.011)	Loss 0.0088 (0.0088)	MAE 0.032 (0.032)
Test: [0/3]	Time 0.021 (0.021)	Loss 0.3153 (0.3153)	MAE 0.181 (0.181)
Epoch: [380][0/7]	Time 0.118 (0.118)	Data 0.011 (0.011)	Loss 0.0087 (0.0087)	MAE 0.032 (0.032)
Test: [0/3]	Time 0.022 (0.022)	Loss 0.3155 (0.3155)	MAE 0.181 (0.181)
Epoch: [381][0/7]	Time 0.118 (0.118)	Data 0.012 (0.012)	Loss 0.0087 (0.0087)	MAE 0.032 (0.032)
Test: [0/3]	Time 0.021 (0.021)	Loss 0.3157 (0.3157)	MAE 0.181 (0.181)
Epoch: [382][0/7]	Time 0.118 (0.118)	Data 0.011 (0.011)	Loss 0.0087 (0.0087)	MAE 0.032 (0.032)
Test: [0/3]	Time 0.021 (0.021)	Loss 0.3159 (0.3159)	MAE 0.181 (0.181)
Epoch: [383][0/7]	Time 0.118 (0.118)	Data 0.012 (0.012)	Loss 0.0087 (0.0087)	MAE 0.032 (0.032)
Test: [0/3]	Time 0.021 (0.021)	Loss 0.3160 (0.3160)	MAE 0.181 (0.181)
Epoch: [384][0/7]	Time 0.118 (0.118)	Data 0.011 (0.011)	Loss 0.0086 (0.0086)	MAE 0.032 (0.032)
Test: [0/3]	Time 0.021 (0.021)	Loss 0.3162 (0.3162)	MAE 0.181 (0.181)
Epoch: [385][0/7]	Time 0.117 (0.117)	Data 0.011 (0.011)	Loss 0.0086 (0.0086)	MAE 0.032 (0.032)
Test: [0/3]	Time 0.021 (0.021)	Loss 0.3164 (0.3164)	MAE 0.181 (0.181)
Epoch: [386][0/7]	Time 0.118 (0.118)	Data 0.011 (0.011)	Loss 0.0086 (0.0086)	MAE 0.032 (0.032)
Test: [0/3]	Time 0.021 (0.021)	Loss 0.3166 (0.3166)	MAE 0.181 (0.181)
Epoch: [387][0/7]	Time 0.118 (0.118)	Data 0.011 (0.011)	Loss 0.0086 (0.0086)	MAE 0.032 (0.032)
Test: [0/3]	Time 0.021 (0.021)	Loss 0.3167 (0.3167)	MAE 0.181 (0.181)
Epoch: [388][0/7]	Time 0.118 (0.118)	Data 0.011 (0.011)	Loss 0.0085 (0.0085)	MAE 0.032 (0.032)
Test: [0/3]	Time 0.021 (0.021)	Loss 0.3169 (0.3169)	MAE 0.181 (0.181)
Epoch: [389][0/7]	Time 0.118 (0.118)	Data 0.011 (0.011)	Loss 0.0085 (0.0085)	MAE 0.032 (0.032)
Test: [0/3]	Time 0.021 (0.021)	Loss 0.3171 (0.3171)	MAE 0.181 (0.181)
Epoch: [390][0/7]	Time 0.118 (0.118)	Data 0.011 (0.011)	Loss 0.0085 (0.0085)	MAE 0.032 (0.032)
Test: [0/3]	Time 0.021 (0.021)	Loss 0.3173 (0.3173)	MAE 0.181 (0.181)
Epoch: [391][0/7]	Time 0.118 (0.118)	Data 0.011 (0.011)	Loss 0.0085 (0.0085)	MAE 0.032 (0.032)
Test: [0/3]	Time 0.021 (0.021)	Loss 0.3175 (0.3175)	MAE 0.181 (0.181)
Epoch: [392][0/7]	Time 0.119 (0.119)	Data 0.011 (0.011)	Loss 0.0084 (0.0084)	MAE 0.032 (0.032)
Test: [0/3]	Time 0.021 (0.021)	Loss 0.3176 (0.3176)	MAE 0.181 (0.181)
Epoch: [393][0/7]	Time 0.117 (0.117)	Data 0.011 (0.011)	Loss 0.0084 (0.0084)	MAE 0.032 (0.032)
Test: [0/3]	Time 0.021 (0.021)	Loss 0.3178 (0.3178)	MAE 0.181 (0.181)
Epoch: [394][0/7]	Time 0.117 (0.117)	Data 0.011 (0.011)	Loss 0.0084 (0.0084)	MAE 0.032 (0.032)
Test: [0/3]	Time 0.021 (0.021)	Loss 0.3180 (0.3180)	MAE 0.181 (0.181)
Epoch: [395][0/7]	Time 0.117 (0.117)	Data 0.011 (0.011)	Loss 0.0084 (0.0084)	MAE 0.032 (0.032)
Test: [0/3]	Time 0.021 (0.021)	Loss 0.3182 (0.3182)	MAE 0.182 (0.182)
Epoch: [396][0/7]	Time 0.118 (0.118)	Data 0.011 (0.011)	Loss 0.0083 (0.0083)	MAE 0.032 (0.032)
Test: [0/3]	Time 0.021 (0.021)	Loss 0.3183 (0.3183)	MAE 0.182 (0.182)
Epoch: [397][0/7]	Time 0.118 (0.118)	Data 0.011 (0.011)	Loss 0.0083 (0.0083)	MAE 0.031 (0.031)
Test: [0/3]	Time 0.021 (0.021)	Loss 0.3185 (0.3185)	MAE 0.182 (0.182)
Epoch: [398][0/7]	Time 0.117 (0.117)	Data 0.011 (0.011)	Loss 0.0083 (0.0083)	MAE 0.031 (0.031)
Test: [0/3]	Time 0.021 (0.021)	Loss 0.3187 (0.3187)	MAE 0.182 (0.182)
Epoch: [399][0/7]	Time 0.117 (0.117)	Data 0.011 (0.011)	Loss 0.0083 (0.0083)	MAE 0.031 (0.031)
Test: [0/3]	Time 0.021 (0.021)	Loss 0.3189 (0.3189)	MAE 0.182 (0.182)
Epoch: [400][0/7]	Time 0.118 (0.118)	Data 0.011 (0.011)	Loss 0.0082 (0.0082)	MAE 0.031 (0.031)
Test: [0/3]	Time 0.021 (0.021)	Loss 0.3190 (0.3190)	MAE 0.182 (0.182)
Epoch: [401][0/7]	Time 0.117 (0.117)	Data 0.011 (0.011)	Loss 0.0082 (0.0082)	MAE 0.031 (0.031)
Test: [0/3]	Time 0.021 (0.021)	Loss 0.3192 (0.3192)	MAE 0.182 (0.182)
Epoch: [402][0/7]	Time 0.118 (0.118)	Data 0.011 (0.011)	Loss 0.0082 (0.0082)	MAE 0.031 (0.031)
Test: [0/3]	Time 0.021 (0.021)	Loss 0.3194 (0.3194)	MAE 0.182 (0.182)
Epoch: [403][0/7]	Time 0.118 (0.118)	Data 0.011 (0.011)	Loss 0.0082 (0.0082)	MAE 0.031 (0.031)
Test: [0/3]	Time 0.021 (0.021)	Loss 0.3195 (0.3195)	MAE 0.182 (0.182)
Epoch: [404][0/7]	Time 0.118 (0.118)	Data 0.011 (0.011)	Loss 0.0081 (0.0081)	MAE 0.031 (0.031)
Test: [0/3]	Time 0.021 (0.021)	Loss 0.3197 (0.3197)	MAE 0.182 (0.182)
Epoch: [405][0/7]	Time 0.117 (0.117)	Data 0.011 (0.011)	Loss 0.0081 (0.0081)	MAE 0.031 (0.031)
Test: [0/3]	Time 0.021 (0.021)	Loss 0.3199 (0.3199)	MAE 0.182 (0.182)
Epoch: [406][0/7]	Time 0.118 (0.118)	Data 0.011 (0.011)	Loss 0.0081 (0.0081)	MAE 0.031 (0.031)
Test: [0/3]	Time 0.021 (0.021)	Loss 0.3201 (0.3201)	MAE 0.182 (0.182)
Epoch: [407][0/7]	Time 0.118 (0.118)	Data 0.011 (0.011)	Loss 0.0081 (0.0081)	MAE 0.031 (0.031)
Test: [0/3]	Time 0.021 (0.021)	Loss 0.3202 (0.3202)	MAE 0.182 (0.182)
Epoch: [408][0/7]	Time 0.118 (0.118)	Data 0.011 (0.011)	Loss 0.0081 (0.0081)	MAE 0.031 (0.031)
Test: [0/3]	Time 0.021 (0.021)	Loss 0.3204 (0.3204)	MAE 0.182 (0.182)
Epoch: [409][0/7]	Time 0.118 (0.118)	Data 0.011 (0.011)	Loss 0.0080 (0.0080)	MAE 0.031 (0.031)
Test: [0/3]	Time 0.021 (0.021)	Loss 0.3206 (0.3206)	MAE 0.182 (0.182)
Epoch: [410][0/7]	Time 0.118 (0.118)	Data 0.011 (0.011)	Loss 0.0080 (0.0080)	MAE 0.031 (0.031)
Test: [0/3]	Time 0.021 (0.021)	Loss 0.3208 (0.3208)	MAE 0.182 (0.182)
Epoch: [411][0/7]	Time 0.118 (0.118)	Data 0.011 (0.011)	Loss 0.0080 (0.0080)	MAE 0.031 (0.031)
Test: [0/3]	Time 0.021 (0.021)	Loss 0.3209 (0.3209)	MAE 0.182 (0.182)
Epoch: [412][0/7]	Time 0.117 (0.117)	Data 0.011 (0.011)	Loss 0.0080 (0.0080)	MAE 0.031 (0.031)
Test: [0/3]	Time 0.021 (0.021)	Loss 0.3211 (0.3211)	MAE 0.182 (0.182)
Epoch: [413][0/7]	Time 0.117 (0.117)	Data 0.011 (0.011)	Loss 0.0079 (0.0079)	MAE 0.031 (0.031)
Test: [0/3]	Time 0.021 (0.021)	Loss 0.3213 (0.3213)	MAE 0.182 (0.182)
Epoch: [414][0/7]	Time 0.118 (0.118)	Data 0.011 (0.011)	Loss 0.0079 (0.0079)	MAE 0.031 (0.031)
Test: [0/3]	Time 0.021 (0.021)	Loss 0.3214 (0.3214)	MAE 0.182 (0.182)
Epoch: [415][0/7]	Time 0.118 (0.118)	Data 0.011 (0.011)	Loss 0.0079 (0.0079)	MAE 0.031 (0.031)
Test: [0/3]	Time 0.021 (0.021)	Loss 0.3216 (0.3216)	MAE 0.182 (0.182)
Epoch: [416][0/7]	Time 0.118 (0.118)	Data 0.011 (0.011)	Loss 0.0079 (0.0079)	MAE 0.031 (0.031)
Test: [0/3]	Time 0.021 (0.021)	Loss 0.3218 (0.3218)	MAE 0.182 (0.182)
Epoch: [417][0/7]	Time 0.118 (0.118)	Data 0.011 (0.011)	Loss 0.0078 (0.0078)	MAE 0.030 (0.030)
Test: [0/3]	Time 0.021 (0.021)	Loss 0.3219 (0.3219)	MAE 0.182 (0.182)
Epoch: [418][0/7]	Time 0.117 (0.117)	Data 0.011 (0.011)	Loss 0.0078 (0.0078)	MAE 0.030 (0.030)
Test: [0/3]	Time 0.021 (0.021)	Loss 0.3221 (0.3221)	MAE 0.182 (0.182)
Epoch: [419][0/7]	Time 0.118 (0.118)	Data 0.011 (0.011)	Loss 0.0078 (0.0078)	MAE 0.030 (0.030)
Test: [0/3]	Time 0.021 (0.021)	Loss 0.3223 (0.3223)	MAE 0.182 (0.182)
Epoch: [420][0/7]	Time 0.117 (0.117)	Data 0.011 (0.011)	Loss 0.0078 (0.0078)	MAE 0.030 (0.030)
Test: [0/3]	Time 0.021 (0.021)	Loss 0.3224 (0.3224)	MAE 0.182 (0.182)
Epoch: [421][0/7]	Time 0.117 (0.117)	Data 0.011 (0.011)	Loss 0.0078 (0.0078)	MAE 0.030 (0.030)
Test: [0/3]	Time 0.021 (0.021)	Loss 0.3226 (0.3226)	MAE 0.183 (0.183)
Epoch: [422][0/7]	Time 0.118 (0.118)	Data 0.011 (0.011)	Loss 0.0077 (0.0077)	MAE 0.030 (0.030)
Test: [0/3]	Time 0.021 (0.021)	Loss 0.3228 (0.3228)	MAE 0.183 (0.183)
Epoch: [423][0/7]	Time 0.117 (0.117)	Data 0.011 (0.011)	Loss 0.0077 (0.0077)	MAE 0.030 (0.030)
Test: [0/3]	Time 0.021 (0.021)	Loss 0.3229 (0.3229)	MAE 0.183 (0.183)
Epoch: [424][0/7]	Time 0.117 (0.117)	Data 0.011 (0.011)	Loss 0.0077 (0.0077)	MAE 0.030 (0.030)
Test: [0/3]	Time 0.021 (0.021)	Loss 0.3231 (0.3231)	MAE 0.183 (0.183)
Epoch: [425][0/7]	Time 0.118 (0.118)	Data 0.011 (0.011)	Loss 0.0077 (0.0077)	MAE 0.030 (0.030)
Test: [0/3]	Time 0.020 (0.020)	Loss 0.3233 (0.3233)	MAE 0.183 (0.183)
Epoch: [426][0/7]	Time 0.118 (0.118)	Data 0.011 (0.011)	Loss 0.0077 (0.0077)	MAE 0.030 (0.030)
Test: [0/3]	Time 0.021 (0.021)	Loss 0.3234 (0.3234)	MAE 0.183 (0.183)
Epoch: [427][0/7]	Time 0.117 (0.117)	Data 0.011 (0.011)	Loss 0.0076 (0.0076)	MAE 0.030 (0.030)
Test: [0/3]	Time 0.021 (0.021)	Loss 0.3236 (0.3236)	MAE 0.183 (0.183)
Epoch: [428][0/7]	Time 0.118 (0.118)	Data 0.011 (0.011)	Loss 0.0076 (0.0076)	MAE 0.030 (0.030)
Test: [0/3]	Time 0.021 (0.021)	Loss 0.3238 (0.3238)	MAE 0.183 (0.183)
Epoch: [429][0/7]	Time 0.118 (0.118)	Data 0.011 (0.011)	Loss 0.0076 (0.0076)	MAE 0.030 (0.030)
Test: [0/3]	Time 0.021 (0.021)	Loss 0.3239 (0.3239)	MAE 0.183 (0.183)
Epoch: [430][0/7]	Time 0.117 (0.117)	Data 0.011 (0.011)	Loss 0.0076 (0.0076)	MAE 0.030 (0.030)
Test: [0/3]	Time 0.021 (0.021)	Loss 0.3241 (0.3241)	MAE 0.183 (0.183)
Epoch: [431][0/7]	Time 0.118 (0.118)	Data 0.011 (0.011)	Loss 0.0075 (0.0075)	MAE 0.030 (0.030)
Test: [0/3]	Time 0.021 (0.021)	Loss 0.3243 (0.3243)	MAE 0.183 (0.183)
Epoch: [432][0/7]	Time 0.118 (0.118)	Data 0.011 (0.011)	Loss 0.0075 (0.0075)	MAE 0.030 (0.030)
Test: [0/3]	Time 0.021 (0.021)	Loss 0.3244 (0.3244)	MAE 0.183 (0.183)
Epoch: [433][0/7]	Time 0.117 (0.117)	Data 0.011 (0.011)	Loss 0.0075 (0.0075)	MAE 0.030 (0.030)
Test: [0/3]	Time 0.021 (0.021)	Loss 0.3246 (0.3246)	MAE 0.183 (0.183)
Epoch: [434][0/7]	Time 0.118 (0.118)	Data 0.011 (0.011)	Loss 0.0075 (0.0075)	MAE 0.030 (0.030)
Test: [0/3]	Time 0.021 (0.021)	Loss 0.3248 (0.3248)	MAE 0.183 (0.183)
Epoch: [435][0/7]	Time 0.117 (0.117)	Data 0.011 (0.011)	Loss 0.0075 (0.0075)	MAE 0.030 (0.030)
Test: [0/3]	Time 0.021 (0.021)	Loss 0.3249 (0.3249)	MAE 0.183 (0.183)
Epoch: [436][0/7]	Time 0.118 (0.118)	Data 0.011 (0.011)	Loss 0.0074 (0.0074)	MAE 0.030 (0.030)
Test: [0/3]	Time 0.021 (0.021)	Loss 0.3251 (0.3251)	MAE 0.183 (0.183)
Epoch: [437][0/7]	Time 0.118 (0.118)	Data 0.011 (0.011)	Loss 0.0074 (0.0074)	MAE 0.030 (0.030)
Test: [0/3]	Time 0.021 (0.021)	Loss 0.3253 (0.3253)	MAE 0.183 (0.183)
Epoch: [438][0/7]	Time 0.117 (0.117)	Data 0.011 (0.011)	Loss 0.0074 (0.0074)	MAE 0.030 (0.030)
Test: [0/3]	Time 0.021 (0.021)	Loss 0.3254 (0.3254)	MAE 0.183 (0.183)
Epoch: [439][0/7]	Time 0.118 (0.118)	Data 0.011 (0.011)	Loss 0.0074 (0.0074)	MAE 0.029 (0.029)
Test: [0/3]	Time 0.021 (0.021)	Loss 0.3256 (0.3256)	MAE 0.183 (0.183)
Epoch: [440][0/7]	Time 0.117 (0.117)	Data 0.011 (0.011)	Loss 0.0074 (0.0074)	MAE 0.029 (0.029)
Test: [0/3]	Time 0.021 (0.021)	Loss 0.3257 (0.3257)	MAE 0.183 (0.183)
Epoch: [441][0/7]	Time 0.118 (0.118)	Data 0.011 (0.011)	Loss 0.0073 (0.0073)	MAE 0.029 (0.029)
Test: [0/3]	Time 0.021 (0.021)	Loss 0.3259 (0.3259)	MAE 0.183 (0.183)
Epoch: [442][0/7]	Time 0.118 (0.118)	Data 0.012 (0.012)	Loss 0.0073 (0.0073)	MAE 0.029 (0.029)
Test: [0/3]	Time 0.021 (0.021)	Loss 0.3261 (0.3261)	MAE 0.183 (0.183)
Epoch: [443][0/7]	Time 0.117 (0.117)	Data 0.011 (0.011)	Loss 0.0073 (0.0073)	MAE 0.029 (0.029)
Test: [0/3]	Time 0.021 (0.021)	Loss 0.3262 (0.3262)	MAE 0.183 (0.183)
Epoch: [444][0/7]	Time 0.117 (0.117)	Data 0.011 (0.011)	Loss 0.0073 (0.0073)	MAE 0.029 (0.029)
Test: [0/3]	Time 0.021 (0.021)	Loss 0.3264 (0.3264)	MAE 0.183 (0.183)
Epoch: [445][0/7]	Time 0.117 (0.117)	Data 0.011 (0.011)	Loss 0.0073 (0.0073)	MAE 0.029 (0.029)
Test: [0/3]	Time 0.021 (0.021)	Loss 0.3266 (0.3266)	MAE 0.183 (0.183)
Epoch: [446][0/7]	Time 0.118 (0.118)	Data 0.011 (0.011)	Loss 0.0072 (0.0072)	MAE 0.029 (0.029)
Test: [0/3]	Time 0.021 (0.021)	Loss 0.3267 (0.3267)	MAE 0.183 (0.183)
Epoch: [447][0/7]	Time 0.118 (0.118)	Data 0.011 (0.011)	Loss 0.0072 (0.0072)	MAE 0.029 (0.029)
Test: [0/3]	Time 0.021 (0.021)	Loss 0.3269 (0.3269)	MAE 0.184 (0.184)
Epoch: [448][0/7]	Time 0.118 (0.118)	Data 0.012 (0.012)	Loss 0.0072 (0.0072)	MAE 0.029 (0.029)
Test: [0/3]	Time 0.021 (0.021)	Loss 0.3270 (0.3270)	MAE 0.184 (0.184)
Epoch: [449][0/7]	Time 0.117 (0.117)	Data 0.011 (0.011)	Loss 0.0072 (0.0072)	MAE 0.029 (0.029)
Test: [0/3]	Time 0.021 (0.021)	Loss 0.3272 (0.3272)	MAE 0.184 (0.184)
Epoch: [450][0/7]	Time 0.117 (0.117)	Data 0.011 (0.011)	Loss 0.0072 (0.0072)	MAE 0.029 (0.029)
Test: [0/3]	Time 0.021 (0.021)	Loss 0.3274 (0.3274)	MAE 0.184 (0.184)
Epoch: [451][0/7]	Time 0.118 (0.118)	Data 0.011 (0.011)	Loss 0.0071 (0.0071)	MAE 0.029 (0.029)
Test: [0/3]	Time 0.021 (0.021)	Loss 0.3275 (0.3275)	MAE 0.184 (0.184)
Epoch: [452][0/7]	Time 0.117 (0.117)	Data 0.011 (0.011)	Loss 0.0071 (0.0071)	MAE 0.029 (0.029)
Test: [0/3]	Time 0.021 (0.021)	Loss 0.3277 (0.3277)	MAE 0.184 (0.184)
Epoch: [453][0/7]	Time 0.118 (0.118)	Data 0.011 (0.011)	Loss 0.0071 (0.0071)	MAE 0.029 (0.029)
Test: [0/3]	Time 0.021 (0.021)	Loss 0.3278 (0.3278)	MAE 0.184 (0.184)
Epoch: [454][0/7]	Time 0.118 (0.118)	Data 0.011 (0.011)	Loss 0.0071 (0.0071)	MAE 0.029 (0.029)
Test: [0/3]	Time 0.021 (0.021)	Loss 0.3280 (0.3280)	MAE 0.184 (0.184)
Epoch: [455][0/7]	Time 0.118 (0.118)	Data 0.011 (0.011)	Loss 0.0071 (0.0071)	MAE 0.029 (0.029)
Test: [0/3]	Time 0.021 (0.021)	Loss 0.3281 (0.3281)	MAE 0.184 (0.184)
Epoch: [456][0/7]	Time 0.117 (0.117)	Data 0.011 (0.011)	Loss 0.0070 (0.0070)	MAE 0.029 (0.029)
Test: [0/3]	Time 0.021 (0.021)	Loss 0.3283 (0.3283)	MAE 0.184 (0.184)
Epoch: [457][0/7]	Time 0.118 (0.118)	Data 0.011 (0.011)	Loss 0.0070 (0.0070)	MAE 0.029 (0.029)
Test: [0/3]	Time 0.021 (0.021)	Loss 0.3285 (0.3285)	MAE 0.184 (0.184)
Epoch: [458][0/7]	Time 0.118 (0.118)	Data 0.011 (0.011)	Loss 0.0070 (0.0070)	MAE 0.029 (0.029)
Test: [0/3]	Time 0.022 (0.022)	Loss 0.3286 (0.3286)	MAE 0.184 (0.184)
Epoch: [459][0/7]	Time 0.117 (0.117)	Data 0.011 (0.011)	Loss 0.0070 (0.0070)	MAE 0.029 (0.029)
Test: [0/3]	Time 0.069 (0.069)	Loss 0.3288 (0.3288)	MAE 0.184 (0.184)
Epoch: [460][0/7]	Time 0.118 (0.118)	Data 0.011 (0.011)	Loss 0.0070 (0.0070)	MAE 0.029 (0.029)
Test: [0/3]	Time 0.021 (0.021)	Loss 0.3289 (0.3289)	MAE 0.184 (0.184)
Epoch: [461][0/7]	Time 0.117 (0.117)	Data 0.011 (0.011)	Loss 0.0069 (0.0069)	MAE 0.028 (0.028)
Test: [0/3]	Time 0.021 (0.021)	Loss 0.3291 (0.3291)	MAE 0.184 (0.184)
Epoch: [462][0/7]	Time 0.118 (0.118)	Data 0.011 (0.011)	Loss 0.0069 (0.0069)	MAE 0.028 (0.028)
Test: [0/3]	Time 0.021 (0.021)	Loss 0.3292 (0.3292)	MAE 0.184 (0.184)
Epoch: [463][0/7]	Time 0.118 (0.118)	Data 0.011 (0.011)	Loss 0.0069 (0.0069)	MAE 0.028 (0.028)
Test: [0/3]	Time 0.021 (0.021)	Loss 0.3294 (0.3294)	MAE 0.184 (0.184)
Epoch: [464][0/7]	Time 0.118 (0.118)	Data 0.011 (0.011)	Loss 0.0069 (0.0069)	MAE 0.028 (0.028)
Test: [0/3]	Time 0.021 (0.021)	Loss 0.3296 (0.3296)	MAE 0.184 (0.184)
Epoch: [465][0/7]	Time 0.118 (0.118)	Data 0.011 (0.011)	Loss 0.0069 (0.0069)	MAE 0.028 (0.028)
Test: [0/3]	Time 0.021 (0.021)	Loss 0.3297 (0.3297)	MAE 0.184 (0.184)
Epoch: [466][0/7]	Time 0.118 (0.118)	Data 0.011 (0.011)	Loss 0.0069 (0.0069)	MAE 0.028 (0.028)
Test: [0/3]	Time 0.021 (0.021)	Loss 0.3299 (0.3299)	MAE 0.184 (0.184)
Epoch: [467][0/7]	Time 0.118 (0.118)	Data 0.011 (0.011)	Loss 0.0068 (0.0068)	MAE 0.028 (0.028)
Test: [0/3]	Time 0.021 (0.021)	Loss 0.3300 (0.3300)	MAE 0.184 (0.184)
Epoch: [468][0/7]	Time 0.118 (0.118)	Data 0.011 (0.011)	Loss 0.0068 (0.0068)	MAE 0.028 (0.028)
Test: [0/3]	Time 0.021 (0.021)	Loss 0.3302 (0.3302)	MAE 0.184 (0.184)
Epoch: [469][0/7]	Time 0.118 (0.118)	Data 0.011 (0.011)	Loss 0.0068 (0.0068)	MAE 0.028 (0.028)
Test: [0/3]	Time 0.021 (0.021)	Loss 0.3303 (0.3303)	MAE 0.184 (0.184)
Epoch: [470][0/7]	Time 0.118 (0.118)	Data 0.011 (0.011)	Loss 0.0068 (0.0068)	MAE 0.028 (0.028)
Test: [0/3]	Time 0.022 (0.022)	Loss 0.3305 (0.3305)	MAE 0.184 (0.184)
Epoch: [471][0/7]	Time 0.119 (0.119)	Data 0.012 (0.012)	Loss 0.0068 (0.0068)	MAE 0.028 (0.028)
Test: [0/3]	Time 0.021 (0.021)	Loss 0.3306 (0.3306)	MAE 0.184 (0.184)
Epoch: [472][0/7]	Time 0.117 (0.117)	Data 0.011 (0.011)	Loss 0.0067 (0.0067)	MAE 0.028 (0.028)
Test: [0/3]	Time 0.021 (0.021)	Loss 0.3308 (0.3308)	MAE 0.184 (0.184)
Epoch: [473][0/7]	Time 0.118 (0.118)	Data 0.011 (0.011)	Loss 0.0067 (0.0067)	MAE 0.028 (0.028)
Test: [0/3]	Time 0.021 (0.021)	Loss 0.3309 (0.3309)	MAE 0.185 (0.185)
Epoch: [474][0/7]	Time 0.118 (0.118)	Data 0.011 (0.011)	Loss 0.0067 (0.0067)	MAE 0.028 (0.028)
Test: [0/3]	Time 0.021 (0.021)	Loss 0.3311 (0.3311)	MAE 0.185 (0.185)
Epoch: [475][0/7]	Time 0.117 (0.117)	Data 0.011 (0.011)	Loss 0.0067 (0.0067)	MAE 0.028 (0.028)
Test: [0/3]	Time 0.021 (0.021)	Loss 0.3312 (0.3312)	MAE 0.185 (0.185)
Epoch: [476][0/7]	Time 0.118 (0.118)	Data 0.011 (0.011)	Loss 0.0067 (0.0067)	MAE 0.028 (0.028)
Test: [0/3]	Time 0.021 (0.021)	Loss 0.3314 (0.3314)	MAE 0.185 (0.185)
Epoch: [477][0/7]	Time 0.118 (0.118)	Data 0.011 (0.011)	Loss 0.0067 (0.0067)	MAE 0.028 (0.028)
Test: [0/3]	Time 0.021 (0.021)	Loss 0.3316 (0.3316)	MAE 0.185 (0.185)
Epoch: [478][0/7]	Time 0.117 (0.117)	Data 0.011 (0.011)	Loss 0.0066 (0.0066)	MAE 0.028 (0.028)
Test: [0/3]	Time 0.021 (0.021)	Loss 0.3317 (0.3317)	MAE 0.185 (0.185)
Epoch: [479][0/7]	Time 0.118 (0.118)	Data 0.011 (0.011)	Loss 0.0066 (0.0066)	MAE 0.028 (0.028)
Test: [0/3]	Time 0.021 (0.021)	Loss 0.3319 (0.3319)	MAE 0.185 (0.185)
Epoch: [480][0/7]	Time 0.117 (0.117)	Data 0.011 (0.011)	Loss 0.0066 (0.0066)	MAE 0.028 (0.028)
Test: [0/3]	Time 0.021 (0.021)	Loss 0.3320 (0.3320)	MAE 0.185 (0.185)
Epoch: [481][0/7]	Time 0.117 (0.117)	Data 0.011 (0.011)	Loss 0.0066 (0.0066)	MAE 0.028 (0.028)
Test: [0/3]	Time 0.021 (0.021)	Loss 0.3322 (0.3322)	MAE 0.185 (0.185)
Epoch: [482][0/7]	Time 0.118 (0.118)	Data 0.011 (0.011)	Loss 0.0066 (0.0066)	MAE 0.028 (0.028)
Test: [0/3]	Time 0.021 (0.021)	Loss 0.3323 (0.3323)	MAE 0.185 (0.185)
Epoch: [483][0/7]	Time 0.117 (0.117)	Data 0.011 (0.011)	Loss 0.0065 (0.0065)	MAE 0.028 (0.028)
Test: [0/3]	Time 0.021 (0.021)	Loss 0.3325 (0.3325)	MAE 0.185 (0.185)
Epoch: [484][0/7]	Time 0.117 (0.117)	Data 0.011 (0.011)	Loss 0.0065 (0.0065)	MAE 0.027 (0.027)
Test: [0/3]	Time 0.021 (0.021)	Loss 0.3326 (0.3326)	MAE 0.185 (0.185)
Epoch: [485][0/7]	Time 0.117 (0.117)	Data 0.011 (0.011)	Loss 0.0065 (0.0065)	MAE 0.027 (0.027)
Test: [0/3]	Time 0.021 (0.021)	Loss 0.3328 (0.3328)	MAE 0.185 (0.185)
Epoch: [486][0/7]	Time 0.118 (0.118)	Data 0.011 (0.011)	Loss 0.0065 (0.0065)	MAE 0.027 (0.027)
Test: [0/3]	Time 0.021 (0.021)	Loss 0.3329 (0.3329)	MAE 0.185 (0.185)
Epoch: [487][0/7]	Time 0.117 (0.117)	Data 0.011 (0.011)	Loss 0.0065 (0.0065)	MAE 0.027 (0.027)
Test: [0/3]	Time 0.021 (0.021)	Loss 0.3331 (0.3331)	MAE 0.185 (0.185)
Epoch: [488][0/7]	Time 0.117 (0.117)	Data 0.011 (0.011)	Loss 0.0065 (0.0065)	MAE 0.027 (0.027)
Test: [0/3]	Time 0.021 (0.021)	Loss 0.3332 (0.3332)	MAE 0.185 (0.185)
Epoch: [489][0/7]	Time 0.117 (0.117)	Data 0.011 (0.011)	Loss 0.0064 (0.0064)	MAE 0.027 (0.027)
Test: [0/3]	Time 0.021 (0.021)	Loss 0.3334 (0.3334)	MAE 0.185 (0.185)
Epoch: [490][0/7]	Time 0.118 (0.118)	Data 0.011 (0.011)	Loss 0.0064 (0.0064)	MAE 0.027 (0.027)
Test: [0/3]	Time 0.021 (0.021)	Loss 0.3335 (0.3335)	MAE 0.185 (0.185)
Epoch: [491][0/7]	Time 0.117 (0.117)	Data 0.011 (0.011)	Loss 0.0064 (0.0064)	MAE 0.027 (0.027)
Test: [0/3]	Time 0.021 (0.021)	Loss 0.3336 (0.3336)	MAE 0.185 (0.185)
Epoch: [492][0/7]	Time 0.118 (0.118)	Data 0.011 (0.011)	Loss 0.0064 (0.0064)	MAE 0.027 (0.027)
Test: [0/3]	Time 0.021 (0.021)	Loss 0.3338 (0.3338)	MAE 0.185 (0.185)
Epoch: [493][0/7]	Time 0.117 (0.117)	Data 0.011 (0.011)	Loss 0.0064 (0.0064)	MAE 0.027 (0.027)
Test: [0/3]	Time 0.021 (0.021)	Loss 0.3339 (0.3339)	MAE 0.185 (0.185)
Epoch: [494][0/7]	Time 0.118 (0.118)	Data 0.012 (0.012)	Loss 0.0064 (0.0064)	MAE 0.027 (0.027)
Test: [0/3]	Time 0.021 (0.021)	Loss 0.3341 (0.3341)	MAE 0.185 (0.185)
Epoch: [495][0/7]	Time 0.117 (0.117)	Data 0.011 (0.011)	Loss 0.0063 (0.0063)	MAE 0.027 (0.027)
Test: [0/3]	Time 0.021 (0.021)	Loss 0.3342 (0.3342)	MAE 0.185 (0.185)
Epoch: [496][0/7]	Time 0.118 (0.118)	Data 0.011 (0.011)	Loss 0.0063 (0.0063)	MAE 0.027 (0.027)
Test: [0/3]	Time 0.021 (0.021)	Loss 0.3344 (0.3344)	MAE 0.185 (0.185)
Epoch: [497][0/7]	Time 0.118 (0.118)	Data 0.011 (0.011)	Loss 0.0063 (0.0063)	MAE 0.027 (0.027)
Test: [0/3]	Time 0.021 (0.021)	Loss 0.3345 (0.3345)	MAE 0.185 (0.185)
Epoch: [498][0/7]	Time 0.117 (0.117)	Data 0.011 (0.011)	Loss 0.0063 (0.0063)	MAE 0.027 (0.027)
Test: [0/3]	Time 0.021 (0.021)	Loss 0.3347 (0.3347)	MAE 0.185 (0.185)
Epoch: [499][0/7]	Time 0.118 (0.118)	Data 0.011 (0.011)	Loss 0.0063 (0.0063)	MAE 0.027 (0.027)
Test: [0/3]	Time 0.021 (0.021)	Loss 0.3348 (0.3348)	MAE 0.185 (0.185)
Epoch: [500][0/7]	Time 0.118 (0.118)	Data 0.011 (0.011)	Loss 0.0063 (0.0063)	MAE 0.027 (0.027)
Test: [0/3]	Time 0.021 (0.021)	Loss 0.3350 (0.3350)	MAE 0.185 (0.185)
Epoch: [501][0/7]	Time 0.117 (0.117)	Data 0.011 (0.011)	Loss 0.0062 (0.0062)	MAE 0.027 (0.027)
Test: [0/3]	Time 0.021 (0.021)	Loss 0.3351 (0.3351)	MAE 0.186 (0.186)
Epoch: [502][0/7]	Time 0.118 (0.118)	Data 0.011 (0.011)	Loss 0.0062 (0.0062)	MAE 0.027 (0.027)
Test: [0/3]	Time 0.021 (0.021)	Loss 0.3353 (0.3353)	MAE 0.186 (0.186)
Epoch: [503][0/7]	Time 0.117 (0.117)	Data 0.011 (0.011)	Loss 0.0062 (0.0062)	MAE 0.027 (0.027)
Test: [0/3]	Time 0.021 (0.021)	Loss 0.3354 (0.3354)	MAE 0.186 (0.186)
Epoch: [504][0/7]	Time 0.118 (0.118)	Data 0.011 (0.011)	Loss 0.0062 (0.0062)	MAE 0.027 (0.027)
Test: [0/3]	Time 0.021 (0.021)	Loss 0.3355 (0.3355)	MAE 0.186 (0.186)
Epoch: [505][0/7]	Time 0.117 (0.117)	Data 0.011 (0.011)	Loss 0.0062 (0.0062)	MAE 0.027 (0.027)
Test: [0/3]	Time 0.021 (0.021)	Loss 0.3357 (0.3357)	MAE 0.186 (0.186)
Epoch: [506][0/7]	Time 0.118 (0.118)	Data 0.011 (0.011)	Loss 0.0062 (0.0062)	MAE 0.027 (0.027)
Test: [0/3]	Time 0.021 (0.021)	Loss 0.3358 (0.3358)	MAE 0.186 (0.186)
Epoch: [507][0/7]	Time 0.117 (0.117)	Data 0.011 (0.011)	Loss 0.0061 (0.0061)	MAE 0.027 (0.027)
Test: [0/3]	Time 0.021 (0.021)	Loss 0.3360 (0.3360)	MAE 0.186 (0.186)
Epoch: [508][0/7]	Time 0.117 (0.117)	Data 0.011 (0.011)	Loss 0.0061 (0.0061)	MAE 0.026 (0.026)
Test: [0/3]	Time 0.021 (0.021)	Loss 0.3361 (0.3361)	MAE 0.186 (0.186)
Epoch: [509][0/7]	Time 0.117 (0.117)	Data 0.011 (0.011)	Loss 0.0061 (0.0061)	MAE 0.026 (0.026)
Test: [0/3]	Time 0.021 (0.021)	Loss 0.3363 (0.3363)	MAE 0.186 (0.186)
Epoch: [510][0/7]	Time 0.117 (0.117)	Data 0.011 (0.011)	Loss 0.0061 (0.0061)	MAE 0.026 (0.026)
Test: [0/3]	Time 0.021 (0.021)	Loss 0.3364 (0.3364)	MAE 0.186 (0.186)
Epoch: [511][0/7]	Time 0.118 (0.118)	Data 0.011 (0.011)	Loss 0.0061 (0.0061)	MAE 0.026 (0.026)
Test: [0/3]	Time 0.021 (0.021)	Loss 0.3365 (0.3365)	MAE 0.186 (0.186)
Epoch: [512][0/7]	Time 0.117 (0.117)	Data 0.011 (0.011)	Loss 0.0061 (0.0061)	MAE 0.026 (0.026)
Test: [0/3]	Time 0.021 (0.021)	Loss 0.3367 (0.3367)	MAE 0.186 (0.186)
Epoch: [513][0/7]	Time 0.117 (0.117)	Data 0.011 (0.011)	Loss 0.0061 (0.0061)	MAE 0.026 (0.026)
Test: [0/3]	Time 0.021 (0.021)	Loss 0.3368 (0.3368)	MAE 0.186 (0.186)
Epoch: [514][0/7]	Time 0.117 (0.117)	Data 0.011 (0.011)	Loss 0.0060 (0.0060)	MAE 0.026 (0.026)
Test: [0/3]	Time 0.021 (0.021)	Loss 0.3370 (0.3370)	MAE 0.186 (0.186)
Epoch: [515][0/7]	Time 0.117 (0.117)	Data 0.011 (0.011)	Loss 0.0060 (0.0060)	MAE 0.026 (0.026)
Test: [0/3]	Time 0.021 (0.021)	Loss 0.3371 (0.3371)	MAE 0.186 (0.186)
Epoch: [516][0/7]	Time 0.118 (0.118)	Data 0.011 (0.011)	Loss 0.0060 (0.0060)	MAE 0.026 (0.026)
Test: [0/3]	Time 0.021 (0.021)	Loss 0.3373 (0.3373)	MAE 0.186 (0.186)
Epoch: [517][0/7]	Time 0.117 (0.117)	Data 0.011 (0.011)	Loss 0.0060 (0.0060)	MAE 0.026 (0.026)
Test: [0/3]	Time 0.021 (0.021)	Loss 0.3374 (0.3374)	MAE 0.186 (0.186)
Epoch: [518][0/7]	Time 0.118 (0.118)	Data 0.011 (0.011)	Loss 0.0060 (0.0060)	MAE 0.026 (0.026)
Test: [0/3]	Time 0.021 (0.021)	Loss 0.3375 (0.3375)	MAE 0.186 (0.186)
Epoch: [519][0/7]	Time 0.118 (0.118)	Data 0.011 (0.011)	Loss 0.0060 (0.0060)	MAE 0.026 (0.026)
Test: [0/3]	Time 0.021 (0.021)	Loss 0.3377 (0.3377)	MAE 0.186 (0.186)
Epoch: [520][0/7]	Time 0.118 (0.118)	Data 0.011 (0.011)	Loss 0.0059 (0.0059)	MAE 0.026 (0.026)
Test: [0/3]	Time 0.021 (0.021)	Loss 0.3378 (0.3378)	MAE 0.186 (0.186)
Epoch: [521][0/7]	Time 0.118 (0.118)	Data 0.011 (0.011)	Loss 0.0059 (0.0059)	MAE 0.026 (0.026)
Test: [0/3]	Time 0.021 (0.021)	Loss 0.3380 (0.3380)	MAE 0.186 (0.186)
Epoch: [522][0/7]	Time 0.117 (0.117)	Data 0.011 (0.011)	Loss 0.0059 (0.0059)	MAE 0.026 (0.026)
Test: [0/3]	Time 0.021 (0.021)	Loss 0.3381 (0.3381)	MAE 0.186 (0.186)
Epoch: [523][0/7]	Time 0.117 (0.117)	Data 0.011 (0.011)	Loss 0.0059 (0.0059)	MAE 0.026 (0.026)
Test: [0/3]	Time 0.021 (0.021)	Loss 0.3382 (0.3382)	MAE 0.186 (0.186)
Epoch: [524][0/7]	Time 0.118 (0.118)	Data 0.011 (0.011)	Loss 0.0059 (0.0059)	MAE 0.026 (0.026)
Test: [0/3]	Time 0.021 (0.021)	Loss 0.3384 (0.3384)	MAE 0.186 (0.186)
Epoch: [525][0/7]	Time 0.118 (0.118)	Data 0.011 (0.011)	Loss 0.0059 (0.0059)	MAE 0.026 (0.026)
Test: [0/3]	Time 0.021 (0.021)	Loss 0.3385 (0.3385)	MAE 0.186 (0.186)
Epoch: [526][0/7]	Time 0.117 (0.117)	Data 0.011 (0.011)	Loss 0.0059 (0.0059)	MAE 0.026 (0.026)
Test: [0/3]	Time 0.021 (0.021)	Loss 0.3387 (0.3387)	MAE 0.186 (0.186)
Epoch: [527][0/7]	Time 0.118 (0.118)	Data 0.011 (0.011)	Loss 0.0058 (0.0058)	MAE 0.026 (0.026)
Test: [0/3]	Time 0.021 (0.021)	Loss 0.3388 (0.3388)	MAE 0.186 (0.186)
Epoch: [528][0/7]	Time 0.118 (0.118)	Data 0.011 (0.011)	Loss 0.0058 (0.0058)	MAE 0.026 (0.026)
Test: [0/3]	Time 0.021 (0.021)	Loss 0.3389 (0.3389)	MAE 0.186 (0.186)
Epoch: [529][0/7]	Time 0.118 (0.118)	Data 0.011 (0.011)	Loss 0.0058 (0.0058)	MAE 0.026 (0.026)
Test: [0/3]	Time 0.021 (0.021)	Loss 0.3391 (0.3391)	MAE 0.186 (0.186)
Epoch: [530][0/7]	Time 0.118 (0.118)	Data 0.011 (0.011)	Loss 0.0058 (0.0058)	MAE 0.026 (0.026)
Test: [0/3]	Time 0.021 (0.021)	Loss 0.3392 (0.3392)	MAE 0.186 (0.186)
Epoch: [531][0/7]	Time 0.118 (0.118)	Data 0.011 (0.011)	Loss 0.0058 (0.0058)	MAE 0.026 (0.026)
Test: [0/3]	Time 0.021 (0.021)	Loss 0.3394 (0.3394)	MAE 0.186 (0.186)
Epoch: [532][0/7]	Time 0.117 (0.117)	Data 0.011 (0.011)	Loss 0.0058 (0.0058)	MAE 0.026 (0.026)
Test: [0/3]	Time 0.021 (0.021)	Loss 0.3395 (0.3395)	MAE 0.187 (0.187)
Epoch: [533][0/7]	Time 0.118 (0.118)	Data 0.011 (0.011)	Loss 0.0057 (0.0057)	MAE 0.026 (0.026)
Test: [0/3]	Time 0.021 (0.021)	Loss 0.3396 (0.3396)	MAE 0.187 (0.187)
Epoch: [534][0/7]	Time 0.117 (0.117)	Data 0.011 (0.011)	Loss 0.0057 (0.0057)	MAE 0.025 (0.025)
Test: [0/3]	Time 0.021 (0.021)	Loss 0.3398 (0.3398)	MAE 0.187 (0.187)
Epoch: [535][0/7]	Time 0.117 (0.117)	Data 0.011 (0.011)	Loss 0.0057 (0.0057)	MAE 0.025 (0.025)
Test: [0/3]	Time 0.021 (0.021)	Loss 0.3399 (0.3399)	MAE 0.187 (0.187)
Epoch: [536][0/7]	Time 0.117 (0.117)	Data 0.011 (0.011)	Loss 0.0057 (0.0057)	MAE 0.025 (0.025)
Test: [0/3]	Time 0.021 (0.021)	Loss 0.3400 (0.3400)	MAE 0.187 (0.187)
Epoch: [537][0/7]	Time 0.117 (0.117)	Data 0.011 (0.011)	Loss 0.0057 (0.0057)	MAE 0.025 (0.025)
Test: [0/3]	Time 0.021 (0.021)	Loss 0.3402 (0.3402)	MAE 0.187 (0.187)
Epoch: [538][0/7]	Time 0.118 (0.118)	Data 0.011 (0.011)	Loss 0.0057 (0.0057)	MAE 0.025 (0.025)
Test: [0/3]	Time 0.021 (0.021)	Loss 0.3403 (0.3403)	MAE 0.187 (0.187)
Epoch: [539][0/7]	Time 0.117 (0.117)	Data 0.011 (0.011)	Loss 0.0057 (0.0057)	MAE 0.025 (0.025)
Test: [0/3]	Time 0.021 (0.021)	Loss 0.3404 (0.3404)	MAE 0.187 (0.187)
Epoch: [540][0/7]	Time 0.117 (0.117)	Data 0.011 (0.011)	Loss 0.0056 (0.0056)	MAE 0.025 (0.025)
Test: [0/3]	Time 0.021 (0.021)	Loss 0.3406 (0.3406)	MAE 0.187 (0.187)
Epoch: [541][0/7]	Time 0.118 (0.118)	Data 0.011 (0.011)	Loss 0.0056 (0.0056)	MAE 0.025 (0.025)
Test: [0/3]	Time 0.021 (0.021)	Loss 0.3407 (0.3407)	MAE 0.187 (0.187)
Epoch: [542][0/7]	Time 0.117 (0.117)	Data 0.011 (0.011)	Loss 0.0056 (0.0056)	MAE 0.025 (0.025)
Test: [0/3]	Time 0.021 (0.021)	Loss 0.3409 (0.3409)	MAE 0.187 (0.187)
Epoch: [543][0/7]	Time 0.118 (0.118)	Data 0.011 (0.011)	Loss 0.0056 (0.0056)	MAE 0.025 (0.025)
Test: [0/3]	Time 0.021 (0.021)	Loss 0.3410 (0.3410)	MAE 0.187 (0.187)
Epoch: [544][0/7]	Time 0.118 (0.118)	Data 0.012 (0.012)	Loss 0.0056 (0.0056)	MAE 0.025 (0.025)
Test: [0/3]	Time 0.021 (0.021)	Loss 0.3411 (0.3411)	MAE 0.187 (0.187)
Epoch: [545][0/7]	Time 0.117 (0.117)	Data 0.011 (0.011)	Loss 0.0056 (0.0056)	MAE 0.025 (0.025)
Test: [0/3]	Time 0.021 (0.021)	Loss 0.3413 (0.3413)	MAE 0.187 (0.187)
Epoch: [546][0/7]	Time 0.118 (0.118)	Data 0.011 (0.011)	Loss 0.0056 (0.0056)	MAE 0.025 (0.025)
Test: [0/3]	Time 0.021 (0.021)	Loss 0.3414 (0.3414)	MAE 0.187 (0.187)
Epoch: [547][0/7]	Time 0.118 (0.118)	Data 0.011 (0.011)	Loss 0.0055 (0.0055)	MAE 0.025 (0.025)
Test: [0/3]	Time 0.021 (0.021)	Loss 0.3415 (0.3415)	MAE 0.187 (0.187)
Epoch: [548][0/7]	Time 0.118 (0.118)	Data 0.011 (0.011)	Loss 0.0055 (0.0055)	MAE 0.025 (0.025)
Test: [0/3]	Time 0.021 (0.021)	Loss 0.3417 (0.3417)	MAE 0.187 (0.187)
Epoch: [549][0/7]	Time 0.118 (0.118)	Data 0.011 (0.011)	Loss 0.0055 (0.0055)	MAE 0.025 (0.025)
Test: [0/3]	Time 0.021 (0.021)	Loss 0.3418 (0.3418)	MAE 0.187 (0.187)
Epoch: [550][0/7]	Time 0.118 (0.118)	Data 0.011 (0.011)	Loss 0.0055 (0.0055)	MAE 0.025 (0.025)
Test: [0/3]	Time 0.021 (0.021)	Loss 0.3419 (0.3419)	MAE 0.187 (0.187)
Epoch: [551][0/7]	Time 0.117 (0.117)	Data 0.011 (0.011)	Loss 0.0055 (0.0055)	MAE 0.025 (0.025)
Test: [0/3]	Time 0.021 (0.021)	Loss 0.3421 (0.3421)	MAE 0.187 (0.187)
Epoch: [552][0/7]	Time 0.118 (0.118)	Data 0.011 (0.011)	Loss 0.0055 (0.0055)	MAE 0.025 (0.025)
Test: [0/3]	Time 0.021 (0.021)	Loss 0.3422 (0.3422)	MAE 0.187 (0.187)
Epoch: [553][0/7]	Time 0.117 (0.117)	Data 0.011 (0.011)	Loss 0.0055 (0.0055)	MAE 0.025 (0.025)
Test: [0/3]	Time 0.021 (0.021)	Loss 0.3423 (0.3423)	MAE 0.187 (0.187)
Epoch: [554][0/7]	Time 0.117 (0.117)	Data 0.011 (0.011)	Loss 0.0054 (0.0054)	MAE 0.025 (0.025)
Test: [0/3]	Time 0.021 (0.021)	Loss 0.3425 (0.3425)	MAE 0.187 (0.187)
Epoch: [555][0/7]	Time 0.118 (0.118)	Data 0.011 (0.011)	Loss 0.0054 (0.0054)	MAE 0.025 (0.025)
Test: [0/3]	Time 0.022 (0.022)	Loss 0.3426 (0.3426)	MAE 0.187 (0.187)
Epoch: [556][0/7]	Time 0.118 (0.118)	Data 0.012 (0.012)	Loss 0.0054 (0.0054)	MAE 0.025 (0.025)
Test: [0/3]	Time 0.021 (0.021)	Loss 0.3427 (0.3427)	MAE 0.187 (0.187)
Epoch: [557][0/7]	Time 0.118 (0.118)	Data 0.011 (0.011)	Loss 0.0054 (0.0054)	MAE 0.025 (0.025)
Test: [0/3]	Time 0.021 (0.021)	Loss 0.3429 (0.3429)	MAE 0.187 (0.187)
Epoch: [558][0/7]	Time 0.117 (0.117)	Data 0.011 (0.011)	Loss 0.0054 (0.0054)	MAE 0.025 (0.025)
Test: [0/3]	Time 0.021 (0.021)	Loss 0.3430 (0.3430)	MAE 0.187 (0.187)
Epoch: [559][0/7]	Time 0.117 (0.117)	Data 0.011 (0.011)	Loss 0.0054 (0.0054)	MAE 0.025 (0.025)
Test: [0/3]	Time 0.021 (0.021)	Loss 0.3431 (0.3431)	MAE 0.187 (0.187)
Epoch: [560][0/7]	Time 0.118 (0.118)	Data 0.012 (0.012)	Loss 0.0054 (0.0054)	MAE 0.025 (0.025)
Test: [0/3]	Time 0.021 (0.021)	Loss 0.3433 (0.3433)	MAE 0.187 (0.187)
Epoch: [561][0/7]	Time 0.118 (0.118)	Data 0.011 (0.011)	Loss 0.0054 (0.0054)	MAE 0.024 (0.024)
Test: [0/3]	Time 0.021 (0.021)	Loss 0.3434 (0.3434)	MAE 0.187 (0.187)
Epoch: [562][0/7]	Time 0.117 (0.117)	Data 0.011 (0.011)	Loss 0.0053 (0.0053)	MAE 0.024 (0.024)
Test: [0/3]	Time 0.021 (0.021)	Loss 0.3435 (0.3435)	MAE 0.187 (0.187)
Epoch: [563][0/7]	Time 0.117 (0.117)	Data 0.011 (0.011)	Loss 0.0053 (0.0053)	MAE 0.024 (0.024)
Test: [0/3]	Time 0.021 (0.021)	Loss 0.3436 (0.3436)	MAE 0.187 (0.187)
Epoch: [564][0/7]	Time 0.118 (0.118)	Data 0.011 (0.011)	Loss 0.0053 (0.0053)	MAE 0.024 (0.024)
Test: [0/3]	Time 0.021 (0.021)	Loss 0.3438 (0.3438)	MAE 0.188 (0.188)
Epoch: [565][0/7]	Time 0.118 (0.118)	Data 0.011 (0.011)	Loss 0.0053 (0.0053)	MAE 0.024 (0.024)
Test: [0/3]	Time 0.021 (0.021)	Loss 0.3439 (0.3439)	MAE 0.188 (0.188)
Epoch: [566][0/7]	Time 0.117 (0.117)	Data 0.011 (0.011)	Loss 0.0053 (0.0053)	MAE 0.024 (0.024)
Test: [0/3]	Time 0.021 (0.021)	Loss 0.3440 (0.3440)	MAE 0.188 (0.188)
Epoch: [567][0/7]	Time 0.117 (0.117)	Data 0.011 (0.011)	Loss 0.0053 (0.0053)	MAE 0.024 (0.024)
Test: [0/3]	Time 0.022 (0.022)	Loss 0.3442 (0.3442)	MAE 0.188 (0.188)
Epoch: [568][0/7]	Time 0.118 (0.118)	Data 0.012 (0.012)	Loss 0.0053 (0.0053)	MAE 0.024 (0.024)
Test: [0/3]	Time 0.021 (0.021)	Loss 0.3443 (0.3443)	MAE 0.188 (0.188)
Epoch: [569][0/7]	Time 0.118 (0.118)	Data 0.011 (0.011)	Loss 0.0052 (0.0052)	MAE 0.024 (0.024)
Test: [0/3]	Time 0.021 (0.021)	Loss 0.3444 (0.3444)	MAE 0.188 (0.188)
Epoch: [570][0/7]	Time 0.118 (0.118)	Data 0.011 (0.011)	Loss 0.0052 (0.0052)	MAE 0.024 (0.024)
Test: [0/3]	Time 0.021 (0.021)	Loss 0.3446 (0.3446)	MAE 0.188 (0.188)
Epoch: [571][0/7]	Time 0.117 (0.117)	Data 0.011 (0.011)	Loss 0.0052 (0.0052)	MAE 0.024 (0.024)
Test: [0/3]	Time 0.021 (0.021)	Loss 0.3447 (0.3447)	MAE 0.188 (0.188)
Epoch: [572][0/7]	Time 0.118 (0.118)	Data 0.012 (0.012)	Loss 0.0052 (0.0052)	MAE 0.024 (0.024)
Test: [0/3]	Time 0.021 (0.021)	Loss 0.3448 (0.3448)	MAE 0.188 (0.188)
Epoch: [573][0/7]	Time 0.118 (0.118)	Data 0.012 (0.012)	Loss 0.0052 (0.0052)	MAE 0.024 (0.024)
Test: [0/3]	Time 0.021 (0.021)	Loss 0.3449 (0.3449)	MAE 0.188 (0.188)
Epoch: [574][0/7]	Time 0.118 (0.118)	Data 0.011 (0.011)	Loss 0.0052 (0.0052)	MAE 0.024 (0.024)
Test: [0/3]	Time 0.021 (0.021)	Loss 0.3451 (0.3451)	MAE 0.188 (0.188)
Epoch: [575][0/7]	Time 0.118 (0.118)	Data 0.011 (0.011)	Loss 0.0052 (0.0052)	MAE 0.024 (0.024)
Test: [0/3]	Time 0.021 (0.021)	Loss 0.3452 (0.3452)	MAE 0.188 (0.188)
Epoch: [576][0/7]	Time 0.117 (0.117)	Data 0.011 (0.011)	Loss 0.0052 (0.0052)	MAE 0.024 (0.024)
Test: [0/3]	Time 0.021 (0.021)	Loss 0.3453 (0.3453)	MAE 0.188 (0.188)
Epoch: [577][0/7]	Time 0.117 (0.117)	Data 0.011 (0.011)	Loss 0.0051 (0.0051)	MAE 0.024 (0.024)
Test: [0/3]	Time 0.021 (0.021)	Loss 0.3455 (0.3455)	MAE 0.188 (0.188)
Epoch: [578][0/7]	Time 0.117 (0.117)	Data 0.011 (0.011)	Loss 0.0051 (0.0051)	MAE 0.024 (0.024)
Test: [0/3]	Time 0.021 (0.021)	Loss 0.3456 (0.3456)	MAE 0.188 (0.188)
Epoch: [579][0/7]	Time 0.117 (0.117)	Data 0.011 (0.011)	Loss 0.0051 (0.0051)	MAE 0.024 (0.024)
Test: [0/3]	Time 0.021 (0.021)	Loss 0.3457 (0.3457)	MAE 0.188 (0.188)
Epoch: [580][0/7]	Time 0.118 (0.118)	Data 0.011 (0.011)	Loss 0.0051 (0.0051)	MAE 0.024 (0.024)
Test: [0/3]	Time 0.021 (0.021)	Loss 0.3458 (0.3458)	MAE 0.188 (0.188)
Epoch: [581][0/7]	Time 0.118 (0.118)	Data 0.011 (0.011)	Loss 0.0051 (0.0051)	MAE 0.024 (0.024)
Test: [0/3]	Time 0.021 (0.021)	Loss 0.3460 (0.3460)	MAE 0.188 (0.188)
Epoch: [582][0/7]	Time 0.118 (0.118)	Data 0.011 (0.011)	Loss 0.0051 (0.0051)	MAE 0.024 (0.024)
Test: [0/3]	Time 0.021 (0.021)	Loss 0.3461 (0.3461)	MAE 0.188 (0.188)
Epoch: [583][0/7]	Time 0.118 (0.118)	Data 0.011 (0.011)	Loss 0.0051 (0.0051)	MAE 0.024 (0.024)
Test: [0/3]	Time 0.021 (0.021)	Loss 0.3462 (0.3462)	MAE 0.188 (0.188)
Epoch: [584][0/7]	Time 0.117 (0.117)	Data 0.011 (0.011)	Loss 0.0051 (0.0051)	MAE 0.024 (0.024)
Test: [0/3]	Time 0.021 (0.021)	Loss 0.3464 (0.3464)	MAE 0.188 (0.188)
Epoch: [585][0/7]	Time 0.118 (0.118)	Data 0.011 (0.011)	Loss 0.0050 (0.0050)	MAE 0.024 (0.024)
Test: [0/3]	Time 0.021 (0.021)	Loss 0.3465 (0.3465)	MAE 0.188 (0.188)
Epoch: [586][0/7]	Time 0.118 (0.118)	Data 0.011 (0.011)	Loss 0.0050 (0.0050)	MAE 0.024 (0.024)
Test: [0/3]	Time 0.021 (0.021)	Loss 0.3466 (0.3466)	MAE 0.188 (0.188)
Epoch: [587][0/7]	Time 0.117 (0.117)	Data 0.011 (0.011)	Loss 0.0050 (0.0050)	MAE 0.024 (0.024)
Test: [0/3]	Time 0.021 (0.021)	Loss 0.3467 (0.3467)	MAE 0.188 (0.188)
Epoch: [588][0/7]	Time 0.117 (0.117)	Data 0.011 (0.011)	Loss 0.0050 (0.0050)	MAE 0.024 (0.024)
Test: [0/3]	Time 0.021 (0.021)	Loss 0.3469 (0.3469)	MAE 0.188 (0.188)
Epoch: [589][0/7]	Time 0.117 (0.117)	Data 0.011 (0.011)	Loss 0.0050 (0.0050)	MAE 0.024 (0.024)
Test: [0/3]	Time 0.021 (0.021)	Loss 0.3470 (0.3470)	MAE 0.188 (0.188)
Epoch: [590][0/7]	Time 0.117 (0.117)	Data 0.011 (0.011)	Loss 0.0050 (0.0050)	MAE 0.023 (0.023)
Test: [0/3]	Time 0.021 (0.021)	Loss 0.3471 (0.3471)	MAE 0.188 (0.188)
Epoch: [591][0/7]	Time 0.117 (0.117)	Data 0.011 (0.011)	Loss 0.0050 (0.0050)	MAE 0.023 (0.023)
Test: [0/3]	Time 0.021 (0.021)	Loss 0.3472 (0.3472)	MAE 0.188 (0.188)
Epoch: [592][0/7]	Time 0.118 (0.118)	Data 0.011 (0.011)	Loss 0.0050 (0.0050)	MAE 0.023 (0.023)
Test: [0/3]	Time 0.021 (0.021)	Loss 0.3474 (0.3474)	MAE 0.188 (0.188)
Epoch: [593][0/7]	Time 0.117 (0.117)	Data 0.011 (0.011)	Loss 0.0049 (0.0049)	MAE 0.023 (0.023)
Test: [0/3]	Time 0.021 (0.021)	Loss 0.3475 (0.3475)	MAE 0.188 (0.188)
Epoch: [594][0/7]	Time 0.118 (0.118)	Data 0.011 (0.011)	Loss 0.0049 (0.0049)	MAE 0.023 (0.023)
Test: [0/3]	Time 0.021 (0.021)	Loss 0.3476 (0.3476)	MAE 0.188 (0.188)
Epoch: [595][0/7]	Time 0.118 (0.118)	Data 0.011 (0.011)	Loss 0.0049 (0.0049)	MAE 0.023 (0.023)
Test: [0/3]	Time 0.021 (0.021)	Loss 0.3477 (0.3477)	MAE 0.188 (0.188)
Epoch: [596][0/7]	Time 0.117 (0.117)	Data 0.011 (0.011)	Loss 0.0049 (0.0049)	MAE 0.023 (0.023)
Test: [0/3]	Time 0.021 (0.021)	Loss 0.3479 (0.3479)	MAE 0.188 (0.188)
Epoch: [597][0/7]	Time 0.117 (0.117)	Data 0.011 (0.011)	Loss 0.0049 (0.0049)	MAE 0.023 (0.023)
Test: [0/3]	Time 0.021 (0.021)	Loss 0.3480 (0.3480)	MAE 0.188 (0.188)
Epoch: [598][0/7]	Time 0.118 (0.118)	Data 0.012 (0.012)	Loss 0.0049 (0.0049)	MAE 0.023 (0.023)
Test: [0/3]	Time 0.021 (0.021)	Loss 0.3481 (0.3481)	MAE 0.188 (0.188)
Epoch: [599][0/7]	Time 0.118 (0.118)	Data 0.011 (0.011)	Loss 0.0049 (0.0049)	MAE 0.023 (0.023)
Test: [0/3]	Time 0.021 (0.021)	Loss 0.3482 (0.3482)	MAE 0.189 (0.189)
---------Evaluate Model on Train Set---------------
Test: [0/7]	Time 0.022 (0.022)	Loss 0.0613 (0.0613)	MAE 0.080 (0.080)
---------Evaluate Model on Val Set---------------
Test: [0/3]	Time 0.021 (0.021)	Loss 0.2580 (0.2580)	MAE 0.168 (0.168)
---------Evaluate Model on Test Set---------------
Test: [0/3]	Time 6.208 (6.208)	Loss 0.3094 (0.3094)	MAE 0.164 (0.164)
