Epoch: [0][0/7]	Time 5.661 (5.661)	Data 5.511 (5.511)	Loss 1.1712 (1.1712)	MAE 0.452 (0.452)
Test: [0/3]	Time 5.217 (5.217)	Loss 2.8468 (2.8468)	MAE 0.773 (0.773)
Epoch: [1][0/7]	Time 0.150 (0.150)	Data 0.017 (0.017)	Loss 0.5886 (0.5886)	MAE 0.282 (0.282)
Test: [0/3]	Time 0.021 (0.021)	Loss 0.8854 (0.8854)	MAE 0.383 (0.383)
Epoch: [2][0/7]	Time 0.142 (0.142)	Data 0.011 (0.011)	Loss 0.5135 (0.5135)	MAE 0.265 (0.265)
Test: [0/3]	Time 0.021 (0.021)	Loss 0.8470 (0.8470)	MAE 0.376 (0.376)
Epoch: [3][0/7]	Time 0.142 (0.142)	Data 0.011 (0.011)	Loss 0.3747 (0.3747)	MAE 0.207 (0.207)
Test: [0/3]	Time 0.021 (0.021)	Loss 0.7729 (0.7729)	MAE 0.354 (0.354)
Epoch: [4][0/7]	Time 0.142 (0.142)	Data 0.011 (0.011)	Loss 0.3341 (0.3341)	MAE 0.209 (0.209)
Test: [0/3]	Time 0.021 (0.021)	Loss 0.6982 (0.6982)	MAE 0.328 (0.328)
Epoch: [5][0/7]	Time 0.142 (0.142)	Data 0.011 (0.011)	Loss 0.2781 (0.2781)	MAE 0.188 (0.188)
Test: [0/3]	Time 0.021 (0.021)	Loss 0.5710 (0.5710)	MAE 0.291 (0.291)
Epoch: [6][0/7]	Time 0.143 (0.143)	Data 0.011 (0.011)	Loss 0.2682 (0.2682)	MAE 0.189 (0.189)
Test: [0/3]	Time 0.021 (0.021)	Loss 0.5243 (0.5243)	MAE 0.278 (0.278)
Epoch: [7][0/7]	Time 0.143 (0.143)	Data 0.011 (0.011)	Loss 0.2772 (0.2772)	MAE 0.195 (0.195)
Test: [0/3]	Time 0.021 (0.021)	Loss 0.5112 (0.5112)	MAE 0.290 (0.290)
Epoch: [8][0/7]	Time 0.142 (0.142)	Data 0.011 (0.011)	Loss 0.2969 (0.2969)	MAE 0.214 (0.214)
Test: [0/3]	Time 0.021 (0.021)	Loss 0.5388 (0.5388)	MAE 0.309 (0.309)
Epoch: [9][0/7]	Time 0.143 (0.143)	Data 0.011 (0.011)	Loss 0.3534 (0.3534)	MAE 0.248 (0.248)
Test: [0/3]	Time 0.021 (0.021)	Loss 0.5491 (0.5491)	MAE 0.316 (0.316)
Epoch: [10][0/7]	Time 0.142 (0.142)	Data 0.011 (0.011)	Loss 0.4141 (0.4141)	MAE 0.279 (0.279)
Test: [0/3]	Time 0.021 (0.021)	Loss 0.3918 (0.3918)	MAE 0.251 (0.251)
Epoch: [11][0/7]	Time 0.143 (0.143)	Data 0.011 (0.011)	Loss 0.2888 (0.2888)	MAE 0.219 (0.219)
Test: [0/3]	Time 0.021 (0.021)	Loss 0.3101 (0.3101)	MAE 0.201 (0.201)
Epoch: [12][0/7]	Time 0.145 (0.145)	Data 0.011 (0.011)	Loss 0.2058 (0.2058)	MAE 0.165 (0.165)
Test: [0/3]	Time 0.021 (0.021)	Loss 0.3881 (0.3881)	MAE 0.232 (0.232)
Epoch: [13][0/7]	Time 0.142 (0.142)	Data 0.011 (0.011)	Loss 0.2683 (0.2683)	MAE 0.200 (0.200)
Test: [0/3]	Time 0.021 (0.021)	Loss 0.2993 (0.2993)	MAE 0.201 (0.201)
Epoch: [14][0/7]	Time 0.144 (0.144)	Data 0.012 (0.012)	Loss 0.1957 (0.1957)	MAE 0.155 (0.155)
Test: [0/3]	Time 0.022 (0.022)	Loss 0.3039 (0.3039)	MAE 0.206 (0.206)
Epoch: [15][0/7]	Time 0.142 (0.142)	Data 0.011 (0.011)	Loss 0.1790 (0.1790)	MAE 0.166 (0.166)
Test: [0/3]	Time 0.021 (0.021)	Loss 0.3250 (0.3250)	MAE 0.196 (0.196)
Epoch: [16][0/7]	Time 0.143 (0.143)	Data 0.011 (0.011)	Loss 0.1532 (0.1532)	MAE 0.145 (0.145)
Test: [0/3]	Time 0.022 (0.022)	Loss 0.2942 (0.2942)	MAE 0.190 (0.190)
Epoch: [17][0/7]	Time 0.145 (0.145)	Data 0.014 (0.014)	Loss 0.1319 (0.1319)	MAE 0.131 (0.131)
Test: [0/3]	Time 0.021 (0.021)	Loss 0.3069 (0.3069)	MAE 0.208 (0.208)
Epoch: [18][0/7]	Time 0.144 (0.144)	Data 0.012 (0.012)	Loss 0.1397 (0.1397)	MAE 0.141 (0.141)
Test: [0/3]	Time 0.022 (0.022)	Loss 0.2764 (0.2764)	MAE 0.185 (0.185)
Epoch: [19][0/7]	Time 0.143 (0.143)	Data 0.012 (0.012)	Loss 0.1101 (0.1101)	MAE 0.119 (0.119)
Test: [0/3]	Time 0.021 (0.021)	Loss 0.2985 (0.2985)	MAE 0.188 (0.188)
Epoch: [20][0/7]	Time 0.142 (0.142)	Data 0.011 (0.011)	Loss 0.1174 (0.1174)	MAE 0.119 (0.119)
Test: [0/3]	Time 0.021 (0.021)	Loss 0.2989 (0.2989)	MAE 0.197 (0.197)
Epoch: [21][0/7]	Time 0.143 (0.143)	Data 0.011 (0.011)	Loss 0.1149 (0.1149)	MAE 0.118 (0.118)
Test: [0/3]	Time 0.021 (0.021)	Loss 0.2890 (0.2890)	MAE 0.187 (0.187)
Epoch: [22][0/7]	Time 0.142 (0.142)	Data 0.011 (0.011)	Loss 0.1110 (0.1110)	MAE 0.115 (0.115)
Test: [0/3]	Time 0.022 (0.022)	Loss 0.2817 (0.2817)	MAE 0.190 (0.190)
Epoch: [23][0/7]	Time 0.143 (0.143)	Data 0.011 (0.011)	Loss 0.1009 (0.1009)	MAE 0.112 (0.112)
Test: [0/3]	Time 0.021 (0.021)	Loss 0.2747 (0.2747)	MAE 0.183 (0.183)
Epoch: [24][0/7]	Time 0.143 (0.143)	Data 0.011 (0.011)	Loss 0.1083 (0.1083)	MAE 0.113 (0.113)
Test: [0/3]	Time 0.022 (0.022)	Loss 0.2919 (0.2919)	MAE 0.191 (0.191)
Epoch: [25][0/7]	Time 0.142 (0.142)	Data 0.011 (0.011)	Loss 0.1075 (0.1075)	MAE 0.116 (0.116)
Test: [0/3]	Time 0.021 (0.021)	Loss 0.2730 (0.2730)	MAE 0.186 (0.186)
Epoch: [26][0/7]	Time 0.142 (0.142)	Data 0.011 (0.011)	Loss 0.1152 (0.1152)	MAE 0.119 (0.119)
Test: [0/3]	Time 0.021 (0.021)	Loss 0.3178 (0.3178)	MAE 0.206 (0.206)
Epoch: [27][0/7]	Time 0.143 (0.143)	Data 0.011 (0.011)	Loss 0.1136 (0.1136)	MAE 0.123 (0.123)
Test: [0/3]	Time 0.021 (0.021)	Loss 0.2642 (0.2642)	MAE 0.179 (0.179)
Epoch: [28][0/7]	Time 0.143 (0.143)	Data 0.012 (0.012)	Loss 0.1018 (0.1018)	MAE 0.107 (0.107)
Test: [0/3]	Time 0.022 (0.022)	Loss 0.3243 (0.3243)	MAE 0.212 (0.212)
Epoch: [29][0/7]	Time 0.143 (0.143)	Data 0.011 (0.011)	Loss 0.1196 (0.1196)	MAE 0.122 (0.122)
Test: [0/3]	Time 0.022 (0.022)	Loss 0.3899 (0.3899)	MAE 0.212 (0.212)
Epoch: [30][0/7]	Time 0.143 (0.143)	Data 0.012 (0.012)	Loss 0.1178 (0.1178)	MAE 0.115 (0.115)
Test: [0/3]	Time 0.022 (0.022)	Loss 0.2856 (0.2856)	MAE 0.192 (0.192)
Epoch: [31][0/7]	Time 0.143 (0.143)	Data 0.011 (0.011)	Loss 0.1060 (0.1060)	MAE 0.112 (0.112)
Test: [0/3]	Time 0.021 (0.021)	Loss 0.2711 (0.2711)	MAE 0.184 (0.184)
Epoch: [32][0/7]	Time 0.143 (0.143)	Data 0.011 (0.011)	Loss 0.0932 (0.0932)	MAE 0.102 (0.102)
Test: [0/3]	Time 0.022 (0.022)	Loss 0.2835 (0.2835)	MAE 0.184 (0.184)
Epoch: [33][0/7]	Time 0.143 (0.143)	Data 0.011 (0.011)	Loss 0.0927 (0.0927)	MAE 0.100 (0.100)
Test: [0/3]	Time 0.021 (0.021)	Loss 0.2514 (0.2514)	MAE 0.178 (0.178)
Epoch: [34][0/7]	Time 0.143 (0.143)	Data 0.011 (0.011)	Loss 0.0836 (0.0836)	MAE 0.097 (0.097)
Test: [0/3]	Time 0.022 (0.022)	Loss 0.2799 (0.2799)	MAE 0.184 (0.184)
Epoch: [35][0/7]	Time 0.143 (0.143)	Data 0.012 (0.012)	Loss 0.0848 (0.0848)	MAE 0.096 (0.096)
Test: [0/3]	Time 0.021 (0.021)	Loss 0.2943 (0.2943)	MAE 0.195 (0.195)
Epoch: [36][0/7]	Time 0.143 (0.143)	Data 0.011 (0.011)	Loss 0.0868 (0.0868)	MAE 0.098 (0.098)
Test: [0/3]	Time 0.023 (0.023)	Loss 0.2530 (0.2530)	MAE 0.176 (0.176)
Epoch: [37][0/7]	Time 0.144 (0.144)	Data 0.013 (0.013)	Loss 0.0768 (0.0768)	MAE 0.090 (0.090)
Test: [0/3]	Time 0.021 (0.021)	Loss 0.2720 (0.2720)	MAE 0.180 (0.180)
Epoch: [38][0/7]	Time 0.143 (0.143)	Data 0.012 (0.012)	Loss 0.0732 (0.0732)	MAE 0.089 (0.089)
Test: [0/3]	Time 0.022 (0.022)	Loss 0.2811 (0.2811)	MAE 0.189 (0.189)
Epoch: [39][0/7]	Time 0.143 (0.143)	Data 0.011 (0.011)	Loss 0.0787 (0.0787)	MAE 0.091 (0.091)
Test: [0/3]	Time 0.022 (0.022)	Loss 0.2687 (0.2687)	MAE 0.178 (0.178)
Epoch: [40][0/7]	Time 0.143 (0.143)	Data 0.011 (0.011)	Loss 0.0753 (0.0753)	MAE 0.085 (0.085)
Test: [0/3]	Time 0.022 (0.022)	Loss 0.2897 (0.2897)	MAE 0.184 (0.184)
Epoch: [41][0/7]	Time 0.143 (0.143)	Data 0.012 (0.012)	Loss 0.0721 (0.0721)	MAE 0.087 (0.087)
Test: [0/3]	Time 0.021 (0.021)	Loss 0.2725 (0.2725)	MAE 0.173 (0.173)
Epoch: [42][0/7]	Time 0.143 (0.143)	Data 0.012 (0.012)	Loss 0.0700 (0.0700)	MAE 0.085 (0.085)
Test: [0/3]	Time 0.021 (0.021)	Loss 0.2869 (0.2869)	MAE 0.189 (0.189)
Epoch: [43][0/7]	Time 0.143 (0.143)	Data 0.011 (0.011)	Loss 0.0803 (0.0803)	MAE 0.099 (0.099)
Test: [0/3]	Time 0.022 (0.022)	Loss 0.2594 (0.2594)	MAE 0.181 (0.181)
Epoch: [44][0/7]	Time 0.143 (0.143)	Data 0.011 (0.011)	Loss 0.0772 (0.0772)	MAE 0.093 (0.093)
Test: [0/3]	Time 0.022 (0.022)	Loss 0.2870 (0.2870)	MAE 0.186 (0.186)
Epoch: [45][0/7]	Time 0.143 (0.143)	Data 0.011 (0.011)	Loss 0.0719 (0.0719)	MAE 0.090 (0.090)
Test: [0/3]	Time 0.021 (0.021)	Loss 0.3154 (0.3154)	MAE 0.187 (0.187)
Epoch: [46][0/7]	Time 0.143 (0.143)	Data 0.011 (0.011)	Loss 0.0738 (0.0738)	MAE 0.088 (0.088)
Test: [0/3]	Time 0.021 (0.021)	Loss 0.3239 (0.3239)	MAE 0.194 (0.194)
Epoch: [47][0/7]	Time 0.143 (0.143)	Data 0.011 (0.011)	Loss 0.0800 (0.0800)	MAE 0.090 (0.090)
Test: [0/3]	Time 0.021 (0.021)	Loss 0.3007 (0.3007)	MAE 0.189 (0.189)
Epoch: [48][0/7]	Time 0.143 (0.143)	Data 0.011 (0.011)	Loss 0.0729 (0.0729)	MAE 0.087 (0.087)
Test: [0/3]	Time 0.021 (0.021)	Loss 0.2904 (0.2904)	MAE 0.184 (0.184)
Epoch: [49][0/7]	Time 0.143 (0.143)	Data 0.011 (0.011)	Loss 0.0760 (0.0760)	MAE 0.091 (0.091)
Test: [0/3]	Time 0.021 (0.021)	Loss 0.2894 (0.2894)	MAE 0.190 (0.190)
Epoch: [50][0/7]	Time 0.143 (0.143)	Data 0.011 (0.011)	Loss 0.0768 (0.0768)	MAE 0.097 (0.097)
Test: [0/3]	Time 0.021 (0.021)	Loss 0.2637 (0.2637)	MAE 0.180 (0.180)
Epoch: [51][0/7]	Time 0.143 (0.143)	Data 0.011 (0.011)	Loss 0.0702 (0.0702)	MAE 0.084 (0.084)
Test: [0/3]	Time 0.021 (0.021)	Loss 0.3258 (0.3258)	MAE 0.191 (0.191)
Epoch: [52][0/7]	Time 0.143 (0.143)	Data 0.011 (0.011)	Loss 0.0754 (0.0754)	MAE 0.091 (0.091)
Test: [0/3]	Time 0.021 (0.021)	Loss 0.2984 (0.2984)	MAE 0.184 (0.184)
Epoch: [53][0/7]	Time 0.143 (0.143)	Data 0.011 (0.011)	Loss 0.0787 (0.0787)	MAE 0.089 (0.089)
Test: [0/3]	Time 0.021 (0.021)	Loss 0.2669 (0.2669)	MAE 0.179 (0.179)
Epoch: [54][0/7]	Time 0.143 (0.143)	Data 0.011 (0.011)	Loss 0.0660 (0.0660)	MAE 0.085 (0.085)
Test: [0/3]	Time 0.021 (0.021)	Loss 0.2838 (0.2838)	MAE 0.180 (0.180)
Epoch: [55][0/7]	Time 0.143 (0.143)	Data 0.011 (0.011)	Loss 0.0618 (0.0618)	MAE 0.080 (0.080)
Test: [0/3]	Time 0.021 (0.021)	Loss 0.2766 (0.2766)	MAE 0.182 (0.182)
Epoch: [56][0/7]	Time 0.143 (0.143)	Data 0.011 (0.011)	Loss 0.0643 (0.0643)	MAE 0.089 (0.089)
Test: [0/3]	Time 0.021 (0.021)	Loss 0.2938 (0.2938)	MAE 0.190 (0.190)
Epoch: [57][0/7]	Time 0.143 (0.143)	Data 0.011 (0.011)	Loss 0.0625 (0.0625)	MAE 0.081 (0.081)
Test: [0/3]	Time 0.021 (0.021)	Loss 0.2628 (0.2628)	MAE 0.177 (0.177)
Epoch: [58][0/7]	Time 0.142 (0.142)	Data 0.011 (0.011)	Loss 0.0611 (0.0611)	MAE 0.078 (0.078)
Test: [0/3]	Time 0.021 (0.021)	Loss 0.3512 (0.3512)	MAE 0.196 (0.196)
Epoch: [59][0/7]	Time 0.142 (0.142)	Data 0.011 (0.011)	Loss 0.0714 (0.0714)	MAE 0.086 (0.086)
Test: [0/3]	Time 0.021 (0.021)	Loss 0.2999 (0.2999)	MAE 0.183 (0.183)
Epoch: [60][0/7]	Time 0.143 (0.143)	Data 0.011 (0.011)	Loss 0.0657 (0.0657)	MAE 0.090 (0.090)
Test: [0/3]	Time 0.021 (0.021)	Loss 0.2901 (0.2901)	MAE 0.187 (0.187)
Epoch: [61][0/7]	Time 0.142 (0.142)	Data 0.011 (0.011)	Loss 0.0680 (0.0680)	MAE 0.087 (0.087)
Test: [0/3]	Time 0.021 (0.021)	Loss 0.2623 (0.2623)	MAE 0.177 (0.177)
Epoch: [62][0/7]	Time 0.143 (0.143)	Data 0.011 (0.011)	Loss 0.0619 (0.0619)	MAE 0.082 (0.082)
Test: [0/3]	Time 0.021 (0.021)	Loss 0.2790 (0.2790)	MAE 0.181 (0.181)
Epoch: [63][0/7]	Time 0.143 (0.143)	Data 0.011 (0.011)	Loss 0.0515 (0.0515)	MAE 0.069 (0.069)
Test: [0/3]	Time 0.022 (0.022)	Loss 0.2885 (0.2885)	MAE 0.179 (0.179)
Epoch: [64][0/7]	Time 0.144 (0.144)	Data 0.013 (0.013)	Loss 0.0505 (0.0505)	MAE 0.071 (0.071)
Test: [0/3]	Time 0.021 (0.021)	Loss 0.3216 (0.3216)	MAE 0.185 (0.185)
Epoch: [65][0/7]	Time 0.143 (0.143)	Data 0.012 (0.012)	Loss 0.0544 (0.0544)	MAE 0.071 (0.071)
Test: [0/3]	Time 0.022 (0.022)	Loss 0.2865 (0.2865)	MAE 0.178 (0.178)
Epoch: [66][0/7]	Time 0.143 (0.143)	Data 0.012 (0.012)	Loss 0.0494 (0.0494)	MAE 0.066 (0.066)
Test: [0/3]	Time 0.021 (0.021)	Loss 0.2763 (0.2763)	MAE 0.174 (0.174)
Epoch: [67][0/7]	Time 0.143 (0.143)	Data 0.011 (0.011)	Loss 0.0546 (0.0546)	MAE 0.073 (0.073)
Test: [0/3]	Time 0.022 (0.022)	Loss 0.3325 (0.3325)	MAE 0.194 (0.194)
Epoch: [68][0/7]	Time 0.143 (0.143)	Data 0.011 (0.011)	Loss 0.0657 (0.0657)	MAE 0.079 (0.079)
Test: [0/3]	Time 0.022 (0.022)	Loss 0.2761 (0.2761)	MAE 0.186 (0.186)
Epoch: [69][0/7]	Time 0.142 (0.142)	Data 0.011 (0.011)	Loss 0.0576 (0.0576)	MAE 0.080 (0.080)
Test: [0/3]	Time 0.021 (0.021)	Loss 0.3281 (0.3281)	MAE 0.193 (0.193)
Epoch: [70][0/7]	Time 0.142 (0.142)	Data 0.011 (0.011)	Loss 0.0569 (0.0569)	MAE 0.073 (0.073)
Test: [0/3]	Time 0.021 (0.021)	Loss 0.3564 (0.3564)	MAE 0.195 (0.195)
Epoch: [71][0/7]	Time 0.143 (0.143)	Data 0.011 (0.011)	Loss 0.0607 (0.0607)	MAE 0.084 (0.084)
Test: [0/3]	Time 0.022 (0.022)	Loss 0.2782 (0.2782)	MAE 0.179 (0.179)
Epoch: [72][0/7]	Time 0.144 (0.144)	Data 0.012 (0.012)	Loss 0.0613 (0.0613)	MAE 0.088 (0.088)
Test: [0/3]	Time 0.022 (0.022)	Loss 0.2748 (0.2748)	MAE 0.178 (0.178)
Epoch: [73][0/7]	Time 0.143 (0.143)	Data 0.011 (0.011)	Loss 0.0474 (0.0474)	MAE 0.070 (0.070)
Test: [0/3]	Time 0.022 (0.022)	Loss 0.3133 (0.3133)	MAE 0.191 (0.191)
Epoch: [74][0/7]	Time 0.142 (0.142)	Data 0.011 (0.011)	Loss 0.0502 (0.0502)	MAE 0.078 (0.078)
Test: [0/3]	Time 0.022 (0.022)	Loss 0.2801 (0.2801)	MAE 0.181 (0.181)
Epoch: [75][0/7]	Time 0.143 (0.143)	Data 0.011 (0.011)	Loss 0.0489 (0.0489)	MAE 0.074 (0.074)
Test: [0/3]	Time 0.021 (0.021)	Loss 0.2789 (0.2789)	MAE 0.176 (0.176)
Epoch: [76][0/7]	Time 0.143 (0.143)	Data 0.011 (0.011)	Loss 0.0415 (0.0415)	MAE 0.065 (0.065)
Test: [0/3]	Time 0.021 (0.021)	Loss 0.2983 (0.2983)	MAE 0.183 (0.183)
Epoch: [77][0/7]	Time 0.143 (0.143)	Data 0.011 (0.011)	Loss 0.0415 (0.0415)	MAE 0.072 (0.072)
Test: [0/3]	Time 0.021 (0.021)	Loss 0.2899 (0.2899)	MAE 0.178 (0.178)
Epoch: [78][0/7]	Time 0.142 (0.142)	Data 0.011 (0.011)	Loss 0.0390 (0.0390)	MAE 0.061 (0.061)
Test: [0/3]	Time 0.021 (0.021)	Loss 0.3032 (0.3032)	MAE 0.182 (0.182)
Epoch: [79][0/7]	Time 0.143 (0.143)	Data 0.011 (0.011)	Loss 0.0439 (0.0439)	MAE 0.067 (0.067)
Test: [0/3]	Time 0.021 (0.021)	Loss 0.2889 (0.2889)	MAE 0.188 (0.188)
Epoch: [80][0/7]	Time 0.143 (0.143)	Data 0.011 (0.011)	Loss 0.0377 (0.0377)	MAE 0.060 (0.060)
Test: [0/3]	Time 0.022 (0.022)	Loss 0.2798 (0.2798)	MAE 0.176 (0.176)
Epoch: [81][0/7]	Time 0.142 (0.142)	Data 0.011 (0.011)	Loss 0.0372 (0.0372)	MAE 0.061 (0.061)
Test: [0/3]	Time 0.021 (0.021)	Loss 0.2976 (0.2976)	MAE 0.182 (0.182)
Epoch: [82][0/7]	Time 0.143 (0.143)	Data 0.011 (0.011)	Loss 0.0375 (0.0375)	MAE 0.064 (0.064)
Test: [0/3]	Time 0.022 (0.022)	Loss 0.2820 (0.2820)	MAE 0.180 (0.180)
Epoch: [83][0/7]	Time 0.143 (0.143)	Data 0.011 (0.011)	Loss 0.0379 (0.0379)	MAE 0.061 (0.061)
Test: [0/3]	Time 0.022 (0.022)	Loss 0.3708 (0.3708)	MAE 0.201 (0.201)
Epoch: [84][0/7]	Time 0.143 (0.143)	Data 0.011 (0.011)	Loss 0.0507 (0.0507)	MAE 0.072 (0.072)
Test: [0/3]	Time 0.023 (0.023)	Loss 0.3262 (0.3262)	MAE 0.184 (0.184)
Epoch: [85][0/7]	Time 0.144 (0.144)	Data 0.012 (0.012)	Loss 0.0425 (0.0425)	MAE 0.064 (0.064)
Test: [0/3]	Time 0.022 (0.022)	Loss 0.2798 (0.2798)	MAE 0.174 (0.174)
Epoch: [86][0/7]	Time 0.142 (0.142)	Data 0.011 (0.011)	Loss 0.0367 (0.0367)	MAE 0.065 (0.065)
Test: [0/3]	Time 0.021 (0.021)	Loss 0.2956 (0.2956)	MAE 0.185 (0.185)
Epoch: [87][0/7]	Time 0.143 (0.143)	Data 0.011 (0.011)	Loss 0.0356 (0.0356)	MAE 0.063 (0.063)
Test: [0/3]	Time 0.021 (0.021)	Loss 0.2890 (0.2890)	MAE 0.183 (0.183)
Epoch: [88][0/7]	Time 0.143 (0.143)	Data 0.011 (0.011)	Loss 0.0377 (0.0377)	MAE 0.067 (0.067)
Test: [0/3]	Time 0.023 (0.023)	Loss 0.3283 (0.3283)	MAE 0.194 (0.194)
Epoch: [89][0/7]	Time 0.147 (0.147)	Data 0.012 (0.012)	Loss 0.0429 (0.0429)	MAE 0.074 (0.074)
Test: [0/3]	Time 0.022 (0.022)	Loss 0.2781 (0.2781)	MAE 0.175 (0.175)
Epoch: [90][0/7]	Time 0.144 (0.144)	Data 0.012 (0.012)	Loss 0.0316 (0.0316)	MAE 0.056 (0.056)
Test: [0/3]	Time 0.022 (0.022)	Loss 0.2983 (0.2983)	MAE 0.186 (0.186)
Epoch: [91][0/7]	Time 0.144 (0.144)	Data 0.012 (0.012)	Loss 0.0357 (0.0357)	MAE 0.068 (0.068)
Test: [0/3]	Time 0.022 (0.022)	Loss 0.3047 (0.3047)	MAE 0.181 (0.181)
Epoch: [92][0/7]	Time 0.145 (0.145)	Data 0.012 (0.012)	Loss 0.0345 (0.0345)	MAE 0.064 (0.064)
Test: [0/3]	Time 0.022 (0.022)	Loss 0.3448 (0.3448)	MAE 0.188 (0.188)
Epoch: [93][0/7]	Time 0.143 (0.143)	Data 0.012 (0.012)	Loss 0.0366 (0.0366)	MAE 0.066 (0.066)
Test: [0/3]	Time 0.022 (0.022)	Loss 0.2947 (0.2947)	MAE 0.180 (0.180)
Epoch: [94][0/7]	Time 0.144 (0.144)	Data 0.012 (0.012)	Loss 0.0428 (0.0428)	MAE 0.068 (0.068)
Test: [0/3]	Time 0.022 (0.022)	Loss 0.2750 (0.2750)	MAE 0.175 (0.175)
Epoch: [95][0/7]	Time 0.144 (0.144)	Data 0.012 (0.012)	Loss 0.0387 (0.0387)	MAE 0.064 (0.064)
Test: [0/3]	Time 0.023 (0.023)	Loss 0.3117 (0.3117)	MAE 0.184 (0.184)
Epoch: [96][0/7]	Time 0.146 (0.146)	Data 0.014 (0.014)	Loss 0.0408 (0.0408)	MAE 0.065 (0.065)
Test: [0/3]	Time 0.023 (0.023)	Loss 0.2941 (0.2941)	MAE 0.183 (0.183)
Epoch: [97][0/7]	Time 0.145 (0.145)	Data 0.012 (0.012)	Loss 0.0350 (0.0350)	MAE 0.060 (0.060)
Test: [0/3]	Time 0.023 (0.023)	Loss 0.3159 (0.3159)	MAE 0.186 (0.186)
Epoch: [98][0/7]	Time 0.145 (0.145)	Data 0.012 (0.012)	Loss 0.0347 (0.0347)	MAE 0.056 (0.056)
Test: [0/3]	Time 0.022 (0.022)	Loss 0.3092 (0.3092)	MAE 0.177 (0.177)
Epoch: [99][0/7]	Time 0.144 (0.144)	Data 0.012 (0.012)	Loss 0.0334 (0.0334)	MAE 0.063 (0.063)
Test: [0/3]	Time 0.024 (0.024)	Loss 0.2949 (0.2949)	MAE 0.178 (0.178)
Epoch: [100][0/7]	Time 0.144 (0.144)	Data 0.012 (0.012)	Loss 0.0301 (0.0301)	MAE 0.054 (0.054)
Test: [0/3]	Time 0.023 (0.023)	Loss 0.2919 (0.2919)	MAE 0.176 (0.176)
Epoch: [101][0/7]	Time 0.145 (0.145)	Data 0.012 (0.012)	Loss 0.0246 (0.0246)	MAE 0.046 (0.046)
Test: [0/3]	Time 0.022 (0.022)	Loss 0.2966 (0.2966)	MAE 0.176 (0.176)
Epoch: [102][0/7]	Time 0.143 (0.143)	Data 0.011 (0.011)	Loss 0.0225 (0.0225)	MAE 0.043 (0.043)
Test: [0/3]	Time 0.021 (0.021)	Loss 0.3017 (0.3017)	MAE 0.175 (0.175)
Epoch: [103][0/7]	Time 0.143 (0.143)	Data 0.011 (0.011)	Loss 0.0217 (0.0217)	MAE 0.042 (0.042)
Test: [0/3]	Time 0.021 (0.021)	Loss 0.3005 (0.3005)	MAE 0.175 (0.175)
Epoch: [104][0/7]	Time 0.143 (0.143)	Data 0.011 (0.011)	Loss 0.0215 (0.0215)	MAE 0.041 (0.041)
Test: [0/3]	Time 0.022 (0.022)	Loss 0.2973 (0.2973)	MAE 0.175 (0.175)
Epoch: [105][0/7]	Time 0.144 (0.144)	Data 0.012 (0.012)	Loss 0.0212 (0.0212)	MAE 0.040 (0.040)
Test: [0/3]	Time 0.021 (0.021)	Loss 0.2977 (0.2977)	MAE 0.175 (0.175)
Epoch: [106][0/7]	Time 0.144 (0.144)	Data 0.012 (0.012)	Loss 0.0209 (0.0209)	MAE 0.039 (0.039)
Test: [0/3]	Time 0.021 (0.021)	Loss 0.2994 (0.2994)	MAE 0.175 (0.175)
Epoch: [107][0/7]	Time 0.143 (0.143)	Data 0.011 (0.011)	Loss 0.0207 (0.0207)	MAE 0.039 (0.039)
Test: [0/3]	Time 0.021 (0.021)	Loss 0.2993 (0.2993)	MAE 0.175 (0.175)
Epoch: [108][0/7]	Time 0.143 (0.143)	Data 0.011 (0.011)	Loss 0.0205 (0.0205)	MAE 0.039 (0.039)
Test: [0/3]	Time 0.021 (0.021)	Loss 0.2991 (0.2991)	MAE 0.175 (0.175)
Epoch: [109][0/7]	Time 0.143 (0.143)	Data 0.011 (0.011)	Loss 0.0204 (0.0204)	MAE 0.039 (0.039)
Test: [0/3]	Time 0.021 (0.021)	Loss 0.2997 (0.2997)	MAE 0.175 (0.175)
Epoch: [110][0/7]	Time 0.142 (0.142)	Data 0.011 (0.011)	Loss 0.0203 (0.0203)	MAE 0.039 (0.039)
Test: [0/3]	Time 0.021 (0.021)	Loss 0.3003 (0.3003)	MAE 0.176 (0.176)
Epoch: [111][0/7]	Time 0.143 (0.143)	Data 0.011 (0.011)	Loss 0.0202 (0.0202)	MAE 0.039 (0.039)
Test: [0/3]	Time 0.022 (0.022)	Loss 0.3003 (0.3003)	MAE 0.176 (0.176)
Epoch: [112][0/7]	Time 0.143 (0.143)	Data 0.011 (0.011)	Loss 0.0200 (0.0200)	MAE 0.038 (0.038)
Test: [0/3]	Time 0.022 (0.022)	Loss 0.3004 (0.3004)	MAE 0.176 (0.176)
Epoch: [113][0/7]	Time 0.142 (0.142)	Data 0.011 (0.011)	Loss 0.0199 (0.0199)	MAE 0.038 (0.038)
Test: [0/3]	Time 0.021 (0.021)	Loss 0.3007 (0.3007)	MAE 0.176 (0.176)
Epoch: [114][0/7]	Time 0.143 (0.143)	Data 0.011 (0.011)	Loss 0.0198 (0.0198)	MAE 0.038 (0.038)
Test: [0/3]	Time 0.022 (0.022)	Loss 0.3010 (0.3010)	MAE 0.176 (0.176)
Epoch: [115][0/7]	Time 0.142 (0.142)	Data 0.011 (0.011)	Loss 0.0197 (0.0197)	MAE 0.038 (0.038)
Test: [0/3]	Time 0.021 (0.021)	Loss 0.3011 (0.3011)	MAE 0.176 (0.176)
Epoch: [116][0/7]	Time 0.143 (0.143)	Data 0.011 (0.011)	Loss 0.0196 (0.0196)	MAE 0.038 (0.038)
Test: [0/3]	Time 0.022 (0.022)	Loss 0.3013 (0.3013)	MAE 0.176 (0.176)
Epoch: [117][0/7]	Time 0.143 (0.143)	Data 0.011 (0.011)	Loss 0.0195 (0.0195)	MAE 0.038 (0.038)
Test: [0/3]	Time 0.022 (0.022)	Loss 0.3016 (0.3016)	MAE 0.176 (0.176)
Epoch: [118][0/7]	Time 0.143 (0.143)	Data 0.011 (0.011)	Loss 0.0194 (0.0194)	MAE 0.038 (0.038)
Test: [0/3]	Time 0.022 (0.022)	Loss 0.3018 (0.3018)	MAE 0.176 (0.176)
Epoch: [119][0/7]	Time 0.143 (0.143)	Data 0.011 (0.011)	Loss 0.0193 (0.0193)	MAE 0.038 (0.038)
Test: [0/3]	Time 0.021 (0.021)	Loss 0.3019 (0.3019)	MAE 0.176 (0.176)
Epoch: [120][0/7]	Time 0.143 (0.143)	Data 0.011 (0.011)	Loss 0.0192 (0.0192)	MAE 0.038 (0.038)
Test: [0/3]	Time 0.022 (0.022)	Loss 0.3021 (0.3021)	MAE 0.176 (0.176)
Epoch: [121][0/7]	Time 0.142 (0.142)	Data 0.011 (0.011)	Loss 0.0191 (0.0191)	MAE 0.038 (0.038)
Test: [0/3]	Time 0.021 (0.021)	Loss 0.3023 (0.3023)	MAE 0.176 (0.176)
Epoch: [122][0/7]	Time 0.143 (0.143)	Data 0.011 (0.011)	Loss 0.0190 (0.0190)	MAE 0.038 (0.038)
Test: [0/3]	Time 0.021 (0.021)	Loss 0.3025 (0.3025)	MAE 0.176 (0.176)
Epoch: [123][0/7]	Time 0.142 (0.142)	Data 0.011 (0.011)	Loss 0.0189 (0.0189)	MAE 0.038 (0.038)
Test: [0/3]	Time 0.021 (0.021)	Loss 0.3026 (0.3026)	MAE 0.176 (0.176)
Epoch: [124][0/7]	Time 0.142 (0.142)	Data 0.011 (0.011)	Loss 0.0188 (0.0188)	MAE 0.038 (0.038)
Test: [0/3]	Time 0.021 (0.021)	Loss 0.3028 (0.3028)	MAE 0.176 (0.176)
Epoch: [125][0/7]	Time 0.143 (0.143)	Data 0.011 (0.011)	Loss 0.0187 (0.0187)	MAE 0.038 (0.038)
Test: [0/3]	Time 0.022 (0.022)	Loss 0.3030 (0.3030)	MAE 0.176 (0.176)
Epoch: [126][0/7]	Time 0.143 (0.143)	Data 0.011 (0.011)	Loss 0.0186 (0.0186)	MAE 0.038 (0.038)
Test: [0/3]	Time 0.021 (0.021)	Loss 0.3031 (0.3031)	MAE 0.176 (0.176)
Epoch: [127][0/7]	Time 0.142 (0.142)	Data 0.011 (0.011)	Loss 0.0185 (0.0185)	MAE 0.038 (0.038)
Test: [0/3]	Time 0.022 (0.022)	Loss 0.3033 (0.3033)	MAE 0.176 (0.176)
Epoch: [128][0/7]	Time 0.142 (0.142)	Data 0.011 (0.011)	Loss 0.0185 (0.0185)	MAE 0.037 (0.037)
Test: [0/3]	Time 0.022 (0.022)	Loss 0.3034 (0.3034)	MAE 0.176 (0.176)
Epoch: [129][0/7]	Time 0.142 (0.142)	Data 0.011 (0.011)	Loss 0.0184 (0.0184)	MAE 0.037 (0.037)
Test: [0/3]	Time 0.021 (0.021)	Loss 0.3036 (0.3036)	MAE 0.176 (0.176)
Epoch: [130][0/7]	Time 0.143 (0.143)	Data 0.011 (0.011)	Loss 0.0183 (0.0183)	MAE 0.037 (0.037)
Test: [0/3]	Time 0.021 (0.021)	Loss 0.3037 (0.3037)	MAE 0.176 (0.176)
Epoch: [131][0/7]	Time 0.143 (0.143)	Data 0.011 (0.011)	Loss 0.0182 (0.0182)	MAE 0.037 (0.037)
Test: [0/3]	Time 0.022 (0.022)	Loss 0.3039 (0.3039)	MAE 0.176 (0.176)
Epoch: [132][0/7]	Time 0.144 (0.144)	Data 0.011 (0.011)	Loss 0.0181 (0.0181)	MAE 0.037 (0.037)
Test: [0/3]	Time 0.022 (0.022)	Loss 0.3040 (0.3040)	MAE 0.176 (0.176)
Epoch: [133][0/7]	Time 0.142 (0.142)	Data 0.011 (0.011)	Loss 0.0180 (0.0180)	MAE 0.037 (0.037)
Test: [0/3]	Time 0.021 (0.021)	Loss 0.3041 (0.3041)	MAE 0.176 (0.176)
Epoch: [134][0/7]	Time 0.143 (0.143)	Data 0.011 (0.011)	Loss 0.0180 (0.0180)	MAE 0.037 (0.037)
Test: [0/3]	Time 0.021 (0.021)	Loss 0.3043 (0.3043)	MAE 0.176 (0.176)
Epoch: [135][0/7]	Time 0.143 (0.143)	Data 0.011 (0.011)	Loss 0.0179 (0.0179)	MAE 0.037 (0.037)
Test: [0/3]	Time 0.022 (0.022)	Loss 0.3044 (0.3044)	MAE 0.176 (0.176)
Epoch: [136][0/7]	Time 0.143 (0.143)	Data 0.011 (0.011)	Loss 0.0178 (0.0178)	MAE 0.037 (0.037)
Test: [0/3]	Time 0.021 (0.021)	Loss 0.3045 (0.3045)	MAE 0.176 (0.176)
Epoch: [137][0/7]	Time 0.145 (0.145)	Data 0.014 (0.014)	Loss 0.0177 (0.0177)	MAE 0.037 (0.037)
Test: [0/3]	Time 0.022 (0.022)	Loss 0.3046 (0.3046)	MAE 0.176 (0.176)
Epoch: [138][0/7]	Time 0.142 (0.142)	Data 0.011 (0.011)	Loss 0.0176 (0.0176)	MAE 0.037 (0.037)
Test: [0/3]	Time 0.021 (0.021)	Loss 0.3048 (0.3048)	MAE 0.176 (0.176)
Epoch: [139][0/7]	Time 0.142 (0.142)	Data 0.011 (0.011)	Loss 0.0176 (0.0176)	MAE 0.037 (0.037)
Test: [0/3]	Time 0.021 (0.021)	Loss 0.3049 (0.3049)	MAE 0.176 (0.176)
Epoch: [140][0/7]	Time 0.143 (0.143)	Data 0.011 (0.011)	Loss 0.0175 (0.0175)	MAE 0.037 (0.037)
Test: [0/3]	Time 0.021 (0.021)	Loss 0.3050 (0.3050)	MAE 0.176 (0.176)
Epoch: [141][0/7]	Time 0.142 (0.142)	Data 0.011 (0.011)	Loss 0.0174 (0.0174)	MAE 0.037 (0.037)
Test: [0/3]	Time 0.021 (0.021)	Loss 0.3051 (0.3051)	MAE 0.176 (0.176)
Epoch: [142][0/7]	Time 0.142 (0.142)	Data 0.011 (0.011)	Loss 0.0173 (0.0173)	MAE 0.037 (0.037)
Test: [0/3]	Time 0.021 (0.021)	Loss 0.3052 (0.3052)	MAE 0.176 (0.176)
Epoch: [143][0/7]	Time 0.143 (0.143)	Data 0.011 (0.011)	Loss 0.0173 (0.0173)	MAE 0.037 (0.037)
Test: [0/3]	Time 0.021 (0.021)	Loss 0.3054 (0.3054)	MAE 0.176 (0.176)
Epoch: [144][0/7]	Time 0.143 (0.143)	Data 0.011 (0.011)	Loss 0.0172 (0.0172)	MAE 0.037 (0.037)
Test: [0/3]	Time 0.021 (0.021)	Loss 0.3055 (0.3055)	MAE 0.176 (0.176)
Epoch: [145][0/7]	Time 0.142 (0.142)	Data 0.011 (0.011)	Loss 0.0171 (0.0171)	MAE 0.036 (0.036)
Test: [0/3]	Time 0.021 (0.021)	Loss 0.3056 (0.3056)	MAE 0.176 (0.176)
Epoch: [146][0/7]	Time 0.142 (0.142)	Data 0.011 (0.011)	Loss 0.0170 (0.0170)	MAE 0.036 (0.036)
Test: [0/3]	Time 0.022 (0.022)	Loss 0.3057 (0.3057)	MAE 0.176 (0.176)
Epoch: [147][0/7]	Time 0.143 (0.143)	Data 0.011 (0.011)	Loss 0.0170 (0.0170)	MAE 0.036 (0.036)
Test: [0/3]	Time 0.023 (0.023)	Loss 0.3058 (0.3058)	MAE 0.176 (0.176)
Epoch: [148][0/7]	Time 0.142 (0.142)	Data 0.011 (0.011)	Loss 0.0169 (0.0169)	MAE 0.036 (0.036)
Test: [0/3]	Time 0.021 (0.021)	Loss 0.3059 (0.3059)	MAE 0.176 (0.176)
Epoch: [149][0/7]	Time 0.142 (0.142)	Data 0.011 (0.011)	Loss 0.0168 (0.0168)	MAE 0.036 (0.036)
Test: [0/3]	Time 0.022 (0.022)	Loss 0.3060 (0.3060)	MAE 0.176 (0.176)
Epoch: [150][0/7]	Time 0.142 (0.142)	Data 0.011 (0.011)	Loss 0.0168 (0.0168)	MAE 0.036 (0.036)
Test: [0/3]	Time 0.021 (0.021)	Loss 0.3061 (0.3061)	MAE 0.176 (0.176)
Epoch: [151][0/7]	Time 0.143 (0.143)	Data 0.011 (0.011)	Loss 0.0167 (0.0167)	MAE 0.036 (0.036)
Test: [0/3]	Time 0.021 (0.021)	Loss 0.3062 (0.3062)	MAE 0.176 (0.176)
Epoch: [152][0/7]	Time 0.143 (0.143)	Data 0.011 (0.011)	Loss 0.0166 (0.0166)	MAE 0.036 (0.036)
Test: [0/3]	Time 0.022 (0.022)	Loss 0.3063 (0.3063)	MAE 0.176 (0.176)
Epoch: [153][0/7]	Time 0.144 (0.144)	Data 0.011 (0.011)	Loss 0.0165 (0.0165)	MAE 0.036 (0.036)
Test: [0/3]	Time 0.022 (0.022)	Loss 0.3064 (0.3064)	MAE 0.176 (0.176)
Epoch: [154][0/7]	Time 0.143 (0.143)	Data 0.012 (0.012)	Loss 0.0165 (0.0165)	MAE 0.036 (0.036)
Test: [0/3]	Time 0.022 (0.022)	Loss 0.3065 (0.3065)	MAE 0.176 (0.176)
Epoch: [155][0/7]	Time 0.142 (0.142)	Data 0.011 (0.011)	Loss 0.0164 (0.0164)	MAE 0.036 (0.036)
Test: [0/3]	Time 0.022 (0.022)	Loss 0.3066 (0.3066)	MAE 0.176 (0.176)
Epoch: [156][0/7]	Time 0.142 (0.142)	Data 0.011 (0.011)	Loss 0.0163 (0.0163)	MAE 0.036 (0.036)
Test: [0/3]	Time 0.021 (0.021)	Loss 0.3067 (0.3067)	MAE 0.176 (0.176)
Epoch: [157][0/7]	Time 0.143 (0.143)	Data 0.011 (0.011)	Loss 0.0163 (0.0163)	MAE 0.036 (0.036)
Test: [0/3]	Time 0.022 (0.022)	Loss 0.3068 (0.3068)	MAE 0.176 (0.176)
Epoch: [158][0/7]	Time 0.143 (0.143)	Data 0.011 (0.011)	Loss 0.0162 (0.0162)	MAE 0.036 (0.036)
Test: [0/3]	Time 0.021 (0.021)	Loss 0.3069 (0.3069)	MAE 0.176 (0.176)
Epoch: [159][0/7]	Time 0.143 (0.143)	Data 0.011 (0.011)	Loss 0.0161 (0.0161)	MAE 0.036 (0.036)
Test: [0/3]	Time 0.021 (0.021)	Loss 0.3070 (0.3070)	MAE 0.176 (0.176)
Epoch: [160][0/7]	Time 0.143 (0.143)	Data 0.011 (0.011)	Loss 0.0161 (0.0161)	MAE 0.036 (0.036)
Test: [0/3]	Time 0.021 (0.021)	Loss 0.3071 (0.3071)	MAE 0.176 (0.176)
Epoch: [161][0/7]	Time 0.143 (0.143)	Data 0.011 (0.011)	Loss 0.0160 (0.0160)	MAE 0.036 (0.036)
Test: [0/3]	Time 0.021 (0.021)	Loss 0.3072 (0.3072)	MAE 0.176 (0.176)
Epoch: [162][0/7]	Time 0.143 (0.143)	Data 0.012 (0.012)	Loss 0.0160 (0.0160)	MAE 0.035 (0.035)
Test: [0/3]	Time 0.021 (0.021)	Loss 0.3073 (0.3073)	MAE 0.176 (0.176)
Epoch: [163][0/7]	Time 0.142 (0.142)	Data 0.011 (0.011)	Loss 0.0159 (0.0159)	MAE 0.035 (0.035)
Test: [0/3]	Time 0.021 (0.021)	Loss 0.3074 (0.3074)	MAE 0.176 (0.176)
Epoch: [164][0/7]	Time 0.142 (0.142)	Data 0.011 (0.011)	Loss 0.0158 (0.0158)	MAE 0.035 (0.035)
Test: [0/3]	Time 0.022 (0.022)	Loss 0.3075 (0.3075)	MAE 0.176 (0.176)
Epoch: [165][0/7]	Time 0.143 (0.143)	Data 0.011 (0.011)	Loss 0.0158 (0.0158)	MAE 0.035 (0.035)
Test: [0/3]	Time 0.021 (0.021)	Loss 0.3076 (0.3076)	MAE 0.176 (0.176)
Epoch: [166][0/7]	Time 0.143 (0.143)	Data 0.011 (0.011)	Loss 0.0157 (0.0157)	MAE 0.035 (0.035)
Test: [0/3]	Time 0.021 (0.021)	Loss 0.3077 (0.3077)	MAE 0.176 (0.176)
Epoch: [167][0/7]	Time 0.143 (0.143)	Data 0.011 (0.011)	Loss 0.0156 (0.0156)	MAE 0.035 (0.035)
Test: [0/3]	Time 0.022 (0.022)	Loss 0.3078 (0.3078)	MAE 0.176 (0.176)
Epoch: [168][0/7]	Time 0.143 (0.143)	Data 0.011 (0.011)	Loss 0.0156 (0.0156)	MAE 0.035 (0.035)
Test: [0/3]	Time 0.022 (0.022)	Loss 0.3079 (0.3079)	MAE 0.176 (0.176)
Epoch: [169][0/7]	Time 0.143 (0.143)	Data 0.011 (0.011)	Loss 0.0155 (0.0155)	MAE 0.035 (0.035)
Test: [0/3]	Time 0.022 (0.022)	Loss 0.3080 (0.3080)	MAE 0.176 (0.176)
Epoch: [170][0/7]	Time 0.143 (0.143)	Data 0.011 (0.011)	Loss 0.0155 (0.0155)	MAE 0.035 (0.035)
Test: [0/3]	Time 0.022 (0.022)	Loss 0.3081 (0.3081)	MAE 0.176 (0.176)
Epoch: [171][0/7]	Time 0.143 (0.143)	Data 0.011 (0.011)	Loss 0.0154 (0.0154)	MAE 0.035 (0.035)
Test: [0/3]	Time 0.021 (0.021)	Loss 0.3081 (0.3081)	MAE 0.176 (0.176)
Epoch: [172][0/7]	Time 0.143 (0.143)	Data 0.011 (0.011)	Loss 0.0153 (0.0153)	MAE 0.035 (0.035)
Test: [0/3]	Time 0.021 (0.021)	Loss 0.3082 (0.3082)	MAE 0.176 (0.176)
Epoch: [173][0/7]	Time 0.143 (0.143)	Data 0.011 (0.011)	Loss 0.0153 (0.0153)	MAE 0.035 (0.035)
Test: [0/3]	Time 0.021 (0.021)	Loss 0.3083 (0.3083)	MAE 0.176 (0.176)
Epoch: [174][0/7]	Time 0.143 (0.143)	Data 0.011 (0.011)	Loss 0.0152 (0.0152)	MAE 0.035 (0.035)
Test: [0/3]	Time 0.021 (0.021)	Loss 0.3084 (0.3084)	MAE 0.176 (0.176)
Epoch: [175][0/7]	Time 0.142 (0.142)	Data 0.011 (0.011)	Loss 0.0152 (0.0152)	MAE 0.035 (0.035)
Test: [0/3]	Time 0.021 (0.021)	Loss 0.3085 (0.3085)	MAE 0.176 (0.176)
Epoch: [176][0/7]	Time 0.143 (0.143)	Data 0.011 (0.011)	Loss 0.0151 (0.0151)	MAE 0.035 (0.035)
Test: [0/3]	Time 0.022 (0.022)	Loss 0.3086 (0.3086)	MAE 0.176 (0.176)
Epoch: [177][0/7]	Time 0.143 (0.143)	Data 0.011 (0.011)	Loss 0.0150 (0.0150)	MAE 0.035 (0.035)
Test: [0/3]	Time 0.021 (0.021)	Loss 0.3086 (0.3086)	MAE 0.176 (0.176)
Epoch: [178][0/7]	Time 0.143 (0.143)	Data 0.011 (0.011)	Loss 0.0150 (0.0150)	MAE 0.035 (0.035)
Test: [0/3]	Time 0.021 (0.021)	Loss 0.3087 (0.3087)	MAE 0.176 (0.176)
Epoch: [179][0/7]	Time 0.144 (0.144)	Data 0.011 (0.011)	Loss 0.0149 (0.0149)	MAE 0.035 (0.035)
Test: [0/3]	Time 0.022 (0.022)	Loss 0.3088 (0.3088)	MAE 0.176 (0.176)
Epoch: [180][0/7]	Time 0.143 (0.143)	Data 0.011 (0.011)	Loss 0.0149 (0.0149)	MAE 0.035 (0.035)
Test: [0/3]	Time 0.021 (0.021)	Loss 0.3089 (0.3089)	MAE 0.176 (0.176)
Epoch: [181][0/7]	Time 0.142 (0.142)	Data 0.011 (0.011)	Loss 0.0148 (0.0148)	MAE 0.034 (0.034)
Test: [0/3]	Time 0.022 (0.022)	Loss 0.3090 (0.3090)	MAE 0.176 (0.176)
Epoch: [182][0/7]	Time 0.143 (0.143)	Data 0.011 (0.011)	Loss 0.0147 (0.0147)	MAE 0.034 (0.034)
Test: [0/3]	Time 0.021 (0.021)	Loss 0.3091 (0.3091)	MAE 0.176 (0.176)
Epoch: [183][0/7]	Time 0.142 (0.142)	Data 0.011 (0.011)	Loss 0.0147 (0.0147)	MAE 0.034 (0.034)
Test: [0/3]	Time 0.022 (0.022)	Loss 0.3091 (0.3091)	MAE 0.176 (0.176)
Epoch: [184][0/7]	Time 0.143 (0.143)	Data 0.011 (0.011)	Loss 0.0146 (0.0146)	MAE 0.034 (0.034)
Test: [0/3]	Time 0.022 (0.022)	Loss 0.3092 (0.3092)	MAE 0.176 (0.176)
Epoch: [185][0/7]	Time 0.143 (0.143)	Data 0.011 (0.011)	Loss 0.0146 (0.0146)	MAE 0.034 (0.034)
Test: [0/3]	Time 0.022 (0.022)	Loss 0.3093 (0.3093)	MAE 0.176 (0.176)
Epoch: [186][0/7]	Time 0.143 (0.143)	Data 0.011 (0.011)	Loss 0.0145 (0.0145)	MAE 0.034 (0.034)
Test: [0/3]	Time 0.022 (0.022)	Loss 0.3094 (0.3094)	MAE 0.176 (0.176)
Epoch: [187][0/7]	Time 0.143 (0.143)	Data 0.011 (0.011)	Loss 0.0145 (0.0145)	MAE 0.034 (0.034)
Test: [0/3]	Time 0.021 (0.021)	Loss 0.3094 (0.3094)	MAE 0.176 (0.176)
Epoch: [188][0/7]	Time 0.142 (0.142)	Data 0.011 (0.011)	Loss 0.0144 (0.0144)	MAE 0.034 (0.034)
Test: [0/3]	Time 0.022 (0.022)	Loss 0.3095 (0.3095)	MAE 0.176 (0.176)
Epoch: [189][0/7]	Time 0.142 (0.142)	Data 0.011 (0.011)	Loss 0.0143 (0.0143)	MAE 0.034 (0.034)
Test: [0/3]	Time 0.021 (0.021)	Loss 0.3096 (0.3096)	MAE 0.176 (0.176)
Epoch: [190][0/7]	Time 0.142 (0.142)	Data 0.011 (0.011)	Loss 0.0143 (0.0143)	MAE 0.034 (0.034)
Test: [0/3]	Time 0.021 (0.021)	Loss 0.3097 (0.3097)	MAE 0.176 (0.176)
Epoch: [191][0/7]	Time 0.144 (0.144)	Data 0.013 (0.013)	Loss 0.0142 (0.0142)	MAE 0.034 (0.034)
Test: [0/3]	Time 0.021 (0.021)	Loss 0.3098 (0.3098)	MAE 0.176 (0.176)
Epoch: [192][0/7]	Time 0.143 (0.143)	Data 0.011 (0.011)	Loss 0.0142 (0.0142)	MAE 0.034 (0.034)
Test: [0/3]	Time 0.021 (0.021)	Loss 0.3098 (0.3098)	MAE 0.176 (0.176)
Epoch: [193][0/7]	Time 0.143 (0.143)	Data 0.011 (0.011)	Loss 0.0141 (0.0141)	MAE 0.034 (0.034)
Test: [0/3]	Time 0.021 (0.021)	Loss 0.3099 (0.3099)	MAE 0.177 (0.177)
Epoch: [194][0/7]	Time 0.142 (0.142)	Data 0.011 (0.011)	Loss 0.0141 (0.0141)	MAE 0.034 (0.034)
Test: [0/3]	Time 0.021 (0.021)	Loss 0.3100 (0.3100)	MAE 0.177 (0.177)
Epoch: [195][0/7]	Time 0.143 (0.143)	Data 0.011 (0.011)	Loss 0.0140 (0.0140)	MAE 0.034 (0.034)
Test: [0/3]	Time 0.022 (0.022)	Loss 0.3100 (0.3100)	MAE 0.177 (0.177)
Epoch: [196][0/7]	Time 0.143 (0.143)	Data 0.011 (0.011)	Loss 0.0140 (0.0140)	MAE 0.034 (0.034)
Test: [0/3]	Time 0.021 (0.021)	Loss 0.3101 (0.3101)	MAE 0.177 (0.177)
Epoch: [197][0/7]	Time 0.142 (0.142)	Data 0.011 (0.011)	Loss 0.0139 (0.0139)	MAE 0.034 (0.034)
Test: [0/3]	Time 0.022 (0.022)	Loss 0.3102 (0.3102)	MAE 0.177 (0.177)
Epoch: [198][0/7]	Time 0.142 (0.142)	Data 0.011 (0.011)	Loss 0.0139 (0.0139)	MAE 0.034 (0.034)
Test: [0/3]	Time 0.021 (0.021)	Loss 0.3103 (0.3103)	MAE 0.177 (0.177)
Epoch: [199][0/7]	Time 0.142 (0.142)	Data 0.011 (0.011)	Loss 0.0138 (0.0138)	MAE 0.034 (0.034)
Test: [0/3]	Time 0.021 (0.021)	Loss 0.3103 (0.3103)	MAE 0.177 (0.177)
Epoch: [200][0/7]	Time 0.142 (0.142)	Data 0.011 (0.011)	Loss 0.0138 (0.0138)	MAE 0.033 (0.033)
Test: [0/3]	Time 0.021 (0.021)	Loss 0.3104 (0.3104)	MAE 0.177 (0.177)
Epoch: [201][0/7]	Time 0.143 (0.143)	Data 0.011 (0.011)	Loss 0.0137 (0.0137)	MAE 0.033 (0.033)
Test: [0/3]	Time 0.021 (0.021)	Loss 0.3105 (0.3105)	MAE 0.177 (0.177)
Epoch: [202][0/7]	Time 0.143 (0.143)	Data 0.011 (0.011)	Loss 0.0137 (0.0137)	MAE 0.033 (0.033)
Test: [0/3]	Time 0.022 (0.022)	Loss 0.3105 (0.3105)	MAE 0.177 (0.177)
Epoch: [203][0/7]	Time 0.144 (0.144)	Data 0.012 (0.012)	Loss 0.0136 (0.0136)	MAE 0.033 (0.033)
Test: [0/3]	Time 0.021 (0.021)	Loss 0.3106 (0.3106)	MAE 0.177 (0.177)
Epoch: [204][0/7]	Time 0.142 (0.142)	Data 0.011 (0.011)	Loss 0.0135 (0.0135)	MAE 0.033 (0.033)
Test: [0/3]	Time 0.022 (0.022)	Loss 0.3107 (0.3107)	MAE 0.177 (0.177)
Epoch: [205][0/7]	Time 0.142 (0.142)	Data 0.011 (0.011)	Loss 0.0135 (0.0135)	MAE 0.033 (0.033)
Test: [0/3]	Time 0.022 (0.022)	Loss 0.3108 (0.3108)	MAE 0.177 (0.177)
Epoch: [206][0/7]	Time 0.143 (0.143)	Data 0.011 (0.011)	Loss 0.0134 (0.0134)	MAE 0.033 (0.033)
Test: [0/3]	Time 0.022 (0.022)	Loss 0.3108 (0.3108)	MAE 0.177 (0.177)
Epoch: [207][0/7]	Time 0.143 (0.143)	Data 0.011 (0.011)	Loss 0.0134 (0.0134)	MAE 0.033 (0.033)
Test: [0/3]	Time 0.021 (0.021)	Loss 0.3109 (0.3109)	MAE 0.177 (0.177)
Epoch: [208][0/7]	Time 0.143 (0.143)	Data 0.011 (0.011)	Loss 0.0133 (0.0133)	MAE 0.033 (0.033)
Test: [0/3]	Time 0.022 (0.022)	Loss 0.3110 (0.3110)	MAE 0.177 (0.177)
Epoch: [209][0/7]	Time 0.143 (0.143)	Data 0.011 (0.011)	Loss 0.0133 (0.0133)	MAE 0.033 (0.033)
Test: [0/3]	Time 0.022 (0.022)	Loss 0.3110 (0.3110)	MAE 0.177 (0.177)
Epoch: [210][0/7]	Time 0.143 (0.143)	Data 0.011 (0.011)	Loss 0.0132 (0.0132)	MAE 0.033 (0.033)
Test: [0/3]	Time 0.021 (0.021)	Loss 0.3111 (0.3111)	MAE 0.177 (0.177)
Epoch: [211][0/7]	Time 0.143 (0.143)	Data 0.011 (0.011)	Loss 0.0132 (0.0132)	MAE 0.033 (0.033)
Test: [0/3]	Time 0.021 (0.021)	Loss 0.3112 (0.3112)	MAE 0.177 (0.177)
Epoch: [212][0/7]	Time 0.143 (0.143)	Data 0.011 (0.011)	Loss 0.0131 (0.0131)	MAE 0.033 (0.033)
Test: [0/3]	Time 0.021 (0.021)	Loss 0.3112 (0.3112)	MAE 0.177 (0.177)
Epoch: [213][0/7]	Time 0.143 (0.143)	Data 0.011 (0.011)	Loss 0.0131 (0.0131)	MAE 0.033 (0.033)
Test: [0/3]	Time 0.022 (0.022)	Loss 0.3113 (0.3113)	MAE 0.177 (0.177)
Epoch: [214][0/7]	Time 0.143 (0.143)	Data 0.011 (0.011)	Loss 0.0130 (0.0130)	MAE 0.033 (0.033)
Test: [0/3]	Time 0.021 (0.021)	Loss 0.3114 (0.3114)	MAE 0.177 (0.177)
Epoch: [215][0/7]	Time 0.142 (0.142)	Data 0.011 (0.011)	Loss 0.0130 (0.0130)	MAE 0.033 (0.033)
Test: [0/3]	Time 0.021 (0.021)	Loss 0.3114 (0.3114)	MAE 0.177 (0.177)
Epoch: [216][0/7]	Time 0.143 (0.143)	Data 0.011 (0.011)	Loss 0.0129 (0.0129)	MAE 0.033 (0.033)
Test: [0/3]	Time 0.022 (0.022)	Loss 0.3115 (0.3115)	MAE 0.177 (0.177)
Epoch: [217][0/7]	Time 0.143 (0.143)	Data 0.011 (0.011)	Loss 0.0129 (0.0129)	MAE 0.033 (0.033)
Test: [0/3]	Time 0.022 (0.022)	Loss 0.3115 (0.3115)	MAE 0.177 (0.177)
Epoch: [218][0/7]	Time 0.143 (0.143)	Data 0.011 (0.011)	Loss 0.0129 (0.0129)	MAE 0.033 (0.033)
Test: [0/3]	Time 0.022 (0.022)	Loss 0.3116 (0.3116)	MAE 0.177 (0.177)
Epoch: [219][0/7]	Time 0.142 (0.142)	Data 0.011 (0.011)	Loss 0.0128 (0.0128)	MAE 0.032 (0.032)
Test: [0/3]	Time 0.021 (0.021)	Loss 0.3117 (0.3117)	MAE 0.177 (0.177)
Epoch: [220][0/7]	Time 0.143 (0.143)	Data 0.011 (0.011)	Loss 0.0128 (0.0128)	MAE 0.032 (0.032)
Test: [0/3]	Time 0.022 (0.022)	Loss 0.3117 (0.3117)	MAE 0.177 (0.177)
Epoch: [221][0/7]	Time 0.142 (0.142)	Data 0.011 (0.011)	Loss 0.0127 (0.0127)	MAE 0.032 (0.032)
Test: [0/3]	Time 0.021 (0.021)	Loss 0.3118 (0.3118)	MAE 0.177 (0.177)
Epoch: [222][0/7]	Time 0.142 (0.142)	Data 0.011 (0.011)	Loss 0.0127 (0.0127)	MAE 0.032 (0.032)
Test: [0/3]	Time 0.021 (0.021)	Loss 0.3119 (0.3119)	MAE 0.177 (0.177)
Epoch: [223][0/7]	Time 0.143 (0.143)	Data 0.011 (0.011)	Loss 0.0126 (0.0126)	MAE 0.032 (0.032)
Test: [0/3]	Time 0.022 (0.022)	Loss 0.3119 (0.3119)	MAE 0.177 (0.177)
Epoch: [224][0/7]	Time 0.143 (0.143)	Data 0.011 (0.011)	Loss 0.0126 (0.0126)	MAE 0.032 (0.032)
Test: [0/3]	Time 0.021 (0.021)	Loss 0.3120 (0.3120)	MAE 0.177 (0.177)
Epoch: [225][0/7]	Time 0.143 (0.143)	Data 0.011 (0.011)	Loss 0.0125 (0.0125)	MAE 0.032 (0.032)
Test: [0/3]	Time 0.021 (0.021)	Loss 0.3121 (0.3121)	MAE 0.177 (0.177)
Epoch: [226][0/7]	Time 0.142 (0.142)	Data 0.011 (0.011)	Loss 0.0125 (0.0125)	MAE 0.032 (0.032)
Test: [0/3]	Time 0.021 (0.021)	Loss 0.3121 (0.3121)	MAE 0.177 (0.177)
Epoch: [227][0/7]	Time 0.143 (0.143)	Data 0.011 (0.011)	Loss 0.0124 (0.0124)	MAE 0.032 (0.032)
Test: [0/3]	Time 0.022 (0.022)	Loss 0.3122 (0.3122)	MAE 0.177 (0.177)
Epoch: [228][0/7]	Time 0.143 (0.143)	Data 0.011 (0.011)	Loss 0.0124 (0.0124)	MAE 0.032 (0.032)
Test: [0/3]	Time 0.022 (0.022)	Loss 0.3122 (0.3122)	MAE 0.177 (0.177)
Epoch: [229][0/7]	Time 0.142 (0.142)	Data 0.011 (0.011)	Loss 0.0123 (0.0123)	MAE 0.032 (0.032)
Test: [0/3]	Time 0.022 (0.022)	Loss 0.3123 (0.3123)	MAE 0.177 (0.177)
Epoch: [230][0/7]	Time 0.143 (0.143)	Data 0.011 (0.011)	Loss 0.0123 (0.0123)	MAE 0.032 (0.032)
Test: [0/3]	Time 0.021 (0.021)	Loss 0.3124 (0.3124)	MAE 0.177 (0.177)
Epoch: [231][0/7]	Time 0.142 (0.142)	Data 0.011 (0.011)	Loss 0.0122 (0.0122)	MAE 0.032 (0.032)
Test: [0/3]	Time 0.021 (0.021)	Loss 0.3124 (0.3124)	MAE 0.177 (0.177)
Epoch: [232][0/7]	Time 0.143 (0.143)	Data 0.011 (0.011)	Loss 0.0122 (0.0122)	MAE 0.032 (0.032)
Test: [0/3]	Time 0.022 (0.022)	Loss 0.3125 (0.3125)	MAE 0.177 (0.177)
Epoch: [233][0/7]	Time 0.143 (0.143)	Data 0.011 (0.011)	Loss 0.0122 (0.0122)	MAE 0.032 (0.032)
Test: [0/3]	Time 0.021 (0.021)	Loss 0.3125 (0.3125)	MAE 0.177 (0.177)
Epoch: [234][0/7]	Time 0.144 (0.144)	Data 0.011 (0.011)	Loss 0.0121 (0.0121)	MAE 0.032 (0.032)
Test: [0/3]	Time 0.021 (0.021)	Loss 0.3126 (0.3126)	MAE 0.177 (0.177)
Epoch: [235][0/7]	Time 0.143 (0.143)	Data 0.011 (0.011)	Loss 0.0121 (0.0121)	MAE 0.032 (0.032)
Test: [0/3]	Time 0.021 (0.021)	Loss 0.3127 (0.3127)	MAE 0.177 (0.177)
Epoch: [236][0/7]	Time 0.143 (0.143)	Data 0.011 (0.011)	Loss 0.0120 (0.0120)	MAE 0.032 (0.032)
Test: [0/3]	Time 0.021 (0.021)	Loss 0.3127 (0.3127)	MAE 0.177 (0.177)
Epoch: [237][0/7]	Time 0.143 (0.143)	Data 0.012 (0.012)	Loss 0.0120 (0.0120)	MAE 0.032 (0.032)
Test: [0/3]	Time 0.021 (0.021)	Loss 0.3128 (0.3128)	MAE 0.177 (0.177)
Epoch: [238][0/7]	Time 0.142 (0.142)	Data 0.011 (0.011)	Loss 0.0119 (0.0119)	MAE 0.032 (0.032)
Test: [0/3]	Time 0.021 (0.021)	Loss 0.3128 (0.3128)	MAE 0.177 (0.177)
Epoch: [239][0/7]	Time 0.143 (0.143)	Data 0.011 (0.011)	Loss 0.0119 (0.0119)	MAE 0.032 (0.032)
Test: [0/3]	Time 0.022 (0.022)	Loss 0.3129 (0.3129)	MAE 0.177 (0.177)
Epoch: [240][0/7]	Time 0.143 (0.143)	Data 0.012 (0.012)	Loss 0.0118 (0.0118)	MAE 0.031 (0.031)
Test: [0/3]	Time 0.022 (0.022)	Loss 0.3129 (0.3129)	MAE 0.177 (0.177)
Epoch: [241][0/7]	Time 0.145 (0.145)	Data 0.013 (0.013)	Loss 0.0118 (0.0118)	MAE 0.031 (0.031)
Test: [0/3]	Time 0.021 (0.021)	Loss 0.3130 (0.3130)	MAE 0.177 (0.177)
Epoch: [242][0/7]	Time 0.143 (0.143)	Data 0.011 (0.011)	Loss 0.0118 (0.0118)	MAE 0.031 (0.031)
Test: [0/3]	Time 0.022 (0.022)	Loss 0.3131 (0.3131)	MAE 0.177 (0.177)
Epoch: [243][0/7]	Time 0.144 (0.144)	Data 0.011 (0.011)	Loss 0.0117 (0.0117)	MAE 0.031 (0.031)
Test: [0/3]	Time 0.021 (0.021)	Loss 0.3131 (0.3131)	MAE 0.177 (0.177)
Epoch: [244][0/7]	Time 0.142 (0.142)	Data 0.011 (0.011)	Loss 0.0117 (0.0117)	MAE 0.031 (0.031)
Test: [0/3]	Time 0.021 (0.021)	Loss 0.3132 (0.3132)	MAE 0.177 (0.177)
Epoch: [245][0/7]	Time 0.143 (0.143)	Data 0.011 (0.011)	Loss 0.0116 (0.0116)	MAE 0.031 (0.031)
Test: [0/3]	Time 0.021 (0.021)	Loss 0.3132 (0.3132)	MAE 0.177 (0.177)
Epoch: [246][0/7]	Time 0.143 (0.143)	Data 0.011 (0.011)	Loss 0.0116 (0.0116)	MAE 0.031 (0.031)
Test: [0/3]	Time 0.022 (0.022)	Loss 0.3133 (0.3133)	MAE 0.177 (0.177)
Epoch: [247][0/7]	Time 0.143 (0.143)	Data 0.011 (0.011)	Loss 0.0115 (0.0115)	MAE 0.031 (0.031)
Test: [0/3]	Time 0.021 (0.021)	Loss 0.3133 (0.3133)	MAE 0.177 (0.177)
Epoch: [248][0/7]	Time 0.144 (0.144)	Data 0.012 (0.012)	Loss 0.0115 (0.0115)	MAE 0.031 (0.031)
Test: [0/3]	Time 0.022 (0.022)	Loss 0.3134 (0.3134)	MAE 0.177 (0.177)
Epoch: [249][0/7]	Time 0.143 (0.143)	Data 0.011 (0.011)	Loss 0.0115 (0.0115)	MAE 0.031 (0.031)
Test: [0/3]	Time 0.022 (0.022)	Loss 0.3134 (0.3134)	MAE 0.177 (0.177)
Epoch: [250][0/7]	Time 0.143 (0.143)	Data 0.011 (0.011)	Loss 0.0114 (0.0114)	MAE 0.031 (0.031)
Test: [0/3]	Time 0.021 (0.021)	Loss 0.3135 (0.3135)	MAE 0.177 (0.177)
Epoch: [251][0/7]	Time 0.143 (0.143)	Data 0.011 (0.011)	Loss 0.0114 (0.0114)	MAE 0.031 (0.031)
Test: [0/3]	Time 0.021 (0.021)	Loss 0.3136 (0.3136)	MAE 0.177 (0.177)
Epoch: [252][0/7]	Time 0.143 (0.143)	Data 0.011 (0.011)	Loss 0.0113 (0.0113)	MAE 0.031 (0.031)
Test: [0/3]	Time 0.021 (0.021)	Loss 0.3136 (0.3136)	MAE 0.177 (0.177)
Epoch: [253][0/7]	Time 0.143 (0.143)	Data 0.011 (0.011)	Loss 0.0113 (0.0113)	MAE 0.031 (0.031)
Test: [0/3]	Time 0.022 (0.022)	Loss 0.3137 (0.3137)	MAE 0.177 (0.177)
Epoch: [254][0/7]	Time 0.143 (0.143)	Data 0.011 (0.011)	Loss 0.0113 (0.0113)	MAE 0.031 (0.031)
Test: [0/3]	Time 0.022 (0.022)	Loss 0.3137 (0.3137)	MAE 0.177 (0.177)
Epoch: [255][0/7]	Time 0.144 (0.144)	Data 0.012 (0.012)	Loss 0.0112 (0.0112)	MAE 0.031 (0.031)
Test: [0/3]	Time 0.021 (0.021)	Loss 0.3138 (0.3138)	MAE 0.177 (0.177)
Epoch: [256][0/7]	Time 0.142 (0.142)	Data 0.011 (0.011)	Loss 0.0112 (0.0112)	MAE 0.031 (0.031)
Test: [0/3]	Time 0.021 (0.021)	Loss 0.3138 (0.3138)	MAE 0.177 (0.177)
Epoch: [257][0/7]	Time 0.143 (0.143)	Data 0.011 (0.011)	Loss 0.0111 (0.0111)	MAE 0.031 (0.031)
Test: [0/3]	Time 0.022 (0.022)	Loss 0.3139 (0.3139)	MAE 0.177 (0.177)
Epoch: [258][0/7]	Time 0.143 (0.143)	Data 0.011 (0.011)	Loss 0.0111 (0.0111)	MAE 0.031 (0.031)
Test: [0/3]	Time 0.070 (0.070)	Loss 0.3139 (0.3139)	MAE 0.177 (0.177)
Epoch: [259][0/7]	Time 0.143 (0.143)	Data 0.012 (0.012)	Loss 0.0111 (0.0111)	MAE 0.031 (0.031)
Test: [0/3]	Time 0.021 (0.021)	Loss 0.3140 (0.3140)	MAE 0.177 (0.177)
Epoch: [260][0/7]	Time 0.143 (0.143)	Data 0.011 (0.011)	Loss 0.0110 (0.0110)	MAE 0.031 (0.031)
Test: [0/3]	Time 0.022 (0.022)	Loss 0.3140 (0.3140)	MAE 0.177 (0.177)
Epoch: [261][0/7]	Time 0.142 (0.142)	Data 0.011 (0.011)	Loss 0.0110 (0.0110)	MAE 0.030 (0.030)
Test: [0/3]	Time 0.022 (0.022)	Loss 0.3141 (0.3141)	MAE 0.177 (0.177)
Epoch: [262][0/7]	Time 0.143 (0.143)	Data 0.011 (0.011)	Loss 0.0109 (0.0109)	MAE 0.030 (0.030)
Test: [0/3]	Time 0.022 (0.022)	Loss 0.3142 (0.3142)	MAE 0.177 (0.177)
Epoch: [263][0/7]	Time 0.143 (0.143)	Data 0.011 (0.011)	Loss 0.0109 (0.0109)	MAE 0.030 (0.030)
Test: [0/3]	Time 0.022 (0.022)	Loss 0.3142 (0.3142)	MAE 0.177 (0.177)
Epoch: [264][0/7]	Time 0.143 (0.143)	Data 0.011 (0.011)	Loss 0.0109 (0.0109)	MAE 0.030 (0.030)
Test: [0/3]	Time 0.021 (0.021)	Loss 0.3143 (0.3143)	MAE 0.177 (0.177)
Epoch: [265][0/7]	Time 0.143 (0.143)	Data 0.011 (0.011)	Loss 0.0108 (0.0108)	MAE 0.030 (0.030)
Test: [0/3]	Time 0.021 (0.021)	Loss 0.3143 (0.3143)	MAE 0.177 (0.177)
Epoch: [266][0/7]	Time 0.143 (0.143)	Data 0.011 (0.011)	Loss 0.0108 (0.0108)	MAE 0.030 (0.030)
Test: [0/3]	Time 0.021 (0.021)	Loss 0.3144 (0.3144)	MAE 0.177 (0.177)
Epoch: [267][0/7]	Time 0.143 (0.143)	Data 0.011 (0.011)	Loss 0.0108 (0.0108)	MAE 0.030 (0.030)
Test: [0/3]	Time 0.022 (0.022)	Loss 0.3144 (0.3144)	MAE 0.177 (0.177)
Epoch: [268][0/7]	Time 0.142 (0.142)	Data 0.011 (0.011)	Loss 0.0107 (0.0107)	MAE 0.030 (0.030)
Test: [0/3]	Time 0.021 (0.021)	Loss 0.3145 (0.3145)	MAE 0.177 (0.177)
Epoch: [269][0/7]	Time 0.143 (0.143)	Data 0.011 (0.011)	Loss 0.0107 (0.0107)	MAE 0.030 (0.030)
Test: [0/3]	Time 0.021 (0.021)	Loss 0.3145 (0.3145)	MAE 0.177 (0.177)
Epoch: [270][0/7]	Time 0.143 (0.143)	Data 0.011 (0.011)	Loss 0.0106 (0.0106)	MAE 0.030 (0.030)
Test: [0/3]	Time 0.021 (0.021)	Loss 0.3146 (0.3146)	MAE 0.177 (0.177)
Epoch: [271][0/7]	Time 0.143 (0.143)	Data 0.011 (0.011)	Loss 0.0106 (0.0106)	MAE 0.030 (0.030)
Test: [0/3]	Time 0.021 (0.021)	Loss 0.3146 (0.3146)	MAE 0.177 (0.177)
Epoch: [272][0/7]	Time 0.143 (0.143)	Data 0.011 (0.011)	Loss 0.0106 (0.0106)	MAE 0.030 (0.030)
Test: [0/3]	Time 0.022 (0.022)	Loss 0.3147 (0.3147)	MAE 0.177 (0.177)
Epoch: [273][0/7]	Time 0.143 (0.143)	Data 0.011 (0.011)	Loss 0.0105 (0.0105)	MAE 0.030 (0.030)
Test: [0/3]	Time 0.021 (0.021)	Loss 0.3147 (0.3147)	MAE 0.177 (0.177)
Epoch: [274][0/7]	Time 0.143 (0.143)	Data 0.011 (0.011)	Loss 0.0105 (0.0105)	MAE 0.030 (0.030)
Test: [0/3]	Time 0.021 (0.021)	Loss 0.3148 (0.3148)	MAE 0.177 (0.177)
Epoch: [275][0/7]	Time 0.145 (0.145)	Data 0.011 (0.011)	Loss 0.0105 (0.0105)	MAE 0.030 (0.030)
Test: [0/3]	Time 0.021 (0.021)	Loss 0.3148 (0.3148)	MAE 0.177 (0.177)
Epoch: [276][0/7]	Time 0.143 (0.143)	Data 0.011 (0.011)	Loss 0.0104 (0.0104)	MAE 0.030 (0.030)
Test: [0/3]	Time 0.021 (0.021)	Loss 0.3149 (0.3149)	MAE 0.177 (0.177)
Epoch: [277][0/7]	Time 0.142 (0.142)	Data 0.011 (0.011)	Loss 0.0104 (0.0104)	MAE 0.030 (0.030)
Test: [0/3]	Time 0.021 (0.021)	Loss 0.3149 (0.3149)	MAE 0.177 (0.177)
Epoch: [278][0/7]	Time 0.143 (0.143)	Data 0.011 (0.011)	Loss 0.0103 (0.0103)	MAE 0.030 (0.030)
Test: [0/3]	Time 0.021 (0.021)	Loss 0.3150 (0.3150)	MAE 0.177 (0.177)
Epoch: [279][0/7]	Time 0.143 (0.143)	Data 0.011 (0.011)	Loss 0.0103 (0.0103)	MAE 0.030 (0.030)
Test: [0/3]	Time 0.021 (0.021)	Loss 0.3150 (0.3150)	MAE 0.177 (0.177)
Epoch: [280][0/7]	Time 0.142 (0.142)	Data 0.011 (0.011)	Loss 0.0103 (0.0103)	MAE 0.030 (0.030)
Test: [0/3]	Time 0.021 (0.021)	Loss 0.3151 (0.3151)	MAE 0.177 (0.177)
Epoch: [281][0/7]	Time 0.142 (0.142)	Data 0.011 (0.011)	Loss 0.0102 (0.0102)	MAE 0.030 (0.030)
Test: [0/3]	Time 0.021 (0.021)	Loss 0.3151 (0.3151)	MAE 0.177 (0.177)
Epoch: [282][0/7]	Time 0.143 (0.143)	Data 0.011 (0.011)	Loss 0.0102 (0.0102)	MAE 0.030 (0.030)
Test: [0/3]	Time 0.021 (0.021)	Loss 0.3152 (0.3152)	MAE 0.177 (0.177)
Epoch: [283][0/7]	Time 0.143 (0.143)	Data 0.011 (0.011)	Loss 0.0102 (0.0102)	MAE 0.029 (0.029)
Test: [0/3]	Time 0.021 (0.021)	Loss 0.3152 (0.3152)	MAE 0.177 (0.177)
Epoch: [284][0/7]	Time 0.142 (0.142)	Data 0.011 (0.011)	Loss 0.0101 (0.0101)	MAE 0.029 (0.029)
Test: [0/3]	Time 0.021 (0.021)	Loss 0.3153 (0.3153)	MAE 0.177 (0.177)
Epoch: [285][0/7]	Time 0.143 (0.143)	Data 0.011 (0.011)	Loss 0.0101 (0.0101)	MAE 0.029 (0.029)
Test: [0/3]	Time 0.022 (0.022)	Loss 0.3153 (0.3153)	MAE 0.177 (0.177)
Epoch: [286][0/7]	Time 0.142 (0.142)	Data 0.011 (0.011)	Loss 0.0101 (0.0101)	MAE 0.029 (0.029)
Test: [0/3]	Time 0.021 (0.021)	Loss 0.3154 (0.3154)	MAE 0.177 (0.177)
Epoch: [287][0/7]	Time 0.143 (0.143)	Data 0.011 (0.011)	Loss 0.0100 (0.0100)	MAE 0.029 (0.029)
Test: [0/3]	Time 0.021 (0.021)	Loss 0.3154 (0.3154)	MAE 0.177 (0.177)
Epoch: [288][0/7]	Time 0.143 (0.143)	Data 0.011 (0.011)	Loss 0.0100 (0.0100)	MAE 0.029 (0.029)
Test: [0/3]	Time 0.021 (0.021)	Loss 0.3155 (0.3155)	MAE 0.177 (0.177)
Epoch: [289][0/7]	Time 0.143 (0.143)	Data 0.011 (0.011)	Loss 0.0100 (0.0100)	MAE 0.029 (0.029)
Test: [0/3]	Time 0.021 (0.021)	Loss 0.3155 (0.3155)	MAE 0.177 (0.177)
Epoch: [290][0/7]	Time 0.143 (0.143)	Data 0.011 (0.011)	Loss 0.0099 (0.0099)	MAE 0.029 (0.029)
Test: [0/3]	Time 0.021 (0.021)	Loss 0.3156 (0.3156)	MAE 0.177 (0.177)
Epoch: [291][0/7]	Time 0.143 (0.143)	Data 0.011 (0.011)	Loss 0.0099 (0.0099)	MAE 0.029 (0.029)
Test: [0/3]	Time 0.021 (0.021)	Loss 0.3156 (0.3156)	MAE 0.177 (0.177)
Epoch: [292][0/7]	Time 0.143 (0.143)	Data 0.011 (0.011)	Loss 0.0099 (0.0099)	MAE 0.029 (0.029)
Test: [0/3]	Time 0.021 (0.021)	Loss 0.3157 (0.3157)	MAE 0.177 (0.177)
Epoch: [293][0/7]	Time 0.142 (0.142)	Data 0.011 (0.011)	Loss 0.0098 (0.0098)	MAE 0.029 (0.029)
Test: [0/3]	Time 0.021 (0.021)	Loss 0.3157 (0.3157)	MAE 0.177 (0.177)
Epoch: [294][0/7]	Time 0.142 (0.142)	Data 0.011 (0.011)	Loss 0.0098 (0.0098)	MAE 0.029 (0.029)
Test: [0/3]	Time 0.021 (0.021)	Loss 0.3158 (0.3158)	MAE 0.177 (0.177)
Epoch: [295][0/7]	Time 0.142 (0.142)	Data 0.011 (0.011)	Loss 0.0098 (0.0098)	MAE 0.029 (0.029)
Test: [0/3]	Time 0.021 (0.021)	Loss 0.3158 (0.3158)	MAE 0.177 (0.177)
Epoch: [296][0/7]	Time 0.143 (0.143)	Data 0.011 (0.011)	Loss 0.0097 (0.0097)	MAE 0.029 (0.029)
Test: [0/3]	Time 0.021 (0.021)	Loss 0.3159 (0.3159)	MAE 0.177 (0.177)
Epoch: [297][0/7]	Time 0.143 (0.143)	Data 0.012 (0.012)	Loss 0.0097 (0.0097)	MAE 0.029 (0.029)
Test: [0/3]	Time 0.021 (0.021)	Loss 0.3159 (0.3159)	MAE 0.177 (0.177)
Epoch: [298][0/7]	Time 0.143 (0.143)	Data 0.011 (0.011)	Loss 0.0097 (0.0097)	MAE 0.029 (0.029)
Test: [0/3]	Time 0.021 (0.021)	Loss 0.3160 (0.3160)	MAE 0.177 (0.177)
Epoch: [299][0/7]	Time 0.142 (0.142)	Data 0.011 (0.011)	Loss 0.0096 (0.0096)	MAE 0.029 (0.029)
Test: [0/3]	Time 0.021 (0.021)	Loss 0.3160 (0.3160)	MAE 0.177 (0.177)
Epoch: [300][0/7]	Time 0.143 (0.143)	Data 0.011 (0.011)	Loss 0.0096 (0.0096)	MAE 0.029 (0.029)
Test: [0/3]	Time 0.021 (0.021)	Loss 0.3161 (0.3161)	MAE 0.178 (0.178)
Epoch: [301][0/7]	Time 0.145 (0.145)	Data 0.013 (0.013)	Loss 0.0096 (0.0096)	MAE 0.029 (0.029)
Test: [0/3]	Time 0.022 (0.022)	Loss 0.3161 (0.3161)	MAE 0.178 (0.178)
Epoch: [302][0/7]	Time 0.143 (0.143)	Data 0.011 (0.011)	Loss 0.0095 (0.0095)	MAE 0.029 (0.029)
Test: [0/3]	Time 0.022 (0.022)	Loss 0.3161 (0.3161)	MAE 0.178 (0.178)
Epoch: [303][0/7]	Time 0.143 (0.143)	Data 0.011 (0.011)	Loss 0.0095 (0.0095)	MAE 0.029 (0.029)
Test: [0/3]	Time 0.022 (0.022)	Loss 0.3162 (0.3162)	MAE 0.178 (0.178)
Epoch: [304][0/7]	Time 0.143 (0.143)	Data 0.011 (0.011)	Loss 0.0095 (0.0095)	MAE 0.029 (0.029)
Test: [0/3]	Time 0.021 (0.021)	Loss 0.3162 (0.3162)	MAE 0.178 (0.178)
Epoch: [305][0/7]	Time 0.143 (0.143)	Data 0.011 (0.011)	Loss 0.0094 (0.0094)	MAE 0.029 (0.029)
Test: [0/3]	Time 0.023 (0.023)	Loss 0.3163 (0.3163)	MAE 0.178 (0.178)
Epoch: [306][0/7]	Time 0.143 (0.143)	Data 0.011 (0.011)	Loss 0.0094 (0.0094)	MAE 0.029 (0.029)
Test: [0/3]	Time 0.022 (0.022)	Loss 0.3163 (0.3163)	MAE 0.178 (0.178)
Epoch: [307][0/7]	Time 0.143 (0.143)	Data 0.011 (0.011)	Loss 0.0094 (0.0094)	MAE 0.028 (0.028)
Test: [0/3]	Time 0.021 (0.021)	Loss 0.3164 (0.3164)	MAE 0.178 (0.178)
Epoch: [308][0/7]	Time 0.143 (0.143)	Data 0.011 (0.011)	Loss 0.0094 (0.0094)	MAE 0.028 (0.028)
Test: [0/3]	Time 0.021 (0.021)	Loss 0.3164 (0.3164)	MAE 0.178 (0.178)
Epoch: [309][0/7]	Time 0.143 (0.143)	Data 0.011 (0.011)	Loss 0.0093 (0.0093)	MAE 0.028 (0.028)
Test: [0/3]	Time 0.021 (0.021)	Loss 0.3165 (0.3165)	MAE 0.178 (0.178)
Epoch: [310][0/7]	Time 0.143 (0.143)	Data 0.011 (0.011)	Loss 0.0093 (0.0093)	MAE 0.028 (0.028)
Test: [0/3]	Time 0.022 (0.022)	Loss 0.3165 (0.3165)	MAE 0.178 (0.178)
Epoch: [311][0/7]	Time 0.143 (0.143)	Data 0.011 (0.011)	Loss 0.0093 (0.0093)	MAE 0.028 (0.028)
Test: [0/3]	Time 0.021 (0.021)	Loss 0.3166 (0.3166)	MAE 0.178 (0.178)
Epoch: [312][0/7]	Time 0.143 (0.143)	Data 0.011 (0.011)	Loss 0.0092 (0.0092)	MAE 0.028 (0.028)
Test: [0/3]	Time 0.021 (0.021)	Loss 0.3166 (0.3166)	MAE 0.178 (0.178)
Epoch: [313][0/7]	Time 0.143 (0.143)	Data 0.012 (0.012)	Loss 0.0092 (0.0092)	MAE 0.028 (0.028)
Test: [0/3]	Time 0.022 (0.022)	Loss 0.3167 (0.3167)	MAE 0.178 (0.178)
Epoch: [314][0/7]	Time 0.143 (0.143)	Data 0.011 (0.011)	Loss 0.0092 (0.0092)	MAE 0.028 (0.028)
Test: [0/3]	Time 0.021 (0.021)	Loss 0.3167 (0.3167)	MAE 0.178 (0.178)
Epoch: [315][0/7]	Time 0.143 (0.143)	Data 0.011 (0.011)	Loss 0.0091 (0.0091)	MAE 0.028 (0.028)
Test: [0/3]	Time 0.021 (0.021)	Loss 0.3168 (0.3168)	MAE 0.178 (0.178)
Epoch: [316][0/7]	Time 0.143 (0.143)	Data 0.011 (0.011)	Loss 0.0091 (0.0091)	MAE 0.028 (0.028)
Test: [0/3]	Time 0.022 (0.022)	Loss 0.3168 (0.3168)	MAE 0.178 (0.178)
Epoch: [317][0/7]	Time 0.143 (0.143)	Data 0.011 (0.011)	Loss 0.0091 (0.0091)	MAE 0.028 (0.028)
Test: [0/3]	Time 0.022 (0.022)	Loss 0.3169 (0.3169)	MAE 0.178 (0.178)
Epoch: [318][0/7]	Time 0.143 (0.143)	Data 0.011 (0.011)	Loss 0.0091 (0.0091)	MAE 0.028 (0.028)
Test: [0/3]	Time 0.022 (0.022)	Loss 0.3169 (0.3169)	MAE 0.178 (0.178)
Epoch: [319][0/7]	Time 0.144 (0.144)	Data 0.012 (0.012)	Loss 0.0090 (0.0090)	MAE 0.028 (0.028)
Test: [0/3]	Time 0.021 (0.021)	Loss 0.3169 (0.3169)	MAE 0.178 (0.178)
Epoch: [320][0/7]	Time 0.143 (0.143)	Data 0.011 (0.011)	Loss 0.0090 (0.0090)	MAE 0.028 (0.028)
Test: [0/3]	Time 0.021 (0.021)	Loss 0.3170 (0.3170)	MAE 0.178 (0.178)
Epoch: [321][0/7]	Time 0.143 (0.143)	Data 0.011 (0.011)	Loss 0.0090 (0.0090)	MAE 0.028 (0.028)
Test: [0/3]	Time 0.021 (0.021)	Loss 0.3170 (0.3170)	MAE 0.178 (0.178)
Epoch: [322][0/7]	Time 0.143 (0.143)	Data 0.011 (0.011)	Loss 0.0089 (0.0089)	MAE 0.028 (0.028)
Test: [0/3]	Time 0.021 (0.021)	Loss 0.3171 (0.3171)	MAE 0.178 (0.178)
Epoch: [323][0/7]	Time 0.143 (0.143)	Data 0.011 (0.011)	Loss 0.0089 (0.0089)	MAE 0.028 (0.028)
Test: [0/3]	Time 0.021 (0.021)	Loss 0.3171 (0.3171)	MAE 0.178 (0.178)
Epoch: [324][0/7]	Time 0.143 (0.143)	Data 0.011 (0.011)	Loss 0.0089 (0.0089)	MAE 0.028 (0.028)
Test: [0/3]	Time 0.021 (0.021)	Loss 0.3172 (0.3172)	MAE 0.178 (0.178)
Epoch: [325][0/7]	Time 0.143 (0.143)	Data 0.011 (0.011)	Loss 0.0089 (0.0089)	MAE 0.028 (0.028)
Test: [0/3]	Time 0.021 (0.021)	Loss 0.3172 (0.3172)	MAE 0.178 (0.178)
Epoch: [326][0/7]	Time 0.142 (0.142)	Data 0.011 (0.011)	Loss 0.0088 (0.0088)	MAE 0.028 (0.028)
Test: [0/3]	Time 0.021 (0.021)	Loss 0.3173 (0.3173)	MAE 0.178 (0.178)
Epoch: [327][0/7]	Time 0.144 (0.144)	Data 0.011 (0.011)	Loss 0.0088 (0.0088)	MAE 0.028 (0.028)
Test: [0/3]	Time 0.021 (0.021)	Loss 0.3173 (0.3173)	MAE 0.178 (0.178)
Epoch: [328][0/7]	Time 0.143 (0.143)	Data 0.011 (0.011)	Loss 0.0088 (0.0088)	MAE 0.028 (0.028)
Test: [0/3]	Time 0.022 (0.022)	Loss 0.3174 (0.3174)	MAE 0.178 (0.178)
Epoch: [329][0/7]	Time 0.144 (0.144)	Data 0.012 (0.012)	Loss 0.0087 (0.0087)	MAE 0.028 (0.028)
Test: [0/3]	Time 0.023 (0.023)	Loss 0.3174 (0.3174)	MAE 0.178 (0.178)
Epoch: [330][0/7]	Time 0.145 (0.145)	Data 0.012 (0.012)	Loss 0.0087 (0.0087)	MAE 0.028 (0.028)
Test: [0/3]	Time 0.022 (0.022)	Loss 0.3175 (0.3175)	MAE 0.178 (0.178)
Epoch: [331][0/7]	Time 0.143 (0.143)	Data 0.011 (0.011)	Loss 0.0087 (0.0087)	MAE 0.027 (0.027)
Test: [0/3]	Time 0.022 (0.022)	Loss 0.3175 (0.3175)	MAE 0.178 (0.178)
Epoch: [332][0/7]	Time 0.143 (0.143)	Data 0.012 (0.012)	Loss 0.0087 (0.0087)	MAE 0.027 (0.027)
Test: [0/3]	Time 0.021 (0.021)	Loss 0.3175 (0.3175)	MAE 0.178 (0.178)
Epoch: [333][0/7]	Time 0.143 (0.143)	Data 0.012 (0.012)	Loss 0.0086 (0.0086)	MAE 0.027 (0.027)
Test: [0/3]	Time 0.022 (0.022)	Loss 0.3176 (0.3176)	MAE 0.178 (0.178)
Epoch: [334][0/7]	Time 0.143 (0.143)	Data 0.011 (0.011)	Loss 0.0086 (0.0086)	MAE 0.027 (0.027)
Test: [0/3]	Time 0.022 (0.022)	Loss 0.3176 (0.3176)	MAE 0.178 (0.178)
Epoch: [335][0/7]	Time 0.143 (0.143)	Data 0.011 (0.011)	Loss 0.0086 (0.0086)	MAE 0.027 (0.027)
Test: [0/3]	Time 0.022 (0.022)	Loss 0.3177 (0.3177)	MAE 0.178 (0.178)
Epoch: [336][0/7]	Time 0.143 (0.143)	Data 0.011 (0.011)	Loss 0.0086 (0.0086)	MAE 0.027 (0.027)
Test: [0/3]	Time 0.021 (0.021)	Loss 0.3177 (0.3177)	MAE 0.178 (0.178)
Epoch: [337][0/7]	Time 0.143 (0.143)	Data 0.011 (0.011)	Loss 0.0085 (0.0085)	MAE 0.027 (0.027)
Test: [0/3]	Time 0.021 (0.021)	Loss 0.3178 (0.3178)	MAE 0.178 (0.178)
Epoch: [338][0/7]	Time 0.143 (0.143)	Data 0.011 (0.011)	Loss 0.0085 (0.0085)	MAE 0.027 (0.027)
Test: [0/3]	Time 0.021 (0.021)	Loss 0.3178 (0.3178)	MAE 0.178 (0.178)
Epoch: [339][0/7]	Time 0.143 (0.143)	Data 0.011 (0.011)	Loss 0.0085 (0.0085)	MAE 0.027 (0.027)
Test: [0/3]	Time 0.021 (0.021)	Loss 0.3179 (0.3179)	MAE 0.178 (0.178)
Epoch: [340][0/7]	Time 0.142 (0.142)	Data 0.011 (0.011)	Loss 0.0085 (0.0085)	MAE 0.027 (0.027)
Test: [0/3]	Time 0.021 (0.021)	Loss 0.3179 (0.3179)	MAE 0.178 (0.178)
Epoch: [341][0/7]	Time 0.143 (0.143)	Data 0.011 (0.011)	Loss 0.0084 (0.0084)	MAE 0.027 (0.027)
Test: [0/3]	Time 0.022 (0.022)	Loss 0.3180 (0.3180)	MAE 0.178 (0.178)
Epoch: [342][0/7]	Time 0.142 (0.142)	Data 0.011 (0.011)	Loss 0.0084 (0.0084)	MAE 0.027 (0.027)
Test: [0/3]	Time 0.021 (0.021)	Loss 0.3180 (0.3180)	MAE 0.178 (0.178)
Epoch: [343][0/7]	Time 0.143 (0.143)	Data 0.011 (0.011)	Loss 0.0084 (0.0084)	MAE 0.027 (0.027)
Test: [0/3]	Time 0.021 (0.021)	Loss 0.3181 (0.3181)	MAE 0.178 (0.178)
Epoch: [344][0/7]	Time 0.143 (0.143)	Data 0.011 (0.011)	Loss 0.0083 (0.0083)	MAE 0.027 (0.027)
Test: [0/3]	Time 0.021 (0.021)	Loss 0.3181 (0.3181)	MAE 0.178 (0.178)
Epoch: [345][0/7]	Time 0.143 (0.143)	Data 0.011 (0.011)	Loss 0.0083 (0.0083)	MAE 0.027 (0.027)
Test: [0/3]	Time 0.022 (0.022)	Loss 0.3181 (0.3181)	MAE 0.178 (0.178)
Epoch: [346][0/7]	Time 0.143 (0.143)	Data 0.011 (0.011)	Loss 0.0083 (0.0083)	MAE 0.027 (0.027)
Test: [0/3]	Time 0.022 (0.022)	Loss 0.3182 (0.3182)	MAE 0.178 (0.178)
Epoch: [347][0/7]	Time 0.143 (0.143)	Data 0.012 (0.012)	Loss 0.0083 (0.0083)	MAE 0.027 (0.027)
Test: [0/3]	Time 0.021 (0.021)	Loss 0.3182 (0.3182)	MAE 0.178 (0.178)
Epoch: [348][0/7]	Time 0.143 (0.143)	Data 0.011 (0.011)	Loss 0.0082 (0.0082)	MAE 0.027 (0.027)
Test: [0/3]	Time 0.022 (0.022)	Loss 0.3183 (0.3183)	MAE 0.178 (0.178)
Epoch: [349][0/7]	Time 0.142 (0.142)	Data 0.011 (0.011)	Loss 0.0082 (0.0082)	MAE 0.027 (0.027)
Test: [0/3]	Time 0.021 (0.021)	Loss 0.3183 (0.3183)	MAE 0.178 (0.178)
Epoch: [350][0/7]	Time 0.143 (0.143)	Data 0.011 (0.011)	Loss 0.0082 (0.0082)	MAE 0.027 (0.027)
Test: [0/3]	Time 0.021 (0.021)	Loss 0.3184 (0.3184)	MAE 0.178 (0.178)
Epoch: [351][0/7]	Time 0.143 (0.143)	Data 0.011 (0.011)	Loss 0.0082 (0.0082)	MAE 0.027 (0.027)
Test: [0/3]	Time 0.021 (0.021)	Loss 0.3184 (0.3184)	MAE 0.178 (0.178)
Epoch: [352][0/7]	Time 0.143 (0.143)	Data 0.011 (0.011)	Loss 0.0081 (0.0081)	MAE 0.027 (0.027)
Test: [0/3]	Time 0.022 (0.022)	Loss 0.3185 (0.3185)	MAE 0.178 (0.178)
Epoch: [353][0/7]	Time 0.142 (0.142)	Data 0.011 (0.011)	Loss 0.0081 (0.0081)	MAE 0.027 (0.027)
Test: [0/3]	Time 0.021 (0.021)	Loss 0.3185 (0.3185)	MAE 0.178 (0.178)
Epoch: [354][0/7]	Time 0.143 (0.143)	Data 0.011 (0.011)	Loss 0.0081 (0.0081)	MAE 0.027 (0.027)
Test: [0/3]	Time 0.022 (0.022)	Loss 0.3186 (0.3186)	MAE 0.178 (0.178)
Epoch: [355][0/7]	Time 0.142 (0.142)	Data 0.011 (0.011)	Loss 0.0081 (0.0081)	MAE 0.027 (0.027)
Test: [0/3]	Time 0.021 (0.021)	Loss 0.3186 (0.3186)	MAE 0.178 (0.178)
Epoch: [356][0/7]	Time 0.143 (0.143)	Data 0.011 (0.011)	Loss 0.0081 (0.0081)	MAE 0.026 (0.026)
Test: [0/3]	Time 0.021 (0.021)	Loss 0.3187 (0.3187)	MAE 0.178 (0.178)
Epoch: [357][0/7]	Time 0.142 (0.142)	Data 0.011 (0.011)	Loss 0.0080 (0.0080)	MAE 0.026 (0.026)
Test: [0/3]	Time 0.022 (0.022)	Loss 0.3187 (0.3187)	MAE 0.178 (0.178)
Epoch: [358][0/7]	Time 0.143 (0.143)	Data 0.012 (0.012)	Loss 0.0080 (0.0080)	MAE 0.026 (0.026)
Test: [0/3]	Time 0.021 (0.021)	Loss 0.3187 (0.3187)	MAE 0.178 (0.178)
Epoch: [359][0/7]	Time 0.143 (0.143)	Data 0.011 (0.011)	Loss 0.0080 (0.0080)	MAE 0.026 (0.026)
Test: [0/3]	Time 0.021 (0.021)	Loss 0.3188 (0.3188)	MAE 0.178 (0.178)
Epoch: [360][0/7]	Time 0.143 (0.143)	Data 0.011 (0.011)	Loss 0.0080 (0.0080)	MAE 0.026 (0.026)
Test: [0/3]	Time 0.021 (0.021)	Loss 0.3188 (0.3188)	MAE 0.178 (0.178)
Epoch: [361][0/7]	Time 0.143 (0.143)	Data 0.011 (0.011)	Loss 0.0079 (0.0079)	MAE 0.026 (0.026)
Test: [0/3]	Time 0.021 (0.021)	Loss 0.3189 (0.3189)	MAE 0.178 (0.178)
Epoch: [362][0/7]	Time 0.144 (0.144)	Data 0.011 (0.011)	Loss 0.0079 (0.0079)	MAE 0.026 (0.026)
Test: [0/3]	Time 0.021 (0.021)	Loss 0.3189 (0.3189)	MAE 0.178 (0.178)
Epoch: [363][0/7]	Time 0.143 (0.143)	Data 0.012 (0.012)	Loss 0.0079 (0.0079)	MAE 0.026 (0.026)
Test: [0/3]	Time 0.022 (0.022)	Loss 0.3190 (0.3190)	MAE 0.178 (0.178)
Epoch: [364][0/7]	Time 0.142 (0.142)	Data 0.011 (0.011)	Loss 0.0079 (0.0079)	MAE 0.026 (0.026)
Test: [0/3]	Time 0.021 (0.021)	Loss 0.3190 (0.3190)	MAE 0.178 (0.178)
Epoch: [365][0/7]	Time 0.144 (0.144)	Data 0.011 (0.011)	Loss 0.0078 (0.0078)	MAE 0.026 (0.026)
Test: [0/3]	Time 0.021 (0.021)	Loss 0.3191 (0.3191)	MAE 0.178 (0.178)
Epoch: [366][0/7]	Time 0.143 (0.143)	Data 0.012 (0.012)	Loss 0.0078 (0.0078)	MAE 0.026 (0.026)
Test: [0/3]	Time 0.022 (0.022)	Loss 0.3191 (0.3191)	MAE 0.178 (0.178)
Epoch: [367][0/7]	Time 0.142 (0.142)	Data 0.011 (0.011)	Loss 0.0078 (0.0078)	MAE 0.026 (0.026)
Test: [0/3]	Time 0.021 (0.021)	Loss 0.3192 (0.3192)	MAE 0.179 (0.179)
Epoch: [368][0/7]	Time 0.143 (0.143)	Data 0.011 (0.011)	Loss 0.0078 (0.0078)	MAE 0.026 (0.026)
Test: [0/3]	Time 0.022 (0.022)	Loss 0.3192 (0.3192)	MAE 0.179 (0.179)
Epoch: [369][0/7]	Time 0.142 (0.142)	Data 0.011 (0.011)	Loss 0.0077 (0.0077)	MAE 0.026 (0.026)
Test: [0/3]	Time 0.021 (0.021)	Loss 0.3193 (0.3193)	MAE 0.179 (0.179)
Epoch: [370][0/7]	Time 0.142 (0.142)	Data 0.011 (0.011)	Loss 0.0077 (0.0077)	MAE 0.026 (0.026)
Test: [0/3]	Time 0.021 (0.021)	Loss 0.3193 (0.3193)	MAE 0.179 (0.179)
Epoch: [371][0/7]	Time 0.143 (0.143)	Data 0.011 (0.011)	Loss 0.0077 (0.0077)	MAE 0.026 (0.026)
Test: [0/3]	Time 0.021 (0.021)	Loss 0.3193 (0.3193)	MAE 0.179 (0.179)
Epoch: [372][0/7]	Time 0.142 (0.142)	Data 0.011 (0.011)	Loss 0.0077 (0.0077)	MAE 0.026 (0.026)
Test: [0/3]	Time 0.021 (0.021)	Loss 0.3194 (0.3194)	MAE 0.179 (0.179)
Epoch: [373][0/7]	Time 0.142 (0.142)	Data 0.011 (0.011)	Loss 0.0077 (0.0077)	MAE 0.026 (0.026)
Test: [0/3]	Time 0.021 (0.021)	Loss 0.3194 (0.3194)	MAE 0.179 (0.179)
Epoch: [374][0/7]	Time 0.143 (0.143)	Data 0.012 (0.012)	Loss 0.0076 (0.0076)	MAE 0.026 (0.026)
Test: [0/3]	Time 0.021 (0.021)	Loss 0.3195 (0.3195)	MAE 0.179 (0.179)
Epoch: [375][0/7]	Time 0.142 (0.142)	Data 0.011 (0.011)	Loss 0.0076 (0.0076)	MAE 0.026 (0.026)
Test: [0/3]	Time 0.021 (0.021)	Loss 0.3195 (0.3195)	MAE 0.179 (0.179)
Epoch: [376][0/7]	Time 0.143 (0.143)	Data 0.011 (0.011)	Loss 0.0076 (0.0076)	MAE 0.026 (0.026)
Test: [0/3]	Time 0.021 (0.021)	Loss 0.3196 (0.3196)	MAE 0.179 (0.179)
Epoch: [377][0/7]	Time 0.143 (0.143)	Data 0.011 (0.011)	Loss 0.0076 (0.0076)	MAE 0.026 (0.026)
Test: [0/3]	Time 0.021 (0.021)	Loss 0.3196 (0.3196)	MAE 0.179 (0.179)
Epoch: [378][0/7]	Time 0.142 (0.142)	Data 0.011 (0.011)	Loss 0.0075 (0.0075)	MAE 0.026 (0.026)
Test: [0/3]	Time 0.021 (0.021)	Loss 0.3197 (0.3197)	MAE 0.179 (0.179)
Epoch: [379][0/7]	Time 0.143 (0.143)	Data 0.011 (0.011)	Loss 0.0075 (0.0075)	MAE 0.026 (0.026)
Test: [0/3]	Time 0.022 (0.022)	Loss 0.3197 (0.3197)	MAE 0.179 (0.179)
Epoch: [380][0/7]	Time 0.143 (0.143)	Data 0.011 (0.011)	Loss 0.0075 (0.0075)	MAE 0.026 (0.026)
Test: [0/3]	Time 0.022 (0.022)	Loss 0.3198 (0.3198)	MAE 0.179 (0.179)
Epoch: [381][0/7]	Time 0.144 (0.144)	Data 0.013 (0.013)	Loss 0.0075 (0.0075)	MAE 0.026 (0.026)
Test: [0/3]	Time 0.022 (0.022)	Loss 0.3198 (0.3198)	MAE 0.179 (0.179)
Epoch: [382][0/7]	Time 0.143 (0.143)	Data 0.011 (0.011)	Loss 0.0075 (0.0075)	MAE 0.025 (0.025)
Test: [0/3]	Time 0.021 (0.021)	Loss 0.3199 (0.3199)	MAE 0.179 (0.179)
Epoch: [383][0/7]	Time 0.143 (0.143)	Data 0.011 (0.011)	Loss 0.0074 (0.0074)	MAE 0.025 (0.025)
Test: [0/3]	Time 0.021 (0.021)	Loss 0.3199 (0.3199)	MAE 0.179 (0.179)
Epoch: [384][0/7]	Time 0.143 (0.143)	Data 0.011 (0.011)	Loss 0.0074 (0.0074)	MAE 0.025 (0.025)
Test: [0/3]	Time 0.021 (0.021)	Loss 0.3200 (0.3200)	MAE 0.179 (0.179)
Epoch: [385][0/7]	Time 0.143 (0.143)	Data 0.011 (0.011)	Loss 0.0074 (0.0074)	MAE 0.025 (0.025)
Test: [0/3]	Time 0.021 (0.021)	Loss 0.3200 (0.3200)	MAE 0.179 (0.179)
Epoch: [386][0/7]	Time 0.143 (0.143)	Data 0.011 (0.011)	Loss 0.0074 (0.0074)	MAE 0.025 (0.025)
Test: [0/3]	Time 0.021 (0.021)	Loss 0.3200 (0.3200)	MAE 0.179 (0.179)
Epoch: [387][0/7]	Time 0.143 (0.143)	Data 0.011 (0.011)	Loss 0.0074 (0.0074)	MAE 0.025 (0.025)
Test: [0/3]	Time 0.021 (0.021)	Loss 0.3201 (0.3201)	MAE 0.179 (0.179)
Epoch: [388][0/7]	Time 0.143 (0.143)	Data 0.011 (0.011)	Loss 0.0073 (0.0073)	MAE 0.025 (0.025)
Test: [0/3]	Time 0.021 (0.021)	Loss 0.3201 (0.3201)	MAE 0.179 (0.179)
Epoch: [389][0/7]	Time 0.143 (0.143)	Data 0.011 (0.011)	Loss 0.0073 (0.0073)	MAE 0.025 (0.025)
Test: [0/3]	Time 0.022 (0.022)	Loss 0.3202 (0.3202)	MAE 0.179 (0.179)
Epoch: [390][0/7]	Time 0.142 (0.142)	Data 0.011 (0.011)	Loss 0.0073 (0.0073)	MAE 0.025 (0.025)
Test: [0/3]	Time 0.021 (0.021)	Loss 0.3202 (0.3202)	MAE 0.179 (0.179)
Epoch: [391][0/7]	Time 0.143 (0.143)	Data 0.011 (0.011)	Loss 0.0073 (0.0073)	MAE 0.025 (0.025)
Test: [0/3]	Time 0.022 (0.022)	Loss 0.3203 (0.3203)	MAE 0.179 (0.179)
Epoch: [392][0/7]	Time 0.142 (0.142)	Data 0.011 (0.011)	Loss 0.0073 (0.0073)	MAE 0.025 (0.025)
Test: [0/3]	Time 0.021 (0.021)	Loss 0.3203 (0.3203)	MAE 0.179 (0.179)
Epoch: [393][0/7]	Time 0.143 (0.143)	Data 0.011 (0.011)	Loss 0.0072 (0.0072)	MAE 0.025 (0.025)
Test: [0/3]	Time 0.022 (0.022)	Loss 0.3204 (0.3204)	MAE 0.179 (0.179)
Epoch: [394][0/7]	Time 0.143 (0.143)	Data 0.012 (0.012)	Loss 0.0072 (0.0072)	MAE 0.025 (0.025)
Test: [0/3]	Time 0.021 (0.021)	Loss 0.3204 (0.3204)	MAE 0.179 (0.179)
Epoch: [395][0/7]	Time 0.143 (0.143)	Data 0.011 (0.011)	Loss 0.0072 (0.0072)	MAE 0.025 (0.025)
Test: [0/3]	Time 0.021 (0.021)	Loss 0.3205 (0.3205)	MAE 0.179 (0.179)
Epoch: [396][0/7]	Time 0.143 (0.143)	Data 0.011 (0.011)	Loss 0.0072 (0.0072)	MAE 0.025 (0.025)
Test: [0/3]	Time 0.022 (0.022)	Loss 0.3205 (0.3205)	MAE 0.179 (0.179)
Epoch: [397][0/7]	Time 0.142 (0.142)	Data 0.011 (0.011)	Loss 0.0072 (0.0072)	MAE 0.025 (0.025)
Test: [0/3]	Time 0.021 (0.021)	Loss 0.3206 (0.3206)	MAE 0.179 (0.179)
Epoch: [398][0/7]	Time 0.143 (0.143)	Data 0.011 (0.011)	Loss 0.0071 (0.0071)	MAE 0.025 (0.025)
Test: [0/3]	Time 0.022 (0.022)	Loss 0.3206 (0.3206)	MAE 0.179 (0.179)
Epoch: [399][0/7]	Time 0.143 (0.143)	Data 0.011 (0.011)	Loss 0.0071 (0.0071)	MAE 0.025 (0.025)
Test: [0/3]	Time 0.021 (0.021)	Loss 0.3207 (0.3207)	MAE 0.179 (0.179)
Epoch: [400][0/7]	Time 0.143 (0.143)	Data 0.011 (0.011)	Loss 0.0071 (0.0071)	MAE 0.025 (0.025)
Test: [0/3]	Time 0.021 (0.021)	Loss 0.3207 (0.3207)	MAE 0.179 (0.179)
Epoch: [401][0/7]	Time 0.142 (0.142)	Data 0.011 (0.011)	Loss 0.0071 (0.0071)	MAE 0.025 (0.025)
Test: [0/3]	Time 0.021 (0.021)	Loss 0.3208 (0.3208)	MAE 0.179 (0.179)
Epoch: [402][0/7]	Time 0.143 (0.143)	Data 0.011 (0.011)	Loss 0.0070 (0.0070)	MAE 0.025 (0.025)
Test: [0/3]	Time 0.021 (0.021)	Loss 0.3208 (0.3208)	MAE 0.179 (0.179)
Epoch: [403][0/7]	Time 0.143 (0.143)	Data 0.011 (0.011)	Loss 0.0070 (0.0070)	MAE 0.025 (0.025)
Test: [0/3]	Time 0.022 (0.022)	Loss 0.3209 (0.3209)	MAE 0.179 (0.179)
Epoch: [404][0/7]	Time 0.143 (0.143)	Data 0.011 (0.011)	Loss 0.0070 (0.0070)	MAE 0.025 (0.025)
Test: [0/3]	Time 0.021 (0.021)	Loss 0.3209 (0.3209)	MAE 0.179 (0.179)
Epoch: [405][0/7]	Time 0.142 (0.142)	Data 0.011 (0.011)	Loss 0.0070 (0.0070)	MAE 0.025 (0.025)
Test: [0/3]	Time 0.022 (0.022)	Loss 0.3210 (0.3210)	MAE 0.179 (0.179)
Epoch: [406][0/7]	Time 0.144 (0.144)	Data 0.012 (0.012)	Loss 0.0070 (0.0070)	MAE 0.025 (0.025)
Test: [0/3]	Time 0.021 (0.021)	Loss 0.3210 (0.3210)	MAE 0.179 (0.179)
Epoch: [407][0/7]	Time 0.143 (0.143)	Data 0.011 (0.011)	Loss 0.0070 (0.0070)	MAE 0.025 (0.025)
Test: [0/3]	Time 0.021 (0.021)	Loss 0.3211 (0.3211)	MAE 0.179 (0.179)
Epoch: [408][0/7]	Time 0.143 (0.143)	Data 0.011 (0.011)	Loss 0.0069 (0.0069)	MAE 0.025 (0.025)
Test: [0/3]	Time 0.022 (0.022)	Loss 0.3211 (0.3211)	MAE 0.179 (0.179)
Epoch: [409][0/7]	Time 0.143 (0.143)	Data 0.011 (0.011)	Loss 0.0069 (0.0069)	MAE 0.025 (0.025)
Test: [0/3]	Time 0.021 (0.021)	Loss 0.3212 (0.3212)	MAE 0.179 (0.179)
Epoch: [410][0/7]	Time 0.143 (0.143)	Data 0.011 (0.011)	Loss 0.0069 (0.0069)	MAE 0.024 (0.024)
Test: [0/3]	Time 0.021 (0.021)	Loss 0.3212 (0.3212)	MAE 0.179 (0.179)
Epoch: [411][0/7]	Time 0.143 (0.143)	Data 0.011 (0.011)	Loss 0.0069 (0.0069)	MAE 0.024 (0.024)
Test: [0/3]	Time 0.022 (0.022)	Loss 0.3212 (0.3212)	MAE 0.179 (0.179)
Epoch: [412][0/7]	Time 0.143 (0.143)	Data 0.011 (0.011)	Loss 0.0069 (0.0069)	MAE 0.024 (0.024)
Test: [0/3]	Time 0.021 (0.021)	Loss 0.3213 (0.3213)	MAE 0.179 (0.179)
Epoch: [413][0/7]	Time 0.143 (0.143)	Data 0.011 (0.011)	Loss 0.0068 (0.0068)	MAE 0.024 (0.024)
Test: [0/3]	Time 0.022 (0.022)	Loss 0.3213 (0.3213)	MAE 0.179 (0.179)
Epoch: [414][0/7]	Time 0.142 (0.142)	Data 0.011 (0.011)	Loss 0.0068 (0.0068)	MAE 0.024 (0.024)
Test: [0/3]	Time 0.021 (0.021)	Loss 0.3214 (0.3214)	MAE 0.179 (0.179)
Epoch: [415][0/7]	Time 0.143 (0.143)	Data 0.011 (0.011)	Loss 0.0068 (0.0068)	MAE 0.024 (0.024)
Test: [0/3]	Time 0.022 (0.022)	Loss 0.3214 (0.3214)	MAE 0.179 (0.179)
Epoch: [416][0/7]	Time 0.142 (0.142)	Data 0.011 (0.011)	Loss 0.0068 (0.0068)	MAE 0.024 (0.024)
Test: [0/3]	Time 0.021 (0.021)	Loss 0.3215 (0.3215)	MAE 0.179 (0.179)
Epoch: [417][0/7]	Time 0.143 (0.143)	Data 0.011 (0.011)	Loss 0.0068 (0.0068)	MAE 0.024 (0.024)
Test: [0/3]	Time 0.021 (0.021)	Loss 0.3215 (0.3215)	MAE 0.179 (0.179)
Epoch: [418][0/7]	Time 0.144 (0.144)	Data 0.012 (0.012)	Loss 0.0067 (0.0067)	MAE 0.024 (0.024)
Test: [0/3]	Time 0.021 (0.021)	Loss 0.3216 (0.3216)	MAE 0.179 (0.179)
Epoch: [419][0/7]	Time 0.143 (0.143)	Data 0.011 (0.011)	Loss 0.0067 (0.0067)	MAE 0.024 (0.024)
Test: [0/3]	Time 0.021 (0.021)	Loss 0.3216 (0.3216)	MAE 0.180 (0.180)
Epoch: [420][0/7]	Time 0.143 (0.143)	Data 0.011 (0.011)	Loss 0.0067 (0.0067)	MAE 0.024 (0.024)
Test: [0/3]	Time 0.021 (0.021)	Loss 0.3217 (0.3217)	MAE 0.180 (0.180)
Epoch: [421][0/7]	Time 0.143 (0.143)	Data 0.011 (0.011)	Loss 0.0067 (0.0067)	MAE 0.024 (0.024)
Test: [0/3]	Time 0.021 (0.021)	Loss 0.3217 (0.3217)	MAE 0.180 (0.180)
Epoch: [422][0/7]	Time 0.142 (0.142)	Data 0.011 (0.011)	Loss 0.0067 (0.0067)	MAE 0.024 (0.024)
Test: [0/3]	Time 0.021 (0.021)	Loss 0.3218 (0.3218)	MAE 0.180 (0.180)
Epoch: [423][0/7]	Time 0.142 (0.142)	Data 0.011 (0.011)	Loss 0.0066 (0.0066)	MAE 0.024 (0.024)
Test: [0/3]	Time 0.021 (0.021)	Loss 0.3218 (0.3218)	MAE 0.180 (0.180)
Epoch: [424][0/7]	Time 0.143 (0.143)	Data 0.011 (0.011)	Loss 0.0066 (0.0066)	MAE 0.024 (0.024)
Test: [0/3]	Time 0.021 (0.021)	Loss 0.3219 (0.3219)	MAE 0.180 (0.180)
Epoch: [425][0/7]	Time 0.143 (0.143)	Data 0.011 (0.011)	Loss 0.0066 (0.0066)	MAE 0.024 (0.024)
Test: [0/3]	Time 0.022 (0.022)	Loss 0.3219 (0.3219)	MAE 0.180 (0.180)
Epoch: [426][0/7]	Time 0.143 (0.143)	Data 0.011 (0.011)	Loss 0.0066 (0.0066)	MAE 0.024 (0.024)
Test: [0/3]	Time 0.021 (0.021)	Loss 0.3220 (0.3220)	MAE 0.180 (0.180)
Epoch: [427][0/7]	Time 0.143 (0.143)	Data 0.011 (0.011)	Loss 0.0066 (0.0066)	MAE 0.024 (0.024)
Test: [0/3]	Time 0.022 (0.022)	Loss 0.3220 (0.3220)	MAE 0.180 (0.180)
Epoch: [428][0/7]	Time 0.142 (0.142)	Data 0.011 (0.011)	Loss 0.0066 (0.0066)	MAE 0.024 (0.024)
Test: [0/3]	Time 0.021 (0.021)	Loss 0.3221 (0.3221)	MAE 0.180 (0.180)
Epoch: [429][0/7]	Time 0.143 (0.143)	Data 0.011 (0.011)	Loss 0.0065 (0.0065)	MAE 0.024 (0.024)
Test: [0/3]	Time 0.021 (0.021)	Loss 0.3221 (0.3221)	MAE 0.180 (0.180)
Epoch: [430][0/7]	Time 0.143 (0.143)	Data 0.011 (0.011)	Loss 0.0065 (0.0065)	MAE 0.024 (0.024)
Test: [0/3]	Time 0.022 (0.022)	Loss 0.3222 (0.3222)	MAE 0.180 (0.180)
Epoch: [431][0/7]	Time 0.143 (0.143)	Data 0.011 (0.011)	Loss 0.0065 (0.0065)	MAE 0.024 (0.024)
Test: [0/3]	Time 0.021 (0.021)	Loss 0.3223 (0.3223)	MAE 0.180 (0.180)
Epoch: [432][0/7]	Time 0.143 (0.143)	Data 0.011 (0.011)	Loss 0.0065 (0.0065)	MAE 0.024 (0.024)
Test: [0/3]	Time 0.021 (0.021)	Loss 0.3223 (0.3223)	MAE 0.180 (0.180)
Epoch: [433][0/7]	Time 0.143 (0.143)	Data 0.011 (0.011)	Loss 0.0065 (0.0065)	MAE 0.024 (0.024)
Test: [0/3]	Time 0.021 (0.021)	Loss 0.3224 (0.3224)	MAE 0.180 (0.180)
Epoch: [434][0/7]	Time 0.143 (0.143)	Data 0.011 (0.011)	Loss 0.0064 (0.0064)	MAE 0.024 (0.024)
Test: [0/3]	Time 0.021 (0.021)	Loss 0.3224 (0.3224)	MAE 0.180 (0.180)
Epoch: [435][0/7]	Time 0.143 (0.143)	Data 0.012 (0.012)	Loss 0.0064 (0.0064)	MAE 0.024 (0.024)
Test: [0/3]	Time 0.022 (0.022)	Loss 0.3225 (0.3225)	MAE 0.180 (0.180)
Epoch: [436][0/7]	Time 0.143 (0.143)	Data 0.012 (0.012)	Loss 0.0064 (0.0064)	MAE 0.024 (0.024)
Test: [0/3]	Time 0.021 (0.021)	Loss 0.3225 (0.3225)	MAE 0.180 (0.180)
Epoch: [437][0/7]	Time 0.142 (0.142)	Data 0.011 (0.011)	Loss 0.0064 (0.0064)	MAE 0.024 (0.024)
Test: [0/3]	Time 0.021 (0.021)	Loss 0.3226 (0.3226)	MAE 0.180 (0.180)
Epoch: [438][0/7]	Time 0.143 (0.143)	Data 0.011 (0.011)	Loss 0.0064 (0.0064)	MAE 0.024 (0.024)
Test: [0/3]	Time 0.021 (0.021)	Loss 0.3226 (0.3226)	MAE 0.180 (0.180)
Epoch: [439][0/7]	Time 0.142 (0.142)	Data 0.011 (0.011)	Loss 0.0064 (0.0064)	MAE 0.024 (0.024)
Test: [0/3]	Time 0.022 (0.022)	Loss 0.3227 (0.3227)	MAE 0.180 (0.180)
Epoch: [440][0/7]	Time 0.143 (0.143)	Data 0.012 (0.012)	Loss 0.0063 (0.0063)	MAE 0.024 (0.024)
Test: [0/3]	Time 0.021 (0.021)	Loss 0.3227 (0.3227)	MAE 0.180 (0.180)
Epoch: [441][0/7]	Time 0.143 (0.143)	Data 0.011 (0.011)	Loss 0.0063 (0.0063)	MAE 0.023 (0.023)
Test: [0/3]	Time 0.021 (0.021)	Loss 0.3228 (0.3228)	MAE 0.180 (0.180)
Epoch: [442][0/7]	Time 0.142 (0.142)	Data 0.011 (0.011)	Loss 0.0063 (0.0063)	MAE 0.023 (0.023)
Test: [0/3]	Time 0.021 (0.021)	Loss 0.3228 (0.3228)	MAE 0.180 (0.180)
Epoch: [443][0/7]	Time 0.144 (0.144)	Data 0.011 (0.011)	Loss 0.0063 (0.0063)	MAE 0.023 (0.023)
Test: [0/3]	Time 0.022 (0.022)	Loss 0.3229 (0.3229)	MAE 0.180 (0.180)
Epoch: [444][0/7]	Time 0.143 (0.143)	Data 0.011 (0.011)	Loss 0.0063 (0.0063)	MAE 0.023 (0.023)
Test: [0/3]	Time 0.021 (0.021)	Loss 0.3229 (0.3229)	MAE 0.180 (0.180)
Epoch: [445][0/7]	Time 0.142 (0.142)	Data 0.011 (0.011)	Loss 0.0063 (0.0063)	MAE 0.023 (0.023)
Test: [0/3]	Time 0.022 (0.022)	Loss 0.3230 (0.3230)	MAE 0.180 (0.180)
Epoch: [446][0/7]	Time 0.143 (0.143)	Data 0.011 (0.011)	Loss 0.0062 (0.0062)	MAE 0.023 (0.023)
Test: [0/3]	Time 0.022 (0.022)	Loss 0.3230 (0.3230)	MAE 0.180 (0.180)
Epoch: [447][0/7]	Time 0.142 (0.142)	Data 0.011 (0.011)	Loss 0.0062 (0.0062)	MAE 0.023 (0.023)
Test: [0/3]	Time 0.021 (0.021)	Loss 0.3231 (0.3231)	MAE 0.180 (0.180)
Epoch: [448][0/7]	Time 0.143 (0.143)	Data 0.011 (0.011)	Loss 0.0062 (0.0062)	MAE 0.023 (0.023)
Test: [0/3]	Time 0.022 (0.022)	Loss 0.3231 (0.3231)	MAE 0.180 (0.180)
Epoch: [449][0/7]	Time 0.143 (0.143)	Data 0.011 (0.011)	Loss 0.0062 (0.0062)	MAE 0.023 (0.023)
Test: [0/3]	Time 0.022 (0.022)	Loss 0.3232 (0.3232)	MAE 0.180 (0.180)
Epoch: [450][0/7]	Time 0.143 (0.143)	Data 0.011 (0.011)	Loss 0.0062 (0.0062)	MAE 0.023 (0.023)
Test: [0/3]	Time 0.022 (0.022)	Loss 0.3232 (0.3232)	MAE 0.180 (0.180)
Epoch: [451][0/7]	Time 0.143 (0.143)	Data 0.011 (0.011)	Loss 0.0061 (0.0061)	MAE 0.023 (0.023)
Test: [0/3]	Time 0.021 (0.021)	Loss 0.3233 (0.3233)	MAE 0.180 (0.180)
Epoch: [452][0/7]	Time 0.143 (0.143)	Data 0.011 (0.011)	Loss 0.0061 (0.0061)	MAE 0.023 (0.023)
Test: [0/3]	Time 0.022 (0.022)	Loss 0.3234 (0.3234)	MAE 0.180 (0.180)
Epoch: [453][0/7]	Time 0.146 (0.146)	Data 0.014 (0.014)	Loss 0.0061 (0.0061)	MAE 0.023 (0.023)
Test: [0/3]	Time 0.021 (0.021)	Loss 0.3234 (0.3234)	MAE 0.180 (0.180)
Epoch: [454][0/7]	Time 0.143 (0.143)	Data 0.011 (0.011)	Loss 0.0061 (0.0061)	MAE 0.023 (0.023)
Test: [0/3]	Time 0.021 (0.021)	Loss 0.3235 (0.3235)	MAE 0.180 (0.180)
Epoch: [455][0/7]	Time 0.142 (0.142)	Data 0.011 (0.011)	Loss 0.0061 (0.0061)	MAE 0.023 (0.023)
Test: [0/3]	Time 0.022 (0.022)	Loss 0.3235 (0.3235)	MAE 0.180 (0.180)
Epoch: [456][0/7]	Time 0.143 (0.143)	Data 0.011 (0.011)	Loss 0.0061 (0.0061)	MAE 0.023 (0.023)
Test: [0/3]	Time 0.022 (0.022)	Loss 0.3236 (0.3236)	MAE 0.180 (0.180)
Epoch: [457][0/7]	Time 0.143 (0.143)	Data 0.011 (0.011)	Loss 0.0060 (0.0060)	MAE 0.023 (0.023)
Test: [0/3]	Time 0.021 (0.021)	Loss 0.3236 (0.3236)	MAE 0.180 (0.180)
Epoch: [458][0/7]	Time 0.143 (0.143)	Data 0.011 (0.011)	Loss 0.0060 (0.0060)	MAE 0.023 (0.023)
Test: [0/3]	Time 0.022 (0.022)	Loss 0.3237 (0.3237)	MAE 0.180 (0.180)
Epoch: [459][0/7]	Time 0.144 (0.144)	Data 0.011 (0.011)	Loss 0.0060 (0.0060)	MAE 0.023 (0.023)
Test: [0/3]	Time 0.021 (0.021)	Loss 0.3237 (0.3237)	MAE 0.180 (0.180)
Epoch: [460][0/7]	Time 0.143 (0.143)	Data 0.011 (0.011)	Loss 0.0060 (0.0060)	MAE 0.023 (0.023)
Test: [0/3]	Time 0.021 (0.021)	Loss 0.3238 (0.3238)	MAE 0.180 (0.180)
Epoch: [461][0/7]	Time 0.143 (0.143)	Data 0.011 (0.011)	Loss 0.0060 (0.0060)	MAE 0.023 (0.023)
Test: [0/3]	Time 0.021 (0.021)	Loss 0.3239 (0.3239)	MAE 0.180 (0.180)
Epoch: [462][0/7]	Time 0.143 (0.143)	Data 0.011 (0.011)	Loss 0.0060 (0.0060)	MAE 0.023 (0.023)
Test: [0/3]	Time 0.022 (0.022)	Loss 0.3239 (0.3239)	MAE 0.180 (0.180)
Epoch: [463][0/7]	Time 0.142 (0.142)	Data 0.011 (0.011)	Loss 0.0059 (0.0059)	MAE 0.023 (0.023)
Test: [0/3]	Time 0.021 (0.021)	Loss 0.3240 (0.3240)	MAE 0.180 (0.180)
Epoch: [464][0/7]	Time 0.142 (0.142)	Data 0.011 (0.011)	Loss 0.0059 (0.0059)	MAE 0.023 (0.023)
Test: [0/3]	Time 0.021 (0.021)	Loss 0.3240 (0.3240)	MAE 0.180 (0.180)
Epoch: [465][0/7]	Time 0.142 (0.142)	Data 0.012 (0.012)	Loss 0.0059 (0.0059)	MAE 0.023 (0.023)
Test: [0/3]	Time 0.021 (0.021)	Loss 0.3241 (0.3241)	MAE 0.180 (0.180)
Epoch: [466][0/7]	Time 0.142 (0.142)	Data 0.011 (0.011)	Loss 0.0059 (0.0059)	MAE 0.023 (0.023)
Test: [0/3]	Time 0.021 (0.021)	Loss 0.3241 (0.3241)	MAE 0.181 (0.181)
Epoch: [467][0/7]	Time 0.143 (0.143)	Data 0.011 (0.011)	Loss 0.0059 (0.0059)	MAE 0.023 (0.023)
Test: [0/3]	Time 0.021 (0.021)	Loss 0.3242 (0.3242)	MAE 0.181 (0.181)
Epoch: [468][0/7]	Time 0.143 (0.143)	Data 0.011 (0.011)	Loss 0.0059 (0.0059)	MAE 0.023 (0.023)
Test: [0/3]	Time 0.022 (0.022)	Loss 0.3242 (0.3242)	MAE 0.181 (0.181)
Epoch: [469][0/7]	Time 0.143 (0.143)	Data 0.011 (0.011)	Loss 0.0058 (0.0058)	MAE 0.023 (0.023)
Test: [0/3]	Time 0.021 (0.021)	Loss 0.3243 (0.3243)	MAE 0.181 (0.181)
Epoch: [470][0/7]	Time 0.143 (0.143)	Data 0.011 (0.011)	Loss 0.0058 (0.0058)	MAE 0.023 (0.023)
Test: [0/3]	Time 0.021 (0.021)	Loss 0.3244 (0.3244)	MAE 0.181 (0.181)
Epoch: [471][0/7]	Time 0.142 (0.142)	Data 0.011 (0.011)	Loss 0.0058 (0.0058)	MAE 0.023 (0.023)
Test: [0/3]	Time 0.022 (0.022)	Loss 0.3244 (0.3244)	MAE 0.181 (0.181)
Epoch: [472][0/7]	Time 0.143 (0.143)	Data 0.011 (0.011)	Loss 0.0058 (0.0058)	MAE 0.023 (0.023)
Test: [0/3]	Time 0.022 (0.022)	Loss 0.3245 (0.3245)	MAE 0.181 (0.181)
Epoch: [473][0/7]	Time 0.144 (0.144)	Data 0.012 (0.012)	Loss 0.0058 (0.0058)	MAE 0.023 (0.023)
Test: [0/3]	Time 0.021 (0.021)	Loss 0.3245 (0.3245)	MAE 0.181 (0.181)
Epoch: [474][0/7]	Time 0.143 (0.143)	Data 0.011 (0.011)	Loss 0.0058 (0.0058)	MAE 0.023 (0.023)
Test: [0/3]	Time 0.022 (0.022)	Loss 0.3246 (0.3246)	MAE 0.181 (0.181)
Epoch: [475][0/7]	Time 0.143 (0.143)	Data 0.011 (0.011)	Loss 0.0057 (0.0057)	MAE 0.022 (0.022)
Test: [0/3]	Time 0.021 (0.021)	Loss 0.3246 (0.3246)	MAE 0.181 (0.181)
Epoch: [476][0/7]	Time 0.143 (0.143)	Data 0.011 (0.011)	Loss 0.0057 (0.0057)	MAE 0.022 (0.022)
Test: [0/3]	Time 0.021 (0.021)	Loss 0.3247 (0.3247)	MAE 0.181 (0.181)
Epoch: [477][0/7]	Time 0.143 (0.143)	Data 0.011 (0.011)	Loss 0.0057 (0.0057)	MAE 0.022 (0.022)
Test: [0/3]	Time 0.021 (0.021)	Loss 0.3248 (0.3248)	MAE 0.181 (0.181)
Epoch: [478][0/7]	Time 0.143 (0.143)	Data 0.011 (0.011)	Loss 0.0057 (0.0057)	MAE 0.022 (0.022)
Test: [0/3]	Time 0.022 (0.022)	Loss 0.3248 (0.3248)	MAE 0.181 (0.181)
Epoch: [479][0/7]	Time 0.143 (0.143)	Data 0.011 (0.011)	Loss 0.0057 (0.0057)	MAE 0.022 (0.022)
Test: [0/3]	Time 0.021 (0.021)	Loss 0.3249 (0.3249)	MAE 0.181 (0.181)
Epoch: [480][0/7]	Time 0.143 (0.143)	Data 0.011 (0.011)	Loss 0.0057 (0.0057)	MAE 0.022 (0.022)
Test: [0/3]	Time 0.021 (0.021)	Loss 0.3249 (0.3249)	MAE 0.181 (0.181)
Epoch: [481][0/7]	Time 0.142 (0.142)	Data 0.011 (0.011)	Loss 0.0056 (0.0056)	MAE 0.022 (0.022)
Test: [0/3]	Time 0.021 (0.021)	Loss 0.3250 (0.3250)	MAE 0.181 (0.181)
Epoch: [482][0/7]	Time 0.143 (0.143)	Data 0.011 (0.011)	Loss 0.0056 (0.0056)	MAE 0.022 (0.022)
Test: [0/3]	Time 0.022 (0.022)	Loss 0.3251 (0.3251)	MAE 0.181 (0.181)
Epoch: [483][0/7]	Time 0.143 (0.143)	Data 0.011 (0.011)	Loss 0.0056 (0.0056)	MAE 0.022 (0.022)
Test: [0/3]	Time 0.021 (0.021)	Loss 0.3251 (0.3251)	MAE 0.181 (0.181)
Epoch: [484][0/7]	Time 0.143 (0.143)	Data 0.012 (0.012)	Loss 0.0056 (0.0056)	MAE 0.022 (0.022)
Test: [0/3]	Time 0.021 (0.021)	Loss 0.3252 (0.3252)	MAE 0.181 (0.181)
Epoch: [485][0/7]	Time 0.143 (0.143)	Data 0.011 (0.011)	Loss 0.0056 (0.0056)	MAE 0.022 (0.022)
Test: [0/3]	Time 0.021 (0.021)	Loss 0.3252 (0.3252)	MAE 0.181 (0.181)
Epoch: [486][0/7]	Time 0.143 (0.143)	Data 0.011 (0.011)	Loss 0.0056 (0.0056)	MAE 0.022 (0.022)
Test: [0/3]	Time 0.021 (0.021)	Loss 0.3253 (0.3253)	MAE 0.181 (0.181)
Epoch: [487][0/7]	Time 0.143 (0.143)	Data 0.011 (0.011)	Loss 0.0056 (0.0056)	MAE 0.022 (0.022)
Test: [0/3]	Time 0.021 (0.021)	Loss 0.3253 (0.3253)	MAE 0.181 (0.181)
Epoch: [488][0/7]	Time 0.143 (0.143)	Data 0.011 (0.011)	Loss 0.0055 (0.0055)	MAE 0.022 (0.022)
Test: [0/3]	Time 0.021 (0.021)	Loss 0.3254 (0.3254)	MAE 0.181 (0.181)
Epoch: [489][0/7]	Time 0.143 (0.143)	Data 0.011 (0.011)	Loss 0.0055 (0.0055)	MAE 0.022 (0.022)
Test: [0/3]	Time 0.021 (0.021)	Loss 0.3255 (0.3255)	MAE 0.181 (0.181)
Epoch: [490][0/7]	Time 0.144 (0.144)	Data 0.012 (0.012)	Loss 0.0055 (0.0055)	MAE 0.022 (0.022)
Test: [0/3]	Time 0.021 (0.021)	Loss 0.3255 (0.3255)	MAE 0.181 (0.181)
Epoch: [491][0/7]	Time 0.143 (0.143)	Data 0.011 (0.011)	Loss 0.0055 (0.0055)	MAE 0.022 (0.022)
Test: [0/3]	Time 0.022 (0.022)	Loss 0.3256 (0.3256)	MAE 0.181 (0.181)
Epoch: [492][0/7]	Time 0.143 (0.143)	Data 0.011 (0.011)	Loss 0.0055 (0.0055)	MAE 0.022 (0.022)
Test: [0/3]	Time 0.021 (0.021)	Loss 0.3256 (0.3256)	MAE 0.181 (0.181)
Epoch: [493][0/7]	Time 0.143 (0.143)	Data 0.011 (0.011)	Loss 0.0055 (0.0055)	MAE 0.022 (0.022)
Test: [0/3]	Time 0.021 (0.021)	Loss 0.3257 (0.3257)	MAE 0.181 (0.181)
Epoch: [494][0/7]	Time 0.143 (0.143)	Data 0.011 (0.011)	Loss 0.0054 (0.0054)	MAE 0.022 (0.022)
Test: [0/3]	Time 0.021 (0.021)	Loss 0.3258 (0.3258)	MAE 0.181 (0.181)
Epoch: [495][0/7]	Time 0.143 (0.143)	Data 0.011 (0.011)	Loss 0.0054 (0.0054)	MAE 0.022 (0.022)
Test: [0/3]	Time 0.021 (0.021)	Loss 0.3258 (0.3258)	MAE 0.181 (0.181)
Epoch: [496][0/7]	Time 0.142 (0.142)	Data 0.011 (0.011)	Loss 0.0054 (0.0054)	MAE 0.022 (0.022)
Test: [0/3]	Time 0.022 (0.022)	Loss 0.3259 (0.3259)	MAE 0.181 (0.181)
Epoch: [497][0/7]	Time 0.143 (0.143)	Data 0.012 (0.012)	Loss 0.0054 (0.0054)	MAE 0.022 (0.022)
Test: [0/3]	Time 0.021 (0.021)	Loss 0.3260 (0.3260)	MAE 0.181 (0.181)
Epoch: [498][0/7]	Time 0.143 (0.143)	Data 0.011 (0.011)	Loss 0.0054 (0.0054)	MAE 0.022 (0.022)
Test: [0/3]	Time 0.022 (0.022)	Loss 0.3260 (0.3260)	MAE 0.181 (0.181)
Epoch: [499][0/7]	Time 0.143 (0.143)	Data 0.011 (0.011)	Loss 0.0054 (0.0054)	MAE 0.022 (0.022)
Test: [0/3]	Time 0.021 (0.021)	Loss 0.3261 (0.3261)	MAE 0.181 (0.181)
Epoch: [500][0/7]	Time 0.143 (0.143)	Data 0.011 (0.011)	Loss 0.0054 (0.0054)	MAE 0.022 (0.022)
Test: [0/3]	Time 0.022 (0.022)	Loss 0.3261 (0.3261)	MAE 0.181 (0.181)
Epoch: [501][0/7]	Time 0.143 (0.143)	Data 0.011 (0.011)	Loss 0.0053 (0.0053)	MAE 0.022 (0.022)
Test: [0/3]	Time 0.021 (0.021)	Loss 0.3262 (0.3262)	MAE 0.181 (0.181)
Epoch: [502][0/7]	Time 0.142 (0.142)	Data 0.011 (0.011)	Loss 0.0053 (0.0053)	MAE 0.022 (0.022)
Test: [0/3]	Time 0.021 (0.021)	Loss 0.3263 (0.3263)	MAE 0.181 (0.181)
Epoch: [503][0/7]	Time 0.143 (0.143)	Data 0.011 (0.011)	Loss 0.0053 (0.0053)	MAE 0.022 (0.022)
Test: [0/3]	Time 0.021 (0.021)	Loss 0.3263 (0.3263)	MAE 0.181 (0.181)
Epoch: [504][0/7]	Time 0.143 (0.143)	Data 0.012 (0.012)	Loss 0.0053 (0.0053)	MAE 0.022 (0.022)
Test: [0/3]	Time 0.021 (0.021)	Loss 0.3264 (0.3264)	MAE 0.181 (0.181)
Epoch: [505][0/7]	Time 0.143 (0.143)	Data 0.012 (0.012)	Loss 0.0053 (0.0053)	MAE 0.022 (0.022)
Test: [0/3]	Time 0.021 (0.021)	Loss 0.3265 (0.3265)	MAE 0.181 (0.181)
Epoch: [506][0/7]	Time 0.143 (0.143)	Data 0.012 (0.012)	Loss 0.0053 (0.0053)	MAE 0.022 (0.022)
Test: [0/3]	Time 0.021 (0.021)	Loss 0.3265 (0.3265)	MAE 0.181 (0.181)
Epoch: [507][0/7]	Time 0.142 (0.142)	Data 0.011 (0.011)	Loss 0.0052 (0.0052)	MAE 0.022 (0.022)
Test: [0/3]	Time 0.021 (0.021)	Loss 0.3266 (0.3266)	MAE 0.181 (0.181)
Epoch: [508][0/7]	Time 0.143 (0.143)	Data 0.011 (0.011)	Loss 0.0052 (0.0052)	MAE 0.022 (0.022)
Test: [0/3]	Time 0.021 (0.021)	Loss 0.3266 (0.3266)	MAE 0.181 (0.181)
Epoch: [509][0/7]	Time 0.142 (0.142)	Data 0.011 (0.011)	Loss 0.0052 (0.0052)	MAE 0.022 (0.022)
Test: [0/3]	Time 0.021 (0.021)	Loss 0.3267 (0.3267)	MAE 0.181 (0.181)
Epoch: [510][0/7]	Time 0.143 (0.143)	Data 0.011 (0.011)	Loss 0.0052 (0.0052)	MAE 0.021 (0.021)
Test: [0/3]	Time 0.069 (0.069)	Loss 0.3268 (0.3268)	MAE 0.182 (0.182)
Epoch: [511][0/7]	Time 0.143 (0.143)	Data 0.011 (0.011)	Loss 0.0052 (0.0052)	MAE 0.021 (0.021)
Test: [0/3]	Time 0.021 (0.021)	Loss 0.3268 (0.3268)	MAE 0.182 (0.182)
Epoch: [512][0/7]	Time 0.142 (0.142)	Data 0.011 (0.011)	Loss 0.0052 (0.0052)	MAE 0.021 (0.021)
Test: [0/3]	Time 0.022 (0.022)	Loss 0.3269 (0.3269)	MAE 0.182 (0.182)
Epoch: [513][0/7]	Time 0.143 (0.143)	Data 0.012 (0.012)	Loss 0.0052 (0.0052)	MAE 0.021 (0.021)
Test: [0/3]	Time 0.021 (0.021)	Loss 0.3270 (0.3270)	MAE 0.182 (0.182)
Epoch: [514][0/7]	Time 0.143 (0.143)	Data 0.011 (0.011)	Loss 0.0051 (0.0051)	MAE 0.021 (0.021)
Test: [0/3]	Time 0.022 (0.022)	Loss 0.3270 (0.3270)	MAE 0.182 (0.182)
Epoch: [515][0/7]	Time 0.142 (0.142)	Data 0.011 (0.011)	Loss 0.0051 (0.0051)	MAE 0.021 (0.021)
Test: [0/3]	Time 0.021 (0.021)	Loss 0.3271 (0.3271)	MAE 0.182 (0.182)
Epoch: [516][0/7]	Time 0.143 (0.143)	Data 0.011 (0.011)	Loss 0.0051 (0.0051)	MAE 0.021 (0.021)
Test: [0/3]	Time 0.022 (0.022)	Loss 0.3272 (0.3272)	MAE 0.182 (0.182)
Epoch: [517][0/7]	Time 0.143 (0.143)	Data 0.011 (0.011)	Loss 0.0051 (0.0051)	MAE 0.021 (0.021)
Test: [0/3]	Time 0.021 (0.021)	Loss 0.3272 (0.3272)	MAE 0.182 (0.182)
Epoch: [518][0/7]	Time 0.143 (0.143)	Data 0.011 (0.011)	Loss 0.0051 (0.0051)	MAE 0.021 (0.021)
Test: [0/3]	Time 0.021 (0.021)	Loss 0.3273 (0.3273)	MAE 0.182 (0.182)
Epoch: [519][0/7]	Time 0.143 (0.143)	Data 0.011 (0.011)	Loss 0.0051 (0.0051)	MAE 0.021 (0.021)
Test: [0/3]	Time 0.022 (0.022)	Loss 0.3273 (0.3273)	MAE 0.182 (0.182)
Epoch: [520][0/7]	Time 0.143 (0.143)	Data 0.011 (0.011)	Loss 0.0051 (0.0051)	MAE 0.021 (0.021)
Test: [0/3]	Time 0.021 (0.021)	Loss 0.3274 (0.3274)	MAE 0.182 (0.182)
Epoch: [521][0/7]	Time 0.142 (0.142)	Data 0.011 (0.011)	Loss 0.0050 (0.0050)	MAE 0.021 (0.021)
Test: [0/3]	Time 0.022 (0.022)	Loss 0.3275 (0.3275)	MAE 0.182 (0.182)
Epoch: [522][0/7]	Time 0.144 (0.144)	Data 0.011 (0.011)	Loss 0.0050 (0.0050)	MAE 0.021 (0.021)
Test: [0/3]	Time 0.021 (0.021)	Loss 0.3275 (0.3275)	MAE 0.182 (0.182)
Epoch: [523][0/7]	Time 0.144 (0.144)	Data 0.011 (0.011)	Loss 0.0050 (0.0050)	MAE 0.021 (0.021)
Test: [0/3]	Time 0.022 (0.022)	Loss 0.3276 (0.3276)	MAE 0.182 (0.182)
Epoch: [524][0/7]	Time 0.142 (0.142)	Data 0.011 (0.011)	Loss 0.0050 (0.0050)	MAE 0.021 (0.021)
Test: [0/3]	Time 0.021 (0.021)	Loss 0.3277 (0.3277)	MAE 0.182 (0.182)
Epoch: [525][0/7]	Time 0.143 (0.143)	Data 0.011 (0.011)	Loss 0.0050 (0.0050)	MAE 0.021 (0.021)
Test: [0/3]	Time 0.022 (0.022)	Loss 0.3277 (0.3277)	MAE 0.182 (0.182)
Epoch: [526][0/7]	Time 0.142 (0.142)	Data 0.011 (0.011)	Loss 0.0050 (0.0050)	MAE 0.021 (0.021)
Test: [0/3]	Time 0.021 (0.021)	Loss 0.3278 (0.3278)	MAE 0.182 (0.182)
Epoch: [527][0/7]	Time 0.142 (0.142)	Data 0.011 (0.011)	Loss 0.0050 (0.0050)	MAE 0.021 (0.021)
Test: [0/3]	Time 0.021 (0.021)	Loss 0.3279 (0.3279)	MAE 0.182 (0.182)
Epoch: [528][0/7]	Time 0.143 (0.143)	Data 0.011 (0.011)	Loss 0.0049 (0.0049)	MAE 0.021 (0.021)
Test: [0/3]	Time 0.021 (0.021)	Loss 0.3279 (0.3279)	MAE 0.182 (0.182)
Epoch: [529][0/7]	Time 0.144 (0.144)	Data 0.011 (0.011)	Loss 0.0049 (0.0049)	MAE 0.021 (0.021)
Test: [0/3]	Time 0.021 (0.021)	Loss 0.3280 (0.3280)	MAE 0.182 (0.182)
Epoch: [530][0/7]	Time 0.143 (0.143)	Data 0.011 (0.011)	Loss 0.0049 (0.0049)	MAE 0.021 (0.021)
Test: [0/3]	Time 0.022 (0.022)	Loss 0.3281 (0.3281)	MAE 0.182 (0.182)
Epoch: [531][0/7]	Time 0.144 (0.144)	Data 0.014 (0.014)	Loss 0.0049 (0.0049)	MAE 0.021 (0.021)
Test: [0/3]	Time 0.022 (0.022)	Loss 0.3281 (0.3281)	MAE 0.182 (0.182)
Epoch: [532][0/7]	Time 0.143 (0.143)	Data 0.011 (0.011)	Loss 0.0049 (0.0049)	MAE 0.021 (0.021)
Test: [0/3]	Time 0.022 (0.022)	Loss 0.3282 (0.3282)	MAE 0.182 (0.182)
Epoch: [533][0/7]	Time 0.143 (0.143)	Data 0.011 (0.011)	Loss 0.0049 (0.0049)	MAE 0.021 (0.021)
Test: [0/3]	Time 0.022 (0.022)	Loss 0.3283 (0.3283)	MAE 0.182 (0.182)
Epoch: [534][0/7]	Time 0.143 (0.143)	Data 0.011 (0.011)	Loss 0.0049 (0.0049)	MAE 0.021 (0.021)
Test: [0/3]	Time 0.022 (0.022)	Loss 0.3283 (0.3283)	MAE 0.182 (0.182)
Epoch: [535][0/7]	Time 0.143 (0.143)	Data 0.011 (0.011)	Loss 0.0048 (0.0048)	MAE 0.021 (0.021)
Test: [0/3]	Time 0.022 (0.022)	Loss 0.3284 (0.3284)	MAE 0.182 (0.182)
Epoch: [536][0/7]	Time 0.143 (0.143)	Data 0.011 (0.011)	Loss 0.0048 (0.0048)	MAE 0.021 (0.021)
Test: [0/3]	Time 0.022 (0.022)	Loss 0.3285 (0.3285)	MAE 0.182 (0.182)
Epoch: [537][0/7]	Time 0.143 (0.143)	Data 0.011 (0.011)	Loss 0.0048 (0.0048)	MAE 0.021 (0.021)
Test: [0/3]	Time 0.021 (0.021)	Loss 0.3285 (0.3285)	MAE 0.182 (0.182)
Epoch: [538][0/7]	Time 0.143 (0.143)	Data 0.011 (0.011)	Loss 0.0048 (0.0048)	MAE 0.021 (0.021)
Test: [0/3]	Time 0.022 (0.022)	Loss 0.3286 (0.3286)	MAE 0.182 (0.182)
Epoch: [539][0/7]	Time 0.143 (0.143)	Data 0.011 (0.011)	Loss 0.0048 (0.0048)	MAE 0.021 (0.021)
Test: [0/3]	Time 0.022 (0.022)	Loss 0.3287 (0.3287)	MAE 0.182 (0.182)
Epoch: [540][0/7]	Time 0.143 (0.143)	Data 0.011 (0.011)	Loss 0.0048 (0.0048)	MAE 0.021 (0.021)
Test: [0/3]	Time 0.021 (0.021)	Loss 0.3288 (0.3288)	MAE 0.182 (0.182)
Epoch: [541][0/7]	Time 0.143 (0.143)	Data 0.011 (0.011)	Loss 0.0048 (0.0048)	MAE 0.021 (0.021)
Test: [0/3]	Time 0.023 (0.023)	Loss 0.3288 (0.3288)	MAE 0.182 (0.182)
Epoch: [542][0/7]	Time 0.143 (0.143)	Data 0.012 (0.012)	Loss 0.0047 (0.0047)	MAE 0.021 (0.021)
Test: [0/3]	Time 0.022 (0.022)	Loss 0.3289 (0.3289)	MAE 0.182 (0.182)
Epoch: [543][0/7]	Time 0.143 (0.143)	Data 0.011 (0.011)	Loss 0.0047 (0.0047)	MAE 0.021 (0.021)
Test: [0/3]	Time 0.021 (0.021)	Loss 0.3290 (0.3290)	MAE 0.182 (0.182)
Epoch: [544][0/7]	Time 0.143 (0.143)	Data 0.011 (0.011)	Loss 0.0047 (0.0047)	MAE 0.021 (0.021)
Test: [0/3]	Time 0.021 (0.021)	Loss 0.3290 (0.3290)	MAE 0.182 (0.182)
Epoch: [545][0/7]	Time 0.143 (0.143)	Data 0.011 (0.011)	Loss 0.0047 (0.0047)	MAE 0.021 (0.021)
Test: [0/3]	Time 0.022 (0.022)	Loss 0.3291 (0.3291)	MAE 0.182 (0.182)
Epoch: [546][0/7]	Time 0.143 (0.143)	Data 0.011 (0.011)	Loss 0.0047 (0.0047)	MAE 0.021 (0.021)
Test: [0/3]	Time 0.022 (0.022)	Loss 0.3292 (0.3292)	MAE 0.182 (0.182)
Epoch: [547][0/7]	Time 0.143 (0.143)	Data 0.011 (0.011)	Loss 0.0047 (0.0047)	MAE 0.021 (0.021)
Test: [0/3]	Time 0.022 (0.022)	Loss 0.3292 (0.3292)	MAE 0.182 (0.182)
Epoch: [548][0/7]	Time 0.143 (0.143)	Data 0.011 (0.011)	Loss 0.0047 (0.0047)	MAE 0.021 (0.021)
Test: [0/3]	Time 0.021 (0.021)	Loss 0.3293 (0.3293)	MAE 0.182 (0.182)
Epoch: [549][0/7]	Time 0.143 (0.143)	Data 0.011 (0.011)	Loss 0.0047 (0.0047)	MAE 0.020 (0.020)
Test: [0/3]	Time 0.022 (0.022)	Loss 0.3294 (0.3294)	MAE 0.182 (0.182)
Epoch: [550][0/7]	Time 0.144 (0.144)	Data 0.012 (0.012)	Loss 0.0046 (0.0046)	MAE 0.020 (0.020)
Test: [0/3]	Time 0.022 (0.022)	Loss 0.3294 (0.3294)	MAE 0.182 (0.182)
Epoch: [551][0/7]	Time 0.142 (0.142)	Data 0.011 (0.011)	Loss 0.0046 (0.0046)	MAE 0.020 (0.020)
Test: [0/3]	Time 0.021 (0.021)	Loss 0.3295 (0.3295)	MAE 0.182 (0.182)
Epoch: [552][0/7]	Time 0.143 (0.143)	Data 0.011 (0.011)	Loss 0.0046 (0.0046)	MAE 0.020 (0.020)
Test: [0/3]	Time 0.021 (0.021)	Loss 0.3296 (0.3296)	MAE 0.182 (0.182)
Epoch: [553][0/7]	Time 0.142 (0.142)	Data 0.011 (0.011)	Loss 0.0046 (0.0046)	MAE 0.020 (0.020)
Test: [0/3]	Time 0.021 (0.021)	Loss 0.3297 (0.3297)	MAE 0.183 (0.183)
Epoch: [554][0/7]	Time 0.143 (0.143)	Data 0.011 (0.011)	Loss 0.0046 (0.0046)	MAE 0.020 (0.020)
Test: [0/3]	Time 0.021 (0.021)	Loss 0.3297 (0.3297)	MAE 0.183 (0.183)
Epoch: [555][0/7]	Time 0.143 (0.143)	Data 0.011 (0.011)	Loss 0.0046 (0.0046)	MAE 0.020 (0.020)
Test: [0/3]	Time 0.021 (0.021)	Loss 0.3298 (0.3298)	MAE 0.183 (0.183)
Epoch: [556][0/7]	Time 0.143 (0.143)	Data 0.011 (0.011)	Loss 0.0046 (0.0046)	MAE 0.020 (0.020)
Test: [0/3]	Time 0.021 (0.021)	Loss 0.3299 (0.3299)	MAE 0.183 (0.183)
Epoch: [557][0/7]	Time 0.143 (0.143)	Data 0.011 (0.011)	Loss 0.0045 (0.0045)	MAE 0.020 (0.020)
Test: [0/3]	Time 0.021 (0.021)	Loss 0.3299 (0.3299)	MAE 0.183 (0.183)
Epoch: [558][0/7]	Time 0.143 (0.143)	Data 0.011 (0.011)	Loss 0.0045 (0.0045)	MAE 0.020 (0.020)
Test: [0/3]	Time 0.021 (0.021)	Loss 0.3300 (0.3300)	MAE 0.183 (0.183)
Epoch: [559][0/7]	Time 0.143 (0.143)	Data 0.011 (0.011)	Loss 0.0045 (0.0045)	MAE 0.020 (0.020)
Test: [0/3]	Time 0.022 (0.022)	Loss 0.3301 (0.3301)	MAE 0.183 (0.183)
Epoch: [560][0/7]	Time 0.143 (0.143)	Data 0.011 (0.011)	Loss 0.0045 (0.0045)	MAE 0.020 (0.020)
Test: [0/3]	Time 0.021 (0.021)	Loss 0.3302 (0.3302)	MAE 0.183 (0.183)
Epoch: [561][0/7]	Time 0.143 (0.143)	Data 0.011 (0.011)	Loss 0.0045 (0.0045)	MAE 0.020 (0.020)
Test: [0/3]	Time 0.021 (0.021)	Loss 0.3302 (0.3302)	MAE 0.183 (0.183)
Epoch: [562][0/7]	Time 0.143 (0.143)	Data 0.011 (0.011)	Loss 0.0045 (0.0045)	MAE 0.020 (0.020)
Test: [0/3]	Time 0.021 (0.021)	Loss 0.3303 (0.3303)	MAE 0.183 (0.183)
Epoch: [563][0/7]	Time 0.143 (0.143)	Data 0.011 (0.011)	Loss 0.0045 (0.0045)	MAE 0.020 (0.020)
Test: [0/3]	Time 0.021 (0.021)	Loss 0.3304 (0.3304)	MAE 0.183 (0.183)
Epoch: [564][0/7]	Time 0.143 (0.143)	Data 0.011 (0.011)	Loss 0.0045 (0.0045)	MAE 0.020 (0.020)
Test: [0/3]	Time 0.021 (0.021)	Loss 0.3304 (0.3304)	MAE 0.183 (0.183)
Epoch: [565][0/7]	Time 0.143 (0.143)	Data 0.011 (0.011)	Loss 0.0044 (0.0044)	MAE 0.020 (0.020)
Test: [0/3]	Time 0.021 (0.021)	Loss 0.3305 (0.3305)	MAE 0.183 (0.183)
Epoch: [566][0/7]	Time 0.143 (0.143)	Data 0.011 (0.011)	Loss 0.0044 (0.0044)	MAE 0.020 (0.020)
Test: [0/3]	Time 0.021 (0.021)	Loss 0.3306 (0.3306)	MAE 0.183 (0.183)
Epoch: [567][0/7]	Time 0.143 (0.143)	Data 0.011 (0.011)	Loss 0.0044 (0.0044)	MAE 0.020 (0.020)
Test: [0/3]	Time 0.021 (0.021)	Loss 0.3307 (0.3307)	MAE 0.183 (0.183)
Epoch: [568][0/7]	Time 0.143 (0.143)	Data 0.011 (0.011)	Loss 0.0044 (0.0044)	MAE 0.020 (0.020)
Test: [0/3]	Time 0.021 (0.021)	Loss 0.3307 (0.3307)	MAE 0.183 (0.183)
Epoch: [569][0/7]	Time 0.143 (0.143)	Data 0.011 (0.011)	Loss 0.0044 (0.0044)	MAE 0.020 (0.020)
Test: [0/3]	Time 0.022 (0.022)	Loss 0.3308 (0.3308)	MAE 0.183 (0.183)
Epoch: [570][0/7]	Time 0.143 (0.143)	Data 0.012 (0.012)	Loss 0.0044 (0.0044)	MAE 0.020 (0.020)
Test: [0/3]	Time 0.021 (0.021)	Loss 0.3309 (0.3309)	MAE 0.183 (0.183)
Epoch: [571][0/7]	Time 0.144 (0.144)	Data 0.011 (0.011)	Loss 0.0044 (0.0044)	MAE 0.020 (0.020)
Test: [0/3]	Time 0.022 (0.022)	Loss 0.3309 (0.3309)	MAE 0.183 (0.183)
Epoch: [572][0/7]	Time 0.143 (0.143)	Data 0.011 (0.011)	Loss 0.0044 (0.0044)	MAE 0.020 (0.020)
Test: [0/3]	Time 0.021 (0.021)	Loss 0.3310 (0.3310)	MAE 0.183 (0.183)
Epoch: [573][0/7]	Time 0.142 (0.142)	Data 0.011 (0.011)	Loss 0.0043 (0.0043)	MAE 0.020 (0.020)
Test: [0/3]	Time 0.022 (0.022)	Loss 0.3311 (0.3311)	MAE 0.183 (0.183)
Epoch: [574][0/7]	Time 0.143 (0.143)	Data 0.011 (0.011)	Loss 0.0043 (0.0043)	MAE 0.020 (0.020)
Test: [0/3]	Time 0.022 (0.022)	Loss 0.3312 (0.3312)	MAE 0.183 (0.183)
Epoch: [575][0/7]	Time 0.143 (0.143)	Data 0.011 (0.011)	Loss 0.0043 (0.0043)	MAE 0.020 (0.020)
Test: [0/3]	Time 0.022 (0.022)	Loss 0.3312 (0.3312)	MAE 0.183 (0.183)
Epoch: [576][0/7]	Time 0.143 (0.143)	Data 0.011 (0.011)	Loss 0.0043 (0.0043)	MAE 0.020 (0.020)
Test: [0/3]	Time 0.022 (0.022)	Loss 0.3313 (0.3313)	MAE 0.183 (0.183)
Epoch: [577][0/7]	Time 0.143 (0.143)	Data 0.011 (0.011)	Loss 0.0043 (0.0043)	MAE 0.020 (0.020)
Test: [0/3]	Time 0.022 (0.022)	Loss 0.3314 (0.3314)	MAE 0.183 (0.183)
Epoch: [578][0/7]	Time 0.143 (0.143)	Data 0.011 (0.011)	Loss 0.0043 (0.0043)	MAE 0.020 (0.020)
Test: [0/3]	Time 0.021 (0.021)	Loss 0.3315 (0.3315)	MAE 0.183 (0.183)
Epoch: [579][0/7]	Time 0.143 (0.143)	Data 0.011 (0.011)	Loss 0.0043 (0.0043)	MAE 0.020 (0.020)
Test: [0/3]	Time 0.022 (0.022)	Loss 0.3315 (0.3315)	MAE 0.183 (0.183)
Epoch: [580][0/7]	Time 0.143 (0.143)	Data 0.011 (0.011)	Loss 0.0043 (0.0043)	MAE 0.020 (0.020)
Test: [0/3]	Time 0.021 (0.021)	Loss 0.3316 (0.3316)	MAE 0.183 (0.183)
Epoch: [581][0/7]	Time 0.143 (0.143)	Data 0.012 (0.012)	Loss 0.0042 (0.0042)	MAE 0.020 (0.020)
Test: [0/3]	Time 0.021 (0.021)	Loss 0.3317 (0.3317)	MAE 0.183 (0.183)
Epoch: [582][0/7]	Time 0.142 (0.142)	Data 0.011 (0.011)	Loss 0.0042 (0.0042)	MAE 0.020 (0.020)
Test: [0/3]	Time 0.022 (0.022)	Loss 0.3317 (0.3317)	MAE 0.183 (0.183)
Epoch: [583][0/7]	Time 0.144 (0.144)	Data 0.012 (0.012)	Loss 0.0042 (0.0042)	MAE 0.020 (0.020)
Test: [0/3]	Time 0.021 (0.021)	Loss 0.3318 (0.3318)	MAE 0.183 (0.183)
Epoch: [584][0/7]	Time 0.143 (0.143)	Data 0.011 (0.011)	Loss 0.0042 (0.0042)	MAE 0.020 (0.020)
Test: [0/3]	Time 0.022 (0.022)	Loss 0.3319 (0.3319)	MAE 0.183 (0.183)
Epoch: [585][0/7]	Time 0.143 (0.143)	Data 0.011 (0.011)	Loss 0.0042 (0.0042)	MAE 0.020 (0.020)
Test: [0/3]	Time 0.022 (0.022)	Loss 0.3320 (0.3320)	MAE 0.183 (0.183)
Epoch: [586][0/7]	Time 0.143 (0.143)	Data 0.011 (0.011)	Loss 0.0042 (0.0042)	MAE 0.020 (0.020)
Test: [0/3]	Time 0.022 (0.022)	Loss 0.3320 (0.3320)	MAE 0.183 (0.183)
Epoch: [587][0/7]	Time 0.143 (0.143)	Data 0.011 (0.011)	Loss 0.0042 (0.0042)	MAE 0.020 (0.020)
Test: [0/3]	Time 0.022 (0.022)	Loss 0.3321 (0.3321)	MAE 0.183 (0.183)
Epoch: [588][0/7]	Time 0.143 (0.143)	Data 0.011 (0.011)	Loss 0.0042 (0.0042)	MAE 0.020 (0.020)
Test: [0/3]	Time 0.022 (0.022)	Loss 0.3322 (0.3322)	MAE 0.183 (0.183)
Epoch: [589][0/7]	Time 0.143 (0.143)	Data 0.011 (0.011)	Loss 0.0041 (0.0041)	MAE 0.020 (0.020)
Test: [0/3]	Time 0.022 (0.022)	Loss 0.3323 (0.3323)	MAE 0.183 (0.183)
Epoch: [590][0/7]	Time 0.143 (0.143)	Data 0.012 (0.012)	Loss 0.0041 (0.0041)	MAE 0.020 (0.020)
Test: [0/3]	Time 0.022 (0.022)	Loss 0.3323 (0.3323)	MAE 0.183 (0.183)
Epoch: [591][0/7]	Time 0.143 (0.143)	Data 0.011 (0.011)	Loss 0.0041 (0.0041)	MAE 0.019 (0.019)
Test: [0/3]	Time 0.022 (0.022)	Loss 0.3324 (0.3324)	MAE 0.183 (0.183)
Epoch: [592][0/7]	Time 0.143 (0.143)	Data 0.011 (0.011)	Loss 0.0041 (0.0041)	MAE 0.019 (0.019)
Test: [0/3]	Time 0.022 (0.022)	Loss 0.3325 (0.3325)	MAE 0.183 (0.183)
Epoch: [593][0/7]	Time 0.143 (0.143)	Data 0.011 (0.011)	Loss 0.0041 (0.0041)	MAE 0.019 (0.019)
Test: [0/3]	Time 0.021 (0.021)	Loss 0.3326 (0.3326)	MAE 0.183 (0.183)
Epoch: [594][0/7]	Time 0.143 (0.143)	Data 0.011 (0.011)	Loss 0.0041 (0.0041)	MAE 0.019 (0.019)
Test: [0/3]	Time 0.021 (0.021)	Loss 0.3326 (0.3326)	MAE 0.183 (0.183)
Epoch: [595][0/7]	Time 0.143 (0.143)	Data 0.011 (0.011)	Loss 0.0041 (0.0041)	MAE 0.019 (0.019)
Test: [0/3]	Time 0.023 (0.023)	Loss 0.3327 (0.3327)	MAE 0.183 (0.183)
Epoch: [596][0/7]	Time 0.143 (0.143)	Data 0.011 (0.011)	Loss 0.0041 (0.0041)	MAE 0.019 (0.019)
Test: [0/3]	Time 0.021 (0.021)	Loss 0.3328 (0.3328)	MAE 0.183 (0.183)
Epoch: [597][0/7]	Time 0.143 (0.143)	Data 0.011 (0.011)	Loss 0.0041 (0.0041)	MAE 0.019 (0.019)
Test: [0/3]	Time 0.021 (0.021)	Loss 0.3329 (0.3329)	MAE 0.184 (0.184)
Epoch: [598][0/7]	Time 0.143 (0.143)	Data 0.011 (0.011)	Loss 0.0040 (0.0040)	MAE 0.019 (0.019)
Test: [0/3]	Time 0.021 (0.021)	Loss 0.3329 (0.3329)	MAE 0.184 (0.184)
Epoch: [599][0/7]	Time 0.143 (0.143)	Data 0.011 (0.011)	Loss 0.0040 (0.0040)	MAE 0.019 (0.019)
Test: [0/3]	Time 0.021 (0.021)	Loss 0.3330 (0.3330)	MAE 0.184 (0.184)
---------Evaluate Model on Train Set---------------
Test: [0/7]	Time 0.022 (0.022)	Loss 0.0926 (0.0926)	MAE 0.101 (0.101)
---------Evaluate Model on Val Set---------------
Test: [0/3]	Time 0.021 (0.021)	Loss 0.2725 (0.2725)	MAE 0.173 (0.173)
---------Evaluate Model on Test Set---------------
Test: [0/3]	Time 6.037 (6.037)	Loss 0.3211 (0.3211)	MAE 0.182 (0.182)
