Epoch: [0][0/7]	Time 4.992 (4.992)	Data 4.895 (4.895)	Loss 1.7065 (1.7065)	MAE 0.582 (0.582)
Test: [0/3]	Time 4.832 (4.832)	Loss 0.9374 (0.9374)	MAE 0.411 (0.411)
Epoch: [1][0/7]	Time 0.105 (0.105)	Data 0.016 (0.016)	Loss 0.8826 (0.8826)	MAE 0.378 (0.378)
Test: [0/3]	Time 0.021 (0.021)	Loss 0.8917 (0.8917)	MAE 0.395 (0.395)
Epoch: [2][0/7]	Time 0.094 (0.094)	Data 0.012 (0.012)	Loss 0.7022 (0.7022)	MAE 0.313 (0.313)
Test: [0/3]	Time 0.021 (0.021)	Loss 0.8275 (0.8275)	MAE 0.382 (0.382)
Epoch: [3][0/7]	Time 0.093 (0.093)	Data 0.011 (0.011)	Loss 0.5651 (0.5651)	MAE 0.289 (0.289)
Test: [0/3]	Time 0.021 (0.021)	Loss 0.7865 (0.7865)	MAE 0.367 (0.367)
Epoch: [4][0/7]	Time 0.093 (0.093)	Data 0.012 (0.012)	Loss 0.4368 (0.4368)	MAE 0.245 (0.245)
Test: [0/3]	Time 0.021 (0.021)	Loss 0.7161 (0.7161)	MAE 0.340 (0.340)
Epoch: [5][0/7]	Time 0.093 (0.093)	Data 0.012 (0.012)	Loss 0.3783 (0.3783)	MAE 0.232 (0.232)
Test: [0/3]	Time 0.021 (0.021)	Loss 0.6570 (0.6570)	MAE 0.322 (0.322)
Epoch: [6][0/7]	Time 0.093 (0.093)	Data 0.012 (0.012)	Loss 0.3500 (0.3500)	MAE 0.226 (0.226)
Test: [0/3]	Time 0.021 (0.021)	Loss 0.4865 (0.4865)	MAE 0.269 (0.269)
Epoch: [7][0/7]	Time 0.093 (0.093)	Data 0.012 (0.012)	Loss 0.3068 (0.3068)	MAE 0.203 (0.203)
Test: [0/3]	Time 0.021 (0.021)	Loss 0.3818 (0.3818)	MAE 0.235 (0.235)
Epoch: [8][0/7]	Time 0.093 (0.093)	Data 0.011 (0.011)	Loss 0.2667 (0.2667)	MAE 0.185 (0.185)
Test: [0/3]	Time 0.021 (0.021)	Loss 0.3315 (0.3315)	MAE 0.216 (0.216)
Epoch: [9][0/7]	Time 0.094 (0.094)	Data 0.012 (0.012)	Loss 0.2514 (0.2514)	MAE 0.181 (0.181)
Test: [0/3]	Time 0.021 (0.021)	Loss 0.3011 (0.3011)	MAE 0.206 (0.206)
Epoch: [10][0/7]	Time 0.093 (0.093)	Data 0.011 (0.011)	Loss 0.2463 (0.2463)	MAE 0.180 (0.180)
Test: [0/3]	Time 0.021 (0.021)	Loss 0.3184 (0.3184)	MAE 0.211 (0.211)
Epoch: [11][0/7]	Time 0.093 (0.093)	Data 0.011 (0.011)	Loss 0.2282 (0.2282)	MAE 0.174 (0.174)
Test: [0/3]	Time 0.021 (0.021)	Loss 0.3078 (0.3078)	MAE 0.209 (0.209)
Epoch: [12][0/7]	Time 0.093 (0.093)	Data 0.012 (0.012)	Loss 0.2223 (0.2223)	MAE 0.176 (0.176)
Test: [0/3]	Time 0.021 (0.021)	Loss 0.3127 (0.3127)	MAE 0.211 (0.211)
Epoch: [13][0/7]	Time 0.093 (0.093)	Data 0.011 (0.011)	Loss 0.2220 (0.2220)	MAE 0.179 (0.179)
Test: [0/3]	Time 0.021 (0.021)	Loss 0.2940 (0.2940)	MAE 0.206 (0.206)
Epoch: [14][0/7]	Time 0.094 (0.094)	Data 0.012 (0.012)	Loss 0.2218 (0.2218)	MAE 0.182 (0.182)
Test: [0/3]	Time 0.021 (0.021)	Loss 0.2759 (0.2759)	MAE 0.196 (0.196)
Epoch: [15][0/7]	Time 0.093 (0.093)	Data 0.011 (0.011)	Loss 0.1997 (0.1997)	MAE 0.169 (0.169)
Test: [0/3]	Time 0.021 (0.021)	Loss 0.2557 (0.2557)	MAE 0.185 (0.185)
Epoch: [16][0/7]	Time 0.093 (0.093)	Data 0.012 (0.012)	Loss 0.1701 (0.1701)	MAE 0.149 (0.149)
Test: [0/3]	Time 0.021 (0.021)	Loss 0.2456 (0.2456)	MAE 0.180 (0.180)
Epoch: [17][0/7]	Time 0.093 (0.093)	Data 0.012 (0.012)	Loss 0.1699 (0.1699)	MAE 0.150 (0.150)
Test: [0/3]	Time 0.021 (0.021)	Loss 0.2503 (0.2503)	MAE 0.181 (0.181)
Epoch: [18][0/7]	Time 0.093 (0.093)	Data 0.012 (0.012)	Loss 0.1736 (0.1736)	MAE 0.156 (0.156)
Test: [0/3]	Time 0.021 (0.021)	Loss 0.2449 (0.2449)	MAE 0.177 (0.177)
Epoch: [19][0/7]	Time 0.095 (0.095)	Data 0.012 (0.012)	Loss 0.1587 (0.1587)	MAE 0.150 (0.150)
Test: [0/3]	Time 0.021 (0.021)	Loss 0.2470 (0.2470)	MAE 0.183 (0.183)
Epoch: [20][0/7]	Time 0.093 (0.093)	Data 0.011 (0.011)	Loss 0.1412 (0.1412)	MAE 0.137 (0.137)
Test: [0/3]	Time 0.021 (0.021)	Loss 0.2607 (0.2607)	MAE 0.185 (0.185)
Epoch: [21][0/7]	Time 0.093 (0.093)	Data 0.011 (0.011)	Loss 0.1399 (0.1399)	MAE 0.138 (0.138)
Test: [0/3]	Time 0.021 (0.021)	Loss 0.3028 (0.3028)	MAE 0.207 (0.207)
Epoch: [22][0/7]	Time 0.093 (0.093)	Data 0.011 (0.011)	Loss 0.1760 (0.1760)	MAE 0.169 (0.169)
Test: [0/3]	Time 0.022 (0.022)	Loss 0.3426 (0.3426)	MAE 0.225 (0.225)
Epoch: [23][0/7]	Time 0.095 (0.095)	Data 0.013 (0.013)	Loss 0.1693 (0.1693)	MAE 0.158 (0.158)
Test: [0/3]	Time 0.021 (0.021)	Loss 0.2625 (0.2625)	MAE 0.190 (0.190)
Epoch: [24][0/7]	Time 0.093 (0.093)	Data 0.011 (0.011)	Loss 0.1776 (0.1776)	MAE 0.165 (0.165)
Test: [0/3]	Time 0.021 (0.021)	Loss 0.2961 (0.2961)	MAE 0.198 (0.198)
Epoch: [25][0/7]	Time 0.093 (0.093)	Data 0.011 (0.011)	Loss 0.1478 (0.1478)	MAE 0.143 (0.143)
Test: [0/3]	Time 0.021 (0.021)	Loss 0.2839 (0.2839)	MAE 0.201 (0.201)
Epoch: [26][0/7]	Time 0.093 (0.093)	Data 0.012 (0.012)	Loss 0.1607 (0.1607)	MAE 0.149 (0.149)
Test: [0/3]	Time 0.021 (0.021)	Loss 0.2374 (0.2374)	MAE 0.174 (0.174)
Epoch: [27][0/7]	Time 0.094 (0.094)	Data 0.013 (0.013)	Loss 0.1373 (0.1373)	MAE 0.133 (0.133)
Test: [0/3]	Time 0.021 (0.021)	Loss 0.3249 (0.3249)	MAE 0.220 (0.220)
Epoch: [28][0/7]	Time 0.093 (0.093)	Data 0.011 (0.011)	Loss 0.1644 (0.1644)	MAE 0.147 (0.147)
Test: [0/3]	Time 0.021 (0.021)	Loss 0.2830 (0.2830)	MAE 0.197 (0.197)
Epoch: [29][0/7]	Time 0.093 (0.093)	Data 0.011 (0.011)	Loss 0.1359 (0.1359)	MAE 0.128 (0.128)
Test: [0/3]	Time 0.021 (0.021)	Loss 0.2470 (0.2470)	MAE 0.182 (0.182)
Epoch: [30][0/7]	Time 0.093 (0.093)	Data 0.011 (0.011)	Loss 0.1240 (0.1240)	MAE 0.129 (0.129)
Test: [0/3]	Time 0.021 (0.021)	Loss 0.2474 (0.2474)	MAE 0.179 (0.179)
Epoch: [31][0/7]	Time 0.093 (0.093)	Data 0.011 (0.011)	Loss 0.1132 (0.1132)	MAE 0.122 (0.122)
Test: [0/3]	Time 0.021 (0.021)	Loss 0.2848 (0.2848)	MAE 0.197 (0.197)
Epoch: [32][0/7]	Time 0.093 (0.093)	Data 0.011 (0.011)	Loss 0.1215 (0.1215)	MAE 0.126 (0.126)
Test: [0/3]	Time 0.021 (0.021)	Loss 0.2562 (0.2562)	MAE 0.185 (0.185)
Epoch: [33][0/7]	Time 0.093 (0.093)	Data 0.011 (0.011)	Loss 0.1208 (0.1208)	MAE 0.133 (0.133)
Test: [0/3]	Time 0.021 (0.021)	Loss 0.2618 (0.2618)	MAE 0.183 (0.183)
Epoch: [34][0/7]	Time 0.093 (0.093)	Data 0.011 (0.011)	Loss 0.1251 (0.1251)	MAE 0.125 (0.125)
Test: [0/3]	Time 0.021 (0.021)	Loss 0.2554 (0.2554)	MAE 0.181 (0.181)
Epoch: [35][0/7]	Time 0.093 (0.093)	Data 0.012 (0.012)	Loss 0.1284 (0.1284)	MAE 0.134 (0.134)
Test: [0/3]	Time 0.021 (0.021)	Loss 0.2567 (0.2567)	MAE 0.183 (0.183)
Epoch: [36][0/7]	Time 0.093 (0.093)	Data 0.011 (0.011)	Loss 0.1103 (0.1103)	MAE 0.118 (0.118)
Test: [0/3]	Time 0.021 (0.021)	Loss 0.2641 (0.2641)	MAE 0.185 (0.185)
Epoch: [37][0/7]	Time 0.093 (0.093)	Data 0.011 (0.011)	Loss 0.1059 (0.1059)	MAE 0.117 (0.117)
Test: [0/3]	Time 0.021 (0.021)	Loss 0.2480 (0.2480)	MAE 0.176 (0.176)
Epoch: [38][0/7]	Time 0.093 (0.093)	Data 0.012 (0.012)	Loss 0.0971 (0.0971)	MAE 0.107 (0.107)
Test: [0/3]	Time 0.021 (0.021)	Loss 0.2449 (0.2449)	MAE 0.175 (0.175)
Epoch: [39][0/7]	Time 0.093 (0.093)	Data 0.012 (0.012)	Loss 0.0953 (0.0953)	MAE 0.108 (0.108)
Test: [0/3]	Time 0.021 (0.021)	Loss 0.2502 (0.2502)	MAE 0.181 (0.181)
Epoch: [40][0/7]	Time 0.093 (0.093)	Data 0.011 (0.011)	Loss 0.0983 (0.0983)	MAE 0.112 (0.112)
Test: [0/3]	Time 0.021 (0.021)	Loss 0.2472 (0.2472)	MAE 0.174 (0.174)
Epoch: [41][0/7]	Time 0.092 (0.092)	Data 0.011 (0.011)	Loss 0.0923 (0.0923)	MAE 0.104 (0.104)
Test: [0/3]	Time 0.021 (0.021)	Loss 0.2683 (0.2683)	MAE 0.186 (0.186)
Epoch: [42][0/7]	Time 0.093 (0.093)	Data 0.011 (0.011)	Loss 0.0931 (0.0931)	MAE 0.105 (0.105)
Test: [0/3]	Time 0.021 (0.021)	Loss 0.2958 (0.2958)	MAE 0.192 (0.192)
Epoch: [43][0/7]	Time 0.095 (0.095)	Data 0.011 (0.011)	Loss 0.1040 (0.1040)	MAE 0.106 (0.106)
Test: [0/3]	Time 0.021 (0.021)	Loss 0.3410 (0.3410)	MAE 0.211 (0.211)
Epoch: [44][0/7]	Time 0.094 (0.094)	Data 0.012 (0.012)	Loss 0.1154 (0.1154)	MAE 0.114 (0.114)
Test: [0/3]	Time 0.021 (0.021)	Loss 0.3243 (0.3243)	MAE 0.201 (0.201)
Epoch: [45][0/7]	Time 0.093 (0.093)	Data 0.011 (0.011)	Loss 0.0996 (0.0996)	MAE 0.105 (0.105)
Test: [0/3]	Time 0.021 (0.021)	Loss 0.2518 (0.2518)	MAE 0.181 (0.181)
Epoch: [46][0/7]	Time 0.093 (0.093)	Data 0.011 (0.011)	Loss 0.1169 (0.1169)	MAE 0.126 (0.126)
Test: [0/3]	Time 0.021 (0.021)	Loss 0.2565 (0.2565)	MAE 0.189 (0.189)
Epoch: [47][0/7]	Time 0.093 (0.093)	Data 0.011 (0.011)	Loss 0.1125 (0.1125)	MAE 0.127 (0.127)
Test: [0/3]	Time 0.021 (0.021)	Loss 0.3089 (0.3089)	MAE 0.202 (0.202)
Epoch: [48][0/7]	Time 0.093 (0.093)	Data 0.011 (0.011)	Loss 0.1141 (0.1141)	MAE 0.120 (0.120)
Test: [0/3]	Time 0.021 (0.021)	Loss 0.2818 (0.2818)	MAE 0.196 (0.196)
Epoch: [49][0/7]	Time 0.093 (0.093)	Data 0.011 (0.011)	Loss 0.0964 (0.0964)	MAE 0.111 (0.111)
Test: [0/3]	Time 0.021 (0.021)	Loss 0.2591 (0.2591)	MAE 0.183 (0.183)
Epoch: [50][0/7]	Time 0.093 (0.093)	Data 0.011 (0.011)	Loss 0.1058 (0.1058)	MAE 0.119 (0.119)
Test: [0/3]	Time 0.021 (0.021)	Loss 0.2696 (0.2696)	MAE 0.189 (0.189)
Epoch: [51][0/7]	Time 0.093 (0.093)	Data 0.011 (0.011)	Loss 0.1002 (0.1002)	MAE 0.116 (0.116)
Test: [0/3]	Time 0.021 (0.021)	Loss 0.2881 (0.2881)	MAE 0.201 (0.201)
Epoch: [52][0/7]	Time 0.094 (0.094)	Data 0.012 (0.012)	Loss 0.1063 (0.1063)	MAE 0.125 (0.125)
Test: [0/3]	Time 0.021 (0.021)	Loss 0.2771 (0.2771)	MAE 0.191 (0.191)
Epoch: [53][0/7]	Time 0.093 (0.093)	Data 0.012 (0.012)	Loss 0.1143 (0.1143)	MAE 0.129 (0.129)
Test: [0/3]	Time 0.021 (0.021)	Loss 0.2723 (0.2723)	MAE 0.190 (0.190)
Epoch: [54][0/7]	Time 0.093 (0.093)	Data 0.011 (0.011)	Loss 0.1125 (0.1125)	MAE 0.128 (0.128)
Test: [0/3]	Time 0.021 (0.021)	Loss 0.2921 (0.2921)	MAE 0.205 (0.205)
Epoch: [55][0/7]	Time 0.093 (0.093)	Data 0.012 (0.012)	Loss 0.1111 (0.1111)	MAE 0.132 (0.132)
Test: [0/3]	Time 0.022 (0.022)	Loss 0.2620 (0.2620)	MAE 0.183 (0.183)
Epoch: [56][0/7]	Time 0.094 (0.094)	Data 0.013 (0.013)	Loss 0.0891 (0.0891)	MAE 0.105 (0.105)
Test: [0/3]	Time 0.021 (0.021)	Loss 0.2438 (0.2438)	MAE 0.174 (0.174)
Epoch: [57][0/7]	Time 0.093 (0.093)	Data 0.011 (0.011)	Loss 0.0855 (0.0855)	MAE 0.102 (0.102)
Test: [0/3]	Time 0.021 (0.021)	Loss 0.2573 (0.2573)	MAE 0.179 (0.179)
Epoch: [58][0/7]	Time 0.093 (0.093)	Data 0.011 (0.011)	Loss 0.0991 (0.0991)	MAE 0.113 (0.113)
Test: [0/3]	Time 0.021 (0.021)	Loss 0.3422 (0.3422)	MAE 0.208 (0.208)
Epoch: [59][0/7]	Time 0.093 (0.093)	Data 0.011 (0.011)	Loss 0.1433 (0.1433)	MAE 0.138 (0.138)
Test: [0/3]	Time 0.021 (0.021)	Loss 0.3518 (0.3518)	MAE 0.218 (0.218)
Epoch: [60][0/7]	Time 0.094 (0.094)	Data 0.012 (0.012)	Loss 0.1375 (0.1375)	MAE 0.137 (0.137)
Test: [0/3]	Time 0.022 (0.022)	Loss 0.2796 (0.2796)	MAE 0.204 (0.204)
Epoch: [61][0/7]	Time 0.093 (0.093)	Data 0.012 (0.012)	Loss 0.0916 (0.0916)	MAE 0.107 (0.107)
Test: [0/3]	Time 0.021 (0.021)	Loss 0.2633 (0.2633)	MAE 0.187 (0.187)
Epoch: [62][0/7]	Time 0.093 (0.093)	Data 0.012 (0.012)	Loss 0.0995 (0.0995)	MAE 0.114 (0.114)
Test: [0/3]	Time 0.021 (0.021)	Loss 0.2711 (0.2711)	MAE 0.190 (0.190)
Epoch: [63][0/7]	Time 0.093 (0.093)	Data 0.012 (0.012)	Loss 0.1370 (0.1370)	MAE 0.154 (0.154)
Test: [0/3]	Time 0.021 (0.021)	Loss 0.2507 (0.2507)	MAE 0.174 (0.174)
Epoch: [64][0/7]	Time 0.093 (0.093)	Data 0.011 (0.011)	Loss 0.0870 (0.0870)	MAE 0.103 (0.103)
Test: [0/3]	Time 0.021 (0.021)	Loss 0.2884 (0.2884)	MAE 0.190 (0.190)
Epoch: [65][0/7]	Time 0.093 (0.093)	Data 0.012 (0.012)	Loss 0.1021 (0.1021)	MAE 0.108 (0.108)
Test: [0/3]	Time 0.021 (0.021)	Loss 0.2769 (0.2769)	MAE 0.189 (0.189)
Epoch: [66][0/7]	Time 0.092 (0.092)	Data 0.011 (0.011)	Loss 0.1044 (0.1044)	MAE 0.118 (0.118)
Test: [0/3]	Time 0.021 (0.021)	Loss 0.2812 (0.2812)	MAE 0.188 (0.188)
Epoch: [67][0/7]	Time 0.093 (0.093)	Data 0.012 (0.012)	Loss 0.0815 (0.0815)	MAE 0.097 (0.097)
Test: [0/3]	Time 0.021 (0.021)	Loss 0.2631 (0.2631)	MAE 0.178 (0.178)
Epoch: [68][0/7]	Time 0.093 (0.093)	Data 0.011 (0.011)	Loss 0.0874 (0.0874)	MAE 0.099 (0.099)
Test: [0/3]	Time 0.021 (0.021)	Loss 0.2788 (0.2788)	MAE 0.192 (0.192)
Epoch: [69][0/7]	Time 0.093 (0.093)	Data 0.011 (0.011)	Loss 0.0869 (0.0869)	MAE 0.105 (0.105)
Test: [0/3]	Time 0.021 (0.021)	Loss 0.2616 (0.2616)	MAE 0.180 (0.180)
Epoch: [70][0/7]	Time 0.093 (0.093)	Data 0.012 (0.012)	Loss 0.0814 (0.0814)	MAE 0.101 (0.101)
Test: [0/3]	Time 0.021 (0.021)	Loss 0.2608 (0.2608)	MAE 0.177 (0.177)
Epoch: [71][0/7]	Time 0.093 (0.093)	Data 0.012 (0.012)	Loss 0.0713 (0.0713)	MAE 0.088 (0.088)
Test: [0/3]	Time 0.021 (0.021)	Loss 0.2785 (0.2785)	MAE 0.183 (0.183)
Epoch: [72][0/7]	Time 0.093 (0.093)	Data 0.012 (0.012)	Loss 0.0725 (0.0725)	MAE 0.089 (0.089)
Test: [0/3]	Time 0.021 (0.021)	Loss 0.2804 (0.2804)	MAE 0.183 (0.183)
Epoch: [73][0/7]	Time 0.093 (0.093)	Data 0.011 (0.011)	Loss 0.0770 (0.0770)	MAE 0.095 (0.095)
Test: [0/3]	Time 0.021 (0.021)	Loss 0.2984 (0.2984)	MAE 0.197 (0.197)
Epoch: [74][0/7]	Time 0.093 (0.093)	Data 0.012 (0.012)	Loss 0.0773 (0.0773)	MAE 0.092 (0.092)
Test: [0/3]	Time 0.021 (0.021)	Loss 0.2863 (0.2863)	MAE 0.188 (0.188)
Epoch: [75][0/7]	Time 0.093 (0.093)	Data 0.011 (0.011)	Loss 0.0723 (0.0723)	MAE 0.092 (0.092)
Test: [0/3]	Time 0.021 (0.021)	Loss 0.2791 (0.2791)	MAE 0.184 (0.184)
Epoch: [76][0/7]	Time 0.094 (0.094)	Data 0.012 (0.012)	Loss 0.0713 (0.0713)	MAE 0.089 (0.089)
Test: [0/3]	Time 0.021 (0.021)	Loss 0.2754 (0.2754)	MAE 0.182 (0.182)
Epoch: [77][0/7]	Time 0.093 (0.093)	Data 0.011 (0.011)	Loss 0.0703 (0.0703)	MAE 0.091 (0.091)
Test: [0/3]	Time 0.021 (0.021)	Loss 0.2688 (0.2688)	MAE 0.182 (0.182)
Epoch: [78][0/7]	Time 0.093 (0.093)	Data 0.011 (0.011)	Loss 0.0747 (0.0747)	MAE 0.097 (0.097)
Test: [0/3]	Time 0.021 (0.021)	Loss 0.2719 (0.2719)	MAE 0.181 (0.181)
Epoch: [79][0/7]	Time 0.092 (0.092)	Data 0.011 (0.011)	Loss 0.0799 (0.0799)	MAE 0.102 (0.102)
Test: [0/3]	Time 0.021 (0.021)	Loss 0.2982 (0.2982)	MAE 0.190 (0.190)
Epoch: [80][0/7]	Time 0.093 (0.093)	Data 0.011 (0.011)	Loss 0.0801 (0.0801)	MAE 0.100 (0.100)
Test: [0/3]	Time 0.020 (0.020)	Loss 0.2967 (0.2967)	MAE 0.195 (0.195)
Epoch: [81][0/7]	Time 0.093 (0.093)	Data 0.011 (0.011)	Loss 0.0784 (0.0784)	MAE 0.098 (0.098)
Test: [0/3]	Time 0.020 (0.020)	Loss 0.2869 (0.2869)	MAE 0.187 (0.187)
Epoch: [82][0/7]	Time 0.094 (0.094)	Data 0.011 (0.011)	Loss 0.0742 (0.0742)	MAE 0.097 (0.097)
Test: [0/3]	Time 0.021 (0.021)	Loss 0.3424 (0.3424)	MAE 0.203 (0.203)
Epoch: [83][0/7]	Time 0.093 (0.093)	Data 0.011 (0.011)	Loss 0.0931 (0.0931)	MAE 0.107 (0.107)
Test: [0/3]	Time 0.020 (0.020)	Loss 0.3234 (0.3234)	MAE 0.200 (0.200)
Epoch: [84][0/7]	Time 0.092 (0.092)	Data 0.011 (0.011)	Loss 0.0904 (0.0904)	MAE 0.104 (0.104)
Test: [0/3]	Time 0.020 (0.020)	Loss 0.2908 (0.2908)	MAE 0.195 (0.195)
Epoch: [85][0/7]	Time 0.093 (0.093)	Data 0.011 (0.011)	Loss 0.0926 (0.0926)	MAE 0.112 (0.112)
Test: [0/3]	Time 0.021 (0.021)	Loss 0.2911 (0.2911)	MAE 0.202 (0.202)
Epoch: [86][0/7]	Time 0.093 (0.093)	Data 0.011 (0.011)	Loss 0.0750 (0.0750)	MAE 0.097 (0.097)
Test: [0/3]	Time 0.021 (0.021)	Loss 0.2964 (0.2964)	MAE 0.193 (0.193)
Epoch: [87][0/7]	Time 0.093 (0.093)	Data 0.011 (0.011)	Loss 0.0798 (0.0798)	MAE 0.103 (0.103)
Test: [0/3]	Time 0.020 (0.020)	Loss 0.2954 (0.2954)	MAE 0.194 (0.194)
Epoch: [88][0/7]	Time 0.093 (0.093)	Data 0.011 (0.011)	Loss 0.0839 (0.0839)	MAE 0.107 (0.107)
Test: [0/3]	Time 0.020 (0.020)	Loss 0.2619 (0.2619)	MAE 0.179 (0.179)
Epoch: [89][0/7]	Time 0.092 (0.092)	Data 0.011 (0.011)	Loss 0.0805 (0.0805)	MAE 0.102 (0.102)
Test: [0/3]	Time 0.020 (0.020)	Loss 0.2773 (0.2773)	MAE 0.182 (0.182)
Epoch: [90][0/7]	Time 0.092 (0.092)	Data 0.011 (0.011)	Loss 0.0688 (0.0688)	MAE 0.090 (0.090)
Test: [0/3]	Time 0.021 (0.021)	Loss 0.3165 (0.3165)	MAE 0.194 (0.194)
Epoch: [91][0/7]	Time 0.093 (0.093)	Data 0.011 (0.011)	Loss 0.0747 (0.0747)	MAE 0.092 (0.092)
Test: [0/3]	Time 0.020 (0.020)	Loss 0.3180 (0.3180)	MAE 0.196 (0.196)
Epoch: [92][0/7]	Time 0.092 (0.092)	Data 0.011 (0.011)	Loss 0.0792 (0.0792)	MAE 0.096 (0.096)
Test: [0/3]	Time 0.020 (0.020)	Loss 0.2950 (0.2950)	MAE 0.191 (0.191)
Epoch: [93][0/7]	Time 0.092 (0.092)	Data 0.011 (0.011)	Loss 0.0697 (0.0697)	MAE 0.091 (0.091)
Test: [0/3]	Time 0.021 (0.021)	Loss 0.2709 (0.2709)	MAE 0.178 (0.178)
Epoch: [94][0/7]	Time 0.093 (0.093)	Data 0.011 (0.011)	Loss 0.0611 (0.0611)	MAE 0.086 (0.086)
Test: [0/3]	Time 0.020 (0.020)	Loss 0.2830 (0.2830)	MAE 0.181 (0.181)
Epoch: [95][0/7]	Time 0.092 (0.092)	Data 0.011 (0.011)	Loss 0.0613 (0.0613)	MAE 0.084 (0.084)
Test: [0/3]	Time 0.021 (0.021)	Loss 0.2901 (0.2901)	MAE 0.190 (0.190)
Epoch: [96][0/7]	Time 0.093 (0.093)	Data 0.011 (0.011)	Loss 0.0748 (0.0748)	MAE 0.103 (0.103)
Test: [0/3]	Time 0.021 (0.021)	Loss 0.2868 (0.2868)	MAE 0.188 (0.188)
Epoch: [97][0/7]	Time 0.093 (0.093)	Data 0.011 (0.011)	Loss 0.0707 (0.0707)	MAE 0.096 (0.096)
Test: [0/3]	Time 0.021 (0.021)	Loss 0.2750 (0.2750)	MAE 0.178 (0.178)
Epoch: [98][0/7]	Time 0.093 (0.093)	Data 0.011 (0.011)	Loss 0.0660 (0.0660)	MAE 0.088 (0.088)
Test: [0/3]	Time 0.021 (0.021)	Loss 0.2714 (0.2714)	MAE 0.178 (0.178)
Epoch: [99][0/7]	Time 0.093 (0.093)	Data 0.011 (0.011)	Loss 0.0578 (0.0578)	MAE 0.080 (0.080)
Test: [0/3]	Time 0.021 (0.021)	Loss 0.2933 (0.2933)	MAE 0.184 (0.184)
Epoch: [100][0/7]	Time 0.093 (0.093)	Data 0.011 (0.011)	Loss 0.0574 (0.0574)	MAE 0.077 (0.077)
Test: [0/3]	Time 0.021 (0.021)	Loss 0.2769 (0.2769)	MAE 0.178 (0.178)
Epoch: [101][0/7]	Time 0.093 (0.093)	Data 0.011 (0.011)	Loss 0.0522 (0.0522)	MAE 0.073 (0.073)
Test: [0/3]	Time 0.021 (0.021)	Loss 0.2788 (0.2788)	MAE 0.179 (0.179)
Epoch: [102][0/7]	Time 0.092 (0.092)	Data 0.011 (0.011)	Loss 0.0510 (0.0510)	MAE 0.073 (0.073)
Test: [0/3]	Time 0.020 (0.020)	Loss 0.2869 (0.2869)	MAE 0.181 (0.181)
Epoch: [103][0/7]	Time 0.092 (0.092)	Data 0.011 (0.011)	Loss 0.0515 (0.0515)	MAE 0.073 (0.073)
Test: [0/3]	Time 0.020 (0.020)	Loss 0.2870 (0.2870)	MAE 0.181 (0.181)
Epoch: [104][0/7]	Time 0.095 (0.095)	Data 0.013 (0.013)	Loss 0.0501 (0.0501)	MAE 0.071 (0.071)
Test: [0/3]	Time 0.020 (0.020)	Loss 0.2859 (0.2859)	MAE 0.180 (0.180)
Epoch: [105][0/7]	Time 0.093 (0.093)	Data 0.011 (0.011)	Loss 0.0493 (0.0493)	MAE 0.070 (0.070)
Test: [0/3]	Time 0.021 (0.021)	Loss 0.2882 (0.2882)	MAE 0.181 (0.181)
Epoch: [106][0/7]	Time 0.092 (0.092)	Data 0.011 (0.011)	Loss 0.0492 (0.0492)	MAE 0.070 (0.070)
Test: [0/3]	Time 0.021 (0.021)	Loss 0.2903 (0.2903)	MAE 0.181 (0.181)
Epoch: [107][0/7]	Time 0.092 (0.092)	Data 0.011 (0.011)	Loss 0.0489 (0.0489)	MAE 0.070 (0.070)
Test: [0/3]	Time 0.022 (0.022)	Loss 0.2903 (0.2903)	MAE 0.181 (0.181)
Epoch: [108][0/7]	Time 0.094 (0.094)	Data 0.012 (0.012)	Loss 0.0485 (0.0485)	MAE 0.070 (0.070)
Test: [0/3]	Time 0.023 (0.023)	Loss 0.2901 (0.2901)	MAE 0.181 (0.181)
Epoch: [109][0/7]	Time 0.094 (0.094)	Data 0.012 (0.012)	Loss 0.0483 (0.0483)	MAE 0.070 (0.070)
Test: [0/3]	Time 0.021 (0.021)	Loss 0.2904 (0.2904)	MAE 0.181 (0.181)
Epoch: [110][0/7]	Time 0.093 (0.093)	Data 0.011 (0.011)	Loss 0.0481 (0.0481)	MAE 0.069 (0.069)
Test: [0/3]	Time 0.021 (0.021)	Loss 0.2907 (0.2907)	MAE 0.181 (0.181)
Epoch: [111][0/7]	Time 0.094 (0.094)	Data 0.012 (0.012)	Loss 0.0479 (0.0479)	MAE 0.069 (0.069)
Test: [0/3]	Time 0.026 (0.026)	Loss 0.2909 (0.2909)	MAE 0.181 (0.181)
Epoch: [112][0/7]	Time 0.095 (0.095)	Data 0.012 (0.012)	Loss 0.0477 (0.0477)	MAE 0.069 (0.069)
Test: [0/3]	Time 0.021 (0.021)	Loss 0.2911 (0.2911)	MAE 0.181 (0.181)
Epoch: [113][0/7]	Time 0.093 (0.093)	Data 0.012 (0.012)	Loss 0.0476 (0.0476)	MAE 0.069 (0.069)
Test: [0/3]	Time 0.021 (0.021)	Loss 0.2914 (0.2914)	MAE 0.181 (0.181)
Epoch: [114][0/7]	Time 0.093 (0.093)	Data 0.012 (0.012)	Loss 0.0474 (0.0474)	MAE 0.069 (0.069)
Test: [0/3]	Time 0.021 (0.021)	Loss 0.2916 (0.2916)	MAE 0.181 (0.181)
Epoch: [115][0/7]	Time 0.093 (0.093)	Data 0.012 (0.012)	Loss 0.0472 (0.0472)	MAE 0.069 (0.069)
Test: [0/3]	Time 0.021 (0.021)	Loss 0.2919 (0.2919)	MAE 0.181 (0.181)
Epoch: [116][0/7]	Time 0.093 (0.093)	Data 0.012 (0.012)	Loss 0.0471 (0.0471)	MAE 0.068 (0.068)
Test: [0/3]	Time 0.021 (0.021)	Loss 0.2921 (0.2921)	MAE 0.181 (0.181)
Epoch: [117][0/7]	Time 0.093 (0.093)	Data 0.012 (0.012)	Loss 0.0469 (0.0469)	MAE 0.068 (0.068)
Test: [0/3]	Time 0.021 (0.021)	Loss 0.2923 (0.2923)	MAE 0.181 (0.181)
Epoch: [118][0/7]	Time 0.094 (0.094)	Data 0.012 (0.012)	Loss 0.0468 (0.0468)	MAE 0.068 (0.068)
Test: [0/3]	Time 0.021 (0.021)	Loss 0.2925 (0.2925)	MAE 0.181 (0.181)
Epoch: [119][0/7]	Time 0.093 (0.093)	Data 0.012 (0.012)	Loss 0.0466 (0.0466)	MAE 0.068 (0.068)
Test: [0/3]	Time 0.021 (0.021)	Loss 0.2926 (0.2926)	MAE 0.181 (0.181)
Epoch: [120][0/7]	Time 0.093 (0.093)	Data 0.012 (0.012)	Loss 0.0465 (0.0465)	MAE 0.068 (0.068)
Test: [0/3]	Time 0.021 (0.021)	Loss 0.2928 (0.2928)	MAE 0.181 (0.181)
Epoch: [121][0/7]	Time 0.094 (0.094)	Data 0.012 (0.012)	Loss 0.0463 (0.0463)	MAE 0.068 (0.068)
Test: [0/3]	Time 0.021 (0.021)	Loss 0.2930 (0.2930)	MAE 0.181 (0.181)
Epoch: [122][0/7]	Time 0.093 (0.093)	Data 0.012 (0.012)	Loss 0.0462 (0.0462)	MAE 0.068 (0.068)
Test: [0/3]	Time 0.021 (0.021)	Loss 0.2932 (0.2932)	MAE 0.181 (0.181)
Epoch: [123][0/7]	Time 0.093 (0.093)	Data 0.012 (0.012)	Loss 0.0460 (0.0460)	MAE 0.067 (0.067)
Test: [0/3]	Time 0.021 (0.021)	Loss 0.2933 (0.2933)	MAE 0.181 (0.181)
Epoch: [124][0/7]	Time 0.094 (0.094)	Data 0.012 (0.012)	Loss 0.0459 (0.0459)	MAE 0.067 (0.067)
Test: [0/3]	Time 0.021 (0.021)	Loss 0.2935 (0.2935)	MAE 0.181 (0.181)
Epoch: [125][0/7]	Time 0.093 (0.093)	Data 0.012 (0.012)	Loss 0.0457 (0.0457)	MAE 0.067 (0.067)
Test: [0/3]	Time 0.021 (0.021)	Loss 0.2936 (0.2936)	MAE 0.181 (0.181)
Epoch: [126][0/7]	Time 0.093 (0.093)	Data 0.012 (0.012)	Loss 0.0456 (0.0456)	MAE 0.067 (0.067)
Test: [0/3]	Time 0.021 (0.021)	Loss 0.2938 (0.2938)	MAE 0.181 (0.181)
Epoch: [127][0/7]	Time 0.093 (0.093)	Data 0.012 (0.012)	Loss 0.0454 (0.0454)	MAE 0.067 (0.067)
Test: [0/3]	Time 0.022 (0.022)	Loss 0.2939 (0.2939)	MAE 0.181 (0.181)
Epoch: [128][0/7]	Time 0.094 (0.094)	Data 0.012 (0.012)	Loss 0.0453 (0.0453)	MAE 0.067 (0.067)
Test: [0/3]	Time 0.021 (0.021)	Loss 0.2941 (0.2941)	MAE 0.181 (0.181)
Epoch: [129][0/7]	Time 0.094 (0.094)	Data 0.012 (0.012)	Loss 0.0451 (0.0451)	MAE 0.067 (0.067)
Test: [0/3]	Time 0.021 (0.021)	Loss 0.2942 (0.2942)	MAE 0.181 (0.181)
Epoch: [130][0/7]	Time 0.094 (0.094)	Data 0.012 (0.012)	Loss 0.0450 (0.0450)	MAE 0.067 (0.067)
Test: [0/3]	Time 0.021 (0.021)	Loss 0.2943 (0.2943)	MAE 0.181 (0.181)
Epoch: [131][0/7]	Time 0.094 (0.094)	Data 0.012 (0.012)	Loss 0.0449 (0.0449)	MAE 0.067 (0.067)
Test: [0/3]	Time 0.021 (0.021)	Loss 0.2945 (0.2945)	MAE 0.181 (0.181)
Epoch: [132][0/7]	Time 0.094 (0.094)	Data 0.012 (0.012)	Loss 0.0447 (0.0447)	MAE 0.066 (0.066)
Test: [0/3]	Time 0.021 (0.021)	Loss 0.2946 (0.2946)	MAE 0.181 (0.181)
Epoch: [133][0/7]	Time 0.093 (0.093)	Data 0.011 (0.011)	Loss 0.0446 (0.0446)	MAE 0.066 (0.066)
Test: [0/3]	Time 0.021 (0.021)	Loss 0.2947 (0.2947)	MAE 0.181 (0.181)
Epoch: [134][0/7]	Time 0.094 (0.094)	Data 0.012 (0.012)	Loss 0.0445 (0.0445)	MAE 0.066 (0.066)
Test: [0/3]	Time 0.022 (0.022)	Loss 0.2949 (0.2949)	MAE 0.181 (0.181)
Epoch: [135][0/7]	Time 0.095 (0.095)	Data 0.012 (0.012)	Loss 0.0443 (0.0443)	MAE 0.066 (0.066)
Test: [0/3]	Time 0.022 (0.022)	Loss 0.2950 (0.2950)	MAE 0.181 (0.181)
Epoch: [136][0/7]	Time 0.094 (0.094)	Data 0.012 (0.012)	Loss 0.0442 (0.0442)	MAE 0.066 (0.066)
Test: [0/3]	Time 0.022 (0.022)	Loss 0.2951 (0.2951)	MAE 0.181 (0.181)
Epoch: [137][0/7]	Time 0.094 (0.094)	Data 0.012 (0.012)	Loss 0.0441 (0.0441)	MAE 0.066 (0.066)
Test: [0/3]	Time 0.021 (0.021)	Loss 0.2952 (0.2952)	MAE 0.181 (0.181)
Epoch: [138][0/7]	Time 0.093 (0.093)	Data 0.012 (0.012)	Loss 0.0439 (0.0439)	MAE 0.066 (0.066)
Test: [0/3]	Time 0.021 (0.021)	Loss 0.2954 (0.2954)	MAE 0.181 (0.181)
Epoch: [139][0/7]	Time 0.093 (0.093)	Data 0.012 (0.012)	Loss 0.0438 (0.0438)	MAE 0.066 (0.066)
Test: [0/3]	Time 0.021 (0.021)	Loss 0.2955 (0.2955)	MAE 0.181 (0.181)
Epoch: [140][0/7]	Time 0.093 (0.093)	Data 0.011 (0.011)	Loss 0.0437 (0.0437)	MAE 0.066 (0.066)
Test: [0/3]	Time 0.021 (0.021)	Loss 0.2956 (0.2956)	MAE 0.181 (0.181)
Epoch: [141][0/7]	Time 0.093 (0.093)	Data 0.012 (0.012)	Loss 0.0436 (0.0436)	MAE 0.066 (0.066)
Test: [0/3]	Time 0.021 (0.021)	Loss 0.2957 (0.2957)	MAE 0.181 (0.181)
Epoch: [142][0/7]	Time 0.093 (0.093)	Data 0.012 (0.012)	Loss 0.0434 (0.0434)	MAE 0.065 (0.065)
Test: [0/3]	Time 0.021 (0.021)	Loss 0.2958 (0.2958)	MAE 0.181 (0.181)
Epoch: [143][0/7]	Time 0.094 (0.094)	Data 0.012 (0.012)	Loss 0.0433 (0.0433)	MAE 0.065 (0.065)
Test: [0/3]	Time 0.021 (0.021)	Loss 0.2960 (0.2960)	MAE 0.181 (0.181)
Epoch: [144][0/7]	Time 0.093 (0.093)	Data 0.011 (0.011)	Loss 0.0432 (0.0432)	MAE 0.065 (0.065)
Test: [0/3]	Time 0.021 (0.021)	Loss 0.2961 (0.2961)	MAE 0.181 (0.181)
Epoch: [145][0/7]	Time 0.093 (0.093)	Data 0.011 (0.011)	Loss 0.0431 (0.0431)	MAE 0.065 (0.065)
Test: [0/3]	Time 0.021 (0.021)	Loss 0.2962 (0.2962)	MAE 0.181 (0.181)
Epoch: [146][0/7]	Time 0.093 (0.093)	Data 0.012 (0.012)	Loss 0.0429 (0.0429)	MAE 0.065 (0.065)
Test: [0/3]	Time 0.021 (0.021)	Loss 0.2963 (0.2963)	MAE 0.181 (0.181)
Epoch: [147][0/7]	Time 0.093 (0.093)	Data 0.012 (0.012)	Loss 0.0428 (0.0428)	MAE 0.065 (0.065)
Test: [0/3]	Time 0.021 (0.021)	Loss 0.2964 (0.2964)	MAE 0.181 (0.181)
Epoch: [148][0/7]	Time 0.093 (0.093)	Data 0.012 (0.012)	Loss 0.0427 (0.0427)	MAE 0.065 (0.065)
Test: [0/3]	Time 0.021 (0.021)	Loss 0.2965 (0.2965)	MAE 0.181 (0.181)
Epoch: [149][0/7]	Time 0.093 (0.093)	Data 0.012 (0.012)	Loss 0.0426 (0.0426)	MAE 0.065 (0.065)
Test: [0/3]	Time 0.021 (0.021)	Loss 0.2966 (0.2966)	MAE 0.181 (0.181)
Epoch: [150][0/7]	Time 0.093 (0.093)	Data 0.012 (0.012)	Loss 0.0424 (0.0424)	MAE 0.065 (0.065)
Test: [0/3]	Time 0.021 (0.021)	Loss 0.2968 (0.2968)	MAE 0.181 (0.181)
Epoch: [151][0/7]	Time 0.093 (0.093)	Data 0.012 (0.012)	Loss 0.0423 (0.0423)	MAE 0.065 (0.065)
Test: [0/3]	Time 0.021 (0.021)	Loss 0.2969 (0.2969)	MAE 0.181 (0.181)
Epoch: [152][0/7]	Time 0.093 (0.093)	Data 0.011 (0.011)	Loss 0.0422 (0.0422)	MAE 0.064 (0.064)
Test: [0/3]	Time 0.021 (0.021)	Loss 0.2970 (0.2970)	MAE 0.181 (0.181)
Epoch: [153][0/7]	Time 0.093 (0.093)	Data 0.012 (0.012)	Loss 0.0421 (0.0421)	MAE 0.064 (0.064)
Test: [0/3]	Time 0.021 (0.021)	Loss 0.2971 (0.2971)	MAE 0.182 (0.182)
Epoch: [154][0/7]	Time 0.093 (0.093)	Data 0.012 (0.012)	Loss 0.0420 (0.0420)	MAE 0.064 (0.064)
Test: [0/3]	Time 0.021 (0.021)	Loss 0.2972 (0.2972)	MAE 0.182 (0.182)
Epoch: [155][0/7]	Time 0.093 (0.093)	Data 0.012 (0.012)	Loss 0.0419 (0.0419)	MAE 0.064 (0.064)
Test: [0/3]	Time 0.021 (0.021)	Loss 0.2973 (0.2973)	MAE 0.182 (0.182)
Epoch: [156][0/7]	Time 0.093 (0.093)	Data 0.012 (0.012)	Loss 0.0417 (0.0417)	MAE 0.064 (0.064)
Test: [0/3]	Time 0.021 (0.021)	Loss 0.2974 (0.2974)	MAE 0.182 (0.182)
Epoch: [157][0/7]	Time 0.093 (0.093)	Data 0.011 (0.011)	Loss 0.0416 (0.0416)	MAE 0.064 (0.064)
Test: [0/3]	Time 0.021 (0.021)	Loss 0.2975 (0.2975)	MAE 0.182 (0.182)
Epoch: [158][0/7]	Time 0.093 (0.093)	Data 0.012 (0.012)	Loss 0.0415 (0.0415)	MAE 0.064 (0.064)
Test: [0/3]	Time 0.021 (0.021)	Loss 0.2976 (0.2976)	MAE 0.182 (0.182)
Epoch: [159][0/7]	Time 0.093 (0.093)	Data 0.012 (0.012)	Loss 0.0414 (0.0414)	MAE 0.064 (0.064)
Test: [0/3]	Time 0.021 (0.021)	Loss 0.2977 (0.2977)	MAE 0.182 (0.182)
Epoch: [160][0/7]	Time 0.093 (0.093)	Data 0.012 (0.012)	Loss 0.0413 (0.0413)	MAE 0.064 (0.064)
Test: [0/3]	Time 0.021 (0.021)	Loss 0.2978 (0.2978)	MAE 0.182 (0.182)
Epoch: [161][0/7]	Time 0.093 (0.093)	Data 0.012 (0.012)	Loss 0.0412 (0.0412)	MAE 0.064 (0.064)
Test: [0/3]	Time 0.021 (0.021)	Loss 0.2979 (0.2979)	MAE 0.182 (0.182)
Epoch: [162][0/7]	Time 0.095 (0.095)	Data 0.013 (0.013)	Loss 0.0411 (0.0411)	MAE 0.064 (0.064)
Test: [0/3]	Time 0.021 (0.021)	Loss 0.2980 (0.2980)	MAE 0.182 (0.182)
Epoch: [163][0/7]	Time 0.093 (0.093)	Data 0.012 (0.012)	Loss 0.0409 (0.0409)	MAE 0.063 (0.063)
Test: [0/3]	Time 0.021 (0.021)	Loss 0.2981 (0.2981)	MAE 0.182 (0.182)
Epoch: [164][0/7]	Time 0.094 (0.094)	Data 0.012 (0.012)	Loss 0.0408 (0.0408)	MAE 0.063 (0.063)
Test: [0/3]	Time 0.021 (0.021)	Loss 0.2982 (0.2982)	MAE 0.182 (0.182)
Epoch: [165][0/7]	Time 0.093 (0.093)	Data 0.011 (0.011)	Loss 0.0407 (0.0407)	MAE 0.063 (0.063)
Test: [0/3]	Time 0.021 (0.021)	Loss 0.2983 (0.2983)	MAE 0.182 (0.182)
Epoch: [166][0/7]	Time 0.093 (0.093)	Data 0.011 (0.011)	Loss 0.0406 (0.0406)	MAE 0.063 (0.063)
Test: [0/3]	Time 0.021 (0.021)	Loss 0.2984 (0.2984)	MAE 0.182 (0.182)
Epoch: [167][0/7]	Time 0.093 (0.093)	Data 0.012 (0.012)	Loss 0.0405 (0.0405)	MAE 0.063 (0.063)
Test: [0/3]	Time 0.023 (0.023)	Loss 0.2985 (0.2985)	MAE 0.182 (0.182)
Epoch: [168][0/7]	Time 0.093 (0.093)	Data 0.012 (0.012)	Loss 0.0404 (0.0404)	MAE 0.063 (0.063)
Test: [0/3]	Time 0.021 (0.021)	Loss 0.2986 (0.2986)	MAE 0.182 (0.182)
Epoch: [169][0/7]	Time 0.094 (0.094)	Data 0.012 (0.012)	Loss 0.0403 (0.0403)	MAE 0.063 (0.063)
Test: [0/3]	Time 0.021 (0.021)	Loss 0.2987 (0.2987)	MAE 0.182 (0.182)
Epoch: [170][0/7]	Time 0.093 (0.093)	Data 0.012 (0.012)	Loss 0.0402 (0.0402)	MAE 0.063 (0.063)
Test: [0/3]	Time 0.021 (0.021)	Loss 0.2988 (0.2988)	MAE 0.182 (0.182)
Epoch: [171][0/7]	Time 0.093 (0.093)	Data 0.012 (0.012)	Loss 0.0401 (0.0401)	MAE 0.063 (0.063)
Test: [0/3]	Time 0.021 (0.021)	Loss 0.2989 (0.2989)	MAE 0.182 (0.182)
Epoch: [172][0/7]	Time 0.093 (0.093)	Data 0.012 (0.012)	Loss 0.0400 (0.0400)	MAE 0.063 (0.063)
Test: [0/3]	Time 0.021 (0.021)	Loss 0.2990 (0.2990)	MAE 0.182 (0.182)
Epoch: [173][0/7]	Time 0.093 (0.093)	Data 0.012 (0.012)	Loss 0.0399 (0.0399)	MAE 0.063 (0.063)
Test: [0/3]	Time 0.021 (0.021)	Loss 0.2991 (0.2991)	MAE 0.182 (0.182)
Epoch: [174][0/7]	Time 0.094 (0.094)	Data 0.012 (0.012)	Loss 0.0397 (0.0397)	MAE 0.063 (0.063)
Test: [0/3]	Time 0.022 (0.022)	Loss 0.2992 (0.2992)	MAE 0.182 (0.182)
Epoch: [175][0/7]	Time 0.094 (0.094)	Data 0.012 (0.012)	Loss 0.0396 (0.0396)	MAE 0.062 (0.062)
Test: [0/3]	Time 0.021 (0.021)	Loss 0.2993 (0.2993)	MAE 0.182 (0.182)
Epoch: [176][0/7]	Time 0.093 (0.093)	Data 0.012 (0.012)	Loss 0.0395 (0.0395)	MAE 0.062 (0.062)
Test: [0/3]	Time 0.021 (0.021)	Loss 0.2994 (0.2994)	MAE 0.182 (0.182)
Epoch: [177][0/7]	Time 0.093 (0.093)	Data 0.012 (0.012)	Loss 0.0394 (0.0394)	MAE 0.062 (0.062)
Test: [0/3]	Time 0.021 (0.021)	Loss 0.2995 (0.2995)	MAE 0.182 (0.182)
Epoch: [178][0/7]	Time 0.093 (0.093)	Data 0.012 (0.012)	Loss 0.0393 (0.0393)	MAE 0.062 (0.062)
Test: [0/3]	Time 0.021 (0.021)	Loss 0.2996 (0.2996)	MAE 0.182 (0.182)
Epoch: [179][0/7]	Time 0.093 (0.093)	Data 0.011 (0.011)	Loss 0.0392 (0.0392)	MAE 0.062 (0.062)
Test: [0/3]	Time 0.021 (0.021)	Loss 0.2997 (0.2997)	MAE 0.182 (0.182)
Epoch: [180][0/7]	Time 0.093 (0.093)	Data 0.012 (0.012)	Loss 0.0391 (0.0391)	MAE 0.062 (0.062)
Test: [0/3]	Time 0.021 (0.021)	Loss 0.2998 (0.2998)	MAE 0.182 (0.182)
Epoch: [181][0/7]	Time 0.093 (0.093)	Data 0.012 (0.012)	Loss 0.0390 (0.0390)	MAE 0.062 (0.062)
Test: [0/3]	Time 0.021 (0.021)	Loss 0.2999 (0.2999)	MAE 0.182 (0.182)
Epoch: [182][0/7]	Time 0.093 (0.093)	Data 0.012 (0.012)	Loss 0.0389 (0.0389)	MAE 0.062 (0.062)
Test: [0/3]	Time 0.021 (0.021)	Loss 0.3000 (0.3000)	MAE 0.182 (0.182)
Epoch: [183][0/7]	Time 0.093 (0.093)	Data 0.012 (0.012)	Loss 0.0388 (0.0388)	MAE 0.062 (0.062)
Test: [0/3]	Time 0.021 (0.021)	Loss 0.3001 (0.3001)	MAE 0.182 (0.182)
Epoch: [184][0/7]	Time 0.093 (0.093)	Data 0.012 (0.012)	Loss 0.0387 (0.0387)	MAE 0.062 (0.062)
Test: [0/3]	Time 0.021 (0.021)	Loss 0.3002 (0.3002)	MAE 0.182 (0.182)
Epoch: [185][0/7]	Time 0.094 (0.094)	Data 0.012 (0.012)	Loss 0.0386 (0.0386)	MAE 0.062 (0.062)
Test: [0/3]	Time 0.021 (0.021)	Loss 0.3003 (0.3003)	MAE 0.182 (0.182)
Epoch: [186][0/7]	Time 0.093 (0.093)	Data 0.012 (0.012)	Loss 0.0385 (0.0385)	MAE 0.062 (0.062)
Test: [0/3]	Time 0.021 (0.021)	Loss 0.3004 (0.3004)	MAE 0.182 (0.182)
Epoch: [187][0/7]	Time 0.093 (0.093)	Data 0.012 (0.012)	Loss 0.0384 (0.0384)	MAE 0.061 (0.061)
Test: [0/3]	Time 0.021 (0.021)	Loss 0.3005 (0.3005)	MAE 0.182 (0.182)
Epoch: [188][0/7]	Time 0.093 (0.093)	Data 0.012 (0.012)	Loss 0.0383 (0.0383)	MAE 0.061 (0.061)
Test: [0/3]	Time 0.021 (0.021)	Loss 0.3006 (0.3006)	MAE 0.182 (0.182)
Epoch: [189][0/7]	Time 0.093 (0.093)	Data 0.012 (0.012)	Loss 0.0382 (0.0382)	MAE 0.061 (0.061)
Test: [0/3]	Time 0.021 (0.021)	Loss 0.3007 (0.3007)	MAE 0.182 (0.182)
Epoch: [190][0/7]	Time 0.093 (0.093)	Data 0.012 (0.012)	Loss 0.0381 (0.0381)	MAE 0.061 (0.061)
Test: [0/3]	Time 0.021 (0.021)	Loss 0.3008 (0.3008)	MAE 0.182 (0.182)
Epoch: [191][0/7]	Time 0.094 (0.094)	Data 0.012 (0.012)	Loss 0.0380 (0.0380)	MAE 0.061 (0.061)
Test: [0/3]	Time 0.021 (0.021)	Loss 0.3009 (0.3009)	MAE 0.182 (0.182)
Epoch: [192][0/7]	Time 0.093 (0.093)	Data 0.011 (0.011)	Loss 0.0379 (0.0379)	MAE 0.061 (0.061)
Test: [0/3]	Time 0.021 (0.021)	Loss 0.3010 (0.3010)	MAE 0.182 (0.182)
Epoch: [193][0/7]	Time 0.093 (0.093)	Data 0.012 (0.012)	Loss 0.0378 (0.0378)	MAE 0.061 (0.061)
Test: [0/3]	Time 0.021 (0.021)	Loss 0.3011 (0.3011)	MAE 0.182 (0.182)
Epoch: [194][0/7]	Time 0.093 (0.093)	Data 0.012 (0.012)	Loss 0.0377 (0.0377)	MAE 0.061 (0.061)
Test: [0/3]	Time 0.021 (0.021)	Loss 0.3012 (0.3012)	MAE 0.182 (0.182)
Epoch: [195][0/7]	Time 0.094 (0.094)	Data 0.012 (0.012)	Loss 0.0376 (0.0376)	MAE 0.061 (0.061)
Test: [0/3]	Time 0.021 (0.021)	Loss 0.3013 (0.3013)	MAE 0.182 (0.182)
Epoch: [196][0/7]	Time 0.093 (0.093)	Data 0.012 (0.012)	Loss 0.0375 (0.0375)	MAE 0.061 (0.061)
Test: [0/3]	Time 0.021 (0.021)	Loss 0.3014 (0.3014)	MAE 0.182 (0.182)
Epoch: [197][0/7]	Time 0.093 (0.093)	Data 0.012 (0.012)	Loss 0.0374 (0.0374)	MAE 0.061 (0.061)
Test: [0/3]	Time 0.021 (0.021)	Loss 0.3015 (0.3015)	MAE 0.182 (0.182)
Epoch: [198][0/7]	Time 0.093 (0.093)	Data 0.012 (0.012)	Loss 0.0373 (0.0373)	MAE 0.061 (0.061)
Test: [0/3]	Time 0.021 (0.021)	Loss 0.3016 (0.3016)	MAE 0.182 (0.182)
Epoch: [199][0/7]	Time 0.093 (0.093)	Data 0.012 (0.012)	Loss 0.0372 (0.0372)	MAE 0.061 (0.061)
Test: [0/3]	Time 0.021 (0.021)	Loss 0.3017 (0.3017)	MAE 0.182 (0.182)
Epoch: [200][0/7]	Time 0.093 (0.093)	Data 0.012 (0.012)	Loss 0.0371 (0.0371)	MAE 0.060 (0.060)
Test: [0/3]	Time 0.021 (0.021)	Loss 0.3017 (0.3017)	MAE 0.182 (0.182)
Epoch: [201][0/7]	Time 0.093 (0.093)	Data 0.012 (0.012)	Loss 0.0370 (0.0370)	MAE 0.060 (0.060)
Test: [0/3]	Time 0.021 (0.021)	Loss 0.3018 (0.3018)	MAE 0.182 (0.182)
Epoch: [202][0/7]	Time 0.135 (0.135)	Data 0.012 (0.012)	Loss 0.0369 (0.0369)	MAE 0.060 (0.060)
Test: [0/3]	Time 0.021 (0.021)	Loss 0.3019 (0.3019)	MAE 0.182 (0.182)
Epoch: [203][0/7]	Time 0.093 (0.093)	Data 0.012 (0.012)	Loss 0.0368 (0.0368)	MAE 0.060 (0.060)
Test: [0/3]	Time 0.021 (0.021)	Loss 0.3020 (0.3020)	MAE 0.182 (0.182)
Epoch: [204][0/7]	Time 0.093 (0.093)	Data 0.012 (0.012)	Loss 0.0367 (0.0367)	MAE 0.060 (0.060)
Test: [0/3]	Time 0.021 (0.021)	Loss 0.3021 (0.3021)	MAE 0.182 (0.182)
Epoch: [205][0/7]	Time 0.093 (0.093)	Data 0.011 (0.011)	Loss 0.0366 (0.0366)	MAE 0.060 (0.060)
Test: [0/3]	Time 0.021 (0.021)	Loss 0.3022 (0.3022)	MAE 0.182 (0.182)
Epoch: [206][0/7]	Time 0.093 (0.093)	Data 0.012 (0.012)	Loss 0.0365 (0.0365)	MAE 0.060 (0.060)
Test: [0/3]	Time 0.021 (0.021)	Loss 0.3023 (0.3023)	MAE 0.182 (0.182)
Epoch: [207][0/7]	Time 0.093 (0.093)	Data 0.012 (0.012)	Loss 0.0364 (0.0364)	MAE 0.060 (0.060)
Test: [0/3]	Time 0.021 (0.021)	Loss 0.3024 (0.3024)	MAE 0.182 (0.182)
Epoch: [208][0/7]	Time 0.093 (0.093)	Data 0.011 (0.011)	Loss 0.0363 (0.0363)	MAE 0.060 (0.060)
Test: [0/3]	Time 0.021 (0.021)	Loss 0.3025 (0.3025)	MAE 0.182 (0.182)
Epoch: [209][0/7]	Time 0.093 (0.093)	Data 0.012 (0.012)	Loss 0.0362 (0.0362)	MAE 0.060 (0.060)
Test: [0/3]	Time 0.021 (0.021)	Loss 0.3026 (0.3026)	MAE 0.182 (0.182)
Epoch: [210][0/7]	Time 0.093 (0.093)	Data 0.012 (0.012)	Loss 0.0361 (0.0361)	MAE 0.060 (0.060)
Test: [0/3]	Time 0.021 (0.021)	Loss 0.3027 (0.3027)	MAE 0.182 (0.182)
Epoch: [211][0/7]	Time 0.093 (0.093)	Data 0.012 (0.012)	Loss 0.0360 (0.0360)	MAE 0.060 (0.060)
Test: [0/3]	Time 0.021 (0.021)	Loss 0.3028 (0.3028)	MAE 0.182 (0.182)
Epoch: [212][0/7]	Time 0.093 (0.093)	Data 0.012 (0.012)	Loss 0.0359 (0.0359)	MAE 0.060 (0.060)
Test: [0/3]	Time 0.021 (0.021)	Loss 0.3029 (0.3029)	MAE 0.182 (0.182)
Epoch: [213][0/7]	Time 0.094 (0.094)	Data 0.012 (0.012)	Loss 0.0359 (0.0359)	MAE 0.059 (0.059)
Test: [0/3]	Time 0.021 (0.021)	Loss 0.3030 (0.3030)	MAE 0.182 (0.182)
Epoch: [214][0/7]	Time 0.094 (0.094)	Data 0.012 (0.012)	Loss 0.0358 (0.0358)	MAE 0.059 (0.059)
Test: [0/3]	Time 0.021 (0.021)	Loss 0.3031 (0.3031)	MAE 0.182 (0.182)
Epoch: [215][0/7]	Time 0.093 (0.093)	Data 0.012 (0.012)	Loss 0.0357 (0.0357)	MAE 0.059 (0.059)
Test: [0/3]	Time 0.021 (0.021)	Loss 0.3032 (0.3032)	MAE 0.182 (0.182)
Epoch: [216][0/7]	Time 0.093 (0.093)	Data 0.012 (0.012)	Loss 0.0356 (0.0356)	MAE 0.059 (0.059)
Test: [0/3]	Time 0.021 (0.021)	Loss 0.3033 (0.3033)	MAE 0.182 (0.182)
Epoch: [217][0/7]	Time 0.093 (0.093)	Data 0.012 (0.012)	Loss 0.0355 (0.0355)	MAE 0.059 (0.059)
Test: [0/3]	Time 0.021 (0.021)	Loss 0.3034 (0.3034)	MAE 0.182 (0.182)
Epoch: [218][0/7]	Time 0.093 (0.093)	Data 0.011 (0.011)	Loss 0.0354 (0.0354)	MAE 0.059 (0.059)
Test: [0/3]	Time 0.021 (0.021)	Loss 0.3035 (0.3035)	MAE 0.182 (0.182)
Epoch: [219][0/7]	Time 0.093 (0.093)	Data 0.012 (0.012)	Loss 0.0353 (0.0353)	MAE 0.059 (0.059)
Test: [0/3]	Time 0.021 (0.021)	Loss 0.3036 (0.3036)	MAE 0.182 (0.182)
Epoch: [220][0/7]	Time 0.093 (0.093)	Data 0.011 (0.011)	Loss 0.0352 (0.0352)	MAE 0.059 (0.059)
Test: [0/3]	Time 0.021 (0.021)	Loss 0.3037 (0.3037)	MAE 0.182 (0.182)
Epoch: [221][0/7]	Time 0.093 (0.093)	Data 0.012 (0.012)	Loss 0.0351 (0.0351)	MAE 0.059 (0.059)
Test: [0/3]	Time 0.021 (0.021)	Loss 0.3038 (0.3038)	MAE 0.182 (0.182)
Epoch: [222][0/7]	Time 0.093 (0.093)	Data 0.011 (0.011)	Loss 0.0350 (0.0350)	MAE 0.059 (0.059)
Test: [0/3]	Time 0.021 (0.021)	Loss 0.3039 (0.3039)	MAE 0.182 (0.182)
Epoch: [223][0/7]	Time 0.094 (0.094)	Data 0.012 (0.012)	Loss 0.0349 (0.0349)	MAE 0.059 (0.059)
Test: [0/3]	Time 0.021 (0.021)	Loss 0.3040 (0.3040)	MAE 0.182 (0.182)
Epoch: [224][0/7]	Time 0.095 (0.095)	Data 0.013 (0.013)	Loss 0.0348 (0.0348)	MAE 0.059 (0.059)
Test: [0/3]	Time 0.021 (0.021)	Loss 0.3041 (0.3041)	MAE 0.182 (0.182)
Epoch: [225][0/7]	Time 0.093 (0.093)	Data 0.011 (0.011)	Loss 0.0348 (0.0348)	MAE 0.059 (0.059)
Test: [0/3]	Time 0.021 (0.021)	Loss 0.3042 (0.3042)	MAE 0.182 (0.182)
Epoch: [226][0/7]	Time 0.093 (0.093)	Data 0.011 (0.011)	Loss 0.0347 (0.0347)	MAE 0.058 (0.058)
Test: [0/3]	Time 0.021 (0.021)	Loss 0.3043 (0.3043)	MAE 0.182 (0.182)
Epoch: [227][0/7]	Time 0.093 (0.093)	Data 0.012 (0.012)	Loss 0.0346 (0.0346)	MAE 0.058 (0.058)
Test: [0/3]	Time 0.021 (0.021)	Loss 0.3044 (0.3044)	MAE 0.182 (0.182)
Epoch: [228][0/7]	Time 0.093 (0.093)	Data 0.012 (0.012)	Loss 0.0345 (0.0345)	MAE 0.058 (0.058)
Test: [0/3]	Time 0.021 (0.021)	Loss 0.3045 (0.3045)	MAE 0.183 (0.183)
Epoch: [229][0/7]	Time 0.094 (0.094)	Data 0.012 (0.012)	Loss 0.0344 (0.0344)	MAE 0.058 (0.058)
Test: [0/3]	Time 0.021 (0.021)	Loss 0.3046 (0.3046)	MAE 0.183 (0.183)
Epoch: [230][0/7]	Time 0.093 (0.093)	Data 0.011 (0.011)	Loss 0.0343 (0.0343)	MAE 0.058 (0.058)
Test: [0/3]	Time 0.022 (0.022)	Loss 0.3047 (0.3047)	MAE 0.183 (0.183)
Epoch: [231][0/7]	Time 0.093 (0.093)	Data 0.012 (0.012)	Loss 0.0342 (0.0342)	MAE 0.058 (0.058)
Test: [0/3]	Time 0.021 (0.021)	Loss 0.3048 (0.3048)	MAE 0.183 (0.183)
Epoch: [232][0/7]	Time 0.093 (0.093)	Data 0.011 (0.011)	Loss 0.0341 (0.0341)	MAE 0.058 (0.058)
Test: [0/3]	Time 0.021 (0.021)	Loss 0.3049 (0.3049)	MAE 0.183 (0.183)
Epoch: [233][0/7]	Time 0.094 (0.094)	Data 0.012 (0.012)	Loss 0.0340 (0.0340)	MAE 0.058 (0.058)
Test: [0/3]	Time 0.021 (0.021)	Loss 0.3050 (0.3050)	MAE 0.183 (0.183)
Epoch: [234][0/7]	Time 0.094 (0.094)	Data 0.012 (0.012)	Loss 0.0340 (0.0340)	MAE 0.058 (0.058)
Test: [0/3]	Time 0.021 (0.021)	Loss 0.3051 (0.3051)	MAE 0.183 (0.183)
Epoch: [235][0/7]	Time 0.093 (0.093)	Data 0.012 (0.012)	Loss 0.0339 (0.0339)	MAE 0.058 (0.058)
Test: [0/3]	Time 0.021 (0.021)	Loss 0.3052 (0.3052)	MAE 0.183 (0.183)
Epoch: [236][0/7]	Time 0.093 (0.093)	Data 0.012 (0.012)	Loss 0.0338 (0.0338)	MAE 0.058 (0.058)
Test: [0/3]	Time 0.021 (0.021)	Loss 0.3053 (0.3053)	MAE 0.183 (0.183)
Epoch: [237][0/7]	Time 0.093 (0.093)	Data 0.012 (0.012)	Loss 0.0337 (0.0337)	MAE 0.058 (0.058)
Test: [0/3]	Time 0.022 (0.022)	Loss 0.3054 (0.3054)	MAE 0.183 (0.183)
Epoch: [238][0/7]	Time 0.094 (0.094)	Data 0.012 (0.012)	Loss 0.0336 (0.0336)	MAE 0.058 (0.058)
Test: [0/3]	Time 0.021 (0.021)	Loss 0.3055 (0.3055)	MAE 0.183 (0.183)
Epoch: [239][0/7]	Time 0.093 (0.093)	Data 0.012 (0.012)	Loss 0.0335 (0.0335)	MAE 0.058 (0.058)
Test: [0/3]	Time 0.021 (0.021)	Loss 0.3056 (0.3056)	MAE 0.183 (0.183)
Epoch: [240][0/7]	Time 0.093 (0.093)	Data 0.012 (0.012)	Loss 0.0334 (0.0334)	MAE 0.057 (0.057)
Test: [0/3]	Time 0.021 (0.021)	Loss 0.3057 (0.3057)	MAE 0.183 (0.183)
Epoch: [241][0/7]	Time 0.093 (0.093)	Data 0.012 (0.012)	Loss 0.0333 (0.0333)	MAE 0.057 (0.057)
Test: [0/3]	Time 0.021 (0.021)	Loss 0.3058 (0.3058)	MAE 0.183 (0.183)
Epoch: [242][0/7]	Time 0.093 (0.093)	Data 0.012 (0.012)	Loss 0.0333 (0.0333)	MAE 0.057 (0.057)
Test: [0/3]	Time 0.021 (0.021)	Loss 0.3059 (0.3059)	MAE 0.183 (0.183)
Epoch: [243][0/7]	Time 0.093 (0.093)	Data 0.012 (0.012)	Loss 0.0332 (0.0332)	MAE 0.057 (0.057)
Test: [0/3]	Time 0.021 (0.021)	Loss 0.3060 (0.3060)	MAE 0.183 (0.183)
Epoch: [244][0/7]	Time 0.093 (0.093)	Data 0.011 (0.011)	Loss 0.0331 (0.0331)	MAE 0.057 (0.057)
Test: [0/3]	Time 0.021 (0.021)	Loss 0.3061 (0.3061)	MAE 0.183 (0.183)
Epoch: [245][0/7]	Time 0.093 (0.093)	Data 0.012 (0.012)	Loss 0.0330 (0.0330)	MAE 0.057 (0.057)
Test: [0/3]	Time 0.021 (0.021)	Loss 0.3062 (0.3062)	MAE 0.183 (0.183)
Epoch: [246][0/7]	Time 0.093 (0.093)	Data 0.012 (0.012)	Loss 0.0329 (0.0329)	MAE 0.057 (0.057)
Test: [0/3]	Time 0.021 (0.021)	Loss 0.3063 (0.3063)	MAE 0.183 (0.183)
Epoch: [247][0/7]	Time 0.093 (0.093)	Data 0.011 (0.011)	Loss 0.0328 (0.0328)	MAE 0.057 (0.057)
Test: [0/3]	Time 0.021 (0.021)	Loss 0.3065 (0.3065)	MAE 0.183 (0.183)
Epoch: [248][0/7]	Time 0.093 (0.093)	Data 0.012 (0.012)	Loss 0.0327 (0.0327)	MAE 0.057 (0.057)
Test: [0/3]	Time 0.021 (0.021)	Loss 0.3066 (0.3066)	MAE 0.183 (0.183)
Epoch: [249][0/7]	Time 0.093 (0.093)	Data 0.012 (0.012)	Loss 0.0327 (0.0327)	MAE 0.057 (0.057)
Test: [0/3]	Time 0.021 (0.021)	Loss 0.3067 (0.3067)	MAE 0.183 (0.183)
Epoch: [250][0/7]	Time 0.093 (0.093)	Data 0.012 (0.012)	Loss 0.0326 (0.0326)	MAE 0.057 (0.057)
Test: [0/3]	Time 0.021 (0.021)	Loss 0.3068 (0.3068)	MAE 0.183 (0.183)
Epoch: [251][0/7]	Time 0.093 (0.093)	Data 0.012 (0.012)	Loss 0.0325 (0.0325)	MAE 0.057 (0.057)
Test: [0/3]	Time 0.021 (0.021)	Loss 0.3069 (0.3069)	MAE 0.183 (0.183)
Epoch: [252][0/7]	Time 0.093 (0.093)	Data 0.012 (0.012)	Loss 0.0324 (0.0324)	MAE 0.057 (0.057)
Test: [0/3]	Time 0.021 (0.021)	Loss 0.3070 (0.3070)	MAE 0.183 (0.183)
Epoch: [253][0/7]	Time 0.093 (0.093)	Data 0.012 (0.012)	Loss 0.0323 (0.0323)	MAE 0.057 (0.057)
Test: [0/3]	Time 0.021 (0.021)	Loss 0.3071 (0.3071)	MAE 0.183 (0.183)
Epoch: [254][0/7]	Time 0.093 (0.093)	Data 0.012 (0.012)	Loss 0.0322 (0.0322)	MAE 0.057 (0.057)
Test: [0/3]	Time 0.021 (0.021)	Loss 0.3072 (0.3072)	MAE 0.183 (0.183)
Epoch: [255][0/7]	Time 0.093 (0.093)	Data 0.012 (0.012)	Loss 0.0322 (0.0322)	MAE 0.056 (0.056)
Test: [0/3]	Time 0.021 (0.021)	Loss 0.3073 (0.3073)	MAE 0.183 (0.183)
Epoch: [256][0/7]	Time 0.093 (0.093)	Data 0.012 (0.012)	Loss 0.0321 (0.0321)	MAE 0.056 (0.056)
Test: [0/3]	Time 0.021 (0.021)	Loss 0.3074 (0.3074)	MAE 0.183 (0.183)
Epoch: [257][0/7]	Time 0.093 (0.093)	Data 0.011 (0.011)	Loss 0.0320 (0.0320)	MAE 0.056 (0.056)
Test: [0/3]	Time 0.021 (0.021)	Loss 0.3075 (0.3075)	MAE 0.183 (0.183)
Epoch: [258][0/7]	Time 0.093 (0.093)	Data 0.012 (0.012)	Loss 0.0319 (0.0319)	MAE 0.056 (0.056)
Test: [0/3]	Time 0.021 (0.021)	Loss 0.3076 (0.3076)	MAE 0.183 (0.183)
Epoch: [259][0/7]	Time 0.093 (0.093)	Data 0.012 (0.012)	Loss 0.0318 (0.0318)	MAE 0.056 (0.056)
Test: [0/3]	Time 0.021 (0.021)	Loss 0.3077 (0.3077)	MAE 0.183 (0.183)
Epoch: [260][0/7]	Time 0.093 (0.093)	Data 0.012 (0.012)	Loss 0.0317 (0.0317)	MAE 0.056 (0.056)
Test: [0/3]	Time 0.021 (0.021)	Loss 0.3079 (0.3079)	MAE 0.183 (0.183)
Epoch: [261][0/7]	Time 0.093 (0.093)	Data 0.012 (0.012)	Loss 0.0317 (0.0317)	MAE 0.056 (0.056)
Test: [0/3]	Time 0.021 (0.021)	Loss 0.3080 (0.3080)	MAE 0.183 (0.183)
Epoch: [262][0/7]	Time 0.094 (0.094)	Data 0.012 (0.012)	Loss 0.0316 (0.0316)	MAE 0.056 (0.056)
Test: [0/3]	Time 0.021 (0.021)	Loss 0.3081 (0.3081)	MAE 0.183 (0.183)
Epoch: [263][0/7]	Time 0.093 (0.093)	Data 0.012 (0.012)	Loss 0.0315 (0.0315)	MAE 0.056 (0.056)
Test: [0/3]	Time 0.021 (0.021)	Loss 0.3082 (0.3082)	MAE 0.183 (0.183)
Epoch: [264][0/7]	Time 0.093 (0.093)	Data 0.012 (0.012)	Loss 0.0314 (0.0314)	MAE 0.056 (0.056)
Test: [0/3]	Time 0.021 (0.021)	Loss 0.3083 (0.3083)	MAE 0.183 (0.183)
Epoch: [265][0/7]	Time 0.093 (0.093)	Data 0.011 (0.011)	Loss 0.0313 (0.0313)	MAE 0.056 (0.056)
Test: [0/3]	Time 0.021 (0.021)	Loss 0.3084 (0.3084)	MAE 0.183 (0.183)
Epoch: [266][0/7]	Time 0.094 (0.094)	Data 0.012 (0.012)	Loss 0.0313 (0.0313)	MAE 0.056 (0.056)
Test: [0/3]	Time 0.021 (0.021)	Loss 0.3085 (0.3085)	MAE 0.183 (0.183)
Epoch: [267][0/7]	Time 0.094 (0.094)	Data 0.011 (0.011)	Loss 0.0312 (0.0312)	MAE 0.056 (0.056)
Test: [0/3]	Time 0.021 (0.021)	Loss 0.3086 (0.3086)	MAE 0.183 (0.183)
Epoch: [268][0/7]	Time 0.093 (0.093)	Data 0.012 (0.012)	Loss 0.0311 (0.0311)	MAE 0.056 (0.056)
Test: [0/3]	Time 0.021 (0.021)	Loss 0.3088 (0.3088)	MAE 0.183 (0.183)
Epoch: [269][0/7]	Time 0.093 (0.093)	Data 0.011 (0.011)	Loss 0.0310 (0.0310)	MAE 0.056 (0.056)
Test: [0/3]	Time 0.021 (0.021)	Loss 0.3089 (0.3089)	MAE 0.183 (0.183)
Epoch: [270][0/7]	Time 0.094 (0.094)	Data 0.012 (0.012)	Loss 0.0309 (0.0309)	MAE 0.056 (0.056)
Test: [0/3]	Time 0.021 (0.021)	Loss 0.3090 (0.3090)	MAE 0.183 (0.183)
Epoch: [271][0/7]	Time 0.093 (0.093)	Data 0.012 (0.012)	Loss 0.0309 (0.0309)	MAE 0.055 (0.055)
Test: [0/3]	Time 0.021 (0.021)	Loss 0.3091 (0.3091)	MAE 0.183 (0.183)
Epoch: [272][0/7]	Time 0.093 (0.093)	Data 0.012 (0.012)	Loss 0.0308 (0.0308)	MAE 0.055 (0.055)
Test: [0/3]	Time 0.021 (0.021)	Loss 0.3092 (0.3092)	MAE 0.183 (0.183)
Epoch: [273][0/7]	Time 0.094 (0.094)	Data 0.012 (0.012)	Loss 0.0307 (0.0307)	MAE 0.055 (0.055)
Test: [0/3]	Time 0.021 (0.021)	Loss 0.3093 (0.3093)	MAE 0.183 (0.183)
Epoch: [274][0/7]	Time 0.093 (0.093)	Data 0.011 (0.011)	Loss 0.0306 (0.0306)	MAE 0.055 (0.055)
Test: [0/3]	Time 0.021 (0.021)	Loss 0.3094 (0.3094)	MAE 0.183 (0.183)
Epoch: [275][0/7]	Time 0.094 (0.094)	Data 0.012 (0.012)	Loss 0.0305 (0.0305)	MAE 0.055 (0.055)
Test: [0/3]	Time 0.021 (0.021)	Loss 0.3096 (0.3096)	MAE 0.183 (0.183)
Epoch: [276][0/7]	Time 0.093 (0.093)	Data 0.011 (0.011)	Loss 0.0305 (0.0305)	MAE 0.055 (0.055)
Test: [0/3]	Time 0.021 (0.021)	Loss 0.3097 (0.3097)	MAE 0.183 (0.183)
Epoch: [277][0/7]	Time 0.093 (0.093)	Data 0.012 (0.012)	Loss 0.0304 (0.0304)	MAE 0.055 (0.055)
Test: [0/3]	Time 0.021 (0.021)	Loss 0.3098 (0.3098)	MAE 0.183 (0.183)
Epoch: [278][0/7]	Time 0.093 (0.093)	Data 0.012 (0.012)	Loss 0.0303 (0.0303)	MAE 0.055 (0.055)
Test: [0/3]	Time 0.021 (0.021)	Loss 0.3099 (0.3099)	MAE 0.183 (0.183)
Epoch: [279][0/7]	Time 0.093 (0.093)	Data 0.012 (0.012)	Loss 0.0302 (0.0302)	MAE 0.055 (0.055)
Test: [0/3]	Time 0.021 (0.021)	Loss 0.3100 (0.3100)	MAE 0.183 (0.183)
Epoch: [280][0/7]	Time 0.093 (0.093)	Data 0.012 (0.012)	Loss 0.0301 (0.0301)	MAE 0.055 (0.055)
Test: [0/3]	Time 0.021 (0.021)	Loss 0.3101 (0.3101)	MAE 0.183 (0.183)
Epoch: [281][0/7]	Time 0.093 (0.093)	Data 0.012 (0.012)	Loss 0.0301 (0.0301)	MAE 0.055 (0.055)
Test: [0/3]	Time 0.021 (0.021)	Loss 0.3103 (0.3103)	MAE 0.183 (0.183)
Epoch: [282][0/7]	Time 0.093 (0.093)	Data 0.011 (0.011)	Loss 0.0300 (0.0300)	MAE 0.055 (0.055)
Test: [0/3]	Time 0.021 (0.021)	Loss 0.3104 (0.3104)	MAE 0.183 (0.183)
Epoch: [283][0/7]	Time 0.093 (0.093)	Data 0.012 (0.012)	Loss 0.0299 (0.0299)	MAE 0.055 (0.055)
Test: [0/3]	Time 0.021 (0.021)	Loss 0.3105 (0.3105)	MAE 0.183 (0.183)
Epoch: [284][0/7]	Time 0.093 (0.093)	Data 0.012 (0.012)	Loss 0.0298 (0.0298)	MAE 0.055 (0.055)
Test: [0/3]	Time 0.021 (0.021)	Loss 0.3106 (0.3106)	MAE 0.183 (0.183)
Epoch: [285][0/7]	Time 0.094 (0.094)	Data 0.012 (0.012)	Loss 0.0298 (0.0298)	MAE 0.055 (0.055)
Test: [0/3]	Time 0.021 (0.021)	Loss 0.3107 (0.3107)	MAE 0.183 (0.183)
Epoch: [286][0/7]	Time 0.093 (0.093)	Data 0.012 (0.012)	Loss 0.0297 (0.0297)	MAE 0.055 (0.055)
Test: [0/3]	Time 0.021 (0.021)	Loss 0.3108 (0.3108)	MAE 0.183 (0.183)
Epoch: [287][0/7]	Time 0.093 (0.093)	Data 0.012 (0.012)	Loss 0.0296 (0.0296)	MAE 0.054 (0.054)
Test: [0/3]	Time 0.021 (0.021)	Loss 0.3110 (0.3110)	MAE 0.183 (0.183)
Epoch: [288][0/7]	Time 0.093 (0.093)	Data 0.012 (0.012)	Loss 0.0295 (0.0295)	MAE 0.054 (0.054)
Test: [0/3]	Time 0.021 (0.021)	Loss 0.3111 (0.3111)	MAE 0.184 (0.184)
Epoch: [289][0/7]	Time 0.093 (0.093)	Data 0.011 (0.011)	Loss 0.0295 (0.0295)	MAE 0.054 (0.054)
Test: [0/3]	Time 0.021 (0.021)	Loss 0.3112 (0.3112)	MAE 0.184 (0.184)
Epoch: [290][0/7]	Time 0.093 (0.093)	Data 0.011 (0.011)	Loss 0.0294 (0.0294)	MAE 0.054 (0.054)
Test: [0/3]	Time 0.021 (0.021)	Loss 0.3113 (0.3113)	MAE 0.184 (0.184)
Epoch: [291][0/7]	Time 0.093 (0.093)	Data 0.012 (0.012)	Loss 0.0293 (0.0293)	MAE 0.054 (0.054)
Test: [0/3]	Time 0.021 (0.021)	Loss 0.3114 (0.3114)	MAE 0.184 (0.184)
Epoch: [292][0/7]	Time 0.093 (0.093)	Data 0.011 (0.011)	Loss 0.0292 (0.0292)	MAE 0.054 (0.054)
Test: [0/3]	Time 0.021 (0.021)	Loss 0.3116 (0.3116)	MAE 0.184 (0.184)
Epoch: [293][0/7]	Time 0.093 (0.093)	Data 0.011 (0.011)	Loss 0.0292 (0.0292)	MAE 0.054 (0.054)
Test: [0/3]	Time 0.021 (0.021)	Loss 0.3117 (0.3117)	MAE 0.184 (0.184)
Epoch: [294][0/7]	Time 0.093 (0.093)	Data 0.011 (0.011)	Loss 0.0291 (0.0291)	MAE 0.054 (0.054)
Test: [0/3]	Time 0.021 (0.021)	Loss 0.3118 (0.3118)	MAE 0.184 (0.184)
Epoch: [295][0/7]	Time 0.093 (0.093)	Data 0.012 (0.012)	Loss 0.0290 (0.0290)	MAE 0.054 (0.054)
Test: [0/3]	Time 0.021 (0.021)	Loss 0.3119 (0.3119)	MAE 0.184 (0.184)
Epoch: [296][0/7]	Time 0.094 (0.094)	Data 0.012 (0.012)	Loss 0.0289 (0.0289)	MAE 0.054 (0.054)
Test: [0/3]	Time 0.021 (0.021)	Loss 0.3120 (0.3120)	MAE 0.184 (0.184)
Epoch: [297][0/7]	Time 0.093 (0.093)	Data 0.011 (0.011)	Loss 0.0289 (0.0289)	MAE 0.054 (0.054)
Test: [0/3]	Time 0.021 (0.021)	Loss 0.3122 (0.3122)	MAE 0.184 (0.184)
Epoch: [298][0/7]	Time 0.093 (0.093)	Data 0.011 (0.011)	Loss 0.0288 (0.0288)	MAE 0.054 (0.054)
Test: [0/3]	Time 0.021 (0.021)	Loss 0.3123 (0.3123)	MAE 0.184 (0.184)
Epoch: [299][0/7]	Time 0.093 (0.093)	Data 0.012 (0.012)	Loss 0.0287 (0.0287)	MAE 0.054 (0.054)
Test: [0/3]	Time 0.021 (0.021)	Loss 0.3124 (0.3124)	MAE 0.184 (0.184)
Epoch: [300][0/7]	Time 0.093 (0.093)	Data 0.012 (0.012)	Loss 0.0286 (0.0286)	MAE 0.054 (0.054)
Test: [0/3]	Time 0.020 (0.020)	Loss 0.3125 (0.3125)	MAE 0.184 (0.184)
Epoch: [301][0/7]	Time 0.093 (0.093)	Data 0.012 (0.012)	Loss 0.0286 (0.0286)	MAE 0.054 (0.054)
Test: [0/3]	Time 0.021 (0.021)	Loss 0.3127 (0.3127)	MAE 0.184 (0.184)
Epoch: [302][0/7]	Time 0.094 (0.094)	Data 0.012 (0.012)	Loss 0.0285 (0.0285)	MAE 0.054 (0.054)
Test: [0/3]	Time 0.021 (0.021)	Loss 0.3128 (0.3128)	MAE 0.184 (0.184)
Epoch: [303][0/7]	Time 0.093 (0.093)	Data 0.011 (0.011)	Loss 0.0284 (0.0284)	MAE 0.053 (0.053)
Test: [0/3]	Time 0.022 (0.022)	Loss 0.3129 (0.3129)	MAE 0.184 (0.184)
Epoch: [304][0/7]	Time 0.094 (0.094)	Data 0.013 (0.013)	Loss 0.0283 (0.0283)	MAE 0.053 (0.053)
Test: [0/3]	Time 0.021 (0.021)	Loss 0.3130 (0.3130)	MAE 0.184 (0.184)
Epoch: [305][0/7]	Time 0.093 (0.093)	Data 0.011 (0.011)	Loss 0.0283 (0.0283)	MAE 0.053 (0.053)
Test: [0/3]	Time 0.021 (0.021)	Loss 0.3132 (0.3132)	MAE 0.184 (0.184)
Epoch: [306][0/7]	Time 0.092 (0.092)	Data 0.011 (0.011)	Loss 0.0282 (0.0282)	MAE 0.053 (0.053)
Test: [0/3]	Time 0.021 (0.021)	Loss 0.3133 (0.3133)	MAE 0.184 (0.184)
Epoch: [307][0/7]	Time 0.093 (0.093)	Data 0.012 (0.012)	Loss 0.0281 (0.0281)	MAE 0.053 (0.053)
Test: [0/3]	Time 0.021 (0.021)	Loss 0.3134 (0.3134)	MAE 0.184 (0.184)
Epoch: [308][0/7]	Time 0.093 (0.093)	Data 0.012 (0.012)	Loss 0.0280 (0.0280)	MAE 0.053 (0.053)
Test: [0/3]	Time 0.021 (0.021)	Loss 0.3135 (0.3135)	MAE 0.184 (0.184)
Epoch: [309][0/7]	Time 0.093 (0.093)	Data 0.011 (0.011)	Loss 0.0280 (0.0280)	MAE 0.053 (0.053)
Test: [0/3]	Time 0.021 (0.021)	Loss 0.3137 (0.3137)	MAE 0.184 (0.184)
Epoch: [310][0/7]	Time 0.093 (0.093)	Data 0.011 (0.011)	Loss 0.0279 (0.0279)	MAE 0.053 (0.053)
Test: [0/3]	Time 0.021 (0.021)	Loss 0.3138 (0.3138)	MAE 0.184 (0.184)
Epoch: [311][0/7]	Time 0.093 (0.093)	Data 0.012 (0.012)	Loss 0.0278 (0.0278)	MAE 0.053 (0.053)
Test: [0/3]	Time 0.021 (0.021)	Loss 0.3139 (0.3139)	MAE 0.184 (0.184)
Epoch: [312][0/7]	Time 0.093 (0.093)	Data 0.011 (0.011)	Loss 0.0278 (0.0278)	MAE 0.053 (0.053)
Test: [0/3]	Time 0.021 (0.021)	Loss 0.3140 (0.3140)	MAE 0.184 (0.184)
Epoch: [313][0/7]	Time 0.095 (0.095)	Data 0.013 (0.013)	Loss 0.0277 (0.0277)	MAE 0.053 (0.053)
Test: [0/3]	Time 0.021 (0.021)	Loss 0.3142 (0.3142)	MAE 0.184 (0.184)
Epoch: [314][0/7]	Time 0.093 (0.093)	Data 0.011 (0.011)	Loss 0.0276 (0.0276)	MAE 0.053 (0.053)
Test: [0/3]	Time 0.021 (0.021)	Loss 0.3143 (0.3143)	MAE 0.184 (0.184)
Epoch: [315][0/7]	Time 0.093 (0.093)	Data 0.012 (0.012)	Loss 0.0275 (0.0275)	MAE 0.053 (0.053)
Test: [0/3]	Time 0.021 (0.021)	Loss 0.3144 (0.3144)	MAE 0.184 (0.184)
Epoch: [316][0/7]	Time 0.093 (0.093)	Data 0.012 (0.012)	Loss 0.0275 (0.0275)	MAE 0.053 (0.053)
Test: [0/3]	Time 0.021 (0.021)	Loss 0.3146 (0.3146)	MAE 0.184 (0.184)
Epoch: [317][0/7]	Time 0.093 (0.093)	Data 0.012 (0.012)	Loss 0.0274 (0.0274)	MAE 0.053 (0.053)
Test: [0/3]	Time 0.021 (0.021)	Loss 0.3147 (0.3147)	MAE 0.184 (0.184)
Epoch: [318][0/7]	Time 0.093 (0.093)	Data 0.012 (0.012)	Loss 0.0273 (0.0273)	MAE 0.053 (0.053)
Test: [0/3]	Time 0.021 (0.021)	Loss 0.3148 (0.3148)	MAE 0.184 (0.184)
Epoch: [319][0/7]	Time 0.093 (0.093)	Data 0.011 (0.011)	Loss 0.0273 (0.0273)	MAE 0.053 (0.053)
Test: [0/3]	Time 0.021 (0.021)	Loss 0.3149 (0.3149)	MAE 0.184 (0.184)
Epoch: [320][0/7]	Time 0.092 (0.092)	Data 0.011 (0.011)	Loss 0.0272 (0.0272)	MAE 0.052 (0.052)
Test: [0/3]	Time 0.021 (0.021)	Loss 0.3151 (0.3151)	MAE 0.184 (0.184)
Epoch: [321][0/7]	Time 0.093 (0.093)	Data 0.011 (0.011)	Loss 0.0271 (0.0271)	MAE 0.052 (0.052)
Test: [0/3]	Time 0.021 (0.021)	Loss 0.3152 (0.3152)	MAE 0.184 (0.184)
Epoch: [322][0/7]	Time 0.093 (0.093)	Data 0.012 (0.012)	Loss 0.0271 (0.0271)	MAE 0.052 (0.052)
Test: [0/3]	Time 0.021 (0.021)	Loss 0.3153 (0.3153)	MAE 0.184 (0.184)
Epoch: [323][0/7]	Time 0.093 (0.093)	Data 0.012 (0.012)	Loss 0.0270 (0.0270)	MAE 0.052 (0.052)
Test: [0/3]	Time 0.021 (0.021)	Loss 0.3155 (0.3155)	MAE 0.184 (0.184)
Epoch: [324][0/7]	Time 0.093 (0.093)	Data 0.012 (0.012)	Loss 0.0269 (0.0269)	MAE 0.052 (0.052)
Test: [0/3]	Time 0.021 (0.021)	Loss 0.3156 (0.3156)	MAE 0.184 (0.184)
Epoch: [325][0/7]	Time 0.093 (0.093)	Data 0.012 (0.012)	Loss 0.0268 (0.0268)	MAE 0.052 (0.052)
Test: [0/3]	Time 0.021 (0.021)	Loss 0.3157 (0.3157)	MAE 0.184 (0.184)
Epoch: [326][0/7]	Time 0.093 (0.093)	Data 0.012 (0.012)	Loss 0.0268 (0.0268)	MAE 0.052 (0.052)
Test: [0/3]	Time 0.021 (0.021)	Loss 0.3159 (0.3159)	MAE 0.184 (0.184)
Epoch: [327][0/7]	Time 0.093 (0.093)	Data 0.012 (0.012)	Loss 0.0267 (0.0267)	MAE 0.052 (0.052)
Test: [0/3]	Time 0.021 (0.021)	Loss 0.3160 (0.3160)	MAE 0.184 (0.184)
Epoch: [328][0/7]	Time 0.093 (0.093)	Data 0.011 (0.011)	Loss 0.0266 (0.0266)	MAE 0.052 (0.052)
Test: [0/3]	Time 0.021 (0.021)	Loss 0.3161 (0.3161)	MAE 0.185 (0.185)
Epoch: [329][0/7]	Time 0.093 (0.093)	Data 0.012 (0.012)	Loss 0.0266 (0.0266)	MAE 0.052 (0.052)
Test: [0/3]	Time 0.021 (0.021)	Loss 0.3162 (0.3162)	MAE 0.185 (0.185)
Epoch: [330][0/7]	Time 0.093 (0.093)	Data 0.012 (0.012)	Loss 0.0265 (0.0265)	MAE 0.052 (0.052)
Test: [0/3]	Time 0.021 (0.021)	Loss 0.3164 (0.3164)	MAE 0.185 (0.185)
Epoch: [331][0/7]	Time 0.093 (0.093)	Data 0.011 (0.011)	Loss 0.0264 (0.0264)	MAE 0.052 (0.052)
Test: [0/3]	Time 0.021 (0.021)	Loss 0.3165 (0.3165)	MAE 0.185 (0.185)
Epoch: [332][0/7]	Time 0.093 (0.093)	Data 0.011 (0.011)	Loss 0.0264 (0.0264)	MAE 0.052 (0.052)
Test: [0/3]	Time 0.021 (0.021)	Loss 0.3166 (0.3166)	MAE 0.185 (0.185)
Epoch: [333][0/7]	Time 0.093 (0.093)	Data 0.011 (0.011)	Loss 0.0263 (0.0263)	MAE 0.052 (0.052)
Test: [0/3]	Time 0.021 (0.021)	Loss 0.3168 (0.3168)	MAE 0.185 (0.185)
Epoch: [334][0/7]	Time 0.093 (0.093)	Data 0.012 (0.012)	Loss 0.0262 (0.0262)	MAE 0.052 (0.052)
Test: [0/3]	Time 0.021 (0.021)	Loss 0.3169 (0.3169)	MAE 0.185 (0.185)
Epoch: [335][0/7]	Time 0.093 (0.093)	Data 0.012 (0.012)	Loss 0.0262 (0.0262)	MAE 0.052 (0.052)
Test: [0/3]	Time 0.021 (0.021)	Loss 0.3170 (0.3170)	MAE 0.185 (0.185)
Epoch: [336][0/7]	Time 0.093 (0.093)	Data 0.011 (0.011)	Loss 0.0261 (0.0261)	MAE 0.052 (0.052)
Test: [0/3]	Time 0.021 (0.021)	Loss 0.3172 (0.3172)	MAE 0.185 (0.185)
Epoch: [337][0/7]	Time 0.093 (0.093)	Data 0.011 (0.011)	Loss 0.0260 (0.0260)	MAE 0.051 (0.051)
Test: [0/3]	Time 0.021 (0.021)	Loss 0.3173 (0.3173)	MAE 0.185 (0.185)
Epoch: [338][0/7]	Time 0.093 (0.093)	Data 0.012 (0.012)	Loss 0.0260 (0.0260)	MAE 0.051 (0.051)
Test: [0/3]	Time 0.021 (0.021)	Loss 0.3174 (0.3174)	MAE 0.185 (0.185)
Epoch: [339][0/7]	Time 0.093 (0.093)	Data 0.012 (0.012)	Loss 0.0259 (0.0259)	MAE 0.051 (0.051)
Test: [0/3]	Time 0.021 (0.021)	Loss 0.3176 (0.3176)	MAE 0.185 (0.185)
Epoch: [340][0/7]	Time 0.093 (0.093)	Data 0.012 (0.012)	Loss 0.0258 (0.0258)	MAE 0.051 (0.051)
Test: [0/3]	Time 0.021 (0.021)	Loss 0.3177 (0.3177)	MAE 0.185 (0.185)
Epoch: [341][0/7]	Time 0.093 (0.093)	Data 0.012 (0.012)	Loss 0.0258 (0.0258)	MAE 0.051 (0.051)
Test: [0/3]	Time 0.021 (0.021)	Loss 0.3179 (0.3179)	MAE 0.185 (0.185)
Epoch: [342][0/7]	Time 0.093 (0.093)	Data 0.012 (0.012)	Loss 0.0257 (0.0257)	MAE 0.051 (0.051)
Test: [0/3]	Time 0.021 (0.021)	Loss 0.3180 (0.3180)	MAE 0.185 (0.185)
Epoch: [343][0/7]	Time 0.093 (0.093)	Data 0.011 (0.011)	Loss 0.0256 (0.0256)	MAE 0.051 (0.051)
Test: [0/3]	Time 0.021 (0.021)	Loss 0.3181 (0.3181)	MAE 0.185 (0.185)
Epoch: [344][0/7]	Time 0.092 (0.092)	Data 0.012 (0.012)	Loss 0.0256 (0.0256)	MAE 0.051 (0.051)
Test: [0/3]	Time 0.021 (0.021)	Loss 0.3183 (0.3183)	MAE 0.185 (0.185)
Epoch: [345][0/7]	Time 0.093 (0.093)	Data 0.012 (0.012)	Loss 0.0255 (0.0255)	MAE 0.051 (0.051)
Test: [0/3]	Time 0.021 (0.021)	Loss 0.3184 (0.3184)	MAE 0.185 (0.185)
Epoch: [346][0/7]	Time 0.093 (0.093)	Data 0.011 (0.011)	Loss 0.0254 (0.0254)	MAE 0.051 (0.051)
Test: [0/3]	Time 0.021 (0.021)	Loss 0.3185 (0.3185)	MAE 0.185 (0.185)
Epoch: [347][0/7]	Time 0.093 (0.093)	Data 0.011 (0.011)	Loss 0.0254 (0.0254)	MAE 0.051 (0.051)
Test: [0/3]	Time 0.021 (0.021)	Loss 0.3187 (0.3187)	MAE 0.185 (0.185)
Epoch: [348][0/7]	Time 0.092 (0.092)	Data 0.011 (0.011)	Loss 0.0253 (0.0253)	MAE 0.051 (0.051)
Test: [0/3]	Time 0.021 (0.021)	Loss 0.3188 (0.3188)	MAE 0.185 (0.185)
Epoch: [349][0/7]	Time 0.093 (0.093)	Data 0.011 (0.011)	Loss 0.0252 (0.0252)	MAE 0.051 (0.051)
Test: [0/3]	Time 0.021 (0.021)	Loss 0.3189 (0.3189)	MAE 0.185 (0.185)
Epoch: [350][0/7]	Time 0.093 (0.093)	Data 0.011 (0.011)	Loss 0.0252 (0.0252)	MAE 0.051 (0.051)
Test: [0/3]	Time 0.021 (0.021)	Loss 0.3191 (0.3191)	MAE 0.185 (0.185)
Epoch: [351][0/7]	Time 0.093 (0.093)	Data 0.011 (0.011)	Loss 0.0251 (0.0251)	MAE 0.051 (0.051)
Test: [0/3]	Time 0.021 (0.021)	Loss 0.3192 (0.3192)	MAE 0.185 (0.185)
Epoch: [352][0/7]	Time 0.093 (0.093)	Data 0.012 (0.012)	Loss 0.0250 (0.0250)	MAE 0.051 (0.051)
Test: [0/3]	Time 0.021 (0.021)	Loss 0.3194 (0.3194)	MAE 0.185 (0.185)
Epoch: [353][0/7]	Time 0.093 (0.093)	Data 0.011 (0.011)	Loss 0.0250 (0.0250)	MAE 0.051 (0.051)
Test: [0/3]	Time 0.021 (0.021)	Loss 0.3195 (0.3195)	MAE 0.185 (0.185)
Epoch: [354][0/7]	Time 0.093 (0.093)	Data 0.011 (0.011)	Loss 0.0249 (0.0249)	MAE 0.051 (0.051)
Test: [0/3]	Time 0.021 (0.021)	Loss 0.3196 (0.3196)	MAE 0.185 (0.185)
Epoch: [355][0/7]	Time 0.093 (0.093)	Data 0.011 (0.011)	Loss 0.0248 (0.0248)	MAE 0.050 (0.050)
Test: [0/3]	Time 0.021 (0.021)	Loss 0.3198 (0.3198)	MAE 0.185 (0.185)
Epoch: [356][0/7]	Time 0.093 (0.093)	Data 0.011 (0.011)	Loss 0.0248 (0.0248)	MAE 0.050 (0.050)
Test: [0/3]	Time 0.021 (0.021)	Loss 0.3199 (0.3199)	MAE 0.185 (0.185)
Epoch: [357][0/7]	Time 0.093 (0.093)	Data 0.011 (0.011)	Loss 0.0247 (0.0247)	MAE 0.050 (0.050)
Test: [0/3]	Time 0.021 (0.021)	Loss 0.3200 (0.3200)	MAE 0.185 (0.185)
Epoch: [358][0/7]	Time 0.093 (0.093)	Data 0.011 (0.011)	Loss 0.0246 (0.0246)	MAE 0.050 (0.050)
Test: [0/3]	Time 0.021 (0.021)	Loss 0.3202 (0.3202)	MAE 0.185 (0.185)
Epoch: [359][0/7]	Time 0.093 (0.093)	Data 0.011 (0.011)	Loss 0.0246 (0.0246)	MAE 0.050 (0.050)
Test: [0/3]	Time 0.021 (0.021)	Loss 0.3203 (0.3203)	MAE 0.185 (0.185)
Epoch: [360][0/7]	Time 0.093 (0.093)	Data 0.011 (0.011)	Loss 0.0245 (0.0245)	MAE 0.050 (0.050)
Test: [0/3]	Time 0.021 (0.021)	Loss 0.3205 (0.3205)	MAE 0.185 (0.185)
Epoch: [361][0/7]	Time 0.093 (0.093)	Data 0.011 (0.011)	Loss 0.0245 (0.0245)	MAE 0.050 (0.050)
Test: [0/3]	Time 0.021 (0.021)	Loss 0.3206 (0.3206)	MAE 0.185 (0.185)
Epoch: [362][0/7]	Time 0.092 (0.092)	Data 0.011 (0.011)	Loss 0.0244 (0.0244)	MAE 0.050 (0.050)
Test: [0/3]	Time 0.021 (0.021)	Loss 0.3207 (0.3207)	MAE 0.185 (0.185)
Epoch: [363][0/7]	Time 0.093 (0.093)	Data 0.011 (0.011)	Loss 0.0243 (0.0243)	MAE 0.050 (0.050)
Test: [0/3]	Time 0.021 (0.021)	Loss 0.3209 (0.3209)	MAE 0.185 (0.185)
Epoch: [364][0/7]	Time 0.093 (0.093)	Data 0.011 (0.011)	Loss 0.0243 (0.0243)	MAE 0.050 (0.050)
Test: [0/3]	Time 0.021 (0.021)	Loss 0.3210 (0.3210)	MAE 0.185 (0.185)
Epoch: [365][0/7]	Time 0.093 (0.093)	Data 0.011 (0.011)	Loss 0.0242 (0.0242)	MAE 0.050 (0.050)
Test: [0/3]	Time 0.021 (0.021)	Loss 0.3212 (0.3212)	MAE 0.185 (0.185)
Epoch: [366][0/7]	Time 0.093 (0.093)	Data 0.011 (0.011)	Loss 0.0241 (0.0241)	MAE 0.050 (0.050)
Test: [0/3]	Time 0.021 (0.021)	Loss 0.3213 (0.3213)	MAE 0.185 (0.185)
Epoch: [367][0/7]	Time 0.093 (0.093)	Data 0.011 (0.011)	Loss 0.0241 (0.0241)	MAE 0.050 (0.050)
Test: [0/3]	Time 0.021 (0.021)	Loss 0.3214 (0.3214)	MAE 0.186 (0.186)
Epoch: [368][0/7]	Time 0.093 (0.093)	Data 0.011 (0.011)	Loss 0.0240 (0.0240)	MAE 0.050 (0.050)
Test: [0/3]	Time 0.021 (0.021)	Loss 0.3216 (0.3216)	MAE 0.186 (0.186)
Epoch: [369][0/7]	Time 0.093 (0.093)	Data 0.012 (0.012)	Loss 0.0239 (0.0239)	MAE 0.050 (0.050)
Test: [0/3]	Time 0.021 (0.021)	Loss 0.3217 (0.3217)	MAE 0.186 (0.186)
Epoch: [370][0/7]	Time 0.093 (0.093)	Data 0.011 (0.011)	Loss 0.0239 (0.0239)	MAE 0.050 (0.050)
Test: [0/3]	Time 0.021 (0.021)	Loss 0.3219 (0.3219)	MAE 0.186 (0.186)
Epoch: [371][0/7]	Time 0.094 (0.094)	Data 0.012 (0.012)	Loss 0.0238 (0.0238)	MAE 0.050 (0.050)
Test: [0/3]	Time 0.021 (0.021)	Loss 0.3220 (0.3220)	MAE 0.186 (0.186)
Epoch: [372][0/7]	Time 0.093 (0.093)	Data 0.011 (0.011)	Loss 0.0238 (0.0238)	MAE 0.050 (0.050)
Test: [0/3]	Time 0.021 (0.021)	Loss 0.3221 (0.3221)	MAE 0.186 (0.186)
Epoch: [373][0/7]	Time 0.093 (0.093)	Data 0.012 (0.012)	Loss 0.0237 (0.0237)	MAE 0.049 (0.049)
Test: [0/3]	Time 0.021 (0.021)	Loss 0.3223 (0.3223)	MAE 0.186 (0.186)
Epoch: [374][0/7]	Time 0.095 (0.095)	Data 0.013 (0.013)	Loss 0.0236 (0.0236)	MAE 0.049 (0.049)
Test: [0/3]	Time 0.021 (0.021)	Loss 0.3224 (0.3224)	MAE 0.186 (0.186)
Epoch: [375][0/7]	Time 0.093 (0.093)	Data 0.012 (0.012)	Loss 0.0236 (0.0236)	MAE 0.049 (0.049)
Test: [0/3]	Time 0.021 (0.021)	Loss 0.3226 (0.3226)	MAE 0.186 (0.186)
Epoch: [376][0/7]	Time 0.093 (0.093)	Data 0.012 (0.012)	Loss 0.0235 (0.0235)	MAE 0.049 (0.049)
Test: [0/3]	Time 0.021 (0.021)	Loss 0.3227 (0.3227)	MAE 0.186 (0.186)
Epoch: [377][0/7]	Time 0.092 (0.092)	Data 0.011 (0.011)	Loss 0.0235 (0.0235)	MAE 0.049 (0.049)
Test: [0/3]	Time 0.021 (0.021)	Loss 0.3228 (0.3228)	MAE 0.186 (0.186)
Epoch: [378][0/7]	Time 0.093 (0.093)	Data 0.012 (0.012)	Loss 0.0234 (0.0234)	MAE 0.049 (0.049)
Test: [0/3]	Time 0.022 (0.022)	Loss 0.3230 (0.3230)	MAE 0.186 (0.186)
Epoch: [379][0/7]	Time 0.094 (0.094)	Data 0.012 (0.012)	Loss 0.0233 (0.0233)	MAE 0.049 (0.049)
Test: [0/3]	Time 0.022 (0.022)	Loss 0.3231 (0.3231)	MAE 0.186 (0.186)
Epoch: [380][0/7]	Time 0.094 (0.094)	Data 0.012 (0.012)	Loss 0.0233 (0.0233)	MAE 0.049 (0.049)
Test: [0/3]	Time 0.022 (0.022)	Loss 0.3233 (0.3233)	MAE 0.186 (0.186)
Epoch: [381][0/7]	Time 0.095 (0.095)	Data 0.012 (0.012)	Loss 0.0232 (0.0232)	MAE 0.049 (0.049)
Test: [0/3]	Time 0.022 (0.022)	Loss 0.3234 (0.3234)	MAE 0.186 (0.186)
Epoch: [382][0/7]	Time 0.095 (0.095)	Data 0.012 (0.012)	Loss 0.0231 (0.0231)	MAE 0.049 (0.049)
Test: [0/3]	Time 0.022 (0.022)	Loss 0.3236 (0.3236)	MAE 0.186 (0.186)
Epoch: [383][0/7]	Time 0.095 (0.095)	Data 0.012 (0.012)	Loss 0.0231 (0.0231)	MAE 0.049 (0.049)
Test: [0/3]	Time 0.024 (0.024)	Loss 0.3237 (0.3237)	MAE 0.186 (0.186)
Epoch: [384][0/7]	Time 0.094 (0.094)	Data 0.012 (0.012)	Loss 0.0230 (0.0230)	MAE 0.049 (0.049)
Test: [0/3]	Time 0.023 (0.023)	Loss 0.3239 (0.3239)	MAE 0.186 (0.186)
Epoch: [385][0/7]	Time 0.095 (0.095)	Data 0.012 (0.012)	Loss 0.0230 (0.0230)	MAE 0.049 (0.049)
Test: [0/3]	Time 0.022 (0.022)	Loss 0.3240 (0.3240)	MAE 0.186 (0.186)
Epoch: [386][0/7]	Time 0.094 (0.094)	Data 0.012 (0.012)	Loss 0.0229 (0.0229)	MAE 0.049 (0.049)
Test: [0/3]	Time 0.023 (0.023)	Loss 0.3241 (0.3241)	MAE 0.186 (0.186)
Epoch: [387][0/7]	Time 0.095 (0.095)	Data 0.012 (0.012)	Loss 0.0228 (0.0228)	MAE 0.049 (0.049)
Test: [0/3]	Time 0.022 (0.022)	Loss 0.3243 (0.3243)	MAE 0.186 (0.186)
Epoch: [388][0/7]	Time 0.094 (0.094)	Data 0.012 (0.012)	Loss 0.0228 (0.0228)	MAE 0.049 (0.049)
Test: [0/3]	Time 0.022 (0.022)	Loss 0.3244 (0.3244)	MAE 0.186 (0.186)
Epoch: [389][0/7]	Time 0.094 (0.094)	Data 0.012 (0.012)	Loss 0.0227 (0.0227)	MAE 0.049 (0.049)
Test: [0/3]	Time 0.022 (0.022)	Loss 0.3246 (0.3246)	MAE 0.186 (0.186)
Epoch: [390][0/7]	Time 0.095 (0.095)	Data 0.012 (0.012)	Loss 0.0227 (0.0227)	MAE 0.049 (0.049)
Test: [0/3]	Time 0.022 (0.022)	Loss 0.3247 (0.3247)	MAE 0.186 (0.186)
Epoch: [391][0/7]	Time 0.094 (0.094)	Data 0.012 (0.012)	Loss 0.0226 (0.0226)	MAE 0.048 (0.048)
Test: [0/3]	Time 0.022 (0.022)	Loss 0.3249 (0.3249)	MAE 0.186 (0.186)
Epoch: [392][0/7]	Time 0.094 (0.094)	Data 0.012 (0.012)	Loss 0.0225 (0.0225)	MAE 0.048 (0.048)
Test: [0/3]	Time 0.022 (0.022)	Loss 0.3250 (0.3250)	MAE 0.186 (0.186)
Epoch: [393][0/7]	Time 0.095 (0.095)	Data 0.012 (0.012)	Loss 0.0225 (0.0225)	MAE 0.048 (0.048)
Test: [0/3]	Time 0.022 (0.022)	Loss 0.3251 (0.3251)	MAE 0.186 (0.186)
Epoch: [394][0/7]	Time 0.095 (0.095)	Data 0.012 (0.012)	Loss 0.0224 (0.0224)	MAE 0.048 (0.048)
Test: [0/3]	Time 0.024 (0.024)	Loss 0.3253 (0.3253)	MAE 0.186 (0.186)
Epoch: [395][0/7]	Time 0.096 (0.096)	Data 0.013 (0.013)	Loss 0.0224 (0.0224)	MAE 0.048 (0.048)
Test: [0/3]	Time 0.022 (0.022)	Loss 0.3254 (0.3254)	MAE 0.186 (0.186)
Epoch: [396][0/7]	Time 0.095 (0.095)	Data 0.012 (0.012)	Loss 0.0223 (0.0223)	MAE 0.048 (0.048)
Test: [0/3]	Time 0.022 (0.022)	Loss 0.3256 (0.3256)	MAE 0.186 (0.186)
Epoch: [397][0/7]	Time 0.096 (0.096)	Data 0.012 (0.012)	Loss 0.0223 (0.0223)	MAE 0.048 (0.048)
Test: [0/3]	Time 0.022 (0.022)	Loss 0.3257 (0.3257)	MAE 0.186 (0.186)
Epoch: [398][0/7]	Time 0.094 (0.094)	Data 0.012 (0.012)	Loss 0.0222 (0.0222)	MAE 0.048 (0.048)
Test: [0/3]	Time 0.021 (0.021)	Loss 0.3259 (0.3259)	MAE 0.186 (0.186)
Epoch: [399][0/7]	Time 0.093 (0.093)	Data 0.012 (0.012)	Loss 0.0221 (0.0221)	MAE 0.048 (0.048)
Test: [0/3]	Time 0.022 (0.022)	Loss 0.3260 (0.3260)	MAE 0.186 (0.186)
Epoch: [400][0/7]	Time 0.093 (0.093)	Data 0.012 (0.012)	Loss 0.0221 (0.0221)	MAE 0.048 (0.048)
Test: [0/3]	Time 0.021 (0.021)	Loss 0.3262 (0.3262)	MAE 0.186 (0.186)
Epoch: [401][0/7]	Time 0.093 (0.093)	Data 0.012 (0.012)	Loss 0.0220 (0.0220)	MAE 0.048 (0.048)
Test: [0/3]	Time 0.021 (0.021)	Loss 0.3263 (0.3263)	MAE 0.187 (0.187)
Epoch: [402][0/7]	Time 0.093 (0.093)	Data 0.012 (0.012)	Loss 0.0220 (0.0220)	MAE 0.048 (0.048)
Test: [0/3]	Time 0.021 (0.021)	Loss 0.3265 (0.3265)	MAE 0.187 (0.187)
Epoch: [403][0/7]	Time 0.093 (0.093)	Data 0.012 (0.012)	Loss 0.0219 (0.0219)	MAE 0.048 (0.048)
Test: [0/3]	Time 0.021 (0.021)	Loss 0.3266 (0.3266)	MAE 0.187 (0.187)
Epoch: [404][0/7]	Time 0.093 (0.093)	Data 0.012 (0.012)	Loss 0.0218 (0.0218)	MAE 0.048 (0.048)
Test: [0/3]	Time 0.021 (0.021)	Loss 0.3267 (0.3267)	MAE 0.187 (0.187)
Epoch: [405][0/7]	Time 0.093 (0.093)	Data 0.012 (0.012)	Loss 0.0218 (0.0218)	MAE 0.048 (0.048)
Test: [0/3]	Time 0.021 (0.021)	Loss 0.3269 (0.3269)	MAE 0.187 (0.187)
Epoch: [406][0/7]	Time 0.093 (0.093)	Data 0.012 (0.012)	Loss 0.0217 (0.0217)	MAE 0.048 (0.048)
Test: [0/3]	Time 0.021 (0.021)	Loss 0.3270 (0.3270)	MAE 0.187 (0.187)
Epoch: [407][0/7]	Time 0.093 (0.093)	Data 0.011 (0.011)	Loss 0.0217 (0.0217)	MAE 0.048 (0.048)
Test: [0/3]	Time 0.021 (0.021)	Loss 0.3272 (0.3272)	MAE 0.187 (0.187)
Epoch: [408][0/7]	Time 0.094 (0.094)	Data 0.012 (0.012)	Loss 0.0216 (0.0216)	MAE 0.048 (0.048)
Test: [0/3]	Time 0.021 (0.021)	Loss 0.3273 (0.3273)	MAE 0.187 (0.187)
Epoch: [409][0/7]	Time 0.093 (0.093)	Data 0.012 (0.012)	Loss 0.0216 (0.0216)	MAE 0.048 (0.048)
Test: [0/3]	Time 0.021 (0.021)	Loss 0.3275 (0.3275)	MAE 0.187 (0.187)
Epoch: [410][0/7]	Time 0.093 (0.093)	Data 0.012 (0.012)	Loss 0.0215 (0.0215)	MAE 0.047 (0.047)
Test: [0/3]	Time 0.021 (0.021)	Loss 0.3276 (0.3276)	MAE 0.187 (0.187)
Epoch: [411][0/7]	Time 0.093 (0.093)	Data 0.011 (0.011)	Loss 0.0215 (0.0215)	MAE 0.047 (0.047)
Test: [0/3]	Time 0.021 (0.021)	Loss 0.3278 (0.3278)	MAE 0.187 (0.187)
Epoch: [412][0/7]	Time 0.093 (0.093)	Data 0.012 (0.012)	Loss 0.0214 (0.0214)	MAE 0.047 (0.047)
Test: [0/3]	Time 0.021 (0.021)	Loss 0.3279 (0.3279)	MAE 0.187 (0.187)
Epoch: [413][0/7]	Time 0.094 (0.094)	Data 0.012 (0.012)	Loss 0.0213 (0.0213)	MAE 0.047 (0.047)
Test: [0/3]	Time 0.021 (0.021)	Loss 0.3281 (0.3281)	MAE 0.187 (0.187)
Epoch: [414][0/7]	Time 0.093 (0.093)	Data 0.012 (0.012)	Loss 0.0213 (0.0213)	MAE 0.047 (0.047)
Test: [0/3]	Time 0.021 (0.021)	Loss 0.3282 (0.3282)	MAE 0.187 (0.187)
Epoch: [415][0/7]	Time 0.093 (0.093)	Data 0.012 (0.012)	Loss 0.0212 (0.0212)	MAE 0.047 (0.047)
Test: [0/3]	Time 0.021 (0.021)	Loss 0.3284 (0.3284)	MAE 0.187 (0.187)
Epoch: [416][0/7]	Time 0.093 (0.093)	Data 0.012 (0.012)	Loss 0.0212 (0.0212)	MAE 0.047 (0.047)
Test: [0/3]	Time 0.021 (0.021)	Loss 0.3285 (0.3285)	MAE 0.187 (0.187)
Epoch: [417][0/7]	Time 0.093 (0.093)	Data 0.012 (0.012)	Loss 0.0211 (0.0211)	MAE 0.047 (0.047)
Test: [0/3]	Time 0.021 (0.021)	Loss 0.3287 (0.3287)	MAE 0.187 (0.187)
Epoch: [418][0/7]	Time 0.093 (0.093)	Data 0.012 (0.012)	Loss 0.0211 (0.0211)	MAE 0.047 (0.047)
Test: [0/3]	Time 0.021 (0.021)	Loss 0.3288 (0.3288)	MAE 0.187 (0.187)
Epoch: [419][0/7]	Time 0.093 (0.093)	Data 0.012 (0.012)	Loss 0.0210 (0.0210)	MAE 0.047 (0.047)
Test: [0/3]	Time 0.021 (0.021)	Loss 0.3289 (0.3289)	MAE 0.187 (0.187)
Epoch: [420][0/7]	Time 0.094 (0.094)	Data 0.012 (0.012)	Loss 0.0209 (0.0209)	MAE 0.047 (0.047)
Test: [0/3]	Time 0.021 (0.021)	Loss 0.3291 (0.3291)	MAE 0.187 (0.187)
Epoch: [421][0/7]	Time 0.093 (0.093)	Data 0.012 (0.012)	Loss 0.0209 (0.0209)	MAE 0.047 (0.047)
Test: [0/3]	Time 0.021 (0.021)	Loss 0.3292 (0.3292)	MAE 0.187 (0.187)
Epoch: [422][0/7]	Time 0.094 (0.094)	Data 0.012 (0.012)	Loss 0.0208 (0.0208)	MAE 0.047 (0.047)
Test: [0/3]	Time 0.021 (0.021)	Loss 0.3294 (0.3294)	MAE 0.187 (0.187)
Epoch: [423][0/7]	Time 0.093 (0.093)	Data 0.011 (0.011)	Loss 0.0208 (0.0208)	MAE 0.047 (0.047)
Test: [0/3]	Time 0.021 (0.021)	Loss 0.3295 (0.3295)	MAE 0.187 (0.187)
Epoch: [424][0/7]	Time 0.094 (0.094)	Data 0.012 (0.012)	Loss 0.0207 (0.0207)	MAE 0.047 (0.047)
Test: [0/3]	Time 0.021 (0.021)	Loss 0.3297 (0.3297)	MAE 0.187 (0.187)
Epoch: [425][0/7]	Time 0.093 (0.093)	Data 0.012 (0.012)	Loss 0.0207 (0.0207)	MAE 0.047 (0.047)
Test: [0/3]	Time 0.021 (0.021)	Loss 0.3298 (0.3298)	MAE 0.187 (0.187)
Epoch: [426][0/7]	Time 0.094 (0.094)	Data 0.012 (0.012)	Loss 0.0206 (0.0206)	MAE 0.047 (0.047)
Test: [0/3]	Time 0.021 (0.021)	Loss 0.3300 (0.3300)	MAE 0.187 (0.187)
Epoch: [427][0/7]	Time 0.094 (0.094)	Data 0.012 (0.012)	Loss 0.0206 (0.0206)	MAE 0.047 (0.047)
Test: [0/3]	Time 0.021 (0.021)	Loss 0.3301 (0.3301)	MAE 0.187 (0.187)
Epoch: [428][0/7]	Time 0.093 (0.093)	Data 0.012 (0.012)	Loss 0.0205 (0.0205)	MAE 0.047 (0.047)
Test: [0/3]	Time 0.021 (0.021)	Loss 0.3303 (0.3303)	MAE 0.187 (0.187)
Epoch: [429][0/7]	Time 0.093 (0.093)	Data 0.012 (0.012)	Loss 0.0205 (0.0205)	MAE 0.046 (0.046)
Test: [0/3]	Time 0.021 (0.021)	Loss 0.3304 (0.3304)	MAE 0.187 (0.187)
Epoch: [430][0/7]	Time 0.093 (0.093)	Data 0.011 (0.011)	Loss 0.0204 (0.0204)	MAE 0.046 (0.046)
Test: [0/3]	Time 0.021 (0.021)	Loss 0.3306 (0.3306)	MAE 0.187 (0.187)
Epoch: [431][0/7]	Time 0.093 (0.093)	Data 0.012 (0.012)	Loss 0.0203 (0.0203)	MAE 0.046 (0.046)
Test: [0/3]	Time 0.021 (0.021)	Loss 0.3307 (0.3307)	MAE 0.188 (0.188)
Epoch: [432][0/7]	Time 0.093 (0.093)	Data 0.011 (0.011)	Loss 0.0203 (0.0203)	MAE 0.046 (0.046)
Test: [0/3]	Time 0.020 (0.020)	Loss 0.3309 (0.3309)	MAE 0.188 (0.188)
Epoch: [433][0/7]	Time 0.093 (0.093)	Data 0.012 (0.012)	Loss 0.0202 (0.0202)	MAE 0.046 (0.046)
Test: [0/3]	Time 0.021 (0.021)	Loss 0.3310 (0.3310)	MAE 0.188 (0.188)
Epoch: [434][0/7]	Time 0.093 (0.093)	Data 0.012 (0.012)	Loss 0.0202 (0.0202)	MAE 0.046 (0.046)
Test: [0/3]	Time 0.021 (0.021)	Loss 0.3312 (0.3312)	MAE 0.188 (0.188)
Epoch: [435][0/7]	Time 0.093 (0.093)	Data 0.011 (0.011)	Loss 0.0201 (0.0201)	MAE 0.046 (0.046)
Test: [0/3]	Time 0.021 (0.021)	Loss 0.3313 (0.3313)	MAE 0.188 (0.188)
Epoch: [436][0/7]	Time 0.093 (0.093)	Data 0.012 (0.012)	Loss 0.0201 (0.0201)	MAE 0.046 (0.046)
Test: [0/3]	Time 0.021 (0.021)	Loss 0.3315 (0.3315)	MAE 0.188 (0.188)
Epoch: [437][0/7]	Time 0.093 (0.093)	Data 0.011 (0.011)	Loss 0.0200 (0.0200)	MAE 0.046 (0.046)
Test: [0/3]	Time 0.021 (0.021)	Loss 0.3316 (0.3316)	MAE 0.188 (0.188)
Epoch: [438][0/7]	Time 0.093 (0.093)	Data 0.011 (0.011)	Loss 0.0200 (0.0200)	MAE 0.046 (0.046)
Test: [0/3]	Time 0.021 (0.021)	Loss 0.3318 (0.3318)	MAE 0.188 (0.188)
Epoch: [439][0/7]	Time 0.093 (0.093)	Data 0.012 (0.012)	Loss 0.0199 (0.0199)	MAE 0.046 (0.046)
Test: [0/3]	Time 0.021 (0.021)	Loss 0.3319 (0.3319)	MAE 0.188 (0.188)
Epoch: [440][0/7]	Time 0.093 (0.093)	Data 0.011 (0.011)	Loss 0.0199 (0.0199)	MAE 0.046 (0.046)
Test: [0/3]	Time 0.021 (0.021)	Loss 0.3321 (0.3321)	MAE 0.188 (0.188)
Epoch: [441][0/7]	Time 0.093 (0.093)	Data 0.012 (0.012)	Loss 0.0198 (0.0198)	MAE 0.046 (0.046)
Test: [0/3]	Time 0.021 (0.021)	Loss 0.3322 (0.3322)	MAE 0.188 (0.188)
Epoch: [442][0/7]	Time 0.093 (0.093)	Data 0.012 (0.012)	Loss 0.0198 (0.0198)	MAE 0.046 (0.046)
Test: [0/3]	Time 0.021 (0.021)	Loss 0.3324 (0.3324)	MAE 0.188 (0.188)
Epoch: [443][0/7]	Time 0.093 (0.093)	Data 0.012 (0.012)	Loss 0.0197 (0.0197)	MAE 0.046 (0.046)
Test: [0/3]	Time 0.021 (0.021)	Loss 0.3325 (0.3325)	MAE 0.188 (0.188)
Epoch: [444][0/7]	Time 0.093 (0.093)	Data 0.012 (0.012)	Loss 0.0197 (0.0197)	MAE 0.046 (0.046)
Test: [0/3]	Time 0.021 (0.021)	Loss 0.3327 (0.3327)	MAE 0.188 (0.188)
Epoch: [445][0/7]	Time 0.093 (0.093)	Data 0.011 (0.011)	Loss 0.0196 (0.0196)	MAE 0.046 (0.046)
Test: [0/3]	Time 0.021 (0.021)	Loss 0.3328 (0.3328)	MAE 0.188 (0.188)
Epoch: [446][0/7]	Time 0.093 (0.093)	Data 0.012 (0.012)	Loss 0.0195 (0.0195)	MAE 0.046 (0.046)
Test: [0/3]	Time 0.021 (0.021)	Loss 0.3330 (0.3330)	MAE 0.188 (0.188)
Epoch: [447][0/7]	Time 0.093 (0.093)	Data 0.012 (0.012)	Loss 0.0195 (0.0195)	MAE 0.046 (0.046)
Test: [0/3]	Time 0.021 (0.021)	Loss 0.3331 (0.3331)	MAE 0.188 (0.188)
Epoch: [448][0/7]	Time 0.093 (0.093)	Data 0.011 (0.011)	Loss 0.0194 (0.0194)	MAE 0.046 (0.046)
Test: [0/3]	Time 0.021 (0.021)	Loss 0.3333 (0.3333)	MAE 0.188 (0.188)
Epoch: [449][0/7]	Time 0.093 (0.093)	Data 0.012 (0.012)	Loss 0.0194 (0.0194)	MAE 0.045 (0.045)
Test: [0/3]	Time 0.021 (0.021)	Loss 0.3334 (0.3334)	MAE 0.188 (0.188)
Epoch: [450][0/7]	Time 0.093 (0.093)	Data 0.011 (0.011)	Loss 0.0193 (0.0193)	MAE 0.045 (0.045)
Test: [0/3]	Time 0.021 (0.021)	Loss 0.3336 (0.3336)	MAE 0.188 (0.188)
Epoch: [451][0/7]	Time 0.093 (0.093)	Data 0.012 (0.012)	Loss 0.0193 (0.0193)	MAE 0.045 (0.045)
Test: [0/3]	Time 0.021 (0.021)	Loss 0.3337 (0.3337)	MAE 0.188 (0.188)
Epoch: [452][0/7]	Time 0.093 (0.093)	Data 0.012 (0.012)	Loss 0.0192 (0.0192)	MAE 0.045 (0.045)
Test: [0/3]	Time 0.021 (0.021)	Loss 0.3339 (0.3339)	MAE 0.188 (0.188)
Epoch: [453][0/7]	Time 0.093 (0.093)	Data 0.012 (0.012)	Loss 0.0192 (0.0192)	MAE 0.045 (0.045)
Test: [0/3]	Time 0.021 (0.021)	Loss 0.3340 (0.3340)	MAE 0.188 (0.188)
Epoch: [454][0/7]	Time 0.134 (0.134)	Data 0.011 (0.011)	Loss 0.0191 (0.0191)	MAE 0.045 (0.045)
Test: [0/3]	Time 0.021 (0.021)	Loss 0.3342 (0.3342)	MAE 0.188 (0.188)
Epoch: [455][0/7]	Time 0.093 (0.093)	Data 0.012 (0.012)	Loss 0.0191 (0.0191)	MAE 0.045 (0.045)
Test: [0/3]	Time 0.021 (0.021)	Loss 0.3343 (0.3343)	MAE 0.188 (0.188)
Epoch: [456][0/7]	Time 0.094 (0.094)	Data 0.012 (0.012)	Loss 0.0190 (0.0190)	MAE 0.045 (0.045)
Test: [0/3]	Time 0.021 (0.021)	Loss 0.3345 (0.3345)	MAE 0.188 (0.188)
Epoch: [457][0/7]	Time 0.093 (0.093)	Data 0.012 (0.012)	Loss 0.0190 (0.0190)	MAE 0.045 (0.045)
Test: [0/3]	Time 0.021 (0.021)	Loss 0.3346 (0.3346)	MAE 0.188 (0.188)
Epoch: [458][0/7]	Time 0.093 (0.093)	Data 0.012 (0.012)	Loss 0.0189 (0.0189)	MAE 0.045 (0.045)
Test: [0/3]	Time 0.021 (0.021)	Loss 0.3348 (0.3348)	MAE 0.188 (0.188)
Epoch: [459][0/7]	Time 0.093 (0.093)	Data 0.012 (0.012)	Loss 0.0189 (0.0189)	MAE 0.045 (0.045)
Test: [0/3]	Time 0.021 (0.021)	Loss 0.3349 (0.3349)	MAE 0.188 (0.188)
Epoch: [460][0/7]	Time 0.093 (0.093)	Data 0.012 (0.012)	Loss 0.0188 (0.0188)	MAE 0.045 (0.045)
Test: [0/3]	Time 0.021 (0.021)	Loss 0.3351 (0.3351)	MAE 0.188 (0.188)
Epoch: [461][0/7]	Time 0.095 (0.095)	Data 0.013 (0.013)	Loss 0.0188 (0.0188)	MAE 0.045 (0.045)
Test: [0/3]	Time 0.021 (0.021)	Loss 0.3352 (0.3352)	MAE 0.188 (0.188)
Epoch: [462][0/7]	Time 0.093 (0.093)	Data 0.012 (0.012)	Loss 0.0187 (0.0187)	MAE 0.045 (0.045)
Test: [0/3]	Time 0.021 (0.021)	Loss 0.3354 (0.3354)	MAE 0.188 (0.188)
Epoch: [463][0/7]	Time 0.094 (0.094)	Data 0.012 (0.012)	Loss 0.0187 (0.0187)	MAE 0.045 (0.045)
Test: [0/3]	Time 0.021 (0.021)	Loss 0.3355 (0.3355)	MAE 0.189 (0.189)
Epoch: [464][0/7]	Time 0.093 (0.093)	Data 0.012 (0.012)	Loss 0.0186 (0.0186)	MAE 0.045 (0.045)
Test: [0/3]	Time 0.021 (0.021)	Loss 0.3357 (0.3357)	MAE 0.189 (0.189)
Epoch: [465][0/7]	Time 0.093 (0.093)	Data 0.011 (0.011)	Loss 0.0186 (0.0186)	MAE 0.045 (0.045)
Test: [0/3]	Time 0.021 (0.021)	Loss 0.3358 (0.3358)	MAE 0.189 (0.189)
Epoch: [466][0/7]	Time 0.093 (0.093)	Data 0.011 (0.011)	Loss 0.0185 (0.0185)	MAE 0.045 (0.045)
Test: [0/3]	Time 0.021 (0.021)	Loss 0.3360 (0.3360)	MAE 0.189 (0.189)
Epoch: [467][0/7]	Time 0.093 (0.093)	Data 0.012 (0.012)	Loss 0.0185 (0.0185)	MAE 0.045 (0.045)
Test: [0/3]	Time 0.021 (0.021)	Loss 0.3361 (0.3361)	MAE 0.189 (0.189)
Epoch: [468][0/7]	Time 0.093 (0.093)	Data 0.012 (0.012)	Loss 0.0184 (0.0184)	MAE 0.045 (0.045)
Test: [0/3]	Time 0.021 (0.021)	Loss 0.3363 (0.3363)	MAE 0.189 (0.189)
Epoch: [469][0/7]	Time 0.093 (0.093)	Data 0.012 (0.012)	Loss 0.0184 (0.0184)	MAE 0.044 (0.044)
Test: [0/3]	Time 0.021 (0.021)	Loss 0.3364 (0.3364)	MAE 0.189 (0.189)
Epoch: [470][0/7]	Time 0.093 (0.093)	Data 0.012 (0.012)	Loss 0.0183 (0.0183)	MAE 0.044 (0.044)
Test: [0/3]	Time 0.021 (0.021)	Loss 0.3366 (0.3366)	MAE 0.189 (0.189)
Epoch: [471][0/7]	Time 0.093 (0.093)	Data 0.012 (0.012)	Loss 0.0183 (0.0183)	MAE 0.044 (0.044)
Test: [0/3]	Time 0.023 (0.023)	Loss 0.3367 (0.3367)	MAE 0.189 (0.189)
Epoch: [472][0/7]	Time 0.093 (0.093)	Data 0.011 (0.011)	Loss 0.0182 (0.0182)	MAE 0.044 (0.044)
Test: [0/3]	Time 0.021 (0.021)	Loss 0.3369 (0.3369)	MAE 0.189 (0.189)
Epoch: [473][0/7]	Time 0.093 (0.093)	Data 0.012 (0.012)	Loss 0.0182 (0.0182)	MAE 0.044 (0.044)
Test: [0/3]	Time 0.021 (0.021)	Loss 0.3370 (0.3370)	MAE 0.189 (0.189)
Epoch: [474][0/7]	Time 0.094 (0.094)	Data 0.012 (0.012)	Loss 0.0181 (0.0181)	MAE 0.044 (0.044)
Test: [0/3]	Time 0.021 (0.021)	Loss 0.3372 (0.3372)	MAE 0.189 (0.189)
Epoch: [475][0/7]	Time 0.094 (0.094)	Data 0.012 (0.012)	Loss 0.0181 (0.0181)	MAE 0.044 (0.044)
Test: [0/3]	Time 0.021 (0.021)	Loss 0.3373 (0.3373)	MAE 0.189 (0.189)
Epoch: [476][0/7]	Time 0.093 (0.093)	Data 0.012 (0.012)	Loss 0.0180 (0.0180)	MAE 0.044 (0.044)
Test: [0/3]	Time 0.021 (0.021)	Loss 0.3375 (0.3375)	MAE 0.189 (0.189)
Epoch: [477][0/7]	Time 0.093 (0.093)	Data 0.012 (0.012)	Loss 0.0180 (0.0180)	MAE 0.044 (0.044)
Test: [0/3]	Time 0.021 (0.021)	Loss 0.3376 (0.3376)	MAE 0.189 (0.189)
Epoch: [478][0/7]	Time 0.093 (0.093)	Data 0.012 (0.012)	Loss 0.0179 (0.0179)	MAE 0.044 (0.044)
Test: [0/3]	Time 0.021 (0.021)	Loss 0.3378 (0.3378)	MAE 0.189 (0.189)
Epoch: [479][0/7]	Time 0.093 (0.093)	Data 0.012 (0.012)	Loss 0.0179 (0.0179)	MAE 0.044 (0.044)
Test: [0/3]	Time 0.021 (0.021)	Loss 0.3379 (0.3379)	MAE 0.189 (0.189)
Epoch: [480][0/7]	Time 0.093 (0.093)	Data 0.012 (0.012)	Loss 0.0178 (0.0178)	MAE 0.044 (0.044)
Test: [0/3]	Time 0.021 (0.021)	Loss 0.3381 (0.3381)	MAE 0.189 (0.189)
Epoch: [481][0/7]	Time 0.094 (0.094)	Data 0.012 (0.012)	Loss 0.0178 (0.0178)	MAE 0.044 (0.044)
Test: [0/3]	Time 0.021 (0.021)	Loss 0.3382 (0.3382)	MAE 0.189 (0.189)
Epoch: [482][0/7]	Time 0.093 (0.093)	Data 0.012 (0.012)	Loss 0.0178 (0.0178)	MAE 0.044 (0.044)
Test: [0/3]	Time 0.021 (0.021)	Loss 0.3384 (0.3384)	MAE 0.189 (0.189)
Epoch: [483][0/7]	Time 0.093 (0.093)	Data 0.012 (0.012)	Loss 0.0177 (0.0177)	MAE 0.044 (0.044)
Test: [0/3]	Time 0.022 (0.022)	Loss 0.3385 (0.3385)	MAE 0.189 (0.189)
Epoch: [484][0/7]	Time 0.094 (0.094)	Data 0.012 (0.012)	Loss 0.0177 (0.0177)	MAE 0.044 (0.044)
Test: [0/3]	Time 0.021 (0.021)	Loss 0.3387 (0.3387)	MAE 0.189 (0.189)
Epoch: [485][0/7]	Time 0.093 (0.093)	Data 0.012 (0.012)	Loss 0.0176 (0.0176)	MAE 0.044 (0.044)
Test: [0/3]	Time 0.021 (0.021)	Loss 0.3388 (0.3388)	MAE 0.189 (0.189)
Epoch: [486][0/7]	Time 0.093 (0.093)	Data 0.012 (0.012)	Loss 0.0176 (0.0176)	MAE 0.044 (0.044)
Test: [0/3]	Time 0.021 (0.021)	Loss 0.3390 (0.3390)	MAE 0.189 (0.189)
Epoch: [487][0/7]	Time 0.093 (0.093)	Data 0.012 (0.012)	Loss 0.0175 (0.0175)	MAE 0.044 (0.044)
Test: [0/3]	Time 0.021 (0.021)	Loss 0.3391 (0.3391)	MAE 0.189 (0.189)
Epoch: [488][0/7]	Time 0.093 (0.093)	Data 0.012 (0.012)	Loss 0.0175 (0.0175)	MAE 0.044 (0.044)
Test: [0/3]	Time 0.021 (0.021)	Loss 0.3393 (0.3393)	MAE 0.189 (0.189)
Epoch: [489][0/7]	Time 0.093 (0.093)	Data 0.012 (0.012)	Loss 0.0174 (0.0174)	MAE 0.043 (0.043)
Test: [0/3]	Time 0.021 (0.021)	Loss 0.3394 (0.3394)	MAE 0.189 (0.189)
Epoch: [490][0/7]	Time 0.093 (0.093)	Data 0.012 (0.012)	Loss 0.0174 (0.0174)	MAE 0.043 (0.043)
Test: [0/3]	Time 0.021 (0.021)	Loss 0.3396 (0.3396)	MAE 0.189 (0.189)
Epoch: [491][0/7]	Time 0.093 (0.093)	Data 0.012 (0.012)	Loss 0.0173 (0.0173)	MAE 0.043 (0.043)
Test: [0/3]	Time 0.021 (0.021)	Loss 0.3397 (0.3397)	MAE 0.189 (0.189)
Epoch: [492][0/7]	Time 0.093 (0.093)	Data 0.012 (0.012)	Loss 0.0173 (0.0173)	MAE 0.043 (0.043)
Test: [0/3]	Time 0.021 (0.021)	Loss 0.3399 (0.3399)	MAE 0.189 (0.189)
Epoch: [493][0/7]	Time 0.094 (0.094)	Data 0.012 (0.012)	Loss 0.0172 (0.0172)	MAE 0.043 (0.043)
Test: [0/3]	Time 0.021 (0.021)	Loss 0.3400 (0.3400)	MAE 0.189 (0.189)
Epoch: [494][0/7]	Time 0.093 (0.093)	Data 0.011 (0.011)	Loss 0.0172 (0.0172)	MAE 0.043 (0.043)
Test: [0/3]	Time 0.021 (0.021)	Loss 0.3402 (0.3402)	MAE 0.190 (0.190)
Epoch: [495][0/7]	Time 0.093 (0.093)	Data 0.012 (0.012)	Loss 0.0171 (0.0171)	MAE 0.043 (0.043)
Test: [0/3]	Time 0.021 (0.021)	Loss 0.3403 (0.3403)	MAE 0.190 (0.190)
Epoch: [496][0/7]	Time 0.093 (0.093)	Data 0.011 (0.011)	Loss 0.0171 (0.0171)	MAE 0.043 (0.043)
Test: [0/3]	Time 0.021 (0.021)	Loss 0.3405 (0.3405)	MAE 0.190 (0.190)
Epoch: [497][0/7]	Time 0.093 (0.093)	Data 0.012 (0.012)	Loss 0.0170 (0.0170)	MAE 0.043 (0.043)
Test: [0/3]	Time 0.021 (0.021)	Loss 0.3406 (0.3406)	MAE 0.190 (0.190)
Epoch: [498][0/7]	Time 0.093 (0.093)	Data 0.011 (0.011)	Loss 0.0170 (0.0170)	MAE 0.043 (0.043)
Test: [0/3]	Time 0.021 (0.021)	Loss 0.3408 (0.3408)	MAE 0.190 (0.190)
Epoch: [499][0/7]	Time 0.093 (0.093)	Data 0.012 (0.012)	Loss 0.0170 (0.0170)	MAE 0.043 (0.043)
Test: [0/3]	Time 0.021 (0.021)	Loss 0.3409 (0.3409)	MAE 0.190 (0.190)
Epoch: [500][0/7]	Time 0.093 (0.093)	Data 0.011 (0.011)	Loss 0.0169 (0.0169)	MAE 0.043 (0.043)
Test: [0/3]	Time 0.021 (0.021)	Loss 0.3411 (0.3411)	MAE 0.190 (0.190)
Epoch: [501][0/7]	Time 0.093 (0.093)	Data 0.012 (0.012)	Loss 0.0169 (0.0169)	MAE 0.043 (0.043)
Test: [0/3]	Time 0.021 (0.021)	Loss 0.3412 (0.3412)	MAE 0.190 (0.190)
Epoch: [502][0/7]	Time 0.093 (0.093)	Data 0.011 (0.011)	Loss 0.0168 (0.0168)	MAE 0.043 (0.043)
Test: [0/3]	Time 0.021 (0.021)	Loss 0.3414 (0.3414)	MAE 0.190 (0.190)
Epoch: [503][0/7]	Time 0.094 (0.094)	Data 0.012 (0.012)	Loss 0.0168 (0.0168)	MAE 0.043 (0.043)
Test: [0/3]	Time 0.021 (0.021)	Loss 0.3415 (0.3415)	MAE 0.190 (0.190)
Epoch: [504][0/7]	Time 0.093 (0.093)	Data 0.011 (0.011)	Loss 0.0167 (0.0167)	MAE 0.043 (0.043)
Test: [0/3]	Time 0.021 (0.021)	Loss 0.3417 (0.3417)	MAE 0.190 (0.190)
Epoch: [505][0/7]	Time 0.094 (0.094)	Data 0.011 (0.011)	Loss 0.0167 (0.0167)	MAE 0.043 (0.043)
Test: [0/3]	Time 0.021 (0.021)	Loss 0.3418 (0.3418)	MAE 0.190 (0.190)
Epoch: [506][0/7]	Time 0.093 (0.093)	Data 0.012 (0.012)	Loss 0.0166 (0.0166)	MAE 0.043 (0.043)
Test: [0/3]	Time 0.021 (0.021)	Loss 0.3420 (0.3420)	MAE 0.190 (0.190)
Epoch: [507][0/7]	Time 0.093 (0.093)	Data 0.011 (0.011)	Loss 0.0166 (0.0166)	MAE 0.043 (0.043)
Test: [0/3]	Time 0.021 (0.021)	Loss 0.3421 (0.3421)	MAE 0.190 (0.190)
Epoch: [508][0/7]	Time 0.095 (0.095)	Data 0.011 (0.011)	Loss 0.0165 (0.0165)	MAE 0.043 (0.043)
Test: [0/3]	Time 0.022 (0.022)	Loss 0.3423 (0.3423)	MAE 0.190 (0.190)
Epoch: [509][0/7]	Time 0.093 (0.093)	Data 0.011 (0.011)	Loss 0.0165 (0.0165)	MAE 0.042 (0.042)
Test: [0/3]	Time 0.021 (0.021)	Loss 0.3425 (0.3425)	MAE 0.190 (0.190)
Epoch: [510][0/7]	Time 0.093 (0.093)	Data 0.012 (0.012)	Loss 0.0165 (0.0165)	MAE 0.042 (0.042)
Test: [0/3]	Time 0.021 (0.021)	Loss 0.3426 (0.3426)	MAE 0.190 (0.190)
Epoch: [511][0/7]	Time 0.093 (0.093)	Data 0.012 (0.012)	Loss 0.0164 (0.0164)	MAE 0.042 (0.042)
Test: [0/3]	Time 0.021 (0.021)	Loss 0.3428 (0.3428)	MAE 0.190 (0.190)
Epoch: [512][0/7]	Time 0.092 (0.092)	Data 0.011 (0.011)	Loss 0.0164 (0.0164)	MAE 0.042 (0.042)
Test: [0/3]	Time 0.021 (0.021)	Loss 0.3429 (0.3429)	MAE 0.190 (0.190)
Epoch: [513][0/7]	Time 0.093 (0.093)	Data 0.012 (0.012)	Loss 0.0163 (0.0163)	MAE 0.042 (0.042)
Test: [0/3]	Time 0.021 (0.021)	Loss 0.3431 (0.3431)	MAE 0.190 (0.190)
Epoch: [514][0/7]	Time 0.093 (0.093)	Data 0.011 (0.011)	Loss 0.0163 (0.0163)	MAE 0.042 (0.042)
Test: [0/3]	Time 0.021 (0.021)	Loss 0.3432 (0.3432)	MAE 0.190 (0.190)
Epoch: [515][0/7]	Time 0.093 (0.093)	Data 0.012 (0.012)	Loss 0.0162 (0.0162)	MAE 0.042 (0.042)
Test: [0/3]	Time 0.021 (0.021)	Loss 0.3434 (0.3434)	MAE 0.190 (0.190)
Epoch: [516][0/7]	Time 0.094 (0.094)	Data 0.012 (0.012)	Loss 0.0162 (0.0162)	MAE 0.042 (0.042)
Test: [0/3]	Time 0.021 (0.021)	Loss 0.3435 (0.3435)	MAE 0.190 (0.190)
Epoch: [517][0/7]	Time 0.093 (0.093)	Data 0.012 (0.012)	Loss 0.0162 (0.0162)	MAE 0.042 (0.042)
Test: [0/3]	Time 0.021 (0.021)	Loss 0.3437 (0.3437)	MAE 0.190 (0.190)
Epoch: [518][0/7]	Time 0.093 (0.093)	Data 0.012 (0.012)	Loss 0.0161 (0.0161)	MAE 0.042 (0.042)
Test: [0/3]	Time 0.021 (0.021)	Loss 0.3438 (0.3438)	MAE 0.190 (0.190)
Epoch: [519][0/7]	Time 0.093 (0.093)	Data 0.012 (0.012)	Loss 0.0161 (0.0161)	MAE 0.042 (0.042)
Test: [0/3]	Time 0.021 (0.021)	Loss 0.3440 (0.3440)	MAE 0.190 (0.190)
Epoch: [520][0/7]	Time 0.093 (0.093)	Data 0.011 (0.011)	Loss 0.0160 (0.0160)	MAE 0.042 (0.042)
Test: [0/3]	Time 0.021 (0.021)	Loss 0.3441 (0.3441)	MAE 0.190 (0.190)
Epoch: [521][0/7]	Time 0.093 (0.093)	Data 0.012 (0.012)	Loss 0.0160 (0.0160)	MAE 0.042 (0.042)
Test: [0/3]	Time 0.021 (0.021)	Loss 0.3443 (0.3443)	MAE 0.190 (0.190)
Epoch: [522][0/7]	Time 0.093 (0.093)	Data 0.011 (0.011)	Loss 0.0159 (0.0159)	MAE 0.042 (0.042)
Test: [0/3]	Time 0.021 (0.021)	Loss 0.3444 (0.3444)	MAE 0.190 (0.190)
Epoch: [523][0/7]	Time 0.093 (0.093)	Data 0.012 (0.012)	Loss 0.0159 (0.0159)	MAE 0.042 (0.042)
Test: [0/3]	Time 0.021 (0.021)	Loss 0.3446 (0.3446)	MAE 0.190 (0.190)
Epoch: [524][0/7]	Time 0.093 (0.093)	Data 0.012 (0.012)	Loss 0.0159 (0.0159)	MAE 0.042 (0.042)
Test: [0/3]	Time 0.021 (0.021)	Loss 0.3447 (0.3447)	MAE 0.190 (0.190)
Epoch: [525][0/7]	Time 0.093 (0.093)	Data 0.012 (0.012)	Loss 0.0158 (0.0158)	MAE 0.042 (0.042)
Test: [0/3]	Time 0.021 (0.021)	Loss 0.3449 (0.3449)	MAE 0.190 (0.190)
Epoch: [526][0/7]	Time 0.093 (0.093)	Data 0.012 (0.012)	Loss 0.0158 (0.0158)	MAE 0.042 (0.042)
Test: [0/3]	Time 0.021 (0.021)	Loss 0.3450 (0.3450)	MAE 0.190 (0.190)
Epoch: [527][0/7]	Time 0.093 (0.093)	Data 0.012 (0.012)	Loss 0.0157 (0.0157)	MAE 0.042 (0.042)
Test: [0/3]	Time 0.021 (0.021)	Loss 0.3452 (0.3452)	MAE 0.190 (0.190)
Epoch: [528][0/7]	Time 0.093 (0.093)	Data 0.012 (0.012)	Loss 0.0157 (0.0157)	MAE 0.042 (0.042)
Test: [0/3]	Time 0.021 (0.021)	Loss 0.3453 (0.3453)	MAE 0.190 (0.190)
Epoch: [529][0/7]	Time 0.093 (0.093)	Data 0.012 (0.012)	Loss 0.0156 (0.0156)	MAE 0.042 (0.042)
Test: [0/3]	Time 0.021 (0.021)	Loss 0.3455 (0.3455)	MAE 0.190 (0.190)
Epoch: [530][0/7]	Time 0.093 (0.093)	Data 0.012 (0.012)	Loss 0.0156 (0.0156)	MAE 0.041 (0.041)
Test: [0/3]	Time 0.021 (0.021)	Loss 0.3456 (0.3456)	MAE 0.191 (0.191)
Epoch: [531][0/7]	Time 0.093 (0.093)	Data 0.012 (0.012)	Loss 0.0156 (0.0156)	MAE 0.041 (0.041)
Test: [0/3]	Time 0.021 (0.021)	Loss 0.3458 (0.3458)	MAE 0.191 (0.191)
Epoch: [532][0/7]	Time 0.093 (0.093)	Data 0.012 (0.012)	Loss 0.0155 (0.0155)	MAE 0.041 (0.041)
Test: [0/3]	Time 0.021 (0.021)	Loss 0.3459 (0.3459)	MAE 0.191 (0.191)
Epoch: [533][0/7]	Time 0.093 (0.093)	Data 0.011 (0.011)	Loss 0.0155 (0.0155)	MAE 0.041 (0.041)
Test: [0/3]	Time 0.021 (0.021)	Loss 0.3461 (0.3461)	MAE 0.191 (0.191)
Epoch: [534][0/7]	Time 0.094 (0.094)	Data 0.012 (0.012)	Loss 0.0154 (0.0154)	MAE 0.041 (0.041)
Test: [0/3]	Time 0.021 (0.021)	Loss 0.3462 (0.3462)	MAE 0.191 (0.191)
Epoch: [535][0/7]	Time 0.093 (0.093)	Data 0.012 (0.012)	Loss 0.0154 (0.0154)	MAE 0.041 (0.041)
Test: [0/3]	Time 0.021 (0.021)	Loss 0.3464 (0.3464)	MAE 0.191 (0.191)
Epoch: [536][0/7]	Time 0.093 (0.093)	Data 0.012 (0.012)	Loss 0.0153 (0.0153)	MAE 0.041 (0.041)
Test: [0/3]	Time 0.021 (0.021)	Loss 0.3465 (0.3465)	MAE 0.191 (0.191)
Epoch: [537][0/7]	Time 0.093 (0.093)	Data 0.012 (0.012)	Loss 0.0153 (0.0153)	MAE 0.041 (0.041)
Test: [0/3]	Time 0.021 (0.021)	Loss 0.3467 (0.3467)	MAE 0.191 (0.191)
Epoch: [538][0/7]	Time 0.093 (0.093)	Data 0.012 (0.012)	Loss 0.0153 (0.0153)	MAE 0.041 (0.041)
Test: [0/3]	Time 0.021 (0.021)	Loss 0.3468 (0.3468)	MAE 0.191 (0.191)
Epoch: [539][0/7]	Time 0.094 (0.094)	Data 0.012 (0.012)	Loss 0.0152 (0.0152)	MAE 0.041 (0.041)
Test: [0/3]	Time 0.021 (0.021)	Loss 0.3470 (0.3470)	MAE 0.191 (0.191)
Epoch: [540][0/7]	Time 0.093 (0.093)	Data 0.012 (0.012)	Loss 0.0152 (0.0152)	MAE 0.041 (0.041)
Test: [0/3]	Time 0.021 (0.021)	Loss 0.3471 (0.3471)	MAE 0.191 (0.191)
Epoch: [541][0/7]	Time 0.093 (0.093)	Data 0.012 (0.012)	Loss 0.0151 (0.0151)	MAE 0.041 (0.041)
Test: [0/3]	Time 0.021 (0.021)	Loss 0.3473 (0.3473)	MAE 0.191 (0.191)
Epoch: [542][0/7]	Time 0.094 (0.094)	Data 0.012 (0.012)	Loss 0.0151 (0.0151)	MAE 0.041 (0.041)
Test: [0/3]	Time 0.021 (0.021)	Loss 0.3474 (0.3474)	MAE 0.191 (0.191)
Epoch: [543][0/7]	Time 0.093 (0.093)	Data 0.012 (0.012)	Loss 0.0151 (0.0151)	MAE 0.041 (0.041)
Test: [0/3]	Time 0.021 (0.021)	Loss 0.3476 (0.3476)	MAE 0.191 (0.191)
Epoch: [544][0/7]	Time 0.094 (0.094)	Data 0.012 (0.012)	Loss 0.0150 (0.0150)	MAE 0.041 (0.041)
Test: [0/3]	Time 0.021 (0.021)	Loss 0.3477 (0.3477)	MAE 0.191 (0.191)
Epoch: [545][0/7]	Time 0.093 (0.093)	Data 0.012 (0.012)	Loss 0.0150 (0.0150)	MAE 0.041 (0.041)
Test: [0/3]	Time 0.021 (0.021)	Loss 0.3479 (0.3479)	MAE 0.191 (0.191)
Epoch: [546][0/7]	Time 0.093 (0.093)	Data 0.011 (0.011)	Loss 0.0149 (0.0149)	MAE 0.041 (0.041)
Test: [0/3]	Time 0.021 (0.021)	Loss 0.3480 (0.3480)	MAE 0.191 (0.191)
Epoch: [547][0/7]	Time 0.093 (0.093)	Data 0.012 (0.012)	Loss 0.0149 (0.0149)	MAE 0.041 (0.041)
Test: [0/3]	Time 0.021 (0.021)	Loss 0.3482 (0.3482)	MAE 0.191 (0.191)
Epoch: [548][0/7]	Time 0.093 (0.093)	Data 0.012 (0.012)	Loss 0.0149 (0.0149)	MAE 0.041 (0.041)
Test: [0/3]	Time 0.021 (0.021)	Loss 0.3483 (0.3483)	MAE 0.191 (0.191)
Epoch: [549][0/7]	Time 0.093 (0.093)	Data 0.011 (0.011)	Loss 0.0148 (0.0148)	MAE 0.041 (0.041)
Test: [0/3]	Time 0.021 (0.021)	Loss 0.3485 (0.3485)	MAE 0.191 (0.191)
Epoch: [550][0/7]	Time 0.093 (0.093)	Data 0.011 (0.011)	Loss 0.0148 (0.0148)	MAE 0.041 (0.041)
Test: [0/3]	Time 0.021 (0.021)	Loss 0.3486 (0.3486)	MAE 0.191 (0.191)
Epoch: [551][0/7]	Time 0.094 (0.094)	Data 0.012 (0.012)	Loss 0.0147 (0.0147)	MAE 0.041 (0.041)
Test: [0/3]	Time 0.021 (0.021)	Loss 0.3488 (0.3488)	MAE 0.191 (0.191)
Epoch: [552][0/7]	Time 0.093 (0.093)	Data 0.012 (0.012)	Loss 0.0147 (0.0147)	MAE 0.040 (0.040)
Test: [0/3]	Time 0.021 (0.021)	Loss 0.3489 (0.3489)	MAE 0.191 (0.191)
Epoch: [553][0/7]	Time 0.094 (0.094)	Data 0.012 (0.012)	Loss 0.0147 (0.0147)	MAE 0.040 (0.040)
Test: [0/3]	Time 0.021 (0.021)	Loss 0.3491 (0.3491)	MAE 0.191 (0.191)
Epoch: [554][0/7]	Time 0.093 (0.093)	Data 0.012 (0.012)	Loss 0.0146 (0.0146)	MAE 0.040 (0.040)
Test: [0/3]	Time 0.021 (0.021)	Loss 0.3492 (0.3492)	MAE 0.191 (0.191)
Epoch: [555][0/7]	Time 0.094 (0.094)	Data 0.012 (0.012)	Loss 0.0146 (0.0146)	MAE 0.040 (0.040)
Test: [0/3]	Time 0.021 (0.021)	Loss 0.3494 (0.3494)	MAE 0.191 (0.191)
Epoch: [556][0/7]	Time 0.094 (0.094)	Data 0.011 (0.011)	Loss 0.0145 (0.0145)	MAE 0.040 (0.040)
Test: [0/3]	Time 0.021 (0.021)	Loss 0.3495 (0.3495)	MAE 0.191 (0.191)
Epoch: [557][0/7]	Time 0.093 (0.093)	Data 0.012 (0.012)	Loss 0.0145 (0.0145)	MAE 0.040 (0.040)
Test: [0/3]	Time 0.021 (0.021)	Loss 0.3497 (0.3497)	MAE 0.191 (0.191)
Epoch: [558][0/7]	Time 0.093 (0.093)	Data 0.012 (0.012)	Loss 0.0145 (0.0145)	MAE 0.040 (0.040)
Test: [0/3]	Time 0.021 (0.021)	Loss 0.3498 (0.3498)	MAE 0.191 (0.191)
Epoch: [559][0/7]	Time 0.093 (0.093)	Data 0.012 (0.012)	Loss 0.0144 (0.0144)	MAE 0.040 (0.040)
Test: [0/3]	Time 0.021 (0.021)	Loss 0.3500 (0.3500)	MAE 0.191 (0.191)
Epoch: [560][0/7]	Time 0.093 (0.093)	Data 0.012 (0.012)	Loss 0.0144 (0.0144)	MAE 0.040 (0.040)
Test: [0/3]	Time 0.021 (0.021)	Loss 0.3501 (0.3501)	MAE 0.191 (0.191)
Epoch: [561][0/7]	Time 0.093 (0.093)	Data 0.011 (0.011)	Loss 0.0143 (0.0143)	MAE 0.040 (0.040)
Test: [0/3]	Time 0.021 (0.021)	Loss 0.3503 (0.3503)	MAE 0.191 (0.191)
Epoch: [562][0/7]	Time 0.093 (0.093)	Data 0.012 (0.012)	Loss 0.0143 (0.0143)	MAE 0.040 (0.040)
Test: [0/3]	Time 0.021 (0.021)	Loss 0.3504 (0.3504)	MAE 0.191 (0.191)
Epoch: [563][0/7]	Time 0.093 (0.093)	Data 0.011 (0.011)	Loss 0.0143 (0.0143)	MAE 0.040 (0.040)
Test: [0/3]	Time 0.021 (0.021)	Loss 0.3506 (0.3506)	MAE 0.191 (0.191)
Epoch: [564][0/7]	Time 0.096 (0.096)	Data 0.014 (0.014)	Loss 0.0142 (0.0142)	MAE 0.040 (0.040)
Test: [0/3]	Time 0.022 (0.022)	Loss 0.3507 (0.3507)	MAE 0.191 (0.191)
Epoch: [565][0/7]	Time 0.093 (0.093)	Data 0.011 (0.011)	Loss 0.0142 (0.0142)	MAE 0.040 (0.040)
Test: [0/3]	Time 0.021 (0.021)	Loss 0.3509 (0.3509)	MAE 0.191 (0.191)
Epoch: [566][0/7]	Time 0.093 (0.093)	Data 0.012 (0.012)	Loss 0.0142 (0.0142)	MAE 0.040 (0.040)
Test: [0/3]	Time 0.021 (0.021)	Loss 0.3510 (0.3510)	MAE 0.191 (0.191)
Epoch: [567][0/7]	Time 0.093 (0.093)	Data 0.012 (0.012)	Loss 0.0141 (0.0141)	MAE 0.040 (0.040)
Test: [0/3]	Time 0.021 (0.021)	Loss 0.3512 (0.3512)	MAE 0.191 (0.191)
Epoch: [568][0/7]	Time 0.093 (0.093)	Data 0.012 (0.012)	Loss 0.0141 (0.0141)	MAE 0.040 (0.040)
Test: [0/3]	Time 0.021 (0.021)	Loss 0.3513 (0.3513)	MAE 0.192 (0.192)
Epoch: [569][0/7]	Time 0.093 (0.093)	Data 0.012 (0.012)	Loss 0.0140 (0.0140)	MAE 0.040 (0.040)
Test: [0/3]	Time 0.021 (0.021)	Loss 0.3515 (0.3515)	MAE 0.192 (0.192)
Epoch: [570][0/7]	Time 0.093 (0.093)	Data 0.011 (0.011)	Loss 0.0140 (0.0140)	MAE 0.040 (0.040)
Test: [0/3]	Time 0.021 (0.021)	Loss 0.3516 (0.3516)	MAE 0.192 (0.192)
Epoch: [571][0/7]	Time 0.093 (0.093)	Data 0.011 (0.011)	Loss 0.0140 (0.0140)	MAE 0.040 (0.040)
Test: [0/3]	Time 0.021 (0.021)	Loss 0.3518 (0.3518)	MAE 0.192 (0.192)
Epoch: [572][0/7]	Time 0.093 (0.093)	Data 0.012 (0.012)	Loss 0.0139 (0.0139)	MAE 0.040 (0.040)
Test: [0/3]	Time 0.021 (0.021)	Loss 0.3519 (0.3519)	MAE 0.192 (0.192)
Epoch: [573][0/7]	Time 0.093 (0.093)	Data 0.011 (0.011)	Loss 0.0139 (0.0139)	MAE 0.040 (0.040)
Test: [0/3]	Time 0.021 (0.021)	Loss 0.3521 (0.3521)	MAE 0.192 (0.192)
Epoch: [574][0/7]	Time 0.093 (0.093)	Data 0.011 (0.011)	Loss 0.0139 (0.0139)	MAE 0.039 (0.039)
Test: [0/3]	Time 0.021 (0.021)	Loss 0.3522 (0.3522)	MAE 0.192 (0.192)
Epoch: [575][0/7]	Time 0.093 (0.093)	Data 0.012 (0.012)	Loss 0.0138 (0.0138)	MAE 0.039 (0.039)
Test: [0/3]	Time 0.021 (0.021)	Loss 0.3524 (0.3524)	MAE 0.192 (0.192)
Epoch: [576][0/7]	Time 0.093 (0.093)	Data 0.011 (0.011)	Loss 0.0138 (0.0138)	MAE 0.039 (0.039)
Test: [0/3]	Time 0.021 (0.021)	Loss 0.3525 (0.3525)	MAE 0.192 (0.192)
Epoch: [577][0/7]	Time 0.093 (0.093)	Data 0.011 (0.011)	Loss 0.0137 (0.0137)	MAE 0.039 (0.039)
Test: [0/3]	Time 0.021 (0.021)	Loss 0.3527 (0.3527)	MAE 0.192 (0.192)
Epoch: [578][0/7]	Time 0.093 (0.093)	Data 0.012 (0.012)	Loss 0.0137 (0.0137)	MAE 0.039 (0.039)
Test: [0/3]	Time 0.021 (0.021)	Loss 0.3528 (0.3528)	MAE 0.192 (0.192)
Epoch: [579][0/7]	Time 0.093 (0.093)	Data 0.012 (0.012)	Loss 0.0137 (0.0137)	MAE 0.039 (0.039)
Test: [0/3]	Time 0.021 (0.021)	Loss 0.3530 (0.3530)	MAE 0.192 (0.192)
Epoch: [580][0/7]	Time 0.093 (0.093)	Data 0.011 (0.011)	Loss 0.0136 (0.0136)	MAE 0.039 (0.039)
Test: [0/3]	Time 0.022 (0.022)	Loss 0.3531 (0.3531)	MAE 0.192 (0.192)
Epoch: [581][0/7]	Time 0.094 (0.094)	Data 0.012 (0.012)	Loss 0.0136 (0.0136)	MAE 0.039 (0.039)
Test: [0/3]	Time 0.021 (0.021)	Loss 0.3533 (0.3533)	MAE 0.192 (0.192)
Epoch: [582][0/7]	Time 0.093 (0.093)	Data 0.012 (0.012)	Loss 0.0136 (0.0136)	MAE 0.039 (0.039)
Test: [0/3]	Time 0.021 (0.021)	Loss 0.3534 (0.3534)	MAE 0.192 (0.192)
Epoch: [583][0/7]	Time 0.093 (0.093)	Data 0.012 (0.012)	Loss 0.0135 (0.0135)	MAE 0.039 (0.039)
Test: [0/3]	Time 0.021 (0.021)	Loss 0.3536 (0.3536)	MAE 0.192 (0.192)
Epoch: [584][0/7]	Time 0.093 (0.093)	Data 0.012 (0.012)	Loss 0.0135 (0.0135)	MAE 0.039 (0.039)
Test: [0/3]	Time 0.021 (0.021)	Loss 0.3537 (0.3537)	MAE 0.192 (0.192)
Epoch: [585][0/7]	Time 0.093 (0.093)	Data 0.012 (0.012)	Loss 0.0135 (0.0135)	MAE 0.039 (0.039)
Test: [0/3]	Time 0.021 (0.021)	Loss 0.3539 (0.3539)	MAE 0.192 (0.192)
Epoch: [586][0/7]	Time 0.093 (0.093)	Data 0.012 (0.012)	Loss 0.0134 (0.0134)	MAE 0.039 (0.039)
Test: [0/3]	Time 0.021 (0.021)	Loss 0.3540 (0.3540)	MAE 0.192 (0.192)
Epoch: [587][0/7]	Time 0.093 (0.093)	Data 0.011 (0.011)	Loss 0.0134 (0.0134)	MAE 0.039 (0.039)
Test: [0/3]	Time 0.021 (0.021)	Loss 0.3542 (0.3542)	MAE 0.192 (0.192)
Epoch: [588][0/7]	Time 0.094 (0.094)	Data 0.012 (0.012)	Loss 0.0133 (0.0133)	MAE 0.039 (0.039)
Test: [0/3]	Time 0.021 (0.021)	Loss 0.3543 (0.3543)	MAE 0.192 (0.192)
Epoch: [589][0/7]	Time 0.093 (0.093)	Data 0.011 (0.011)	Loss 0.0133 (0.0133)	MAE 0.039 (0.039)
Test: [0/3]	Time 0.021 (0.021)	Loss 0.3545 (0.3545)	MAE 0.192 (0.192)
Epoch: [590][0/7]	Time 0.093 (0.093)	Data 0.012 (0.012)	Loss 0.0133 (0.0133)	MAE 0.039 (0.039)
Test: [0/3]	Time 0.021 (0.021)	Loss 0.3546 (0.3546)	MAE 0.192 (0.192)
Epoch: [591][0/7]	Time 0.093 (0.093)	Data 0.012 (0.012)	Loss 0.0132 (0.0132)	MAE 0.039 (0.039)
Test: [0/3]	Time 0.021 (0.021)	Loss 0.3548 (0.3548)	MAE 0.192 (0.192)
Epoch: [592][0/7]	Time 0.093 (0.093)	Data 0.012 (0.012)	Loss 0.0132 (0.0132)	MAE 0.039 (0.039)
Test: [0/3]	Time 0.021 (0.021)	Loss 0.3549 (0.3549)	MAE 0.192 (0.192)
Epoch: [593][0/7]	Time 0.094 (0.094)	Data 0.012 (0.012)	Loss 0.0132 (0.0132)	MAE 0.039 (0.039)
Test: [0/3]	Time 0.021 (0.021)	Loss 0.3551 (0.3551)	MAE 0.192 (0.192)
Epoch: [594][0/7]	Time 0.093 (0.093)	Data 0.011 (0.011)	Loss 0.0131 (0.0131)	MAE 0.039 (0.039)
Test: [0/3]	Time 0.021 (0.021)	Loss 0.3552 (0.3552)	MAE 0.192 (0.192)
Epoch: [595][0/7]	Time 0.094 (0.094)	Data 0.012 (0.012)	Loss 0.0131 (0.0131)	MAE 0.039 (0.039)
Test: [0/3]	Time 0.021 (0.021)	Loss 0.3554 (0.3554)	MAE 0.192 (0.192)
Epoch: [596][0/7]	Time 0.093 (0.093)	Data 0.012 (0.012)	Loss 0.0131 (0.0131)	MAE 0.038 (0.038)
Test: [0/3]	Time 0.021 (0.021)	Loss 0.3555 (0.3555)	MAE 0.192 (0.192)
Epoch: [597][0/7]	Time 0.093 (0.093)	Data 0.011 (0.011)	Loss 0.0130 (0.0130)	MAE 0.038 (0.038)
Test: [0/3]	Time 0.021 (0.021)	Loss 0.3557 (0.3557)	MAE 0.192 (0.192)
Epoch: [598][0/7]	Time 0.093 (0.093)	Data 0.011 (0.011)	Loss 0.0130 (0.0130)	MAE 0.038 (0.038)
Test: [0/3]	Time 0.021 (0.021)	Loss 0.3558 (0.3558)	MAE 0.192 (0.192)
Epoch: [599][0/7]	Time 0.093 (0.093)	Data 0.011 (0.011)	Loss 0.0130 (0.0130)	MAE 0.038 (0.038)
Test: [0/3]	Time 0.021 (0.021)	Loss 0.3560 (0.3560)	MAE 0.192 (0.192)
---------Evaluate Model on Train Set---------------
Test: [0/7]	Time 0.022 (0.022)	Loss 0.0835 (0.0835)	MAE 0.098 (0.098)
---------Evaluate Model on Val Set---------------
Test: [0/3]	Time 0.021 (0.021)	Loss 0.2608 (0.2608)	MAE 0.177 (0.177)
---------Evaluate Model on Test Set---------------
Test: [0/3]	Time 5.858 (5.858)	Loss 0.2983 (0.2983)	MAE 0.177 (0.177)
